/out/sourcedata/freesurfer/sub-v1s7x0051322_ses-1/mri
/opt/freesurfer/bin/talairach_avi
--i orig_nu.mgz --xfm transforms/talairach.auto.xfm
talairach_avi 7.3.2
Linux dna049 5.14.0-427.37.1.el9_4.x86_64 #1 SMP PREEMPT_DYNAMIC Fri Sep 13 12:41:50 EDT 2024 x86_64 x86_64 x86_64 GNU/Linux
Tue Mar 10 06:33:21 CET 2026
mri_convert orig_nu.mgz talsrcimg.img 
reading from orig_nu.mgz...
TR=0.00, TE=0.00, TI=0.00, flip angle=0.00
i_ras = (-1, 0, 0)
j_ras = (0, 0, -1)
k_ras = (0, 1, 0)
writing to talsrcimg.img...
Analyze Output Matrix
-1.00000   0.00000   0.00000   124.33912;
 0.00000   0.00000   1.00000  -129.45947;
 0.00000  -1.00000   0.00000   131.98026;
 0.00000   0.00000   0.00000   1.00000;
--------------------
INFO: set hdr.hist.orient to -1
mpr2mni305 talsrcimg
Tue Mar 10 06:33:22 CET 2026
/opt/freesurfer/bin/mpr2mni305 talsrcimg
mpr2mni305 7.3.2
target=711-2C_as_mni_average_305

---------------------------------------------------------------------
analyzeto4dfp talsrcimg -O0 -y
---------------------------------------------------------------------

freesurfer ifh2hdr.c
Tue Mar 10 06:33:22 2026
Writing: talsrcimg.4dfp.hdr
freesurfer analyzeto4dfp.c
Reading: talsrcimg.hdr
header size 348 bytes
hdr.dime.datatype	offset=70	value=2
hdr.dime.bitpix		offset=72	value=8
hdr.hist.orient		offset=252	value=-1
dimensionality     4
dimensions       256       256       256         1
Reading: talsrcimg.img
Writing: talsrcimg.4dfp.img
Writing: talsrcimg.4dfp.ifh
ifh2hdr talsrcimg -r0to206
ori=2

---------------------------------------------------------------------
gauss_4dfp talsrcimg 1.1
---------------------------------------------------------------------

freesurfer gauss_4dfp.c
Reading: talsrcimg.4dfp.img
Writing: talsrcimg_g11.4dfp.img
image dimensions 256 256 256 padded to 288 288 288
processing volume 1freesurfer ifh2hdr.c
Tue Mar 10 06:33:24 2026
Writing: talsrcimg_g11.4dfp.hdr

Writing: talsrcimg_g11.4dfp.ifh
including: talsrcimg.4dfp.img.rec in talsrcimg_g11.4dfp.img.rec

---------------------------------------------------------------------
imgreg_4dfp /opt/freesurfer/average/711-2C_as_mni_average_305 none talsrcimg_g11 none talsrcimg_to_711-2C_as_mni_average_305_t4 4355
---------------------------------------------------------------------

freesurfer imgreg_4dfp.c
/opt/freesurfer/average/711-2C_as_mni_average_305.4dfp.img
       256       256       256         1
  1.000000  1.000000  1.000000
orientation T byte_order littleendian
Reading image: /opt/freesurfer/average/711-2C_as_mni_average_305.4dfp.img
dimensions:      256       256       256
mmppix:       1.0000   -1.0000   -1.0000
center:     128.0000 -129.0000 -129.0000
talsrcimg_g11.4dfp.img
       256       256       256         1
  1.000000  1.000000  1.000000
orientation T byte_order littleendian
Reading image: talsrcimg_g11.4dfp.img
dimensions:      256       256       256
mmppix:       1.0000   -1.0000   -1.0000
center:     128.0000 -129.0000 -129.0000
t4_read: open error in t4_sub.f l:  41 t4_file(1:l)talsrcimg_to_711-2C_as_mni_average_305_t4 
t4_read: transform initialized to I4
rotation matrix determinant  1.000000
image alignment mode   4355 decimal     1103 hex
   -7.5000  -45.0000  -45.0000 5366.9233   20.2337
    0.0000  -45.0000  -45.0000 5581.7432   20.3188
    7.5000  -45.0000  -45.0000 5342.5669   20.3311
   -7.5000  -37.5000  -45.0000 5985.7788   19.3747
    0.0000  -37.5000  -45.0000 6252.6489   19.4429
    7.5000  -37.5000  -45.0000 5957.6138   19.4535
   -7.5000  -30.0000  -45.0000 6834.3877   18.7439
    0.0000  -30.0000  -45.0000 7145.6143   18.8049
    7.5000  -30.0000  -45.0000 6798.7832   18.8178
   -7.5000  -22.5000  -45.0000 7741.7725   18.2887
    0.0000  -22.5000  -45.0000 8112.8477   18.3596
    7.5000  -22.5000  -45.0000 7711.0469   18.3748
   -7.5000  -15.0000  -45.0000 8738.9141   17.9990
    0.0000  -15.0000  -45.0000 9162.9062   18.0811
    7.5000  -15.0000  -45.0000 8706.9971   18.0979
   -7.5000   -7.5000  -45.0000 9852.0273   17.9309
    0.0000   -7.5000  -45.000010305.2197   18.0161
    7.5000   -7.5000  -45.0000 9788.5879   18.0334
   -7.5000    0.0000  -45.000010900.5947   17.9055
    0.0000    0.0000  -45.000011372.9873   17.9835
    7.5000    0.0000  -45.000010795.4941   17.9999
   -7.5000    7.5000  -45.000011101.3018   17.9010
    0.0000    7.5000  -45.000011587.5176   17.9673
    7.5000    7.5000  -45.000010967.8887   17.9824
   -7.5000   15.0000  -45.000011173.8564   17.9076
    0.0000   15.0000  -45.000011643.4180   17.9695
    7.5000   15.0000  -45.000011010.2939   17.9843
   -7.5000   22.5000  -45.000011052.4941   17.9163
    0.0000   22.5000  -45.000011523.6807   17.9869
    7.5000   22.5000  -45.000010895.3594   18.0025
   -7.5000   30.0000  -45.000010846.7910   17.6904
    0.0000   30.0000  -45.000011313.6729   17.7715
    7.5000   30.0000  -45.000010673.4141   17.7879
   -7.5000   37.5000  -45.000011036.3457   17.6818
    0.0000   37.5000  -45.000011517.7197   17.7660
    7.5000   37.5000  -45.000010839.0176   17.7830
   -7.5000   45.0000  -45.000010824.1982   17.2183
    0.0000   45.0000  -45.000011309.8027   17.2933
    7.5000   45.0000  -45.000010631.1143   17.3091
   -7.5000  -45.0000  -37.5000 5626.6226   20.2363
    0.0000  -45.0000  -37.5000 5872.3369   20.3210
    7.5000  -45.0000  -37.5000 5609.5493   20.3350
   -7.5000  -37.5000  -37.5000 6258.9141   19.3719
    0.0000  -37.5000  -37.5000 6542.1196   19.4454
    7.5000  -37.5000  -37.5000 6233.4414   19.4607
   -7.5000  -30.0000  -37.5000 7164.9956   18.7449
    0.0000  -30.0000  -37.5000 7493.6074   18.8149
    7.5000  -30.0000  -37.5000 7115.6499   18.8320
   -7.5000  -22.5000  -37.5000 8129.9336   18.2921
    0.0000  -22.5000  -37.5000 8517.5908   18.3682
    7.5000  -22.5000  -37.5000 8088.8809   18.3848
   -7.5000  -15.0000  -37.5000 9210.6348   18.0063
    0.0000  -15.0000  -37.5000 9640.6113   18.0868
    7.5000  -15.0000  -37.5000 9153.9414   18.1023
   -7.5000   -7.5000  -37.500010375.9482   17.9368
    0.0000   -7.5000  -37.500010837.5479   18.0177
    7.5000   -7.5000  -37.500010281.6982   18.0336
   -7.5000    0.0000  -37.500011465.8799   17.9055
    0.0000    0.0000  -37.500011957.4307   17.9822
    7.5000    0.0000  -37.500011349.7090   17.9997
   -7.5000    7.5000  -37.500011683.8047   17.8983
    0.0000    7.5000  -37.500012188.6963   17.9696
    7.5000    7.5000  -37.500011552.0166   17.9884
   -7.5000   15.0000  -37.500011741.4336   17.9071
    0.0000   15.0000  -37.500012231.2695   17.9777
    7.5000   15.0000  -37.500011598.4541   17.9963
   -7.5000   22.5000  -37.500011606.7207   17.9198
    0.0000   22.5000  -37.500012088.5811   17.9953
    7.5000   22.5000  -37.500011464.3818   18.0121
   -7.5000   30.0000  -37.500011336.3223   17.6975
    0.0000   30.0000  -37.500011830.6221   17.7770
    7.5000   30.0000  -37.500011175.5791   17.7922
   -7.5000   37.5000  -37.500011513.3633   17.6877
    0.0000   37.5000  -37.500012015.5791   17.7676
    7.5000   37.5000  -37.500011330.8975   17.7833
   -7.5000   45.0000  -37.500011305.4805   17.2183
    0.0000   45.0000  -37.500011807.6924   17.2920
    7.5000   45.0000  -37.500011118.0342   17.3089
   -7.5000  -45.0000  -30.0000 5929.8896   21.0774
    0.0000  -45.0000  -30.0000 6196.0122   21.1622
    7.5000  -45.0000  -30.0000 5905.9116   21.1774
   -7.5000  -37.5000  -30.0000 6598.5103   20.1717
    0.0000  -37.5000  -30.0000 6899.6201   20.2487
    7.5000  -37.5000  -30.0000 6569.9849   20.2680
   -7.5000  -30.0000  -30.0000 7589.2197   19.5183
    0.0000  -30.0000  -30.0000 7949.8037   19.5941
    7.5000  -30.0000  -30.0000 7562.6567   19.6165
   -7.5000  -22.5000  -30.0000 8658.5439   19.0446
    0.0000  -22.5000  -30.0000 9071.3271   19.1238
    7.5000  -22.5000  -30.0000 8625.4551   19.1460
   -7.5000  -15.0000  -30.0000 9816.6387   18.7511
    0.0000  -15.0000  -30.000010273.6377   18.8299
    7.5000  -15.0000  -30.0000 9761.8213   18.8496
   -7.5000   -7.5000  -30.000011032.3604   18.6838
    0.0000   -7.5000  -30.000011533.1045   18.7620
    7.5000   -7.5000  -30.000010954.8652   18.7802
   -7.5000    0.0000  -30.000012186.2705   18.6534
    0.0000    0.0000  -30.000012715.5918   18.7299
    7.5000    0.0000  -30.000012078.8604   18.7487
   -7.5000    7.5000  -30.000012430.3555   18.6428
    0.0000    7.5000  -30.000012945.2266   18.7176
    7.5000    7.5000  -30.000012300.8096   18.7390
   -7.5000   15.0000  -30.000012466.9688   18.6466
    0.0000   15.0000  -30.000012990.3711   18.7225
    7.5000   15.0000  -30.000012332.7207   18.7458
   -7.5000   22.5000  -30.000012322.3867   18.6558
    0.0000   22.5000  -30.000012833.6914   18.7340
    7.5000   22.5000  -30.000012161.3945   18.7562
   -7.5000   30.0000  -30.000011981.9473   18.4313
    0.0000   30.0000  -30.000012479.4131   18.5091
    7.5000   30.0000  -30.000011825.9072   18.5285
   -7.5000   37.5000  -30.000012165.6250   18.4262
    0.0000   37.5000  -30.000012695.7607   18.5034
    7.5000   37.5000  -30.000011990.3008   18.5214
   -7.5000   45.0000  -30.000011949.3154   17.9506
    0.0000   45.0000  -30.000012490.8301   18.0242
    7.5000   45.0000  -30.000011779.0889   18.0424
   -7.5000  -45.0000  -22.5000 6228.7065   21.7856
    0.0000  -45.0000  -22.5000 6486.2090   21.8690
    7.5000  -45.0000  -22.5000 6205.0635   21.8838
   -7.5000  -37.5000  -22.5000 6946.7422   20.8499
    0.0000  -37.5000  -22.5000 7250.7471   20.9231
    7.5000  -37.5000  -22.5000 6927.4448   20.9415
   -7.5000  -30.0000  -22.5000 8041.0317   20.1704
    0.0000  -30.0000  -22.5000 8431.4258   20.2403
    7.5000  -30.0000  -22.5000 8021.6206   20.2637
   -7.5000  -22.5000  -22.5000 9194.6641   19.6758
    0.0000  -22.5000  -22.5000 9642.5371   19.7503
    7.5000  -22.5000  -22.5000 9154.5107   19.7770
   -7.5000  -15.0000  -22.500010415.6592   19.3725
    0.0000  -15.0000  -22.500010881.4844   19.4496
    7.5000  -15.0000  -22.500010348.4551   19.4750
   -7.5000   -7.5000  -22.500011685.8486   19.3099
    0.0000   -7.5000  -22.500012184.2178   19.3886
    7.5000   -7.5000  -22.500011601.8447   19.4105
   -7.5000    0.0000  -22.500012873.8447   19.2870
    0.0000    0.0000  -22.500013427.0771   19.3632
    7.5000    0.0000  -22.500012779.1631   19.3825
   -7.5000    7.5000  -22.500013134.6670   19.2757
    0.0000    7.5000  -22.500013677.3408   19.3470
    7.5000    7.5000  -22.500012998.5625   19.3674
   -7.5000   15.0000  -22.500013154.3164   19.2716
    0.0000   15.0000  -22.500013700.7383   19.3420
    7.5000   15.0000  -22.500013003.3096   19.3660
   -7.5000   22.5000  -22.500012991.4707   19.2733
    0.0000   22.5000  -22.500013519.7656   19.3471
    7.5000   22.5000  -22.500012822.7061   19.3733
   -7.5000   30.0000  -22.500012603.9336   19.0451
    0.0000   30.0000  -22.500013110.3652   19.1213
    7.5000   30.0000  -22.500012446.9414   19.1462
   -7.5000   37.5000  -22.500012807.7070   19.0466
    0.0000   37.5000  -22.500013355.7344   19.1243
    7.5000   37.5000  -22.500012645.2920   19.1460
   -7.5000   45.0000  -22.500012603.8584   18.5744
    0.0000   45.0000  -22.500013163.6172   18.6477
    7.5000   45.0000  -22.500012422.1719   18.6663
   -7.5000  -45.0000  -15.0000 6514.8589   22.3024
    0.0000  -45.0000  -15.0000 6757.5776   22.3869
    7.5000  -45.0000  -15.0000 6480.3511   22.4005
   -7.5000  -37.5000  -15.0000 7303.9863   21.3504
    0.0000  -37.5000  -15.0000 7615.1025   21.4189
    7.5000  -37.5000  -15.0000 7285.8481   21.4330
   -7.5000  -30.0000  -15.0000 8462.5137   20.6519
    0.0000  -30.0000  -15.0000 8861.0078   20.7131
    7.5000  -30.0000  -15.0000 8431.4541   20.7325
   -7.5000  -22.5000  -15.0000 9671.7432   20.1433
    0.0000  -22.5000  -15.000010137.5811   20.2132
    7.5000  -22.5000  -15.0000 9621.9824   20.2390
   -7.5000  -15.0000  -15.000010939.3223   19.8289
    0.0000  -15.0000  -15.000011437.8232   19.9086
    7.5000  -15.0000  -15.000010863.2402   19.9360
   -7.5000   -7.5000  -15.000012281.7656   19.7658
    0.0000   -7.5000  -15.000012792.8701   19.8499
    7.5000   -7.5000  -15.000012167.7285   19.8743
   -7.5000    0.0000  -15.000013535.2383   19.7481
    0.0000    0.0000  -15.000014095.3281   19.8265
    7.5000    0.0000  -15.000013397.7285   19.8456
   -7.5000    7.5000  -15.000013780.2080   19.7395
    0.0000    7.5000  -15.000014338.5322   19.8064
    7.5000    7.5000  -15.000013637.0566   19.8235
   -7.5000   15.0000  -15.000013810.7354   19.7331
    0.0000   15.0000  -15.000014389.5615   19.7954
    7.5000   15.0000  -15.000013652.8770   19.8159
   -7.5000   22.5000  -15.000013674.5000   19.7301
    0.0000   22.5000  -15.000014229.5264   19.7996
    7.5000   22.5000  -15.000013495.6016   19.8250
   -7.5000   30.0000  -15.000013277.0186   19.4965
    0.0000   30.0000  -15.000013796.0732   19.5753
    7.5000   30.0000  -15.000013087.2061   19.6023
   -7.5000   37.5000  -15.000013492.9746   19.4990
    0.0000   37.5000  -15.000014030.0127   19.5820
    7.5000   37.5000  -15.000013274.9785   19.6061
   -7.5000   45.0000  -15.000013254.2285   19.0299
    0.0000   45.0000  -15.000013805.6123   19.1055
    7.5000   45.0000  -15.000013011.2520   19.1239
   -7.5000  -45.0000   -7.5000 6764.9004   22.5783
    0.0000  -45.0000   -7.5000 7025.4355   22.6686
    7.5000  -45.0000   -7.5000 6720.8833   22.6817
   -7.5000  -37.5000   -7.5000 7640.8506   21.6200
    0.0000  -37.5000   -7.5000 7943.2559   21.6902
    7.5000  -37.5000   -7.5000 7587.7974   21.7008
   -7.5000  -30.0000   -7.5000 8861.3486   20.9129
    0.0000  -30.0000   -7.5000 9235.8477   20.9737
    7.5000  -30.0000   -7.5000 8807.6943   20.9883
   -7.5000  -22.5000   -7.500010168.7861   20.4005
    0.0000  -22.5000   -7.500010606.1074   20.4729
    7.5000  -22.5000   -7.500010089.6709   20.4938
   -7.5000  -15.0000   -7.500011503.9619   20.0776
    0.0000  -15.0000   -7.500011986.9170   20.1646
    7.5000  -15.0000   -7.500011396.9023   20.1888
   -7.5000   -7.5000   -7.500012907.9209   20.0082
    0.0000   -7.5000   -7.500013408.9297   20.1003
    7.5000   -7.5000   -7.500012759.5137   20.1232
   -7.5000    0.0000   -7.500014235.2822   19.9879
    0.0000    0.0000   -7.500014750.5312   20.0718
    7.5000    0.0000   -7.500014010.2246   20.0902
   -7.5000    7.5000   -7.500014456.9951   19.9826
    0.0000    7.5000   -7.500014984.4209   20.0510
    7.5000    7.5000   -7.500014228.1289   20.0660
   -7.5000   15.0000   -7.500014567.2881   19.9819
    0.0000   15.0000   -7.500015163.2900   20.0439
    7.5000   15.0000   -7.500014318.8828   20.0604
   -7.5000   22.5000   -7.500014542.8213   19.9790
    0.0000   22.5000   -7.500015170.0684   20.0513
    7.5000   22.5000   -7.500014248.4365   20.0722
   -7.5000   30.0000   -7.500014127.8174   19.7406
    0.0000   30.0000   -7.500014689.5791   19.8265
    7.5000   30.0000   -7.500013821.9531   19.8503
   -7.5000   37.5000   -7.500014259.3525   19.7375
    0.0000   37.5000   -7.500014811.7129   19.8284
    7.5000   37.5000   -7.500013951.3633   19.8510
   -7.5000   45.0000   -7.500013971.5039   19.2646
    0.0000   45.0000   -7.500014546.1035   19.3454
    7.5000   45.0000   -7.500013645.7803   19.3631
   -7.5000  -45.0000    0.0000 6979.5547   22.6420
    0.0000  -45.0000    0.0000 7286.5688   22.7373
    7.5000  -45.0000    0.0000 6934.1602   22.7510
   -7.5000  -37.5000    0.0000 7898.0664   21.6808
    0.0000  -37.5000    0.0000 8238.4854   21.7571
    7.5000  -37.5000    0.0000 7828.8970   21.7689
   -7.5000  -30.0000    0.0000 9148.0156   20.9749
    0.0000  -30.0000    0.0000 9557.6934   21.0432
    7.5000  -30.0000    0.0000 9088.1416   21.0577
   -7.5000  -22.5000    0.000010506.3408   20.4656
    0.0000  -22.5000    0.000010980.8398   20.5449
    7.5000  -22.5000    0.000010419.6133   20.5619
   -7.5000  -15.0000    0.000011910.4463   20.1414
    0.0000  -15.0000    0.000012431.6025   20.2333
    7.5000  -15.0000    0.000011780.6172   20.2521
   -7.5000   -7.5000    0.000013380.1797   20.0651
    0.0000   -7.5000    0.000013947.1699   20.1605
    7.5000   -7.5000    0.000013190.9736   20.1798
   -7.5000    0.0000    0.000014739.8516   20.0367
    0.0000    0.0000    0.000015314.8086   20.1240
    7.5000    0.0000    0.000014445.3604   20.1424
   -7.5000    7.5000    0.000015019.5615   20.0317
    0.0000    7.5000    0.000015541.1582   20.1059
    7.5000    7.5000    0.000014678.6455   20.1228
   -7.5000   15.0000    0.000015262.1670   20.0391
    0.0000   15.0000    0.000015959.0000   20.1084
    7.5000   15.0000    0.000014817.0469   20.1249
   -7.5000   22.5000    0.000015399.0557   20.0423
    0.0000   22.5000    0.000016150.1943   20.1213
    7.5000   22.5000    0.000014831.3447   20.1388
   -7.5000   30.0000    0.000015005.6689   19.8038
    0.0000   30.0000    0.000015634.4395   19.8945
    7.5000   30.0000    0.000014487.0801   19.9129
   -7.5000   37.5000    0.000015129.7705   19.7941
    0.0000   37.5000    0.000015729.3750   19.8883
    7.5000   37.5000    0.000014617.7129   19.9074
   -7.5000   45.0000    0.000014754.2393   19.3131
    0.0000   45.0000    0.000015359.0781   19.3972
    7.5000   45.0000    0.000014236.1611   19.4149
   -7.5000  -45.0000    7.5000 6576.7627   22.6450
    0.0000  -45.0000    7.5000 6918.3325   22.7398
    7.5000  -45.0000    7.5000 6531.1895   22.7554
   -7.5000  -37.5000    7.5000 7486.5181   21.6777
    0.0000  -37.5000    7.5000 7860.1680   21.7599
    7.5000  -37.5000    7.5000 7432.0024   21.7771
   -7.5000  -30.0000    7.5000 8755.3213   20.9760
    0.0000  -30.0000    7.5000 9177.8525   21.0544
    7.5000  -30.0000    7.5000 8694.9766   21.0736
   -7.5000  -22.5000    7.500010098.0566   20.4693
    0.0000  -22.5000    7.500010577.2158   20.5546
    7.5000  -22.5000    7.500010010.7734   20.5731
   -7.5000  -15.0000    7.500011435.8174   20.1495
    0.0000  -15.0000    7.500011966.2441   20.2396
    7.5000  -15.0000    7.500011299.8105   20.2569
   -7.5000   -7.5000    7.500012823.1895   20.0717
    0.0000   -7.5000    7.500013416.6992   20.1623
    7.5000   -7.5000    7.500012625.1104   20.1801
   -7.5000    0.0000    7.500014134.0078   20.0367
    0.0000    0.0000    7.500014757.7500   20.1225
    7.5000    0.0000    7.500013807.8574   20.1422
   -7.5000    7.5000    7.500014447.3076   20.0287
    0.0000    7.5000    7.500015098.7891   20.1084
    7.5000    7.5000    7.500014015.8555   20.1295
   -7.5000   15.0000    7.500014736.1523   20.0385
    0.0000   15.0000    7.500015595.9951   20.1175
    7.5000   15.0000    7.500014164.2646   20.1383
   -7.5000   22.5000    7.500014791.5518   20.0463
    0.0000   22.5000    7.500015722.2422   20.1307
    7.5000   22.5000    7.500014121.1943   20.1495
   -7.5000   30.0000    7.500014528.3545   19.8117
    0.0000   30.0000    7.500015338.2812   19.9007
    7.5000   30.0000    7.500013819.6553   19.9177
   -7.5000   37.5000    7.500014721.0586   19.8007
    0.0000   37.5000    7.500015474.0566   19.8902
    7.5000   37.5000    7.500014034.9443   19.9078
   -7.5000   45.0000    7.500014262.9287   19.3131
    0.0000   45.0000    7.500014950.7959   19.3958
    7.5000   45.0000    7.500013656.8086   19.4147
   -7.5000  -45.0000   15.0000 6078.9458   22.6371
    0.0000  -45.0000   15.0000 6423.0415   22.7282
    7.5000  -45.0000   15.0000 6061.7773   22.7445
   -7.5000  -37.5000   15.0000 6964.5405   21.6643
    0.0000  -37.5000   15.0000 7356.0664   21.7470
    7.5000  -37.5000   15.0000 6918.5537   21.7677
   -7.5000  -30.0000   15.0000 8175.1470   20.9625
    0.0000  -30.0000   15.0000 8643.5098   21.0438
    7.5000  -30.0000   15.0000 8106.1040   21.0679
   -7.5000  -22.5000   15.0000 9466.8574   20.4536
    0.0000  -22.5000   15.000010024.8525   20.5386
    7.5000  -22.5000   15.0000 9350.2715   20.5625
   -7.5000  -15.0000   15.000010740.1084   20.1384
    0.0000  -15.0000   15.000011351.5342   20.2229
    7.5000  -15.0000   15.000010598.2812   20.2441
   -7.5000   -7.5000   15.000012057.5752   20.0661
    0.0000   -7.5000   15.000012716.3506   20.1500
    7.5000   -7.5000   15.000011859.9873   20.1695
   -7.5000    0.0000   15.000013342.5723   20.0334
    0.0000    0.0000   15.000014008.8857   20.1155
    7.5000    0.0000   15.000013043.2607   20.1357
   -7.5000    7.5000   15.000013655.3408   20.0221
    0.0000    7.5000   15.000014319.4688   20.1023
    7.5000    7.5000   15.000013294.9023   20.1253
   -7.5000   15.0000   15.000013776.3867   20.0261
    0.0000   15.0000   15.000014552.9297   20.1076
    7.5000   15.0000   15.000013381.6289   20.1326
   -7.5000   22.5000   15.000013679.7588   20.0316
    0.0000   22.5000   15.000014392.5107   20.1155
    7.5000   22.5000   15.000013286.4922   20.1393
   -7.5000   30.0000   15.000013376.8887   19.8007
    0.0000   30.0000   15.000014032.0586   19.8842
    7.5000   30.0000   15.000013001.5312   19.9050
   -7.5000   37.5000   15.000013589.1045   19.7952
    0.0000   37.5000   15.000014264.0381   19.8781
    7.5000   37.5000   15.000013191.1885   19.8974
   -7.5000   45.0000   15.000013235.3584   19.3099
    0.0000   45.0000   15.000013906.5879   19.3890
    7.5000   45.0000   15.000012831.0830   19.4085
   -7.5000  -45.0000   22.5000 5497.8799   22.6709
    0.0000  -45.0000   22.5000 5775.5283   22.7573
    7.5000  -45.0000   22.5000 5487.3735   22.7726
   -7.5000  -37.5000   22.5000 6335.3613   21.6987
    0.0000  -37.5000   22.5000 6669.2939   21.7744
    7.5000  -37.5000   22.5000 6303.6006   21.7935
   -7.5000  -30.0000   22.5000 7466.9316   20.9925
    0.0000  -30.0000   22.5000 7868.6489   21.0648
    7.5000  -30.0000   22.5000 7408.3589   21.0891
   -7.5000  -22.5000   22.5000 8706.6250   20.4769
    0.0000  -22.5000   22.5000 9177.9219   20.5542
    7.5000  -22.5000   22.5000 8592.7451   20.5818
   -7.5000  -15.0000   22.5000 9904.4727   20.1608
    0.0000  -15.0000   22.500010420.1514   20.2407
    7.5000  -15.0000   22.5000 9791.1611   20.2671
   -7.5000   -7.5000   22.500011135.8252   20.0955
    0.0000   -7.5000   22.500011677.9004   20.1771
    7.5000   -7.5000   22.500010984.3818   20.1998
   -7.5000    0.0000   22.500012282.7646   20.0715
    0.0000    0.0000   22.500012816.2041   20.1504
    7.5000    0.0000   22.500012083.7295   20.1704
   -7.5000    7.5000   22.500012499.1807   20.0594
    0.0000    7.5000   22.500013056.7197   20.1332
    7.5000    7.5000   22.500012322.1865   20.1544
   -7.5000   15.0000   22.500012525.1748   20.0550
    0.0000   15.0000   22.500013156.7383   20.1280
    7.5000   15.0000   22.500012377.2822   20.1529
   -7.5000   22.5000   22.500012421.4609   20.0540
    0.0000   22.5000   22.500012977.3008   20.1304
    7.5000   22.5000   22.500012276.8750   20.1576
   -7.5000   30.0000   22.500012178.7510   19.8226
    0.0000   30.0000   22.500012715.7881   19.9017
    7.5000   30.0000   22.500012017.8965   19.9275
   -7.5000   37.5000   22.500012343.1523   19.8243
    0.0000   37.5000   22.500012910.1553   19.9048
    7.5000   37.5000   22.500012174.3643   19.9273
   -7.5000   45.0000   22.500012018.8027   19.3466
    0.0000   45.0000   22.500012573.7676   19.4226
    7.5000   45.0000   22.500011835.5918   19.4420
   -7.5000  -45.0000   30.0000 4992.6157   23.0612
    0.0000  -45.0000   30.0000 5215.6196   23.1492
    7.5000  -45.0000   30.0000 4959.3662   23.1643
   -7.5000  -37.5000   30.0000 5753.5928   22.0671
    0.0000  -37.5000   30.0000 6024.1279   22.1381
    7.5000  -37.5000   30.0000 5697.9033   22.1535
   -7.5000  -30.0000   30.0000 6768.1260   21.3401
    0.0000  -30.0000   30.0000 7097.7319   21.4032
    7.5000  -30.0000   30.0000 6691.7500   21.4238
   -7.5000  -22.5000   30.0000 7910.8296   20.8096
    0.0000  -22.5000   30.0000 8278.3867   20.8815
    7.5000  -22.5000   30.0000 7803.0513   20.9089
   -7.5000  -15.0000   30.0000 9037.5244   20.4793
    0.0000  -15.0000   30.0000 9438.8525   20.5615
    7.5000  -15.0000   30.0000 8933.9170   20.5906
   -7.5000   -7.5000   30.000010169.1406   20.4111
    0.0000   -7.5000   30.000010605.5127   20.4983
    7.5000   -7.5000   30.000010055.0498   20.5243
   -7.5000    0.0000   30.000011223.2334   20.3903
    0.0000    0.0000   30.000011661.7305   20.4719
    7.5000    0.0000   30.000011099.1689   20.4925
   -7.5000    7.5000   30.000011395.0225   20.3809
    0.0000    7.5000   30.000011860.3242   20.4503
    7.5000    7.5000   30.000011317.0020   20.4687
   -7.5000   15.0000   30.000011406.6680   20.3758
    0.0000   15.0000   30.000011905.4688   20.4400
    7.5000   15.0000   30.000011359.0576   20.4618
   -7.5000   22.5000   30.000011338.5459   20.3727
    0.0000   22.5000   30.000011787.3623   20.4443
    7.5000   22.5000   30.000011266.2783   20.4712
   -7.5000   30.0000   30.000011155.3477   20.1345
    0.0000   30.0000   30.000011576.5264   20.2158
    7.5000   30.0000   30.000011045.4600   20.2445
   -7.5000   37.5000   30.000011308.1162   20.1353
    0.0000   37.5000   30.000011757.7773   20.2214
    7.5000   37.5000   30.000011164.6504   20.2471
   -7.5000   45.0000   30.000010987.7314   19.6539
    0.0000   45.0000   30.000011440.5293   19.7325
    7.5000   45.0000   30.000010845.9717   19.7524
   -7.5000  -45.0000   37.5000 4739.0376   23.7634
    0.0000  -45.0000   37.5000 4953.2876   23.8617
    7.5000  -45.0000   37.5000 4688.3892   23.8771
   -7.5000  -37.5000   37.5000 5460.1226   22.7276
    0.0000  -37.5000   37.5000 5712.9302   22.8033
    7.5000  -37.5000   37.5000 5377.4873   22.8153
   -7.5000  -30.0000   37.5000 6417.5132   21.9705
    0.0000  -30.0000   37.5000 6710.1289   22.0355
    7.5000  -30.0000   37.5000 6322.7500   22.0514
   -7.5000  -22.5000   37.5000 7482.2212   21.4198
    0.0000  -22.5000   37.5000 7810.2017   21.4974
    7.5000  -22.5000   37.5000 7374.2529   21.5205
   -7.5000  -15.0000   37.5000 8570.8125   21.0626
    0.0000  -15.0000   37.5000 8952.3848   21.1561
    7.5000  -15.0000   37.5000 8469.6338   21.1834
   -7.5000   -7.5000   37.5000 9691.4141   20.9768
    0.0000   -7.5000   37.500010083.5371   21.0762
    7.5000   -7.5000   37.5000 9582.4561   21.1023
   -7.5000    0.0000   37.500010697.5586   20.9482
    0.0000    0.0000   37.500011113.2529   21.0385
    7.5000    0.0000   37.500010582.8340   21.0595
   -7.5000    7.5000   37.500010866.5068   20.9463
    0.0000    7.5000   37.500011299.9258   21.0197
    7.5000    7.5000   37.500010781.4932   21.0365
   -7.5000   15.0000   37.500010879.6250   20.9542
    0.0000   15.0000   37.500011317.9648   21.0205
    7.5000   15.0000   37.500010808.3623   21.0385
   -7.5000   22.5000   37.500010843.9463   20.9570
    0.0000   22.5000   37.500011243.8799   21.0344
    7.5000   22.5000   37.500010742.2305   21.0575
   -7.5000   30.0000   37.500010672.0713   20.7057
    0.0000   30.0000   37.500011057.1797   20.7982
    7.5000   30.0000   37.500010543.0684   20.8250
   -7.5000   37.5000   37.500010791.7266   20.6930
    0.0000   37.5000   37.500011203.2393   20.7912
    7.5000   37.5000   37.500010642.5068   20.8169
   -7.5000   45.0000   37.500010483.0039   20.1916
    0.0000   45.0000   37.500010893.0166   20.2787
    7.5000   45.0000   37.500010343.9336   20.2990
   -7.5000  -45.0000   45.0000 4299.8818   24.5418
    0.0000  -45.0000   45.0000 4498.5786   24.6428
    7.5000  -45.0000   45.0000 4238.6211   24.6574
   -7.5000  -37.5000   45.0000 4968.9307   23.4850
    0.0000  -37.5000   45.0000 5196.7725   23.5666
    7.5000  -37.5000   45.0000 4878.6431   23.5777
   -7.5000  -30.0000   45.0000 5862.2603   22.7070
    0.0000  -30.0000   45.0000 6129.7656   22.7821
    7.5000  -30.0000   45.0000 5751.8384   22.7957
   -7.5000  -22.5000   45.0000 6811.5073   22.1261
    0.0000  -22.5000   45.0000 7098.5410   22.2149
    7.5000  -22.5000   45.0000 6692.1626   22.2320
   -7.5000  -15.0000   45.0000 7805.4106   21.7281
    0.0000  -15.0000   45.0000 8128.7627   21.8302
    7.5000  -15.0000   45.0000 7698.0625   21.8504
   -7.5000   -7.5000   45.0000 8832.7227   21.6155
    0.0000   -7.5000   45.0000 9172.3047   21.7190
    7.5000   -7.5000   45.0000 8717.8965   21.7407
   -7.5000    0.0000   45.0000 9780.3008   21.5778
    0.0000    0.0000   45.000010143.5918   21.6706
    7.5000    0.0000   45.0000 9647.7598   21.6912
   -7.5000    7.5000   45.0000 9953.6846   21.5908
    0.0000    7.5000   45.000010332.0322   21.6701
    7.5000    7.5000   45.0000 9836.6572   21.6877
   -7.5000   15.0000   45.0000 9971.7803   21.6208
    0.0000   15.0000   45.000010345.9268   21.6971
    7.5000   15.0000   45.0000 9861.8574   21.7134
   -7.5000   22.5000   45.0000 9922.8643   21.6298
    0.0000   22.5000   45.000010294.4531   21.7181
    7.5000   22.5000   45.0000 9798.0088   21.7358
   -7.5000   30.0000   45.0000 9759.1553   21.3549
    0.0000   30.0000   45.000010107.9600   21.4557
    7.5000   30.0000   45.0000 9614.8975   21.4755
   -7.5000   37.5000   45.0000 9854.7178   21.3207
    0.0000   37.5000   45.000010227.5049   21.4228
    7.5000   37.5000   45.0000 9706.3711   21.4444
   -7.5000   45.0000   45.0000 9594.9053   20.8079
    0.0000   45.0000   45.0000 9975.2031   20.8974
    7.5000   45.0000   45.0000 9444.6924   20.9173

---------------------------------------------------------------------
imgreg_4dfp /opt/freesurfer/average/711-2C_as_mni_average_305 /opt/freesurfer/average/711-2B_as_mni_average_305_mask talsrcimg_g11 none talsrcimg_to_711-2C_as_mni_average_305_t4 4355
---------------------------------------------------------------------

freesurfer imgreg_4dfp.c
/opt/freesurfer/average/711-2C_as_mni_average_305.4dfp.img
       256       256       256         1
  1.000000  1.000000  1.000000
orientation T byte_order littleendian
Reading image: /opt/freesurfer/average/711-2C_as_mni_average_305.4dfp.img
dimensions:      256       256       256
mmppix:       1.0000   -1.0000   -1.0000
center:     128.0000 -129.0000 -129.0000
/opt/freesurfer/average/711-2B_as_mni_average_305_mask.4dfp.img
       256       256       256         1
  1.000000  1.000000  1.000000
orientation T byte_order littleendian
Reading mask: /opt/freesurfer/average/711-2B_as_mni_average_305_mask.4dfp.img (2306576 pixels)
talsrcimg_g11.4dfp.img
       256       256       256         1
  1.000000  1.000000  1.000000
orientation T byte_order littleendian
Reading image: talsrcimg_g11.4dfp.img
dimensions:      256       256       256
mmppix:       1.0000   -1.0000   -1.0000
center:     128.0000 -129.0000 -129.0000
rotation matrix determinant  1.000000
image alignment mode   4355 decimal     1103 hex
   -7.5000  -22.5000  -45.0000 1903.4744   24.0604
    0.0000  -22.5000  -45.0000 1910.9769   24.2719
    7.5000  -22.5000  -45.0000 1890.3965   24.3338
   -7.5000  -15.0000  -45.0000 2035.7859   21.4129
    0.0000  -15.0000  -45.0000 2041.7117   21.5687
    7.5000  -15.0000  -45.0000 2017.7772   21.6145
   -7.5000   -7.5000  -45.0000 2159.0366   19.3816
    0.0000   -7.5000  -45.0000 2161.4858   19.4742
    7.5000   -7.5000  -45.0000 2135.7300   19.5200
   -7.5000    0.0000  -45.0000 2254.4438   17.6746
    0.0000    0.0000  -45.0000 2256.0552   17.7467
    7.5000    0.0000  -45.0000 2230.5503   17.8536
   -7.5000    7.5000  -45.0000 2329.9617   16.3401
    0.0000    7.5000  -45.0000 2333.6570   16.3505
    7.5000    7.5000  -45.0000 2306.8826   16.4935
   -7.5000   15.0000  -45.0000 2388.6531   15.4428
    0.0000   15.0000  -45.0000 2393.0701   15.4046
    7.5000   15.0000  -45.0000 2359.3848   15.5457
   -7.5000   22.5000  -45.0000 2419.2527   14.8838
    0.0000   22.5000  -45.0000 2425.2734   14.8326
    7.5000   22.5000  -45.0000 2390.1577   14.9977
   -7.5000   30.0000  -45.0000 2431.7805   14.7187
    0.0000   30.0000  -45.0000 2442.2756   14.6723
    7.5000   30.0000  -45.0000 2409.4849   14.8319
   -7.5000   37.5000  -45.0000 2434.3135   14.8818
    0.0000   37.5000  -45.0000 2446.8511   14.8985
    7.5000   37.5000  -45.0000 2407.8088   15.0109
   -7.5000   45.0000  -45.0000 2414.2239   15.4405
    0.0000   45.0000  -45.0000 2419.5845   15.4411
    7.5000   45.0000  -45.0000 2383.7361   15.5707
   -7.5000   52.5000  -45.0000 2350.7361   16.2009
    0.0000   52.5000  -45.0000 2356.2522   16.1957
    7.5000   52.5000  -45.0000 2322.9915   16.3247
   -7.5000   60.0000  -45.0000 2234.8540   16.9840
    0.0000   60.0000  -45.0000 2243.7119   16.9597
    7.5000   60.0000  -45.0000 2215.6997   17.0938
   -7.5000   67.5000  -45.0000 2088.6270   17.7147
    0.0000   67.5000  -45.0000 2096.5625   17.7053
    7.5000   67.5000  -45.0000 2071.6033   17.8998
   -7.5000  -22.5000  -37.5000 1956.2214   22.8358
    0.0000  -22.5000  -37.5000 1966.3896   22.9098
    7.5000  -22.5000  -37.5000 1945.7672   22.9743
   -7.5000  -15.0000  -37.5000 2093.8865   20.3535
    0.0000  -15.0000  -37.5000 2104.3225   20.3860
    7.5000  -15.0000  -37.5000 2078.9021   20.4389
   -7.5000   -7.5000  -37.5000 2223.0962   18.3617
    0.0000   -7.5000  -37.5000 2231.8083   18.3847
    7.5000   -7.5000  -37.5000 2202.0205   18.4354
   -7.5000    0.0000  -37.5000 2323.8064   16.7071
    0.0000    0.0000  -37.5000 2332.0217   16.7133
    7.5000    0.0000  -37.5000 2302.5728   16.8253
   -7.5000    7.5000  -37.5000 2406.6377   15.4055
    0.0000    7.5000  -37.5000 2413.5784   15.3917
    7.5000    7.5000  -37.5000 2388.9119   15.5019
   -7.5000   15.0000  -37.5000 2478.6274   14.4896
    0.0000   15.0000  -37.5000 2479.8813   14.4303
    7.5000   15.0000  -37.5000 2454.5574   14.5990
   -7.5000   22.5000  -37.5000 2515.9224   13.9166
    0.0000   22.5000  -37.5000 2517.5266   13.8871
    7.5000   22.5000  -37.5000 2491.1826   14.0598
   -7.5000   30.0000  -37.5000 2529.3760   13.7239
    0.0000   30.0000  -37.5000 2535.0969   13.6942
    7.5000   30.0000  -37.5000 2502.6890   13.8696
   -7.5000   37.5000  -37.5000 2530.5759   13.8489
    0.0000   37.5000  -37.5000 2540.2512   13.8736
    7.5000   37.5000  -37.5000 2506.0974   14.0341
   -7.5000   45.0000  -37.5000 2510.4363   14.3525
    0.0000   45.0000  -37.5000 2522.2554   14.3818
    7.5000   45.0000  -37.5000 2487.6470   14.5304
   -7.5000   52.5000  -37.5000 2445.6299   15.0585
    0.0000   52.5000  -37.5000 2457.8662   15.0555
    7.5000   52.5000  -37.5000 2421.6218   15.2059
   -7.5000   60.0000  -37.5000 2327.1187   15.7958
    0.0000   60.0000  -37.5000 2339.0698   15.7837
    7.5000   60.0000  -37.5000 2304.4104   15.9190
   -7.5000   67.5000  -37.5000 2170.2715   16.4691
    0.0000   67.5000  -37.5000 2183.0803   16.4984
    7.5000   67.5000  -37.5000 2153.4573   16.6441
   -7.5000  -22.5000  -30.0000 2033.2789   22.4444
    0.0000  -22.5000  -30.0000 2047.5421   22.4748
    7.5000  -22.5000  -30.0000 2026.5339   22.6888
   -7.5000  -15.0000  -30.0000 2179.1035   20.0250
    0.0000  -15.0000  -30.0000 2192.8782   19.9589
    7.5000  -15.0000  -30.0000 2166.8979   20.1559
   -7.5000   -7.5000  -30.0000 2310.5901   18.0209
    0.0000   -7.5000  -30.0000 2324.7505   17.9379
    7.5000   -7.5000  -30.0000 2296.2341   18.1158
   -7.5000    0.0000  -30.0000 2413.8032   16.3713
    0.0000    0.0000  -30.0000 2427.9038   16.3126
    7.5000    0.0000  -30.0000 2401.2061   16.4662
   -7.5000    7.5000  -30.0000 2511.8813   15.0773
    0.0000    7.5000  -30.0000 2522.3479   15.0157
    7.5000    7.5000  -30.0000 2500.1384   15.1672
   -7.5000   15.0000  -30.0000 2590.8640   14.1200
    0.0000   15.0000  -30.0000 2597.1150   14.0486
    7.5000   15.0000  -30.0000 2576.7383   14.2066
   -7.5000   22.5000  -30.0000 2640.1665   13.5276
    0.0000   22.5000  -30.0000 2649.8391   13.4601
    7.5000   22.5000  -30.0000 2622.4639   13.6105
   -7.5000   30.0000  -30.0000 2662.6616   13.2593
    0.0000   30.0000  -30.0000 2665.8027   13.2247
    7.5000   30.0000  -30.0000 2640.6162   13.3895
   -7.5000   37.5000  -30.0000 2670.7456   13.3687
    0.0000   37.5000  -30.0000 2678.7942   13.3659
    7.5000   37.5000  -30.0000 2649.4067   13.5354
   -7.5000   45.0000  -30.0000 2652.4583   13.9086
    0.0000   45.0000  -30.0000 2664.1001   13.8985
    7.5000   45.0000  -30.0000 2634.5488   14.0697
   -7.5000   52.5000  -30.0000 2586.0439   14.6006
    0.0000   52.5000  -30.0000 2599.8274   14.5725
    7.5000   52.5000  -30.0000 2566.6375   14.7323
   -7.5000   60.0000  -30.0000 2459.7224   15.2968
    0.0000   60.0000  -30.0000 2468.9563   15.2799
    7.5000   60.0000  -30.0000 2441.1816   15.4415
   -7.5000   67.5000  -30.0000 2291.4629   15.9468
    0.0000   67.5000  -30.0000 2302.7046   15.9431
    7.5000   67.5000  -30.0000 2281.7935   16.1039
   -7.5000  -22.5000  -22.5000 2082.2844   22.1194
    0.0000  -22.5000  -22.5000 2100.5295   22.0759
    7.5000  -22.5000  -22.5000 2077.4065   22.2291
   -7.5000  -15.0000  -22.5000 2231.4602   19.6245
    0.0000  -15.0000  -22.5000 2245.3242   19.5106
    7.5000  -15.0000  -22.5000 2222.8665   19.7086
   -7.5000   -7.5000  -22.5000 2365.6003   17.5997
    0.0000   -7.5000  -22.5000 2378.5474   17.4489
    7.5000   -7.5000  -22.5000 2358.4128   17.6611
   -7.5000    0.0000  -22.5000 2474.7700   15.9691
    0.0000    0.0000  -22.5000 2490.7666   15.8387
    7.5000    0.0000  -22.5000 2470.8147   16.0431
   -7.5000    7.5000  -22.5000 2580.2058   14.7015
    0.0000    7.5000  -22.5000 2594.9265   14.5895
    7.5000    7.5000  -22.5000 2574.1531   14.7740
   -7.5000   15.0000  -22.5000 2667.4209   13.7146
    0.0000   15.0000  -22.5000 2676.8323   13.6210
    7.5000   15.0000  -22.5000 2654.7756   13.7880
   -7.5000   22.5000  -22.5000 2731.8945   13.0671
    0.0000   22.5000  -22.5000 2742.0620   12.9661
    7.5000   22.5000  -22.5000 2718.1956   13.1539
   -7.5000   30.0000  -22.5000 2762.4146   12.7265
    0.0000   30.0000  -22.5000 2766.0300   12.6590
    7.5000   30.0000  -22.5000 2744.9385   12.8573
   -7.5000   37.5000  -22.5000 2784.3616   12.8461
    0.0000   37.5000  -22.5000 2789.1414   12.7995
    7.5000   37.5000  -22.5000 2763.8032   12.9705
   -7.5000   45.0000  -22.5000 2767.3767   13.4111
    0.0000   45.0000  -22.5000 2781.4407   13.3782
    7.5000   45.0000  -22.5000 2748.5405   13.5268
   -7.5000   52.5000  -22.5000 2696.3237   14.0914
    0.0000   52.5000  -22.5000 2708.2751   14.0498
    7.5000   52.5000  -22.5000 2678.8481   14.1910
   -7.5000   60.0000  -22.5000 2557.7776   14.7330
    0.0000   60.0000  -22.5000 2570.7693   14.7162
    7.5000   60.0000  -22.5000 2543.5515   14.8620
   -7.5000   67.5000  -22.5000 2382.4670   15.3741
    0.0000   67.5000  -22.5000 2395.4595   15.3512
    7.5000   67.5000  -22.5000 2374.2153   15.5314
   -7.5000  -22.5000  -15.0000 2102.0063   21.9447
    0.0000  -22.5000  -15.0000 2116.0513   21.8296
    7.5000  -22.5000  -15.0000 2094.6775   21.9758
   -7.5000  -15.0000  -15.0000 2247.1536   19.3588
    0.0000  -15.0000  -15.0000 2261.2317   19.1895
    7.5000  -15.0000  -15.0000 2239.5132   19.3639
   -7.5000   -7.5000  -15.0000 2385.8835   17.2731
    0.0000   -7.5000  -15.0000 2397.2874   17.0851
    7.5000   -7.5000  -15.0000 2375.6414   17.3087
   -7.5000    0.0000  -15.0000 2503.6252   15.6463
    0.0000    0.0000  -15.0000 2516.5405   15.4644
    7.5000    0.0000  -15.0000 2495.5066   15.7014
   -7.5000    7.5000  -15.0000 2611.4514   14.3735
    0.0000    7.5000  -15.0000 2623.3611   14.2356
    7.5000    7.5000  -15.0000 2605.4148   14.4528
   -7.5000   15.0000  -15.0000 2703.1477   13.4107
    0.0000   15.0000  -15.0000 2714.2231   13.2770
    7.5000   15.0000  -15.0000 2694.5310   13.4921
   -7.5000   22.5000  -15.0000 2783.7549   12.7402
    0.0000   22.5000  -15.0000 2795.8677   12.6182
    7.5000   22.5000  -15.0000 2771.4624   12.8214
   -7.5000   30.0000  -15.0000 2830.2622   12.3164
    0.0000   30.0000  -15.0000 2834.0427   12.2200
    7.5000   30.0000  -15.0000 2808.6885   12.4701
   -7.5000   37.5000  -15.0000 2862.6001   12.4153
    0.0000   37.5000  -15.0000 2863.3535   12.3445
    7.5000   37.5000  -15.0000 2836.1826   12.5652
   -7.5000   45.0000  -15.0000 2843.5627   12.9752
    0.0000   45.0000  -15.0000 2850.9658   12.9168
    7.5000   45.0000  -15.0000 2818.4265   13.0931
   -7.5000   52.5000  -15.0000 2762.4807   13.6191
    0.0000   52.5000  -15.0000 2774.0647   13.5837
    7.5000   52.5000  -15.0000 2744.7839   13.7247
   -7.5000   60.0000  -15.0000 2614.4434   14.2645
    0.0000   60.0000  -15.0000 2627.4519   14.2150
    7.5000   60.0000  -15.0000 2603.7656   14.3998
   -7.5000   67.5000  -15.0000 2438.8091   14.8892
    0.0000   67.5000  -15.0000 2447.4067   14.8491
    7.5000   67.5000  -15.0000 2423.4260   15.0717
   -7.5000  -22.5000   -7.5000 2105.2085   22.0757
    0.0000  -22.5000   -7.5000 2114.5354   21.7993
    7.5000  -22.5000   -7.5000 2096.7949   22.0318
   -7.5000  -15.0000   -7.5000 2247.1890   19.3621
    0.0000  -15.0000   -7.5000 2257.4297   19.0579
    7.5000  -15.0000   -7.5000 2241.7075   19.3484
   -7.5000   -7.5000   -7.5000 2388.8479   17.2082
    0.0000   -7.5000   -7.5000 2392.7769   16.9199
    7.5000   -7.5000   -7.5000 2377.2256   17.2028
   -7.5000    0.0000   -7.5000 2512.2483   15.5456
    0.0000    0.0000   -7.5000 2513.4231   15.2935
    7.5000    0.0000   -7.5000 2497.3047   15.5628
   -7.5000    7.5000   -7.5000 2620.1284   14.2787
    0.0000    7.5000   -7.5000 2623.3889   14.0666
    7.5000    7.5000   -7.5000 2604.6814   14.2956
   -7.5000   15.0000   -7.5000 2720.1079   13.3129
    0.0000   15.0000   -7.5000 2726.7087   13.1180
    7.5000   15.0000   -7.5000 2709.1836   13.3396
   -7.5000   22.5000   -7.5000 2818.4680   12.6693
    0.0000   22.5000   -7.5000 2825.2620   12.4914
    7.5000   22.5000   -7.5000 2800.6160   12.6878
   -7.5000   30.0000   -7.5000 2879.0029   12.1934
    0.0000   30.0000   -7.5000 2886.3730   12.0472
    7.5000   30.0000   -7.5000 2851.5659   12.3407
   -7.5000   37.5000   -7.5000 2915.8318   12.1939
    0.0000   37.5000   -7.5000 2914.1699   12.0904
    7.5000   37.5000   -7.5000 2881.6387   12.3678
   -7.5000   45.0000   -7.5000 2891.2021   12.6519
    0.0000   45.0000   -7.5000 2894.6809   12.5680
    7.5000   45.0000   -7.5000 2859.6836   12.8139
   -7.5000   52.5000   -7.5000 2803.4412   13.3200
    0.0000   52.5000   -7.5000 2811.4597   13.2065
    7.5000   52.5000   -7.5000 2776.1382   13.4616
   -7.5000   60.0000   -7.5000 2651.8999   13.9757
    0.0000   60.0000   -7.5000 2657.4185   13.8626
    7.5000   60.0000   -7.5000 2633.8958   14.0947
   -7.5000   67.5000   -7.5000 2467.9497   14.6172
    0.0000   67.5000   -7.5000 2473.4109   14.5064
    7.5000   67.5000   -7.5000 2451.1272   14.7571
   -7.5000  -22.5000    0.0000 2079.8938   22.3355
    0.0000  -22.5000    0.0000 2089.5769   22.0678
    7.5000  -22.5000    0.0000 2073.2920   22.2244
   -7.5000  -15.0000    0.0000 2221.7358   19.5138
    0.0000  -15.0000    0.0000 2232.1404   19.2323
    7.5000  -15.0000    0.0000 2218.2568   19.4137
   -7.5000   -7.5000    0.0000 2363.5557   17.3169
    0.0000   -7.5000    0.0000 2370.1318   17.0575
    7.5000   -7.5000    0.0000 2354.3682   17.2394
   -7.5000    0.0000    0.0000 2490.8489   15.6345
    0.0000    0.0000    0.0000 2489.4336   15.4113
    7.5000    0.0000    0.0000 2471.6655   15.5741
   -7.5000    7.5000    0.0000 2603.5288   14.3751
    0.0000    7.5000    0.0000 2601.3816   14.1918
    7.5000    7.5000    0.0000 2583.9602   14.3343
   -7.5000   15.0000    0.0000 2717.7620   13.4794
    0.0000   15.0000    0.0000 2718.4683   13.3040
    7.5000   15.0000    0.0000 2700.6450   13.4287
   -7.5000   22.5000    0.0000 2835.1406   12.9313
    0.0000   22.5000    0.0000 2840.5806   12.7921
    7.5000   22.5000    0.0000 2806.0286   12.8263
   -7.5000   30.0000    0.0000 2910.8354   12.4615
    0.0000   30.0000    0.0000 2924.3049   12.3379
    7.5000   30.0000    0.0000 2870.2458   12.4317
   -7.5000   37.5000    0.0000 2944.6953   12.2957
    0.0000   37.5000    0.0000 2952.2244   12.1794
    7.5000   37.5000    0.0000 2900.5876   12.4022
   -7.5000   45.0000    0.0000 2913.8042   12.5992
    0.0000   45.0000    0.0000 2918.0947   12.4954
    7.5000   45.0000    0.0000 2874.4231   12.7124
   -7.5000   52.5000    0.0000 2819.1008   13.2056
    0.0000   52.5000    0.0000 2822.6602   13.1113
    7.5000   52.5000    0.0000 2785.9189   13.2908
   -7.5000   60.0000    0.0000 2654.8281   13.9063
    0.0000   60.0000    0.0000 2658.9839   13.8022
    7.5000   60.0000    0.0000 2631.5227   13.9540
   -7.5000   67.5000    0.0000 2464.9954   14.5691
    0.0000   67.5000    0.0000 2472.9614   14.4843
    7.5000   67.5000    0.0000 2449.5557   14.6039
   -7.5000  -22.5000    7.5000 2052.5535   23.0017
    0.0000  -22.5000    7.5000 2058.8975   22.8154
    7.5000  -22.5000    7.5000 2043.9830   22.9159
   -7.5000  -15.0000    7.5000 2194.8735   19.9619
    0.0000  -15.0000    7.5000 2200.4819   19.7288
    7.5000  -15.0000    7.5000 2188.2451   19.8539
   -7.5000   -7.5000    7.5000 2332.8308   17.6607
    0.0000   -7.5000    7.5000 2335.7781   17.4663
    7.5000   -7.5000    7.5000 2321.8660   17.5595
   -7.5000    0.0000    7.5000 2458.1770   15.9603
    0.0000    0.0000    7.5000 2460.8882   15.8274
    7.5000    0.0000    7.5000 2437.4963   15.8722
   -7.5000    7.5000    7.5000 2580.0835   14.7595
    0.0000    7.5000    7.5000 2587.0059   14.6833
    7.5000    7.5000    7.5000 2555.8967   14.6469
   -7.5000   15.0000    7.5000 2708.6375   13.9261
    0.0000   15.0000    7.5000 2719.5986   13.9009
    7.5000   15.0000    7.5000 2679.9436   13.7765
   -7.5000   22.5000    7.5000 2821.8127   13.3148
    0.0000   22.5000    7.5000 2845.5259   13.3691
    7.5000   22.5000    7.5000 2784.6040   13.1682
   -7.5000   30.0000    7.5000 2899.9861   12.7954
    0.0000   30.0000    7.5000 2926.9517   12.7979
    7.5000   30.0000    7.5000 2850.4678   12.7030
   -7.5000   37.5000    7.5000 2938.8611   12.6928
    0.0000   37.5000    7.5000 2955.9644   12.6071
    7.5000   37.5000    7.5000 2887.1899   12.6548
   -7.5000   45.0000    7.5000 2906.8071   12.8413
    0.0000   45.0000    7.5000 2920.2095   12.7628
    7.5000   45.0000    7.5000 2868.4404   12.8678
   -7.5000   52.5000    7.5000 2806.6248   13.3366
    0.0000   52.5000    7.5000 2811.1890   13.2260
    7.5000   52.5000    7.5000 2772.9346   13.3871
   -7.5000   60.0000    7.5000 2635.2168   14.0128
    0.0000   60.0000    7.5000 2639.0623   13.8904
    7.5000   60.0000    7.5000 2614.5327   14.0120
   -7.5000   67.5000    7.5000 2444.8936   14.6833
    0.0000   67.5000    7.5000 2450.6370   14.5581
    7.5000   67.5000    7.5000 2430.1082   14.6909
   -7.5000  -22.5000   15.0000 2014.3148   23.9707
    0.0000  -22.5000   15.0000 2029.9427   23.9765
    7.5000  -22.5000   15.0000 1998.5079   23.8824
   -7.5000  -15.0000   15.0000 2158.2659   20.7747
    0.0000  -15.0000   15.0000 2172.0310   20.7566
    7.5000  -15.0000   15.0000 2147.2761   20.7119
   -7.5000   -7.5000   15.0000 2294.1604   18.4217
    0.0000   -7.5000   15.0000 2304.5208   18.3951
    7.5000   -7.5000   15.0000 2277.7742   18.3698
   -7.5000    0.0000   15.0000 2425.5635   16.7202
    0.0000    0.0000   15.0000 2429.3257   16.6611
    7.5000    0.0000   15.0000 2398.9619   16.6718
   -7.5000    7.5000   15.0000 2550.8174   15.4707
    0.0000    7.5000   15.0000 2554.0227   15.4044
    7.5000    7.5000   15.0000 2521.2278   15.4181
   -7.5000   15.0000   15.0000 2670.2927   14.5351
    0.0000   15.0000   15.0000 2674.2388   14.5246
    7.5000   15.0000   15.0000 2639.1753   14.4422
   -7.5000   22.5000   15.0000 2773.8474   13.7619
    0.0000   22.5000   15.0000 2789.3840   13.7636
    7.5000   22.5000   15.0000 2738.1399   13.6914
   -7.5000   30.0000   15.0000 2848.7471   13.2439
    0.0000   30.0000   15.0000 2865.7834   13.1476
    7.5000   30.0000   15.0000 2806.3535   13.2401
   -7.5000   37.5000   15.0000 2885.8794   13.1444
    0.0000   37.5000   15.0000 2902.1379   13.0676
    7.5000   37.5000   15.0000 2840.8726   13.1346
   -7.5000   45.0000   15.0000 2861.5535   13.3183
    0.0000   45.0000   15.0000 2876.8445   13.2356
    7.5000   45.0000   15.0000 2821.1072   13.3214
   -7.5000   52.5000   15.0000 2761.0234   13.8245
    0.0000   52.5000   15.0000 2772.4243   13.7326
    7.5000   52.5000   15.0000 2724.5916   13.8200
   -7.5000   60.0000   15.0000 2595.4905   14.4554
    0.0000   60.0000   15.0000 2604.0327   14.3590
    7.5000   60.0000   15.0000 2570.1079   14.4512
   -7.5000   67.5000   15.0000 2408.3528   15.0760
    0.0000   67.5000   15.0000 2414.0146   14.9712
    7.5000   67.5000   15.0000 2389.2695   15.0869
   -7.5000  -22.5000   22.5000 1970.6312   25.5297
    0.0000  -22.5000   22.5000 1982.4341   25.5195
    7.5000  -22.5000   22.5000 1953.8118   25.5330
   -7.5000  -15.0000   22.5000 2121.7793   22.0453
    0.0000  -15.0000   22.5000 2130.8430   22.0017
    7.5000  -15.0000   22.5000 2108.4600   22.1058
   -7.5000   -7.5000   22.5000 2263.2156   19.4836
    0.0000   -7.5000   22.5000 2268.5242   19.3903
    7.5000   -7.5000   22.5000 2244.4019   19.5382
   -7.5000    0.0000   22.5000 2388.1030   17.6024
    0.0000    0.0000   22.5000 2388.4211   17.4880
    7.5000    0.0000   22.5000 2361.6873   17.6764
   -7.5000    7.5000   22.5000 2503.0520   16.2158
    0.0000    7.5000   22.5000 2504.2458   16.1235
    7.5000    7.5000   22.5000 2480.6689   16.2887
   -7.5000   15.0000   22.5000 2609.2041   15.1647
    0.0000   15.0000   22.5000 2611.3601   15.1063
    7.5000   15.0000   22.5000 2589.4790   15.2400
   -7.5000   22.5000   22.5000 2703.9907   14.3434
    0.0000   22.5000   22.5000 2713.2742   14.2046
    7.5000   22.5000   22.5000 2682.3450   14.4206
   -7.5000   30.0000   22.5000 2772.9500   13.8413
    0.0000   30.0000   22.5000 2783.7764   13.7239
    7.5000   30.0000   22.5000 2741.5327   13.9490
   -7.5000   37.5000   22.5000 2799.2332   13.7374
    0.0000   37.5000   22.5000 2812.7549   13.6461
    7.5000   37.5000   22.5000 2770.0911   13.8305
   -7.5000   45.0000   22.5000 2777.9360   13.9231
    0.0000   45.0000   22.5000 2789.8918   13.8346
    7.5000   45.0000   22.5000 2751.8779   13.9917
   -7.5000   52.5000   22.5000 2687.1287   14.4558
    0.0000   52.5000   22.5000 2696.9861   14.3406
    7.5000   52.5000   22.5000 2662.5234   14.4872
   -7.5000   60.0000   22.5000 2539.6482   15.0590
    0.0000   60.0000   22.5000 2547.3923   14.9481
    7.5000   60.0000   22.5000 2517.4194   15.0755
   -7.5000   67.5000   22.5000 2362.4192   15.6581
    0.0000   67.5000   22.5000 2371.8708   15.5617
    7.5000   67.5000   22.5000 2343.3652   15.6790
   -7.5000  -22.5000   30.0000 1907.8987   27.1611
    0.0000  -22.5000   30.0000 1913.9542   27.0438
    7.5000  -22.5000   30.0000 1893.5593   27.2187
   -7.5000  -15.0000   30.0000 2066.9175   23.4460
    0.0000  -15.0000   30.0000 2071.1692   23.2486
    7.5000  -15.0000   30.0000 2057.4888   23.5903
   -7.5000   -7.5000   30.0000 2212.3857   20.6519
    0.0000   -7.5000   30.0000 2215.0461   20.4714
    7.5000   -7.5000   30.0000 2198.1338   20.8496
   -7.5000    0.0000   30.0000 2333.8201   18.6276
    0.0000    0.0000   30.0000 2333.3760   18.4521
    7.5000    0.0000   30.0000 2316.2595   18.8336
   -7.5000    7.5000   30.0000 2442.1064   17.1029
    0.0000    7.5000   30.0000 2441.0117   16.9722
    7.5000    7.5000   30.0000 2427.9453   17.3264
   -7.5000   15.0000   30.0000 2536.0833   15.9948
    0.0000   15.0000   30.0000 2537.8022   15.8544
    7.5000   15.0000   30.0000 2524.1035   16.1840
   -7.5000   22.5000   30.0000 2624.5999   15.1597
    0.0000   22.5000   30.0000 2631.1624   14.9682
    7.5000   22.5000   30.0000 2607.2776   15.3242
   -7.5000   30.0000   30.0000 2683.3540   14.6654
    0.0000   30.0000   30.0000 2686.2788   14.5121
    7.5000   30.0000   30.0000 2659.8711   14.8242
   -7.5000   37.5000   30.0000 2700.4668   14.5202
    0.0000   37.5000   30.0000 2709.6614   14.4128
    7.5000   37.5000   30.0000 2678.7395   14.6689
   -7.5000   45.0000   30.0000 2676.4326   14.7277
    0.0000   45.0000   30.0000 2686.1982   14.6366
    7.5000   45.0000   30.0000 2661.0090   14.8528
   -7.5000   52.5000   30.0000 2592.7764   15.2430
    0.0000   52.5000   30.0000 2602.5176   15.1302
    7.5000   52.5000   30.0000 2580.2292   15.3197
   -7.5000   60.0000   30.0000 2464.2314   15.8331
    0.0000   60.0000   30.0000 2473.3765   15.6964
    7.5000   60.0000   30.0000 2445.6611   15.8964
   -7.5000   67.5000   30.0000 2299.9121   16.3761
    0.0000   67.5000   30.0000 2309.0154   16.2779
    7.5000   67.5000   30.0000 2284.8376   16.4614
   -7.5000  -22.5000   37.5000 1839.7594   29.0393
    0.0000  -22.5000   37.5000 1843.9851   28.7881
    7.5000  -22.5000   37.5000 1829.9454   29.1474
   -7.5000  -15.0000   37.5000 2001.6415   25.0064
    0.0000  -15.0000   37.5000 2005.3621   24.7359
    7.5000  -15.0000   37.5000 1998.2131   25.2140
   -7.5000   -7.5000   37.5000 2153.7771   22.0586
    0.0000   -7.5000   37.5000 2151.6064   21.7850
    7.5000   -7.5000   37.5000 2141.9856   22.2694
   -7.5000    0.0000   37.5000 2273.1909   19.8702
    0.0000    0.0000   37.5000 2271.4243   19.6249
    7.5000    0.0000   37.5000 2255.5566   20.1310
   -7.5000    7.5000   37.5000 2375.5674   18.2519
    0.0000    7.5000   37.5000 2371.6741   18.0565
    7.5000    7.5000   37.5000 2360.6167   18.5424
   -7.5000   15.0000   37.5000 2456.6389   17.1044
    0.0000   15.0000   37.5000 2458.7825   16.9200
    7.5000   15.0000   37.5000 2445.8625   17.3578
   -7.5000   22.5000   37.5000 2540.7046   16.2485
    0.0000   22.5000   37.5000 2540.6406   16.0506
    7.5000   22.5000   37.5000 2521.1833   16.4668
   -7.5000   30.0000   37.5000 2589.7219   15.7470
    0.0000   30.0000   37.5000 2589.2219   15.5768
    7.5000   30.0000   37.5000 2566.4026   15.9269
   -7.5000   37.5000   37.5000 2598.6890   15.5240
    0.0000   37.5000   37.5000 2606.9617   15.4106
    7.5000   37.5000   37.5000 2579.3594   15.7000
   -7.5000   45.0000   37.5000 2576.8696   15.7561
    0.0000   45.0000   37.5000 2583.3801   15.6538
    7.5000   45.0000   37.5000 2562.0920   15.9080
   -7.5000   52.5000   37.5000 2500.7478   16.2340
    0.0000   52.5000   37.5000 2514.2639   16.1011
    7.5000   52.5000   37.5000 2489.7566   16.3413
   -7.5000   60.0000   37.5000 2380.2842   16.7446
    0.0000   60.0000   37.5000 2394.3159   16.6132
    7.5000   60.0000   37.5000 2367.5142   16.8600
   -7.5000   67.5000   37.5000 2231.3452   17.2571
    0.0000   67.5000   37.5000 2242.9082   17.1657
    7.5000   67.5000   37.5000 2216.6782   17.3665
   -7.5000  -22.5000   45.0000 1762.7695   31.2896
    0.0000  -22.5000   45.0000 1764.5111   31.0788
    7.5000  -22.5000   45.0000 1751.6151   31.6131
   -7.5000  -15.0000   45.0000 1933.3837   26.9987
    0.0000  -15.0000   45.0000 1931.3995   26.6603
    7.5000  -15.0000   45.0000 1923.9485   27.2987
   -7.5000   -7.5000   45.0000 2083.9536   23.7850
    0.0000   -7.5000   45.0000 2076.4697   23.4690
    7.5000   -7.5000   45.0000 2067.8298   24.0988
   -7.5000    0.0000   45.0000 2201.4421   21.4275
    0.0000    0.0000   45.0000 2193.4590   21.1398
    7.5000    0.0000   45.0000 2180.8335   21.7127
   -7.5000    7.5000   45.0000 2301.0984   19.7624
    0.0000    7.5000   45.0000 2293.8000   19.4976
    7.5000    7.5000   45.0000 2282.4255   20.0448
   -7.5000   15.0000   45.0000 2373.0671   18.5393
    0.0000   15.0000   45.0000 2373.4690   18.3360
    7.5000   15.0000   45.0000 2358.9819   18.8322
   -7.5000   22.5000   45.0000 2445.4221   17.6382
    0.0000   22.5000   45.0000 2441.3979   17.4733
    7.5000   22.5000   45.0000 2425.4351   17.8912
   -7.5000   30.0000   45.0000 2480.4719   17.0879
    0.0000   30.0000   45.0000 2478.1641   16.9334
    7.5000   30.0000   45.0000 2460.5251   17.2946
   -7.5000   37.5000   45.0000 2490.3655   16.8456
    0.0000   37.5000   45.0000 2493.9480   16.7217
    7.5000   37.5000   45.0000 2470.6750   16.9977
   -7.5000   45.0000   45.0000 2476.3169   17.0301
    0.0000   45.0000   45.0000 2483.2463   16.9454
    7.5000   45.0000   45.0000 2456.1101   17.1948
   -7.5000   52.5000   45.0000 2407.6548   17.4643
    0.0000   52.5000   45.0000 2420.3333   17.3696
    7.5000   52.5000   45.0000 2393.0869   17.6126
   -7.5000   60.0000   45.0000 2291.7070   17.9524
    0.0000   60.0000   45.0000 2302.9446   17.8460
    7.5000   60.0000   45.0000 2280.3943   18.1004
   -7.5000   67.5000   45.0000 2149.2551   18.4239
    0.0000   67.5000   45.0000 2162.8052   18.2895
    7.5000   67.5000   45.0000 2136.1736   18.5137

---------------------------------------------------------------------
imgreg_4dfp /opt/freesurfer/average/711-2C_as_mni_average_305 /opt/freesurfer/average/711-2B_as_mni_average_305_mask talsrcimg_g11 none talsrcimg_to_711-2C_as_mni_average_305_t4 1283
---------------------------------------------------------------------

freesurfer imgreg_4dfp.c
/opt/freesurfer/average/711-2C_as_mni_average_305.4dfp.img
       256       256       256         1
  1.000000  1.000000  1.000000
orientation T byte_order littleendian
Reading image: /opt/freesurfer/average/711-2C_as_mni_average_305.4dfp.img
dimensions:      256       256       256
mmppix:       1.0000   -1.0000   -1.0000
center:     128.0000 -129.0000 -129.0000
/opt/freesurfer/average/711-2B_as_mni_average_305_mask.4dfp.img
       256       256       256         1
  1.000000  1.000000  1.000000
orientation T byte_order littleendian
Reading mask: /opt/freesurfer/average/711-2B_as_mni_average_305_mask.4dfp.img (2306576 pixels)
talsrcimg_g11.4dfp.img
       256       256       256         1
  1.000000  1.000000  1.000000
orientation T byte_order littleendian
Reading image: talsrcimg_g11.4dfp.img
dimensions:      256       256       256
mmppix:       1.0000   -1.0000   -1.0000
center:     128.0000 -129.0000 -129.0000
rotation matrix determinant  1.000000
fimgreg.f
image alignment mode   1283 decimal      503 hex
parameters
    0.0000   37.5000    7.5000    0.0000    0.0000    0.0000
eta,q 0.92745 12.61131
niter,ni,del,rscale     5    3   12.0000    1.2000
parameter  3  0.618481 ->  0.500000 qaram    1.1500
parameter  4  1.139995 ->  0.500000 qaram    1.1500
parameters
   -1.9568   36.9108    4.0500   -3.4500    0.1472    0.7315
eta,q 0.93702 12.27874
  0.0750  0.0781  0.0686  0.0629  0.0702  0.0722
  0.0710  0.0733  0.0674  0.0631  0.0659  0.0685
  0.0692  0.0711  0.0681  0.0641  0.0633  0.0649
  0.0712  0.0692  0.0699  0.0677  0.0632  0.0631
  0.0752  0.0714  0.0725  0.0712  0.0648  0.0636
  0.0802  0.0771  0.0759  0.0752  0.0668  0.0657
  0.0877  0.0816  0.0813  0.0796  0.0682  0.0690
niter,ni,del,rscale     6    3   12.0000    1.2000
parameter  4  0.636911 ->  0.500000 qaram    1.3225
parameters
   -1.9770   37.5375    3.6818   -7.4175    0.1710    1.3122
eta,q 0.93870 12.26330
  0.0767  0.0758  0.0737  0.0612  0.0688  0.0684
  0.0695  0.0702  0.0678  0.0612  0.0647  0.0658
  0.0639  0.0653  0.0630  0.0621  0.0621  0.0628
  0.0630  0.0630  0.0627  0.0625  0.0613  0.0614
  0.0656  0.0630  0.0658  0.0650  0.0628  0.0617
  0.0700  0.0660  0.0700  0.0693  0.0655  0.0638
  0.0761  0.0722  0.0751  0.0741  0.0679  0.0665
niter,ni,del,rscale     6    3   12.0000    1.2000
parameters
   -2.3201   39.0235    3.5506  -10.5757    0.9060    1.3599
eta,q 0.93947 12.31247
  0.0741  0.0723  0.0745  0.0616  0.0683  0.0650
  0.0672  0.0652  0.0692  0.0604  0.0642  0.0626
  0.0624  0.0619  0.0635  0.0606  0.0617  0.0610
  0.0613  0.0612  0.0616  0.0615  0.0607  0.0605
  0.0644  0.0618  0.0642  0.0619  0.0607  0.0609
  0.0702  0.0625  0.0693  0.0648  0.0622  0.0623
  0.0762  0.0636  0.0757  0.0698  0.0652  0.0650
niter,ni,del,rscale     5    3   12.0000    1.2000
parameters
   -2.8048   40.1185    3.0762  -11.3052    1.5705    0.7311
eta,q 0.94082 12.31473
  0.0718  0.0709  0.0720  0.0653  0.0682  0.0625
  0.0651  0.0623  0.0646  0.0598  0.0635  0.0604
  0.0613  0.0609  0.0600  0.0589  0.0605  0.0593
  0.0605  0.0604  0.0600  0.0597  0.0594  0.0592
  0.0632  0.0602  0.0633  0.0616  0.0596  0.0600
  0.0686  0.0621  0.0681  0.0624  0.0612  0.0617
  0.0752  0.0633  0.0742  0.0662  0.0650  0.0641
niter,ni,del,rscale     4    3   12.0000    1.2000
parameters
   -2.9232   40.0463    2.6894  -11.6481    1.8287    0.5054
eta,q 0.94135 12.27214
  0.0730  0.0651  0.0718  0.0660  0.0671  0.0626
  0.0658  0.0603  0.0640  0.0600  0.0624  0.0602
  0.0608  0.0599  0.0591  0.0578  0.0597  0.0589
  0.0592  0.0592  0.0592  0.0589  0.0587  0.0587
  0.0613  0.0601  0.0625  0.0609  0.0593  0.0593
  0.0667  0.0624  0.0673  0.0622  0.0615  0.0608
  0.0739  0.0641  0.0730  0.0653  0.0658  0.0630
niter,ni,del,rscale     3    3   12.0000    1.2000
parameters
   -2.9733   40.1792    2.5076  -11.9376    1.9277    0.3864
eta,q 0.94167 12.25730
  0.0728  0.0659  0.0724  0.0661  0.0667  0.0625
  0.0657  0.0600  0.0646  0.0602  0.0618  0.0600
  0.0604  0.0594  0.0591  0.0574  0.0592  0.0586
  0.0587  0.0586  0.0586  0.0585  0.0583  0.0583
  0.0608  0.0594  0.0619  0.0607  0.0592  0.0590
  0.0662  0.0621  0.0667  0.0623  0.0616  0.0604
  0.0732  0.0636  0.0723  0.0653  0.0660  0.0626
niter,ni,del,rscale     2    3   12.0000    1.2000
parameters
   -2.9737   40.2505    2.3749  -12.0971    1.9684    0.3286
eta,q 0.94188 12.24666
  0.0728  0.0659  0.0725  0.0664  0.0665  0.0625
  0.0657  0.0599  0.0648  0.0606  0.0616  0.0599
  0.0603  0.0591  0.0589  0.0572  0.0590  0.0584
  0.0583  0.0583  0.0583  0.0582  0.0581  0.0581
  0.0604  0.0593  0.0616  0.0605  0.0591  0.0588
  0.0657  0.0622  0.0666  0.0623  0.0616  0.0602
  0.0727  0.0638  0.0721  0.0651  0.0661  0.0625
niter,ni,del,rscale     1    3   12.0000    1.2000
parameters
   -2.9657   40.2820    2.2994  -12.1871    1.9822    0.3079
eta,q 0.94198 12.24022
  0.0726  0.0658  0.0727  0.0665  0.0664  0.0625
  0.0656  0.0598  0.0650  0.0608  0.0615  0.0599
  0.0601  0.0588  0.0590  0.0571  0.0589  0.0584
  0.0581  0.0581  0.0581  0.0581  0.0580  0.0580
  0.0603  0.0592  0.0614  0.0603  0.0591  0.0586
  0.0655  0.0622  0.0664  0.0623  0.0617  0.0601
  0.0725  0.0639  0.0719  0.0650  0.0661  0.0624
registration optimization eta report
parameter search radius
    6.0000    6.0000    6.9000    7.9350    6.0000    6.0000
100000*second partial in parameter space
       39.       18.       29.       12.       23.       12.
  0.0726  0.0658  0.0727  0.0665  0.0664  0.0625
  0.0656  0.0598  0.0650  0.0608  0.0615  0.0599
  0.0601  0.0588  0.0590  0.0571  0.0589  0.0584
  0.0581  0.0581  0.0581  0.0581  0.0580  0.0580
  0.0603  0.0592  0.0614  0.0603  0.0591  0.0586
  0.0655  0.0622  0.0664  0.0623  0.0617  0.0601
  0.0725  0.0639  0.0719  0.0650  0.0661  0.0624
   -2.9657   40.2820    2.2994  -12.1871    1.9822    0.3079
eta,q 0.94198 12.24022

---------------------------------------------------------------------
imgreg_4dfp /opt/freesurfer/average/711-2C_as_mni_average_305 /opt/freesurfer/average/711-2B_as_mni_average_305_mask talsrcimg_g11 none talsrcimg_to_711-2C_as_mni_average_305_t4 3335
---------------------------------------------------------------------

freesurfer imgreg_4dfp.c
/opt/freesurfer/average/711-2C_as_mni_average_305.4dfp.img
       256       256       256         1
  1.000000  1.000000  1.000000
orientation T byte_order littleendian
Reading image: /opt/freesurfer/average/711-2C_as_mni_average_305.4dfp.img
dimensions:      256       256       256
mmppix:       1.0000   -1.0000   -1.0000
center:     128.0000 -129.0000 -129.0000
/opt/freesurfer/average/711-2B_as_mni_average_305_mask.4dfp.img
       256       256       256         1
  1.000000  1.000000  1.000000
orientation T byte_order littleendian
Reading mask: /opt/freesurfer/average/711-2B_as_mni_average_305_mask.4dfp.img (2306576 pixels)
talsrcimg_g11.4dfp.img
       256       256       256         1
  1.000000  1.000000  1.000000
orientation T byte_order littleendian
Reading image: talsrcimg_g11.4dfp.img
dimensions:      256       256       256
mmppix:       1.0000   -1.0000   -1.0000
center:     128.0000 -129.0000 -129.0000
fimgreg.f
image alignment mode   3335 decimal      D07 hex
parameters
   -2.9657   40.2820    2.2994   -0.0613   -2.2512   -2.3122
    0.2050   -3.4944    0.5370   21.0920    3.4590  -21.0979
eta,q 0.94277 12.39087
niter,ni,del,rscale     5    3    5.0000    1.2000
parameter  2 -1.404592 -> -0.500000 qaram    1.1500
parameter  4  2.213699 ->  0.500000 qaram    1.1500
parameter  5  3.593966 ->  0.500000 qaram    1.1500
parameter  6  1.027100 ->  0.500000 qaram    1.1500
parameter 12 -0.604221 -> -0.500000 qaram    1.1500
parameters
   -3.0774   41.6620    2.0468   -4.2013   -6.3912   -6.4522
   -0.8044   -2.9315    1.8560   19.4312    4.2184  -16.9579
eta,q 0.96052 12.04293
  0.0598  0.0601  0.0575  0.0473  0.0401  0.0387  0.0420  0.0470  0.0428  0.0414  0.0421  0.0435
  0.0583  0.0591  0.0565  0.0490  0.0432  0.0397  0.0408  0.0435  0.0414  0.0404  0.0411  0.0419
  0.0574  0.0582  0.0559  0.0519  0.0461  0.0411  0.0401  0.0410  0.0404  0.0401  0.0403  0.0407
  0.0572  0.0572  0.0558  0.0558  0.0497  0.0440  0.0400  0.0399  0.0399  0.0398  0.0400  0.0400
  0.0577  0.0563  0.0562  0.0601  0.0541  0.0488  0.0406  0.0404  0.0399  0.0404  0.0401  0.0396
  0.0587  0.0558  0.0570  0.0647  0.0587  0.0549  0.0419  0.0422  0.0403  0.0422  0.0405  0.0395
  0.0603  0.0559  0.0583  0.0693  0.0629  0.0606  0.0435  0.0452  0.0413  0.0445  0.0414  0.0396
niter,ni,del,rscale     7    3    5.0000    1.2000
parameter  2  0.517507 ->  0.500000 qaram    1.3225
parameter  3  0.915600 ->  0.500000 qaram    1.1500
parameter  5  2.279806 ->  0.500000 qaram    1.3225
parameter  6  0.630139 ->  0.500000 qaram    1.3225
parameter 12  0.541369 ->  0.500000 qaram    1.3225
parameters
   -2.8783   40.0750    0.6668   -8.1640  -11.1522  -11.2132
   -0.5164   -3.2067    2.1880   16.0028    4.0399  -21.7189
eta,q 0.97178 11.51235
  0.0441  0.0393  0.0374  0.0378  0.0288  0.0295  0.0326  0.0338  0.0321  0.0298  0.0295  0.0287
  0.0417  0.0387  0.0374  0.0370  0.0306  0.0295  0.0311  0.0313  0.0308  0.0290  0.0291  0.0283
  0.0402  0.0389  0.0378  0.0365  0.0336  0.0303  0.0300  0.0299  0.0300  0.0287  0.0288  0.0283
  0.0395  0.0394  0.0387  0.0375  0.0366  0.0313  0.0296  0.0296  0.0296  0.0296  0.0287  0.0287
  0.0397  0.0403  0.0399  0.0403  0.0398  0.0334  0.0299  0.0303  0.0298  0.0312  0.0288  0.0295
  0.0408  0.0417  0.0414  0.0446  0.0444  0.0379  0.0308  0.0319  0.0305  0.0333  0.0292  0.0306
  0.0428  0.0439  0.0432  0.0496  0.0486  0.0438  0.0321  0.0343  0.0317  0.0361  0.0296  0.0319
niter,ni,del,rscale     7    3    5.0000    1.2000
parameter  3  0.516589 ->  0.500000 qaram    1.3225
parameter  5  0.796011 ->  0.500000 qaram    1.5209
parameters
   -2.6158   40.0484   -0.9202   -9.0372  -16.6274  -14.6573
   -0.8368   -3.3919    2.3336   16.5138    4.7193  -22.8233
eta,q 0.97581 11.09344
  0.0323  0.0332  0.0281  0.0304  0.0256  0.0258  0.0267  0.0285  0.0265  0.0279  0.0255  0.0259
  0.0303  0.0306  0.0277  0.0292  0.0249  0.0246  0.0253  0.0261  0.0253  0.0260  0.0249  0.0248
  0.0289  0.0288  0.0277  0.0283  0.0259  0.0243  0.0245  0.0246  0.0245  0.0247  0.0245  0.0242
  0.0282  0.0282  0.0282  0.0276  0.0278  0.0250  0.0243  0.0243  0.0242  0.0242  0.0243  0.0242
  0.0283  0.0290  0.0292  0.0279  0.0315  0.0262  0.0246  0.0250  0.0244  0.0245  0.0243  0.0247
  0.0292  0.0308  0.0306  0.0297  0.0356  0.0284  0.0256  0.0265  0.0251  0.0253  0.0246  0.0256
  0.0309  0.0332  0.0326  0.0329  0.0399  0.0332  0.0271  0.0288  0.0263  0.0270  0.0251  0.0266
niter,ni,del,rscale     7    3    5.0000    1.2000
parameters
   -2.5547   40.3934   -1.2394   -8.2101  -18.3996  -15.0726
   -0.9099   -3.3757    2.1440   17.1106    5.0477  -23.6313
eta,q 0.97636 11.04733
  0.0276  0.0301  0.0262  0.0273  0.0286  0.0273  0.0263  0.0284  0.0258  0.0275  0.0249  0.0255
  0.0258  0.0271  0.0250  0.0258  0.0260  0.0253  0.0249  0.0258  0.0247  0.0257  0.0243  0.0244
  0.0246  0.0252  0.0242  0.0248  0.0241  0.0240  0.0240  0.0242  0.0239  0.0243  0.0239  0.0237
  0.0242  0.0242  0.0241  0.0240  0.0239  0.0237  0.0237  0.0237  0.0237  0.0237  0.0237  0.0237
  0.0245  0.0242  0.0246  0.0238  0.0253  0.0245  0.0240  0.0243  0.0240  0.0240  0.0238  0.0241
  0.0255  0.0256  0.0257  0.0245  0.0288  0.0256  0.0249  0.0259  0.0248  0.0250  0.0241  0.0250
  0.0273  0.0281  0.0273  0.0266  0.0334  0.0279  0.0264  0.0281  0.0261  0.0264  0.0247  0.0261
niter,ni,del,rscale     6    3    5.0000    1.2000
parameters
   -2.5598   40.5232   -1.2673   -8.1958  -18.7358  -14.8706
   -0.8505   -3.4124    2.0772   17.3881    5.0535  -23.8822
eta,q 0.97636 11.04966
  0.0270  0.0289  0.0263  0.0265  0.0298  0.0276  0.0263  0.0283  0.0259  0.0272  0.0248  0.0258
  0.0252  0.0263  0.0249  0.0251  0.0270  0.0255  0.0249  0.0256  0.0247  0.0254  0.0242  0.0246
  0.0240  0.0245  0.0239  0.0243  0.0248  0.0241  0.0240  0.0241  0.0239  0.0242  0.0238  0.0238
  0.0236  0.0236  0.0236  0.0236  0.0236  0.0236  0.0236  0.0236  0.0236  0.0236  0.0236  0.0236
  0.0240  0.0241  0.0240  0.0236  0.0244  0.0243  0.0239  0.0243  0.0239  0.0241  0.0238  0.0240
  0.0251  0.0257  0.0249  0.0247  0.0267  0.0253  0.0248  0.0259  0.0247  0.0251  0.0242  0.0248
  0.0271  0.0282  0.0264  0.0270  0.0314  0.0272  0.0263  0.0282  0.0259  0.0267  0.0248  0.0259
niter,ni,del,rscale     5    3    5.0000    1.2000
parameters
   -2.5644   40.5659   -1.2384   -8.2009  -18.8200  -14.7712
   -0.8405   -3.4239    2.0648   17.4753    5.0380  -23.9365
eta,q 0.97635 11.05305
  0.0270  0.0287  0.0264  0.0265  0.0300  0.0275  0.0263  0.0283  0.0259  0.0270  0.0248  0.0259
  0.0252  0.0261  0.0250  0.0251  0.0272  0.0254  0.0249  0.0257  0.0247  0.0253  0.0242  0.0247
  0.0240  0.0243  0.0240  0.0243  0.0249  0.0241  0.0240  0.0241  0.0239  0.0241  0.0238  0.0239
  0.0236  0.0236  0.0236  0.0236  0.0236  0.0236  0.0237  0.0236  0.0236  0.0236  0.0236  0.0236
  0.0240  0.0242  0.0240  0.0236  0.0243  0.0243  0.0239  0.0243  0.0239  0.0242  0.0238  0.0240
  0.0251  0.0259  0.0249  0.0247  0.0264  0.0252  0.0249  0.0259  0.0247  0.0252  0.0242  0.0248
  0.0271  0.0284  0.0263  0.0271  0.0310  0.0273  0.0263  0.0281  0.0259  0.0268  0.0248  0.0258
niter,ni,del,rscale     4    3    5.0000    1.2000
parameters
   -2.5658   40.5786   -1.2212   -8.1970  -18.8417  -14.7336
   -0.8375   -3.4246    2.0671   17.4993    5.0266  -23.9528
eta,q 0.97635 11.05494
  0.0270  0.0286  0.0264  0.0266  0.0301  0.0275  0.0263  0.0283  0.0259  0.0270  0.0248  0.0259
  0.0252  0.0260  0.0250  0.0252  0.0272  0.0254  0.0249  0.0257  0.0247  0.0253  0.0242  0.0247
  0.0241  0.0243  0.0240  0.0243  0.0249  0.0241  0.0240  0.0241  0.0239  0.0241  0.0238  0.0239
  0.0236  0.0236  0.0236  0.0236  0.0236  0.0236  0.0237  0.0236  0.0236  0.0236  0.0236  0.0237
  0.0240  0.0243  0.0240  0.0236  0.0243  0.0243  0.0239  0.0243  0.0239  0.0242  0.0238  0.0240
  0.0251  0.0260  0.0249  0.0247  0.0264  0.0252  0.0249  0.0259  0.0247  0.0252  0.0242  0.0248
  0.0271  0.0285  0.0263  0.0271  0.0310  0.0274  0.0263  0.0281  0.0259  0.0269  0.0248  0.0258
registration optimization eta report
parameter search radius
    2.4000    3.1740    3.1740    8.2800   10.9503    9.5220
    7.2000    7.2000    7.2000    7.2000    7.2000    9.5220
100000*second partial in parameter space
       59.       48.       27.        5.        6.        4.
        5.        9.        4.        6.        2.        2.
  0.0270  0.0286  0.0264  0.0266  0.0301  0.0275  0.0263  0.0283  0.0259  0.0270  0.0248  0.0259
  0.0252  0.0260  0.0250  0.0252  0.0272  0.0254  0.0249  0.0257  0.0247  0.0253  0.0242  0.0247
  0.0241  0.0243  0.0240  0.0243  0.0249  0.0241  0.0240  0.0241  0.0239  0.0241  0.0238  0.0239
  0.0236  0.0236  0.0236  0.0236  0.0236  0.0236  0.0237  0.0236  0.0236  0.0236  0.0236  0.0237
  0.0240  0.0243  0.0240  0.0236  0.0243  0.0243  0.0239  0.0243  0.0239  0.0242  0.0238  0.0240
  0.0251  0.0260  0.0249  0.0247  0.0264  0.0252  0.0249  0.0259  0.0247  0.0252  0.0242  0.0248
  0.0271  0.0285  0.0263  0.0271  0.0310  0.0274  0.0263  0.0281  0.0259  0.0269  0.0248  0.0258
   -2.5658   40.5786   -1.2212   -8.1970  -18.8417  -14.7336
   -0.8375   -3.4246    2.0671   17.4993    5.0266  -23.9528
eta,q 0.97635 11.05494

---------------------------------------------------------------------
imgreg_4dfp /opt/freesurfer/average/711-2C_as_mni_average_305 /opt/freesurfer/average/711-2B_as_mni_average_305_mask talsrcimg_g11 none talsrcimg_to_711-2C_as_mni_average_305_t4 2311
---------------------------------------------------------------------

freesurfer imgreg_4dfp.c
/opt/freesurfer/average/711-2C_as_mni_average_305.4dfp.img
       256       256       256         1
  1.000000  1.000000  1.000000
orientation T byte_order littleendian
Reading image: /opt/freesurfer/average/711-2C_as_mni_average_305.4dfp.img
dimensions:      256       256       256
mmppix:       1.0000   -1.0000   -1.0000
center:     128.0000 -129.0000 -129.0000
/opt/freesurfer/average/711-2B_as_mni_average_305_mask.4dfp.img
       256       256       256         1
  1.000000  1.000000  1.000000
orientation T byte_order littleendian
Reading mask: /opt/freesurfer/average/711-2B_as_mni_average_305_mask.4dfp.img (2306576 pixels)
talsrcimg_g11.4dfp.img
       256       256       256         1
  1.000000  1.000000  1.000000
orientation T byte_order littleendian
Reading image: talsrcimg_g11.4dfp.img
dimensions:      256       256       256
mmppix:       1.0000   -1.0000   -1.0000
center:     128.0000 -129.0000 -129.0000
fimgreg.f
image alignment mode   2311 decimal      907 hex
parameters
   -2.5658   40.5786   -1.2212   -8.1970  -18.8417  -14.7336
   -0.8375   -3.4246    2.0671   17.4993    5.0266  -23.9528
eta,q 0.97635 11.05493
niter,ni,del,rscale     5    3    5.0000    0.8000
parameters
   -2.5439   40.5841   -1.2090   -7.2962  -18.0836  -14.9230
   -0.9025   -3.4036    2.0518   17.3688    5.0750  -23.9435
eta,q 0.97647 11.12442
  0.0252  0.0251  0.0244  0.0249  0.0255  0.0245  0.0248  0.0258  0.0246  0.0250  0.0241  0.0242
  0.0244  0.0243  0.0240  0.0244  0.0246  0.0240  0.0241  0.0245  0.0240  0.0242  0.0238  0.0238
  0.0238  0.0238  0.0237  0.0240  0.0239  0.0236  0.0237  0.0238  0.0237  0.0236  0.0236  0.0236
  0.0237  0.0237  0.0237  0.0237  0.0236  0.0236  0.0235  0.0235  0.0235  0.0235  0.0235  0.0235
  0.0238  0.0238  0.0237  0.0235  0.0237  0.0237  0.0237  0.0238  0.0237  0.0239  0.0236  0.0236
  0.0243  0.0243  0.0240  0.0237  0.0240  0.0242  0.0241  0.0246  0.0240  0.0244  0.0238  0.0238
  0.0251  0.0251  0.0244  0.0243  0.0246  0.0246  0.0248  0.0257  0.0246  0.0251  0.0241  0.0242
niter,ni,del,rscale     4    3    5.0000    0.7000
parameters
   -2.5954   40.5821   -1.2275   -7.1658  -18.0555  -15.0677
   -0.8772   -3.4538    2.0510   17.2762    5.0638  -23.9547
eta,q 0.97649 11.12305
  0.0247  0.0246  0.0241  0.0244  0.0248  0.0243  0.0245  0.0252  0.0243  0.0247  0.0239  0.0240
  0.0240  0.0240  0.0238  0.0241  0.0241  0.0239  0.0240  0.0242  0.0239  0.0240  0.0237  0.0237
  0.0236  0.0237  0.0236  0.0237  0.0236  0.0236  0.0236  0.0237  0.0236  0.0236  0.0236  0.0236
  0.0235  0.0235  0.0235  0.0235  0.0235  0.0235  0.0235  0.0235  0.0235  0.0235  0.0235  0.0235
  0.0237  0.0236  0.0236  0.0235  0.0237  0.0237  0.0236  0.0238  0.0236  0.0238  0.0236  0.0236
  0.0241  0.0240  0.0238  0.0238  0.0241  0.0240  0.0239  0.0243  0.0239  0.0242  0.0237  0.0237
  0.0248  0.0246  0.0241  0.0244  0.0246  0.0244  0.0245  0.0253  0.0243  0.0247  0.0239  0.0240
niter,ni,del,rscale     3    3    5.0000    0.6000
parameters
   -2.6115   40.5799   -1.2443   -7.0278  -18.0903  -15.1847
   -0.8837   -3.4627    2.0451   17.1868    5.0734  -23.9973
eta,q 0.97651 11.12032
  0.0244  0.0243  0.0239  0.0242  0.0244  0.0241  0.0242  0.0248  0.0241  0.0244  0.0238  0.0239
  0.0239  0.0239  0.0237  0.0239  0.0239  0.0238  0.0238  0.0241  0.0238  0.0239  0.0236  0.0237
  0.0236  0.0236  0.0236  0.0237  0.0236  0.0236  0.0236  0.0236  0.0236  0.0236  0.0235  0.0235
  0.0235  0.0235  0.0235  0.0235  0.0235  0.0235  0.0235  0.0235  0.0235  0.0235  0.0235  0.0235
  0.0236  0.0236  0.0236  0.0235  0.0237  0.0236  0.0236  0.0237  0.0236  0.0237  0.0235  0.0236
  0.0239  0.0239  0.0237  0.0238  0.0240  0.0239  0.0238  0.0241  0.0238  0.0240  0.0236  0.0237
  0.0244  0.0243  0.0240  0.0242  0.0244  0.0242  0.0242  0.0248  0.0241  0.0244  0.0238  0.0239
niter,ni,del,rscale     2    3    5.0000    0.5000
parameters
   -2.6239   40.5814   -1.2594   -6.9032  -18.1383  -15.2825
   -0.8808   -3.4699    2.0435   17.1091    5.0933  -24.0468
eta,q 0.97652 11.11763
  0.0241  0.0240  0.0238  0.0240  0.0242  0.0239  0.0240  0.0244  0.0239  0.0242  0.0237  0.0237
  0.0238  0.0238  0.0236  0.0238  0.0238  0.0237  0.0237  0.0239  0.0237  0.0238  0.0236  0.0236
  0.0236  0.0236  0.0235  0.0236  0.0235  0.0235  0.0235  0.0236  0.0235  0.0235  0.0235  0.0235
  0.0235  0.0235  0.0235  0.0235  0.0235  0.0235  0.0235  0.0235  0.0235  0.0235  0.0235  0.0235
  0.0236  0.0236  0.0235  0.0235  0.0236  0.0236  0.0235  0.0236  0.0235  0.0236  0.0235  0.0235
  0.0238  0.0237  0.0236  0.0237  0.0239  0.0237  0.0237  0.0239  0.0237  0.0239  0.0236  0.0236
  0.0241  0.0241  0.0238  0.0240  0.0242  0.0240  0.0240  0.0244  0.0239  0.0242  0.0237  0.0238
niter,ni,del,rscale     1    3    5.0000    0.4000
parameters
   -2.6350   40.5780   -1.2643   -6.8102  -18.1930  -15.3410
   -0.8953   -3.4842    2.0295   17.0441    5.0852  -24.0816
eta,q 0.97652 11.11524
  0.0239  0.0238  0.0237  0.0238  0.0239  0.0238  0.0238  0.0241  0.0237  0.0239  0.0236  0.0237
  0.0237  0.0236  0.0236  0.0237  0.0237  0.0236  0.0236  0.0237  0.0236  0.0237  0.0235  0.0236
  0.0235  0.0235  0.0235  0.0235  0.0235  0.0235  0.0235  0.0235  0.0235  0.0235  0.0235  0.0235
  0.0235  0.0235  0.0235  0.0235  0.0235  0.0235  0.0235  0.0235  0.0235  0.0235  0.0235  0.0235
  0.0235  0.0235  0.0235  0.0235  0.0236  0.0235  0.0235  0.0236  0.0235  0.0236  0.0235  0.0235
  0.0237  0.0236  0.0236  0.0236  0.0237  0.0236  0.0236  0.0238  0.0236  0.0237  0.0235  0.0236
  0.0239  0.0239  0.0237  0.0238  0.0239  0.0238  0.0238  0.0241  0.0237  0.0240  0.0236  0.0237
registration optimization eta report
parameter search radius
    0.8000    0.8000    0.8000    2.4000    2.4000    2.4000
    2.4000    2.4000    2.4000    2.4000    2.4000    2.4000
100000*second partial in parameter space
       63.       57.       30.        6.        8.        5.
        5.       10.        5.        8.        2.        3.
  0.0239  0.0238  0.0237  0.0238  0.0239  0.0238  0.0238  0.0241  0.0237  0.0239  0.0236  0.0237
  0.0237  0.0236  0.0236  0.0237  0.0237  0.0236  0.0236  0.0237  0.0236  0.0237  0.0235  0.0236
  0.0235  0.0235  0.0235  0.0235  0.0235  0.0235  0.0235  0.0235  0.0235  0.0235  0.0235  0.0235
  0.0235  0.0235  0.0235  0.0235  0.0235  0.0235  0.0235  0.0235  0.0235  0.0235  0.0235  0.0235
  0.0235  0.0235  0.0235  0.0235  0.0236  0.0235  0.0235  0.0236  0.0235  0.0236  0.0235  0.0235
  0.0237  0.0236  0.0236  0.0236  0.0237  0.0236  0.0236  0.0238  0.0236  0.0237  0.0235  0.0236
  0.0239  0.0239  0.0237  0.0238  0.0239  0.0238  0.0238  0.0241  0.0237  0.0240  0.0236  0.0237
   -2.6350   40.5780   -1.2643   -6.8102  -18.1930  -15.3410
   -0.8953   -3.4842    2.0295   17.0441    5.0852  -24.0816
eta,q 0.97652 11.11524

---------------------------------------------------------------------
imgreg_4dfp /opt/freesurfer/average/711-2C_as_mni_average_305 /opt/freesurfer/average/711-2B_as_mni_average_305_mask talsrcimg_g11 none talsrcimg_to_711-2C_as_mni_average_305_t4 2311
---------------------------------------------------------------------

freesurfer imgreg_4dfp.c
/opt/freesurfer/average/711-2C_as_mni_average_305.4dfp.img
       256       256       256         1
  1.000000  1.000000  1.000000
orientation T byte_order littleendian
Reading image: /opt/freesurfer/average/711-2C_as_mni_average_305.4dfp.img
dimensions:      256       256       256
mmppix:       1.0000   -1.0000   -1.0000
center:     128.0000 -129.0000 -129.0000
/opt/freesurfer/average/711-2B_as_mni_average_305_mask.4dfp.img
       256       256       256         1
  1.000000  1.000000  1.000000
orientation T byte_order littleendian
Reading mask: /opt/freesurfer/average/711-2B_as_mni_average_305_mask.4dfp.img (2306576 pixels)
talsrcimg_g11.4dfp.img
       256       256       256         1
  1.000000  1.000000  1.000000
orientation T byte_order littleendian
Reading image: talsrcimg_g11.4dfp.img
dimensions:      256       256       256
mmppix:       1.0000   -1.0000   -1.0000
center:     128.0000 -129.0000 -129.0000
fimgreg.f
image alignment mode   2311 decimal      907 hex
parameters
   -2.6350   40.5780   -1.2643   -6.8102  -18.1930  -15.3410
   -0.8953   -3.4842    2.0295   17.0441    5.0852  -24.0816
eta,q 0.97652 11.11524
niter,ni,del,rscale     5    3    5.0000    0.8000
parameters
   -2.6395   40.5437   -1.2655   -7.2865  -18.0066  -15.1675
   -0.8701   -3.4651    2.0704   17.2823    5.0367  -23.9290
eta,q 0.97647 11.11466
  0.0251  0.0248  0.0242  0.0244  0.0251  0.0247  0.0248  0.0258  0.0246  0.0253  0.0240  0.0242
  0.0242  0.0241  0.0238  0.0240  0.0243  0.0241  0.0241  0.0245  0.0240  0.0243  0.0238  0.0238
  0.0237  0.0236  0.0236  0.0236  0.0237  0.0237  0.0237  0.0237  0.0236  0.0237  0.0236  0.0236
  0.0235  0.0235  0.0235  0.0235  0.0235  0.0235  0.0235  0.0235  0.0235  0.0235  0.0235  0.0235
  0.0237  0.0236  0.0236  0.0236  0.0237  0.0237  0.0236  0.0238  0.0236  0.0237  0.0236  0.0236
  0.0242  0.0242  0.0238  0.0241  0.0242  0.0240  0.0241  0.0245  0.0240  0.0242  0.0238  0.0238
  0.0251  0.0249  0.0242  0.0251  0.0249  0.0245  0.0248  0.0257  0.0245  0.0248  0.0241  0.0241
niter,ni,del,rscale     4    3    5.0000    0.7000
parameters
   -2.6086   40.5780   -1.2775   -7.1761  -18.0373  -15.1643
   -0.8897   -3.4594    2.0642   17.2561    5.0850  -23.9672
eta,q 0.97649 11.11810
  0.0248  0.0246  0.0241  0.0244  0.0247  0.0244  0.0245  0.0253  0.0243  0.0248  0.0239  0.0240
  0.0241  0.0240  0.0238  0.0240  0.0240  0.0239  0.0239  0.0243  0.0239  0.0240  0.0237  0.0237
  0.0237  0.0237  0.0236  0.0237  0.0236  0.0236  0.0236  0.0237  0.0236  0.0236  0.0236  0.0236
  0.0235  0.0235  0.0235  0.0235  0.0235  0.0235  0.0235  0.0235  0.0235  0.0235  0.0235  0.0235
  0.0236  0.0236  0.0236  0.0235  0.0237  0.0236  0.0236  0.0237  0.0236  0.0237  0.0236  0.0236
  0.0240  0.0239  0.0238  0.0238  0.0241  0.0240  0.0239  0.0243  0.0239  0.0242  0.0237  0.0238
  0.0247  0.0245  0.0241  0.0244  0.0247  0.0244  0.0245  0.0252  0.0243  0.0247  0.0239  0.0240
niter,ni,del,rscale     3    3    5.0000    0.6000
parameters
   -2.6108   40.5844   -1.2679   -7.0273  -18.0832  -15.2210
   -0.8810   -3.4625    2.0400   17.1862    5.0903  -24.0073
eta,q 0.97650 11.11882
  0.0244  0.0243  0.0240  0.0242  0.0244  0.0242  0.0242  0.0248  0.0241  0.0244  0.0238  0.0239
  0.0239  0.0239  0.0237  0.0239  0.0239  0.0238  0.0238  0.0241  0.0238  0.0239  0.0236  0.0237
  0.0236  0.0236  0.0236  0.0237  0.0236  0.0236  0.0236  0.0236  0.0236  0.0236  0.0235  0.0235
  0.0235  0.0235  0.0235  0.0235  0.0235  0.0235  0.0235  0.0235  0.0235  0.0235  0.0235  0.0235
  0.0236  0.0236  0.0236  0.0235  0.0237  0.0236  0.0236  0.0237  0.0236  0.0237  0.0235  0.0236
  0.0239  0.0238  0.0237  0.0238  0.0240  0.0238  0.0238  0.0241  0.0238  0.0240  0.0236  0.0237
  0.0244  0.0243  0.0239  0.0242  0.0244  0.0242  0.0242  0.0248  0.0241  0.0244  0.0238  0.0239
niter,ni,del,rscale     2    3    5.0000    0.5000
parameters
   -2.6242   40.5815   -1.2632   -6.9036  -18.1381  -15.2877
   -0.8848   -3.4738    2.0433   17.1058    5.0961  -24.0437
eta,q 0.97651 11.11727
  0.0241  0.0240  0.0238  0.0240  0.0242  0.0240  0.0240  0.0244  0.0239  0.0242  0.0237  0.0237
  0.0238  0.0238  0.0236  0.0238  0.0238  0.0237  0.0237  0.0239  0.0237  0.0238  0.0236  0.0236
  0.0236  0.0236  0.0235  0.0236  0.0235  0.0235  0.0235  0.0236  0.0235  0.0235  0.0235  0.0235
  0.0235  0.0235  0.0235  0.0235  0.0235  0.0235  0.0235  0.0235  0.0235  0.0235  0.0235  0.0235
  0.0236  0.0236  0.0235  0.0235  0.0236  0.0236  0.0235  0.0236  0.0235  0.0236  0.0235  0.0235
  0.0238  0.0237  0.0236  0.0237  0.0238  0.0237  0.0237  0.0239  0.0237  0.0239  0.0236  0.0236
  0.0241  0.0241  0.0238  0.0240  0.0242  0.0240  0.0240  0.0244  0.0239  0.0242  0.0237  0.0238
niter,ni,del,rscale     1    3    5.0000    0.4000
parameters
   -2.6336   40.5766   -1.2637   -6.8065  -18.1883  -15.3379
   -0.8978   -3.4843    2.0230   17.0446    5.0749  -24.0878
eta,q 0.97652 11.11580
  0.0239  0.0238  0.0237  0.0238  0.0239  0.0238  0.0238  0.0241  0.0237  0.0239  0.0236  0.0237
  0.0237  0.0236  0.0236  0.0237  0.0237  0.0236  0.0236  0.0237  0.0236  0.0237  0.0235  0.0236
  0.0235  0.0235  0.0235  0.0235  0.0235  0.0235  0.0235  0.0235  0.0235  0.0235  0.0235  0.0235
  0.0235  0.0235  0.0235  0.0235  0.0235  0.0235  0.0235  0.0235  0.0235  0.0235  0.0235  0.0235
  0.0235  0.0235  0.0235  0.0235  0.0236  0.0235  0.0235  0.0236  0.0235  0.0236  0.0235  0.0235
  0.0237  0.0236  0.0236  0.0236  0.0237  0.0236  0.0236  0.0238  0.0236  0.0237  0.0235  0.0236
  0.0239  0.0239  0.0237  0.0238  0.0239  0.0238  0.0238  0.0241  0.0237  0.0240  0.0236  0.0237
registration optimization eta report
parameter search radius
    0.8000    0.8000    0.8000    2.4000    2.4000    2.4000
    2.4000    2.4000    2.4000    2.4000    2.4000    2.4000
100000*second partial in parameter space
       63.       57.       30.        6.        8.        5.
        5.       10.        5.        8.        2.        3.
  0.0239  0.0238  0.0237  0.0238  0.0239  0.0238  0.0238  0.0241  0.0237  0.0239  0.0236  0.0237
  0.0237  0.0236  0.0236  0.0237  0.0237  0.0236  0.0236  0.0237  0.0236  0.0237  0.0235  0.0236
  0.0235  0.0235  0.0235  0.0235  0.0235  0.0235  0.0235  0.0235  0.0235  0.0235  0.0235  0.0235
  0.0235  0.0235  0.0235  0.0235  0.0235  0.0235  0.0235  0.0235  0.0235  0.0235  0.0235  0.0235
  0.0235  0.0235  0.0235  0.0235  0.0236  0.0235  0.0235  0.0236  0.0235  0.0236  0.0235  0.0235
  0.0237  0.0236  0.0236  0.0236  0.0237  0.0236  0.0236  0.0238  0.0236  0.0237  0.0235  0.0236
  0.0239  0.0239  0.0237  0.0238  0.0239  0.0238  0.0238  0.0241  0.0237  0.0240  0.0236  0.0237
   -2.6336   40.5766   -1.2637   -6.8065  -18.1883  -15.3379
   -0.8978   -3.4843    2.0230   17.0446    5.0749  -24.0878
eta,q 0.97652 11.11580

---------------------------------------------------------------------
compute_vox2vox talsrcimg talsrcimg_to_711-2C_as_mni_average_305_t4 /opt/freesurfer/average/711-2C_as_mni_average_305
---------------------------------------------------------------------

freesurfer compute_vox2vox.c
Reading: talsrcimg.4dfp.ifh
Reading: talsrcimg_to_711-2C_as_mni_average_305_t4
Reading: /opt/freesurfer/average/711-2C_as_mni_average_305.4dfp.ifh
Writing: talsrcimg_to_711-2C_as_mni_average_305_t4_vox2vox.txt

start time Tue Mar 10 06:33:22 CET 2026
end		time Tue Mar 10 06:34:55 CET 2026

mpr2mni305 success

avi2talxfm orig_nu.mgz /opt/freesurfer/average/mni305.cor.mgz talsrcimg_to_711-2C_as_mni_average_305_t4_vox2vox.txt transforms/talairach.auto.xfm
avi2talxfm done
mv -f /out/sourcedata/freesurfer/sub-v1s7x0051322_ses-1/mri/talsrcimg_to_711-2C_as_mni_average_305_t4_vox2vox.txt /out/sourcedata/freesurfer/sub-v1s7x0051322_ses-1/mri/transforms/talsrcimg_to_711-2C_as_mni_average_305_t4_vox2vox.txt
lta_convert --src orig_nu.mgz --trg /opt/freesurfer/average/mni305.cor.mgz --inxfm transforms/talairach.auto.xfm --outlta transforms/talairach.auto.xfm.lta --subject fsaverage
7.3.2

--src: orig_nu.mgz src image (geometry).
--trg: /opt/freesurfer/average/mni305.cor.mgz trg image (geometry).
--inmni: transforms/talairach.auto.xfm input MNI/XFM transform.
--outlta: transforms/talairach.auto.xfm.lta output LTA.
--s: fsaverage subject name
 LTA read, type : 1
 1.07039   0.03935   0.02333   6.89871;
-0.06768   1.11258   0.32683  -12.69981;
-0.01237  -0.23277   1.15365  -50.97343;
 0.00000   0.00000   0.00000   1.00000;
setting subject to fsaverage
Writing  LTA to file transforms/talairach.auto.xfm.lta...
lta_convert successful.
 
 
Started at Tue Mar 10 06:33:21 CET 2026
Ended   at Tue Mar 10 06:34:55 CET 2026
talairach_avi done
