/out/sourcedata/freesurfer/sub-v1s7x0051327_ses-1/mri
/opt/freesurfer/bin/talairach_avi
--i orig_nu.mgz --xfm transforms/talairach.auto.xfm
talairach_avi 7.3.2
Linux dna070 5.14.0-427.37.1.el9_4.x86_64 #1 SMP PREEMPT_DYNAMIC Fri Sep 13 12:41:50 EDT 2024 x86_64 x86_64 x86_64 GNU/Linux
Tue Mar 10 06:44:07 CET 2026
mri_convert orig_nu.mgz talsrcimg.img 
reading from orig_nu.mgz...
TR=0.00, TE=0.00, TI=0.00, flip angle=0.00
i_ras = (-1, 0, 0)
j_ras = (0, 0, -1)
k_ras = (0, 1, 0)
writing to talsrcimg.img...
Analyze Output Matrix
-1.00000   0.00000   0.00000   132.88983;
 0.00000   0.00000   1.00000  -109.69492;
 0.00000  -1.00000   0.00000   120.50848;
 0.00000   0.00000   0.00000   1.00000;
--------------------
INFO: set hdr.hist.orient to -1
mpr2mni305 talsrcimg
Tue Mar 10 06:44:08 CET 2026
/opt/freesurfer/bin/mpr2mni305 talsrcimg
mpr2mni305 7.3.2
target=711-2C_as_mni_average_305

---------------------------------------------------------------------
analyzeto4dfp talsrcimg -O0 -y
---------------------------------------------------------------------

freesurfer ifh2hdr.c
Tue Mar 10 06:44:08 2026
Writing: talsrcimg.4dfp.hdr
freesurfer analyzeto4dfp.c
Reading: talsrcimg.hdr
header size 348 bytes
hdr.dime.datatype	offset=70	value=2
hdr.dime.bitpix		offset=72	value=8
hdr.hist.orient		offset=252	value=-1
dimensionality     4
dimensions       256       256       256         1
Reading: talsrcimg.img
Writing: talsrcimg.4dfp.img
Writing: talsrcimg.4dfp.ifh
ifh2hdr talsrcimg -r0to228
ori=2

---------------------------------------------------------------------
gauss_4dfp talsrcimg 1.1
---------------------------------------------------------------------

freesurfer gauss_4dfp.c
Reading: talsrcimg.4dfp.img
Writing: talsrcimg_g11.4dfp.img
image dimensions 256 256 256 padded to 288 288 288
processing volume 1freesurfer ifh2hdr.c
Tue Mar 10 06:44:09 2026
Writing: talsrcimg_g11.4dfp.hdr

Writing: talsrcimg_g11.4dfp.ifh
including: talsrcimg.4dfp.img.rec in talsrcimg_g11.4dfp.img.rec

---------------------------------------------------------------------
imgreg_4dfp /opt/freesurfer/average/711-2C_as_mni_average_305 none talsrcimg_g11 none talsrcimg_to_711-2C_as_mni_average_305_t4 4355
---------------------------------------------------------------------

freesurfer imgreg_4dfp.c
/opt/freesurfer/average/711-2C_as_mni_average_305.4dfp.img
       256       256       256         1
  1.000000  1.000000  1.000000
orientation T byte_order littleendian
Reading image: /opt/freesurfer/average/711-2C_as_mni_average_305.4dfp.img
dimensions:      256       256       256
mmppix:       1.0000   -1.0000   -1.0000
center:     128.0000 -129.0000 -129.0000
talsrcimg_g11.4dfp.img
       256       256       256         1
  1.000000  1.000000  1.000000
orientation T byte_order littleendian
Reading image: talsrcimg_g11.4dfp.img
dimensions:      256       256       256
mmppix:       1.0000   -1.0000   -1.0000
center:     128.0000 -129.0000 -129.0000
t4_read: open error in t4_sub.f l:  41 t4_file(1:l)talsrcimg_to_711-2C_as_mni_average_305_t4 
t4_read: transform initialized to I4
rotation matrix determinant  1.000000
image alignment mode   4355 decimal     1103 hex
   -7.5000  -45.0000  -45.0000 6663.0166   16.1687
    0.0000  -45.0000  -45.0000 6934.0112   16.2509
    7.5000  -45.0000  -45.0000 6602.1445   16.2842
   -7.5000  -37.5000  -45.0000 7297.1045   15.6143
    0.0000  -37.5000  -45.0000 7585.6084   15.6869
    7.5000  -37.5000  -45.0000 7221.3389   15.7210
   -7.5000  -30.0000  -45.0000 8275.3730   15.2276
    0.0000  -30.0000  -45.0000 8607.0430   15.2879
    7.5000  -30.0000  -45.0000 8191.2256   15.3118
   -7.5000  -22.5000  -45.0000 9305.4775   14.9623
    0.0000  -22.5000  -45.0000 9671.5361   15.0220
    7.5000  -22.5000  -45.0000 9202.0391   15.0395
   -7.5000  -15.0000  -45.000010360.1416   14.8662
    0.0000  -15.0000  -45.000010770.0459   14.9327
    7.5000  -15.0000  -45.000010243.7607   14.9478
   -7.5000   -7.5000  -45.000011396.2764   14.8268
    0.0000   -7.5000  -45.000011852.1650   14.9007
    7.5000   -7.5000  -45.000011270.9004   14.9212
   -7.5000    0.0000  -45.000012440.4736   14.8141
    0.0000    0.0000  -45.000012914.4668   14.8898
    7.5000    0.0000  -45.000012263.8096   14.9177
   -7.5000    7.5000  -45.000012530.0371   14.8014
    0.0000    7.5000  -45.000012986.6348   14.8706
    7.5000    7.5000  -45.000012300.9434   14.8991
   -7.5000   15.0000  -45.000012401.5166   14.7949
    0.0000   15.0000  -45.000012827.2676   14.8556
    7.5000   15.0000  -45.000012159.3779   14.8789
   -7.5000   22.5000  -45.000012223.5176   14.7976
    0.0000   22.5000  -45.000012619.2861   14.8574
    7.5000   22.5000  -45.000011945.5938   14.8745
   -7.5000   30.0000  -45.000011988.2939   14.6161
    0.0000   30.0000  -45.000012368.5039   14.6817
    7.5000   30.0000  -45.000011709.3311   14.6965
   -7.5000   37.5000  -45.000011941.8262   14.6228
    0.0000   37.5000  -45.000012325.0264   14.6957
    7.5000   37.5000  -45.000011655.6543   14.7160
   -7.5000   45.0000  -45.000011392.1406   14.2455
    0.0000   45.0000  -45.000011763.8496   14.3183
    7.5000   45.0000  -45.000011116.7959   14.3451
   -7.5000  -45.0000  -37.5000 6925.2935   16.1440
    0.0000  -45.0000  -37.5000 7202.9009   16.2276
    7.5000  -45.0000  -37.5000 6859.1108   16.2670
   -7.5000  -37.5000  -37.5000 7604.2837   15.5993
    0.0000  -37.5000  -37.5000 7898.5513   15.6760
    7.5000  -37.5000  -37.5000 7529.1484   15.7160
   -7.5000  -30.0000  -37.5000 8646.5820   15.2222
    0.0000  -30.0000  -37.5000 8989.1738   15.2886
    7.5000  -30.0000  -37.5000 8554.4531   15.3172
   -7.5000  -22.5000  -37.5000 9751.8105   14.9529
    0.0000  -22.5000  -37.500010134.2939   15.0172
    7.5000  -22.5000  -37.5000 9631.5469   15.0386
   -7.5000  -15.0000  -37.500010869.7139   14.8461
    0.0000  -15.0000  -37.500011276.7021   14.9143
    7.5000  -15.0000  -37.500010701.1279   14.9337
   -7.5000   -7.5000  -37.500011947.8916   14.7996
    0.0000   -7.5000  -37.500012397.7520   14.8738
    7.5000   -7.5000  -37.500011783.3770   14.8994
   -7.5000    0.0000  -37.500013015.4678   14.7895
    0.0000    0.0000  -37.500013491.8301   14.8666
    7.5000    0.0000  -37.500012812.8359   14.9001
   -7.5000    7.5000  -37.500013114.1807   14.7879
    0.0000    7.5000  -37.500013591.8008   14.8611
    7.5000    7.5000  -37.500012857.8281   14.8949
   -7.5000   15.0000  -37.500012955.7559   14.7896
    0.0000   15.0000  -37.500013413.6367   14.8561
    7.5000   15.0000  -37.500012694.3926   14.8838
   -7.5000   22.5000  -37.500012732.9443   14.7887
    0.0000   22.5000  -37.500013167.1270   14.8531
    7.5000   22.5000  -37.500012447.7510   14.8739
   -7.5000   30.0000  -37.500012495.7969   14.5965
    0.0000   30.0000  -37.500012905.8457   14.6639
    7.5000   30.0000  -37.500012185.2080   14.6828
   -7.5000   37.5000  -37.500012483.4893   14.5958
    0.0000   37.5000  -37.500012890.7939   14.6691
    7.5000   37.5000  -37.500012152.9199   14.6943
   -7.5000   45.0000  -37.500011852.4854   14.2219
    0.0000   45.0000  -37.500012270.1680   14.2960
    7.5000   45.0000  -37.500011558.0840   14.3282
   -7.5000  -45.0000  -30.0000 7306.6523   16.8051
    0.0000  -45.0000  -30.0000 7584.6724   16.8941
    7.5000  -45.0000  -30.0000 7225.7036   16.9445
   -7.5000  -37.5000  -30.0000 8041.6284   16.2458
    0.0000  -37.5000  -30.0000 8356.8145   16.3297
    7.5000  -37.5000  -30.0000 7948.0698   16.3796
   -7.5000  -30.0000  -30.0000 9170.1680   15.8584
    0.0000  -30.0000  -30.0000 9536.2529   15.9351
    7.5000  -30.0000  -30.0000 9058.8770   15.9727
   -7.5000  -22.5000  -30.000010334.5391   15.5736
    0.0000  -22.5000  -30.000010745.1328   15.6482
    7.5000  -22.5000  -30.000010198.5977   15.6782
   -7.5000  -15.0000  -30.000011486.1270   15.4544
    0.0000  -15.0000  -30.000011925.1982   15.5305
    7.5000  -15.0000  -30.000011320.3721   15.5583
   -7.5000   -7.5000  -30.000012635.8184   15.4027
    0.0000   -7.5000  -30.000013114.2109   15.4820
    7.5000   -7.5000  -30.000012442.9365   15.5159
   -7.5000    0.0000  -30.000013749.1934   15.3956
    0.0000    0.0000  -30.000014267.6807   15.4769
    7.5000    0.0000  -30.000013506.2373   15.5191
   -7.5000    7.5000  -30.000013858.8486   15.4010
    0.0000    7.5000  -30.000014360.1172   15.4809
    7.5000    7.5000  -30.000013550.2422   15.5237
   -7.5000   15.0000  -30.000013669.8740   15.4075
    0.0000   15.0000  -30.000014161.7686   15.4837
    7.5000   15.0000  -30.000013346.9590   15.5199
   -7.5000   22.5000  -30.000013411.1123   15.4015
    0.0000   22.5000  -30.000013892.3232   15.4759
    7.5000   22.5000  -30.000013084.1865   15.5051
   -7.5000   30.0000  -30.000013157.6230   15.1963
    0.0000   30.0000  -30.000013637.0527   15.2714
    7.5000   30.0000  -30.000012812.4512   15.2987
   -7.5000   37.5000  -30.000013173.0469   15.1921
    0.0000   37.5000  -30.000013647.7529   15.2703
    7.5000   37.5000  -30.000012803.0322   15.3038
   -7.5000   45.0000  -30.000012470.0420   14.8156
    0.0000   45.0000  -30.000012929.8350   14.8938
    7.5000   45.0000  -30.000012160.8516   14.9344
   -7.5000  -45.0000  -22.5000 7666.8281   17.3918
    0.0000  -45.0000  -22.5000 7964.2090   17.4848
    7.5000  -45.0000  -22.5000 7580.1631   17.5410
   -7.5000  -37.5000  -22.5000 8457.9092   16.8117
    0.0000  -37.5000  -22.5000 8801.2588   16.8977
    7.5000  -37.5000  -22.5000 8354.6367   16.9519
   -7.5000  -30.0000  -22.5000 9663.4365   16.4056
    0.0000  -30.0000  -22.500010053.8154   16.4860
    7.5000  -30.0000  -22.5000 9528.0303   16.5271
   -7.5000  -22.5000  -22.500010859.9795   16.1110
    0.0000  -22.5000  -22.500011296.0029   16.1909
    7.5000  -22.5000  -22.500010716.9873   16.2251
   -7.5000  -15.0000  -22.500012054.5820   15.9910
    0.0000  -15.0000  -22.500012530.8633   16.0732
    7.5000  -15.0000  -22.500011894.9414   16.1057
   -7.5000   -7.5000  -22.500013263.8779   15.9423
    0.0000   -7.5000  -22.500013768.0879   16.0264
    7.5000   -7.5000  -22.500013073.6318   16.0646
   -7.5000    0.0000  -22.500014396.9277   15.9359
    0.0000    0.0000  -22.500014951.3213   16.0201
    7.5000    0.0000  -22.500014148.5186   16.0661
   -7.5000    7.5000  -22.500014518.8740   15.9367
    0.0000    7.5000  -22.500015066.9443   16.0187
    7.5000    7.5000  -22.500014191.1504   16.0652
   -7.5000   15.0000  -22.500014356.3281   15.9391
    0.0000   15.0000  -22.500014912.2354   16.0186
    7.5000   15.0000  -22.500013986.9287   16.0581
   -7.5000   22.5000  -22.500014038.5215   15.9318
    0.0000   22.5000  -22.500014600.7188   16.0114
    7.5000   22.5000  -22.500013684.4375   16.0446
   -7.5000   30.0000  -22.500013751.2549   15.7265
    0.0000   30.0000  -22.500014308.1797   15.8076
    7.5000   30.0000  -22.500013414.6123   15.8394
   -7.5000   37.5000  -22.500013763.0137   15.7268
    0.0000   37.5000  -22.500014302.5195   15.8098
    7.5000   37.5000  -22.500013396.2041   15.8475
   -7.5000   45.0000  -22.500013017.7646   15.3471
    0.0000   45.0000  -22.500013528.9180   15.4281
    7.5000   45.0000  -22.500012698.8906   15.4724
   -7.5000  -45.0000  -15.0000 7973.5918   17.8334
    0.0000  -45.0000  -15.0000 8286.0723   17.9270
    7.5000  -45.0000  -15.0000 7898.0264   17.9803
   -7.5000  -37.5000  -15.0000 8832.9326   17.2307
    0.0000  -37.5000  -15.0000 9188.9795   17.3140
    7.5000  -37.5000  -15.0000 8725.2324   17.3641
   -7.5000  -30.0000  -15.000010087.9209   16.8052
    0.0000  -30.0000  -15.000010489.2998   16.8807
    7.5000  -30.0000  -15.0000 9945.8584   16.9176
   -7.5000  -22.5000  -15.000011334.5996   16.5073
    0.0000  -22.5000  -15.000011782.0771   16.5842
    7.5000  -22.5000  -15.000011174.8125   16.6151
   -7.5000  -15.0000  -15.000012591.7314   16.3949
    0.0000  -15.0000  -15.000013075.2998   16.4775
    7.5000  -15.0000  -15.000012399.5186   16.5076
   -7.5000   -7.5000  -15.000013840.5469   16.3523
    0.0000   -7.5000  -15.000014381.6836   16.4383
    7.5000   -7.5000  -15.000013613.7686   16.4741
   -7.5000    0.0000  -15.000015017.5586   16.3432
    0.0000    0.0000  -15.000015598.6680   16.4277
    7.5000    0.0000  -15.000014750.9756   16.4708
   -7.5000    7.5000  -15.000015154.6406   16.3332
    0.0000    7.5000  -15.000015739.3984   16.4125
    7.5000    7.5000  -15.000014783.6182   16.4551
   -7.5000   15.0000  -15.000015071.0303   16.3275
    0.0000   15.0000  -15.000015688.4463   16.4023
    7.5000   15.0000  -15.000014626.1104   16.4379
   -7.5000   22.5000  -15.000014712.6445   16.3225
    0.0000   22.5000  -15.000015352.7520   16.3991
    7.5000   22.5000  -15.000014314.9199   16.4293
   -7.5000   30.0000  -15.000014368.0000   16.1258
    0.0000   30.0000  -15.000015000.0654   16.2073
    7.5000   30.0000  -15.000013992.4170   16.2368
   -7.5000   37.5000  -15.000014362.3184   16.1336
    0.0000   37.5000  -15.000014968.9941   16.2184
    7.5000   37.5000  -15.000013935.9541   16.2538
   -7.5000   45.0000  -15.000013648.6494   15.7488
    0.0000   45.0000  -15.000014178.2900   15.8302
    7.5000   45.0000  -15.000013211.1680   15.8718
   -7.5000  -45.0000   -7.5000 8279.5967   18.0611
    0.0000  -45.0000   -7.5000 8626.9102   18.1532
    7.5000  -45.0000   -7.5000 8205.0137   18.1961
   -7.5000  -37.5000   -7.5000 9182.7695   17.4422
    0.0000  -37.5000   -7.5000 9557.2363   17.5225
    7.5000  -37.5000   -7.5000 9096.5439   17.5640
   -7.5000  -30.0000   -7.500010510.7529   17.0064
    0.0000  -30.0000   -7.500010915.9775   17.0751
    7.5000  -30.0000   -7.500010370.8994   17.1048
   -7.5000  -22.5000   -7.500011798.1963   16.7096
    0.0000  -22.5000   -7.500012240.5469   16.7794
    7.5000  -22.5000   -7.500011625.7471   16.8031
   -7.5000  -15.0000   -7.500013106.9414   16.6043
    0.0000  -15.0000   -7.500013588.9102   16.6823
    7.5000  -15.0000   -7.500012882.2900   16.7043
   -7.5000   -7.5000   -7.500014410.5176   16.5644
    0.0000   -7.5000   -7.500014941.0820   16.6487
    7.5000   -7.5000   -7.500014133.8623   16.6762
   -7.5000    0.0000   -7.500015626.4482   16.5512
    0.0000    0.0000   -7.500016207.8164   16.6351
    7.5000    0.0000   -7.500015368.3799   16.6699
   -7.5000    7.5000   -7.500015795.3691   16.5337
    0.0000    7.5000   -7.500016418.7617   16.6101
    7.5000    7.5000   -7.500015449.9277   16.6449
   -7.5000   15.0000   -7.500015879.1963   16.5231
    0.0000   15.0000   -7.500016560.4258   16.5918
    7.5000   15.0000   -7.500015328.6719   16.6206
   -7.5000   22.5000   -7.500015645.1045   16.5202
    0.0000   22.5000   -7.500016341.1924   16.5901
    7.5000   22.5000   -7.500015037.1992   16.6132
   -7.5000   30.0000   -7.500015247.2979   16.3310
    0.0000   30.0000   -7.500015824.0244   16.4080
    7.5000   30.0000   -7.500014631.9043   16.4295
   -7.5000   37.5000   -7.500015190.2393   16.3424
    0.0000   37.5000   -7.500015682.0410   16.4256
    7.5000   37.5000   -7.500014531.4287   16.4528
   -7.5000   45.0000   -7.500014417.3164   15.9522
    0.0000   45.0000   -7.500014825.4600   16.0331
    7.5000   45.0000   -7.500013748.8750   16.0667
   -7.5000  -45.0000    0.0000 8491.5791   18.0932
    0.0000  -45.0000    0.0000 8816.8252   18.1852
    7.5000  -45.0000    0.0000 8371.8242   18.2224
   -7.5000  -37.5000    0.0000 9471.9346   17.4728
    0.0000  -37.5000    0.0000 9841.7051   17.5541
    7.5000  -37.5000    0.0000 9359.1914   17.5922
   -7.5000  -30.0000    0.000010859.3350   17.0400
    0.0000  -30.0000    0.000011284.9150   17.1075
    7.5000  -30.0000    0.000010707.9551   17.1343
   -7.5000  -22.5000    0.000012164.1543   16.7432
    0.0000  -22.5000    0.000012651.2148   16.8100
    7.5000  -22.5000    0.000011991.6953   16.8296
   -7.5000  -15.0000    0.000013465.1885   16.6357
    0.0000  -15.0000    0.000014023.1064   16.7100
    7.5000  -15.0000    0.000013297.1104   16.7269
   -7.5000   -7.5000    0.000014785.2676   16.5916
    0.0000   -7.5000    0.000015395.9180   16.6743
    7.5000   -7.5000    0.000014574.3799   16.6972
   -7.5000    0.0000    0.000016122.4873   16.5774
    0.0000    0.0000    0.000016742.0566   16.6621
    7.5000    0.0000    0.000015842.9131   16.6933
   -7.5000    7.5000    0.000016431.6719   16.5632
    0.0000    7.5000    0.000017026.1855   16.6406
    7.5000    7.5000    0.000015949.0957   16.6725
   -7.5000   15.0000    0.000016667.4570   16.5559
    0.0000   15.0000    0.000017200.8672   16.6238
    7.5000   15.0000    0.000015789.8125   16.6499
   -7.5000   22.5000    0.000016563.9082   16.5535
    0.0000   22.5000    0.000016922.4688   16.6204
    7.5000   22.5000    0.000015449.8096   16.6395
   -7.5000   30.0000    0.000016099.8975   16.3622
    0.0000   30.0000    0.000016378.1855   16.4357
    7.5000   30.0000    0.000015039.7979   16.4522
   -7.5000   37.5000    0.000015906.6533   16.3696
    0.0000   37.5000    0.000016197.5498   16.4513
    7.5000   37.5000    0.000014959.1465   16.4740
   -7.5000   45.0000    0.000014967.4326   15.9787
    0.0000   45.0000    0.000015319.7812   16.0603
    7.5000   45.0000    0.000014174.0186   16.0904
   -7.5000  -45.0000    7.5000 7980.9629   18.0656
    0.0000  -45.0000    7.5000 8330.5488   18.1591
    7.5000  -45.0000    7.5000 7884.0435   18.2032
   -7.5000  -37.5000    7.5000 8952.3750   17.4560
    0.0000  -37.5000    7.5000 9343.2910   17.5419
    7.5000  -37.5000    7.5000 8835.0576   17.5866
   -7.5000  -30.0000    7.500010293.8369   17.0341
    0.0000  -30.0000    7.500010714.3271   17.1083
    7.5000  -30.0000    7.500010128.7021   17.1403
   -7.5000  -22.5000    7.500011566.6660   16.7326
    0.0000  -22.5000    7.500012018.5312   16.8047
    7.5000  -22.5000    7.500011388.3672   16.8285
   -7.5000  -15.0000    7.500012869.8242   16.6132
    0.0000  -15.0000    7.500013334.2139   16.6895
    7.5000  -15.0000    7.500012633.1738   16.7112
   -7.5000   -7.5000    7.500014182.0488   16.5611
    0.0000   -7.5000    7.500014683.7070   16.6442
    7.5000   -7.5000    7.500013873.3438   16.6728
   -7.5000    0.0000    7.500015542.6309   16.5499
    0.0000    0.0000    7.500016031.9629   16.6361
    7.5000    0.0000    7.500015108.5615   16.6736
   -7.5000    7.5000    7.500015752.6152   16.5480
    0.0000    7.5000    7.500016264.1035   16.6300
    7.5000    7.5000    7.500015192.3340   16.6678
   -7.5000   15.0000    7.500015744.0732   16.5500
    0.0000   15.0000    7.500016244.0488   16.6244
    7.5000   15.0000    7.500015035.0342   16.6553
   -7.5000   22.5000    7.500015450.8789   16.5436
    0.0000   22.5000    7.500015887.3467   16.6157
    7.5000   22.5000    7.500014699.9736   16.6389
   -7.5000   30.0000    7.500015022.0215   16.3402
    0.0000   30.0000    7.500015447.0146   16.4157
    7.5000   30.0000    7.500014309.3037   16.4369
   -7.5000   37.5000    7.500015003.0254   16.3395
    0.0000   37.5000    7.500015425.6816   16.4215
    7.5000   37.5000    7.500014307.0889   16.4498
   -7.5000   45.0000    7.500014198.5039   15.9522
    0.0000   45.0000    7.500014621.0293   16.0353
    7.5000   45.0000    7.500013599.1025   16.0714
   -7.5000  -45.0000   15.0000 7410.3105   18.0750
    0.0000  -45.0000   15.0000 7716.7827   18.1705
    7.5000  -45.0000   15.0000 7284.7852   18.2247
   -7.5000  -37.5000   15.0000 8363.6797   17.4744
    0.0000  -37.5000   15.0000 8672.2051   17.5645
    7.5000  -37.5000   15.0000 8177.4741   17.6181
   -7.5000  -30.0000   15.0000 9651.6113   17.0582
    0.0000  -30.0000   15.0000 9988.9102   17.1405
    7.5000  -30.0000   15.0000 9408.5205   17.1809
   -7.5000  -22.5000   15.000010882.8584   16.7512
    0.0000  -22.5000   15.000011260.6396   16.8313
    7.5000  -22.5000   15.000010623.4541   16.8635
   -7.5000  -15.0000   15.000012119.5811   16.6226
    0.0000  -15.0000   15.000012532.8594   16.7042
    7.5000  -15.0000   15.000011818.6152   16.7341
   -7.5000   -7.5000   15.000013347.2617   16.5668
    0.0000   -7.5000   15.000013812.6191   16.6518
    7.5000   -7.5000   15.000013004.8076   16.6883
   -7.5000    0.0000   15.000014506.1660   16.5591
    0.0000    0.0000   15.000015015.7549   16.6464
    7.5000    0.0000   15.000014175.1348   16.6918
   -7.5000    7.5000   15.000014605.0303   16.5652
    0.0000    7.5000   15.000015169.0078   16.6510
    7.5000    7.5000   15.000014253.1104   16.6970
   -7.5000   15.0000   15.000014504.8770   16.5724
    0.0000   15.0000   15.000015042.0400   16.6542
    7.5000   15.0000   15.000014114.7012   16.6930
   -7.5000   22.5000   15.000014174.8916   16.5621
    0.0000   22.5000   15.000014692.1709   16.6420
    7.5000   22.5000   15.000013803.6885   16.6733
   -7.5000   30.0000   15.000013748.9287   16.3497
    0.0000   30.0000   15.000014268.6826   16.4302
    7.5000   30.0000   15.000013422.0273   16.4596
   -7.5000   37.5000   15.000013766.8418   16.3450
    0.0000   37.5000   15.000014311.6758   16.4290
    7.5000   37.5000   15.000013461.6807   16.4650
   -7.5000   45.0000   15.000013143.4678   15.9611
    0.0000   45.0000   15.000013640.6436   16.0452
    7.5000   45.0000   15.000012839.9238   16.0889
   -7.5000  -45.0000   22.5000 6808.5591   18.3080
    0.0000  -45.0000   22.5000 7083.7554   18.4058
    7.5000  -45.0000   22.5000 6691.2100   18.4659
   -7.5000  -37.5000   22.5000 7677.0371   17.6966
    0.0000  -37.5000   22.5000 7972.9106   17.7870
    7.5000  -37.5000   22.5000 7509.4985   17.8451
   -7.5000  -30.0000   22.5000 8866.2197   17.2688
    0.0000  -30.0000   22.5000 9204.6201   17.3532
    7.5000  -30.0000   22.5000 8658.9785   17.3974
   -7.5000  -22.5000   22.500010034.2119   16.9539
    0.0000  -22.5000   22.500010397.2930   17.0378
    7.5000  -22.5000   22.5000 9806.0488   17.0746
   -7.5000  -15.0000   22.500011150.5020   16.8250
    0.0000  -15.0000   22.500011557.1924   16.9113
    7.5000  -15.0000   22.500010952.8799   16.9463
   -7.5000   -7.5000   22.500012282.5205   16.7728
    0.0000   -7.5000   22.500012722.8857   16.8611
    7.5000   -7.5000   22.500012096.3916   16.9019
   -7.5000    0.0000   22.500013336.1250   16.7664
    0.0000    0.0000   22.500013838.6094   16.8547
    7.5000    0.0000   22.500013168.8896   16.9038
   -7.5000    7.5000   22.500013450.1250   16.7681
    0.0000    7.5000   22.500013976.4297   16.8542
    7.5000    7.5000   22.500013265.8467   16.9039
   -7.5000   15.0000   22.500013355.9814   16.7711
    0.0000   15.0000   22.500013834.7383   16.8546
    7.5000   15.0000   22.500013159.8369   16.8970
   -7.5000   22.5000   22.500013062.3857   16.7602
    0.0000   22.5000   22.500013507.9639   16.8438
    7.5000   22.5000   22.500012877.5293   16.8797
   -7.5000   30.0000   22.500012679.6729   16.5482
    0.0000   30.0000   22.500013124.5439   16.6333
    7.5000   30.0000   22.500012508.2119   16.6676
   -7.5000   37.5000   22.500012726.1650   16.5483
    0.0000   37.5000   22.500013185.1133   16.6354
    7.5000   37.5000   22.500012547.4570   16.6757
   -7.5000   45.0000   22.500012204.3438   16.1609
    0.0000   45.0000   22.500012616.4297   16.2460
    7.5000   45.0000   22.500011995.4590   16.2933
   -7.5000  -45.0000   30.0000 6161.3584   18.7524
    0.0000  -45.0000   30.0000 6437.0347   18.8520
    7.5000  -45.0000   30.0000 6091.2939   18.9112
   -7.5000  -37.5000   30.0000 6926.9551   18.1122
    0.0000  -37.5000   30.0000 7235.7002   18.2003
    7.5000  -37.5000   30.0000 6843.2295   18.2559
   -7.5000  -30.0000   30.0000 8019.2651   17.6619
    0.0000  -30.0000   30.0000 8362.5361   17.7416
    7.5000  -30.0000   30.0000 7918.0254   17.7827
   -7.5000  -22.5000   30.0000 9105.8955   17.3364
    0.0000  -22.5000   30.0000 9486.6445   17.4179
    7.5000  -22.5000   30.0000 9006.1533   17.4524
   -7.5000  -15.0000   30.000010151.3652   17.2117
    0.0000  -15.0000   30.000010558.8818   17.2995
    7.5000  -15.0000   30.000010057.7969   17.3330
   -7.5000   -7.5000   30.000011177.6807   17.1642
    0.0000   -7.5000   30.000011600.9434   17.2556
    7.5000   -7.5000   30.000011091.3770   17.2953
   -7.5000    0.0000   30.000012195.0957   17.1552
    0.0000    0.0000   30.000012647.2129   17.2448
    7.5000    0.0000   30.000012080.4326   17.2925
   -7.5000    7.5000   30.000012321.8252   17.1467
    0.0000    7.5000   30.000012783.3965   17.2304
    7.5000    7.5000   30.000012190.6064   17.2776
   -7.5000   15.0000   30.000012244.7637   17.1420
    0.0000   15.0000   30.000012670.8721   17.2209
    7.5000   15.0000   30.000012104.3340   17.2605
   -7.5000   22.5000   30.000011977.0283   17.1337
    0.0000   22.5000   30.000012384.4277   17.2149
    7.5000   22.5000   30.000011825.7490   17.2486
   -7.5000   30.0000   30.000011614.4199   16.9270
    0.0000   30.0000   30.000012023.0498   17.0137
    7.5000   30.0000   30.000011481.6885   17.0465
   -7.5000   37.5000   30.000011685.6465   16.9343
    0.0000   37.5000   30.000012109.2520   17.0246
    7.5000   37.5000   30.000011552.4561   17.0638
   -7.5000   45.0000   30.000011226.6035   16.5356
    0.0000   45.0000   30.000011618.8418   16.6220
    7.5000   45.0000   30.000011064.1250   16.6680
   -7.5000  -45.0000   37.5000 5803.5967   19.4001
    0.0000  -45.0000   37.5000 6069.1021   19.5007
    7.5000  -45.0000   37.5000 5755.2676   19.5501
   -7.5000  -37.5000   37.5000 6529.7041   18.7176
    0.0000  -37.5000   37.5000 6825.2100   18.8050
    7.5000  -37.5000   37.5000 6462.1875   18.8533
   -7.5000  -30.0000   37.5000 7560.5176   18.2379
    0.0000  -30.0000   37.5000 7908.1606   18.3118
    7.5000  -30.0000   37.5000 7486.0151   18.3462
   -7.5000  -22.5000   37.5000 8587.8848   17.8939
    0.0000  -22.5000   37.5000 8964.4463   17.9684
    7.5000  -22.5000   37.5000 8523.1621   17.9950
   -7.5000  -15.0000   37.5000 9608.8867   17.7695
    0.0000  -15.0000   37.500010009.8877   17.8526
    7.5000  -15.0000   37.5000 9533.2266   17.8768
   -7.5000   -7.5000   37.500010598.5088   17.7241
    0.0000   -7.5000   37.500011022.4736   17.8148
    7.5000   -7.5000   37.500010508.4121   17.8456
   -7.5000    0.0000   37.500011589.5596   17.7127
    0.0000    0.0000   37.500012045.4326   17.8036
    7.5000    0.0000   37.500011473.3564   17.8435
   -7.5000    7.5000   37.500011716.6338   17.6964
    0.0000    7.5000   37.500012172.1455   17.7794
    7.5000    7.5000   37.500011587.2520   17.8196
   -7.5000   15.0000   37.500011616.4209   17.6848
    0.0000   15.0000   37.500012053.2812   17.7588
    7.5000   15.0000   37.500011492.0127   17.7920
   -7.5000   22.5000   37.500011373.3779   17.6779
    0.0000   22.5000   37.500011796.3193   17.7524
    7.5000   22.5000   37.500011246.3760   17.7784
   -7.5000   30.0000   37.500011056.6631   17.4733
    0.0000   30.0000   37.500011461.4111   17.5554
    7.5000   30.0000   37.500010939.1377   17.5790
   -7.5000   37.5000   37.500011133.4648   17.4865
    0.0000   37.5000   37.500011538.7236   17.5761
    7.5000   37.5000   37.500011012.5078   17.6065
   -7.5000   45.0000   37.500010713.1455   17.0730
    0.0000   45.0000   37.500011101.5244   17.1606
    7.5000   45.0000   37.500010583.6113   17.1991
   -7.5000  -45.0000   45.0000 5248.5659   20.1106
    0.0000  -45.0000   45.0000 5482.4111   20.2182
    7.5000  -45.0000   45.0000 5195.9678   20.2681
   -7.5000  -37.5000   45.0000 5899.9331   19.3977
    0.0000  -37.5000   45.0000 6174.0786   19.4930
    7.5000  -37.5000   45.0000 5844.8369   19.5434
   -7.5000  -30.0000   45.0000 6829.2285   18.8851
    0.0000  -30.0000   45.0000 7159.1309   18.9645
    7.5000  -30.0000   45.0000 6769.0298   19.0007
   -7.5000  -22.5000   45.0000 7754.5034   18.5113
    0.0000  -22.5000   45.0000 8120.1011   18.5897
    7.5000  -22.5000   45.0000 7708.7915   18.6171
   -7.5000  -15.0000   45.0000 8692.6094   18.3777
    0.0000  -15.0000   45.0000 9077.4404   18.4644
    7.5000  -15.0000   45.0000 8621.7041   18.4885
   -7.5000   -7.5000   45.0000 9626.4424   18.3327
    0.0000   -7.5000   45.000010033.5234   18.4286
    7.5000   -7.5000   45.0000 9521.6523   18.4600
   -7.5000    0.0000   45.000010543.9082   18.3254
    0.0000    0.0000   45.000010982.8789   18.4236
    7.5000    0.0000   45.000010411.6240   18.4649
   -7.5000    7.5000   45.000010649.3975   18.3088
    0.0000    7.5000   45.000011089.4121   18.3989
    7.5000    7.5000   45.000010529.4795   18.4409
   -7.5000   15.0000   45.000010556.0605   18.2909
    0.0000   15.0000   45.000010971.1074   18.3705
    7.5000   15.0000   45.000010436.4238   18.4055
   -7.5000   22.5000   45.000010323.7939   18.2790
    0.0000   22.5000   45.000010744.9609   18.3575
    7.5000   22.5000   45.000010213.2031   18.3842
   -7.5000   30.0000   45.000010053.1211   18.0668
    0.0000   30.0000   45.000010470.6387   18.1524
    7.5000   30.0000   45.0000 9957.3057   18.1760
   -7.5000   37.5000   45.000010138.3662   18.0849
    0.0000   37.5000   45.000010543.9209   18.1797
    7.5000   37.5000   45.000010040.7402   18.2107
   -7.5000   45.0000   45.0000 9768.4141   17.6716
    0.0000   45.0000   45.000010163.9053   17.7662
    7.5000   45.0000   45.0000 9663.6309   17.8061

---------------------------------------------------------------------
imgreg_4dfp /opt/freesurfer/average/711-2C_as_mni_average_305 /opt/freesurfer/average/711-2B_as_mni_average_305_mask talsrcimg_g11 none talsrcimg_to_711-2C_as_mni_average_305_t4 4355
---------------------------------------------------------------------

freesurfer imgreg_4dfp.c
/opt/freesurfer/average/711-2C_as_mni_average_305.4dfp.img
       256       256       256         1
  1.000000  1.000000  1.000000
orientation T byte_order littleendian
Reading image: /opt/freesurfer/average/711-2C_as_mni_average_305.4dfp.img
dimensions:      256       256       256
mmppix:       1.0000   -1.0000   -1.0000
center:     128.0000 -129.0000 -129.0000
/opt/freesurfer/average/711-2B_as_mni_average_305_mask.4dfp.img
       256       256       256         1
  1.000000  1.000000  1.000000
orientation T byte_order littleendian
Reading mask: /opt/freesurfer/average/711-2B_as_mni_average_305_mask.4dfp.img (2306576 pixels)
talsrcimg_g11.4dfp.img
       256       256       256         1
  1.000000  1.000000  1.000000
orientation T byte_order littleendian
Reading image: talsrcimg_g11.4dfp.img
dimensions:      256       256       256
mmppix:       1.0000   -1.0000   -1.0000
center:     128.0000 -129.0000 -129.0000
rotation matrix determinant  1.000000
image alignment mode   4355 decimal     1103 hex
   -7.5000  -30.0000  -45.0000 2073.7659   18.6174
    0.0000  -30.0000  -45.0000 2077.7202   18.5848
    7.5000  -30.0000  -45.0000 2053.7402   18.8054
   -7.5000  -22.5000  -45.0000 2204.1064   16.7289
    0.0000  -22.5000  -45.0000 2205.5950   16.6876
    7.5000  -22.5000  -45.0000 2179.0732   16.8690
   -7.5000  -15.0000  -45.0000 2311.4709   15.2922
    0.0000  -15.0000  -45.0000 2310.1086   15.2547
    7.5000  -15.0000  -45.0000 2284.1536   15.4025
   -7.5000   -7.5000  -45.0000 2399.7053   14.1079
    0.0000   -7.5000  -45.0000 2399.2708   14.0807
    7.5000   -7.5000  -45.0000 2375.4309   14.2535
   -7.5000    0.0000  -45.0000 2472.0718   13.1958
    0.0000    0.0000  -45.0000 2471.4802   13.1771
    7.5000    0.0000  -45.0000 2443.8044   13.3787
   -7.5000    7.5000  -45.0000 2521.0205   12.5729
    0.0000    7.5000  -45.0000 2518.1545   12.5599
    7.5000    7.5000  -45.0000 2487.6897   12.7830
   -7.5000   15.0000  -45.0000 2540.8262   12.2593
    0.0000   15.0000  -45.0000 2536.6748   12.2420
    7.5000   15.0000  -45.0000 2510.1643   12.4585
   -7.5000   22.5000  -45.0000 2552.1782   12.2318
    0.0000   22.5000  -45.0000 2547.1511   12.2210
    7.5000   22.5000  -45.0000 2517.5232   12.4211
   -7.5000   30.0000  -45.0000 2542.9014   12.5440
    0.0000   30.0000  -45.0000 2539.7603   12.5136
    7.5000   30.0000  -45.0000 2505.2810   12.7092
   -7.5000   37.5000  -45.0000 2517.1729   13.0009
    0.0000   37.5000  -45.0000 2517.0647   12.9944
    7.5000   37.5000  -45.0000 2478.0427   13.2033
   -7.5000   45.0000  -45.0000 2473.2310   13.6434
    0.0000   45.0000  -45.0000 2471.5886   13.6390
    7.5000   45.0000  -45.0000 2433.1687   13.8950
   -7.5000   52.5000  -45.0000 2384.6692   14.4007
    0.0000   52.5000  -45.0000 2380.3330   14.3917
    7.5000   52.5000  -45.0000 2342.1499   14.6655
   -7.5000   60.0000  -45.0000 2248.4524   15.2835
    0.0000   60.0000  -45.0000 2244.5315   15.2802
    7.5000   60.0000  -45.0000 2204.0371   15.5668
   -7.5000  -30.0000  -37.5000 2124.0649   17.7424
    0.0000  -30.0000  -37.5000 2126.6748   17.7283
    7.5000  -30.0000  -37.5000 2101.4658   17.9565
   -7.5000  -22.5000  -37.5000 2262.8691   15.9322
    0.0000  -22.5000  -37.5000 2263.5044   15.8919
    7.5000  -22.5000  -37.5000 2234.9346   16.0896
   -7.5000  -15.0000  -37.5000 2374.9871   14.4869
    0.0000  -15.0000  -37.5000 2372.3179   14.4828
    7.5000  -15.0000  -37.5000 2343.2712   14.6291
   -7.5000   -7.5000  -37.5000 2468.2495   13.3341
    0.0000   -7.5000  -37.5000 2466.4478   13.3146
    7.5000   -7.5000  -37.5000 2441.4465   13.4909
   -7.5000    0.0000  -37.5000 2543.2815   12.4434
    0.0000    0.0000  -37.5000 2541.5725   12.4224
    7.5000    0.0000  -37.5000 2516.0281   12.6253
   -7.5000    7.5000  -37.5000 2606.2451   11.8304
    0.0000    7.5000  -37.5000 2601.1021   11.7883
    7.5000    7.5000  -37.5000 2570.9263   12.0009
   -7.5000   15.0000  -37.5000 2632.5630   11.4841
    0.0000   15.0000  -37.5000 2629.9124   11.4676
    7.5000   15.0000  -37.5000 2597.4602   11.6635
   -7.5000   22.5000  -37.5000 2647.2542   11.4086
    0.0000   22.5000  -37.5000 2641.1389   11.3959
    7.5000   22.5000  -37.5000 2606.1045   11.5889
   -7.5000   30.0000  -37.5000 2643.8020   11.6964
    0.0000   30.0000  -37.5000 2637.5906   11.6651
    7.5000   30.0000  -37.5000 2598.3752   11.8658
   -7.5000   37.5000  -37.5000 2619.4011   12.1216
    0.0000   37.5000  -37.5000 2614.7427   12.0908
    7.5000   37.5000  -37.5000 2571.7771   12.3147
   -7.5000   45.0000  -37.5000 2570.0969   12.6871
    0.0000   45.0000  -37.5000 2569.3162   12.6851
    7.5000   45.0000  -37.5000 2526.5945   12.9348
   -7.5000   52.5000  -37.5000 2476.9709   13.4017
    0.0000   52.5000  -37.5000 2477.1721   13.4045
    7.5000   52.5000  -37.5000 2434.6765   13.6496
   -7.5000   60.0000  -37.5000 2334.6685   14.2510
    0.0000   60.0000  -37.5000 2331.1824   14.2669
    7.5000   60.0000  -37.5000 2288.7002   14.5155
   -7.5000  -30.0000  -30.0000 2205.3711   17.6497
    0.0000  -30.0000  -30.0000 2206.6777   17.6806
    7.5000  -30.0000  -30.0000 2180.4136   17.9328
   -7.5000  -22.5000  -30.0000 2344.3274   15.7937
    0.0000  -22.5000  -30.0000 2345.1406   15.8072
    7.5000  -22.5000  -30.0000 2319.4954   16.0245
   -7.5000  -15.0000  -30.0000 2460.3289   14.2924
    0.0000  -15.0000  -30.0000 2458.2285   14.2932
    7.5000  -15.0000  -30.0000 2431.4172   14.4805
   -7.5000   -7.5000  -30.0000 2564.2744   13.0911
    0.0000   -7.5000  -30.0000 2562.5256   13.0993
    7.5000   -7.5000  -30.0000 2537.9167   13.3075
   -7.5000    0.0000  -30.0000 2645.9392   12.1751
    0.0000    0.0000  -30.0000 2647.3987   12.1876
    7.5000    0.0000  -30.0000 2617.9907   12.3948
   -7.5000    7.5000  -30.0000 2718.7891   11.5468
    0.0000    7.5000  -30.0000 2719.0503   11.5391
    7.5000    7.5000  -30.0000 2684.5161   11.7336
   -7.5000   15.0000  -30.0000 2756.6096   11.1686
    0.0000   15.0000  -30.0000 2754.5215   11.1516
    7.5000   15.0000  -30.0000 2715.2134   11.3567
   -7.5000   22.5000  -30.0000 2784.5999   11.0377
    0.0000   22.5000  -30.0000 2776.8591   11.0309
    7.5000   22.5000  -30.0000 2734.7957   11.2248
   -7.5000   30.0000  -30.0000 2784.8804   11.2931
    0.0000   30.0000  -30.0000 2780.6187   11.2940
    7.5000   30.0000  -30.0000 2734.8237   11.5124
   -7.5000   37.5000  -30.0000 2760.8362   11.7255
    0.0000   37.5000  -30.0000 2760.5701   11.7303
    7.5000   37.5000  -30.0000 2710.3093   11.9544
   -7.5000   45.0000  -30.0000 2704.3640   12.2883
    0.0000   45.0000  -30.0000 2706.9727   12.2956
    7.5000   45.0000  -30.0000 2664.1067   12.5490
   -7.5000   52.5000  -30.0000 2605.7410   12.9875
    0.0000   52.5000  -30.0000 2608.2241   12.9938
    7.5000   52.5000  -30.0000 2568.4758   13.2739
   -7.5000   60.0000  -30.0000 2456.3962   13.8508
    0.0000   60.0000  -30.0000 2450.2764   13.8615
    7.5000   60.0000  -30.0000 2416.0916   14.1351
   -7.5000  -30.0000  -22.5000 2244.5964   17.5306
    0.0000  -30.0000  -22.5000 2250.7415   17.6205
    7.5000  -30.0000  -22.5000 2228.3042   17.8445
   -7.5000  -22.5000  -22.5000 2382.5613   15.6221
    0.0000  -22.5000  -22.5000 2384.9043   15.6479
    7.5000  -22.5000  -22.5000 2360.7888   15.8924
   -7.5000  -15.0000  -22.5000 2501.5132   14.0592
    0.0000  -15.0000  -22.5000 2502.7341   14.0773
    7.5000  -15.0000  -22.5000 2478.8899   14.3210
   -7.5000   -7.5000  -22.5000 2612.4509   12.8691
    0.0000   -7.5000  -22.5000 2614.7397   12.8814
    7.5000   -7.5000  -22.5000 2592.8052   13.1429
   -7.5000    0.0000  -22.5000 2703.4341   11.9351
    0.0000    0.0000  -22.5000 2706.3787   11.9445
    7.5000    0.0000  -22.5000 2679.6121   12.1725
   -7.5000    7.5000  -22.5000 2790.2236   11.2789
    0.0000    7.5000  -22.5000 2787.6748   11.2839
    7.5000    7.5000  -22.5000 2753.3684   11.4763
   -7.5000   15.0000  -22.5000 2842.6311   10.8529
    0.0000   15.0000  -22.5000 2838.5259   10.8609
    7.5000   15.0000  -22.5000 2797.8381   11.0595
   -7.5000   22.5000  -22.5000 2882.1216   10.6477
    0.0000   22.5000  -22.5000 2877.5823   10.6856
    7.5000   22.5000  -22.5000 2828.9016   10.9065
   -7.5000   30.0000  -22.5000 2890.2271   10.8554
    0.0000   30.0000  -22.5000 2890.4487   10.8945
    7.5000   30.0000  -22.5000 2839.8821   11.1578
   -7.5000   37.5000  -22.5000 2862.9526   11.3190
    0.0000   37.5000  -22.5000 2863.4944   11.3338
    7.5000   37.5000  -22.5000 2810.8877   11.5882
   -7.5000   45.0000  -22.5000 2802.7109   11.9004
    0.0000   45.0000  -22.5000 2803.9607   11.9063
    7.5000   45.0000  -22.5000 2762.7070   12.1748
   -7.5000   52.5000  -22.5000 2697.3196   12.5962
    0.0000   52.5000  -22.5000 2699.1638   12.6135
    7.5000   52.5000  -22.5000 2661.1028   12.8938
   -7.5000   60.0000  -22.5000 2537.4763   13.4420
    0.0000   60.0000  -22.5000 2536.9751   13.4454
    7.5000   60.0000  -22.5000 2505.3743   13.7383
   -7.5000  -30.0000  -15.0000 2253.3623   17.4966
    0.0000  -30.0000  -15.0000 2256.3118   17.5283
    7.5000  -30.0000  -15.0000 2238.3828   17.7724
   -7.5000  -22.5000  -15.0000 2384.2334   15.5021
    0.0000  -22.5000  -15.0000 2386.9666   15.5211
    7.5000  -22.5000  -15.0000 2366.1396   15.7952
   -7.5000  -15.0000  -15.0000 2503.1531   13.9322
    0.0000  -15.0000  -15.0000 2505.3909   13.9529
    7.5000  -15.0000  -15.0000 2485.2507   14.2085
   -7.5000   -7.5000  -15.0000 2618.8059   12.7125
    0.0000   -7.5000  -15.0000 2621.5864   12.7560
    7.5000   -7.5000  -15.0000 2601.8462   12.9889
   -7.5000    0.0000  -15.0000 2724.0852   11.7595
    0.0000    0.0000  -15.0000 2725.4973   11.7905
    7.5000    0.0000  -15.0000 2704.7036   11.9949
   -7.5000    7.5000  -15.0000 2821.3784   11.0614
    0.0000    7.5000  -15.0000 2818.9810   11.0822
    7.5000    7.5000  -15.0000 2790.9194   11.2572
   -7.5000   15.0000  -15.0000 2889.2910   10.6549
    0.0000   15.0000  -15.0000 2887.3445   10.6652
    7.5000   15.0000  -15.0000 2850.9529   10.8266
   -7.5000   22.5000  -15.0000 2939.8159   10.4390
    0.0000   22.5000  -15.0000 2938.4644   10.4855
    7.5000   22.5000  -15.0000 2885.6377   10.6785
   -7.5000   30.0000  -15.0000 2956.3528   10.5529
    0.0000   30.0000  -15.0000 2954.3137   10.6378
    7.5000   30.0000  -15.0000 2893.4248   10.8696
   -7.5000   37.5000  -15.0000 2925.0745   11.0260
    0.0000   37.5000  -15.0000 2922.1990   11.0748
    7.5000   37.5000  -15.0000 2863.3704   11.2973
   -7.5000   45.0000  -15.0000 2863.3872   11.6372
    0.0000   45.0000  -15.0000 2861.5271   11.6677
    7.5000   45.0000  -15.0000 2814.6299   11.8849
   -7.5000   52.5000  -15.0000 2751.5569   12.3180
    0.0000   52.5000  -15.0000 2753.0107   12.3371
    7.5000   52.5000  -15.0000 2711.7883   12.5896
   -7.5000   60.0000  -15.0000 2584.5806   13.1345
    0.0000   60.0000  -15.0000 2584.9160   13.1497
    7.5000   60.0000  -15.0000 2551.9434   13.4095
   -7.5000  -30.0000   -7.5000 2238.0864   17.5072
    0.0000  -30.0000   -7.5000 2245.0503   17.4643
    7.5000  -30.0000   -7.5000 2233.6990   17.8180
   -7.5000  -22.5000   -7.5000 2360.8821   15.4761
    0.0000  -22.5000   -7.5000 2367.4773   15.4384
    7.5000  -22.5000   -7.5000 2353.1572   15.7745
   -7.5000  -15.0000   -7.5000 2478.2239   13.9080
    0.0000  -15.0000   -7.5000 2482.0190   13.8598
    7.5000  -15.0000   -7.5000 2467.2668   14.1733
   -7.5000   -7.5000   -7.5000 2595.7112   12.6852
    0.0000   -7.5000   -7.5000 2601.0986   12.6727
    7.5000   -7.5000   -7.5000 2584.5151   12.9187
   -7.5000    0.0000   -7.5000 2712.4629   11.7012
    0.0000    0.0000   -7.5000 2716.1384   11.6932
    7.5000    0.0000   -7.5000 2698.9595   11.9362
   -7.5000    7.5000   -7.5000 2821.6870   10.9815
    0.0000    7.5000   -7.5000 2827.3552   10.9869
    7.5000    7.5000   -7.5000 2800.2197   11.2128
   -7.5000   15.0000   -7.5000 2909.4905   10.5973
    0.0000   15.0000   -7.5000 2914.9666   10.5925
    7.5000   15.0000   -7.5000 2873.1748   10.7487
   -7.5000   22.5000   -7.5000 2974.6050   10.4512
    0.0000   22.5000   -7.5000 2982.9221   10.4500
    7.5000   22.5000   -7.5000 2913.3113   10.5793
   -7.5000   30.0000   -7.5000 2996.7964   10.5070
    0.0000   30.0000   -7.5000 2987.3113   10.5169
    7.5000   30.0000   -7.5000 2920.2354   10.6966
   -7.5000   37.5000   -7.5000 2959.4700   10.9007
    0.0000   37.5000   -7.5000 2945.7107   10.8649
    7.5000   37.5000   -7.5000 2888.3240   11.0732
   -7.5000   45.0000   -7.5000 2889.4058   11.4973
    0.0000   45.0000   -7.5000 2881.0867   11.4372
    7.5000   45.0000   -7.5000 2828.4231   11.6776
   -7.5000   52.5000   -7.5000 2767.1514   12.1946
    0.0000   52.5000   -7.5000 2765.4348   12.1213
    7.5000   52.5000   -7.5000 2726.2578   12.3929
   -7.5000   60.0000   -7.5000 2600.7549   12.9928
    0.0000   60.0000   -7.5000 2599.9509   12.9039
    7.5000   60.0000   -7.5000 2563.9336   13.1787
   -7.5000  -30.0000    0.0000 2212.2043   17.8612
    0.0000  -30.0000    0.0000 2217.9939   17.8200
    7.5000  -30.0000    0.0000 2208.0894   18.1741
   -7.5000  -22.5000    0.0000 2333.3091   15.6895
    0.0000  -22.5000    0.0000 2335.9668   15.6725
    7.5000  -22.5000    0.0000 2325.4290   16.0261
   -7.5000  -15.0000    0.0000 2442.9358   14.0052
    0.0000  -15.0000    0.0000 2446.9006   14.0178
    7.5000  -15.0000    0.0000 2438.5793   14.3639
   -7.5000   -7.5000    0.0000 2558.1338   12.7511
    0.0000   -7.5000    0.0000 2566.2139   12.7728
    7.5000   -7.5000    0.0000 2559.9211   13.0742
   -7.5000    0.0000    0.0000 2680.0430   11.8062
    0.0000    0.0000    0.0000 2689.8311   11.8352
    7.5000    0.0000    0.0000 2675.7258   12.0677
   -7.5000    7.5000    0.0000 2802.7048   11.1671
    0.0000    7.5000    0.0000 2806.5928   11.1503
    7.5000    7.5000    0.0000 2783.5791   11.3212
   -7.5000   15.0000    0.0000 2910.6760   10.8062
    0.0000   15.0000    0.0000 2909.1638   10.7422
    7.5000   15.0000    0.0000 2862.6494   10.8337
   -7.5000   22.5000    0.0000 2988.4358   10.6460
    0.0000   22.5000    0.0000 2984.9685   10.5665
    7.5000   22.5000    0.0000 2911.4553   10.6094
   -7.5000   30.0000    0.0000 3004.7788   10.6192
    0.0000   30.0000    0.0000 2995.9460   10.5205
    7.5000   30.0000    0.0000 2920.8154   10.6431
   -7.5000   37.5000    0.0000 2962.9758   10.9038
    0.0000   37.5000    0.0000 2950.9395   10.8382
    7.5000   37.5000    0.0000 2888.9597   11.0335
   -7.5000   45.0000    0.0000 2884.2300   11.4646
    0.0000   45.0000    0.0000 2878.3577   11.4143
    7.5000   45.0000    0.0000 2827.0081   11.6467
   -7.5000   52.5000    0.0000 2750.8237   12.1873
    0.0000   52.5000    0.0000 2753.5764   12.1468
    7.5000   52.5000    0.0000 2721.0569   12.3930
   -7.5000   60.0000    0.0000 2585.0654   12.9704
    0.0000   60.0000    0.0000 2586.9390   12.9406
    7.5000   60.0000    0.0000 2558.1660   13.1577
   -7.5000  -30.0000    7.5000 2173.3904   18.3875
    0.0000  -30.0000    7.5000 2184.5735   18.3890
    7.5000  -30.0000    7.5000 2176.7283   18.7526
   -7.5000  -22.5000    7.5000 2294.3752   16.1595
    0.0000  -22.5000    7.5000 2300.7905   16.1274
    7.5000  -22.5000    7.5000 2295.7556   16.5112
   -7.5000  -15.0000    7.5000 2408.9971   14.4959
    0.0000  -15.0000    7.5000 2409.3613   14.4472
    7.5000  -15.0000    7.5000 2406.0647   14.8206
   -7.5000   -7.5000    7.5000 2524.9150   13.2565
    0.0000   -7.5000    7.5000 2527.1782   13.2002
    7.5000   -7.5000    7.5000 2523.2490   13.5034
   -7.5000    0.0000    7.5000 2646.4578   12.3184
    0.0000    0.0000    7.5000 2649.6609   12.2417
    7.5000    0.0000    7.5000 2640.9668   12.4760
   -7.5000    7.5000    7.5000 2768.5034   11.5891
    0.0000    7.5000    7.5000 2766.5503   11.5244
    7.5000    7.5000    7.5000 2746.5857   11.6929
   -7.5000   15.0000    7.5000 2873.8015   11.1074
    0.0000   15.0000    7.5000 2869.3130   11.0601
    7.5000   15.0000    7.5000 2829.5005   11.1579
   -7.5000   22.5000    7.5000 2945.0251   10.8124
    0.0000   22.5000    7.5000 2945.7686   10.7816
    7.5000   22.5000    7.5000 2881.6838   10.8734
   -7.5000   30.0000    7.5000 2962.3550   10.7823
    0.0000   30.0000    7.5000 2962.3760   10.7367
    7.5000   30.0000    7.5000 2896.8171   10.8768
   -7.5000   37.5000    7.5000 2926.5957   11.1259
    0.0000   37.5000    7.5000 2923.6055   11.0982
    7.5000   37.5000    7.5000 2870.2214   11.2656
   -7.5000   45.0000    7.5000 2850.3618   11.7162
    0.0000   45.0000    7.5000 2848.2847   11.6789
    7.5000   45.0000    7.5000 2809.3516   11.8714
   -7.5000   52.5000    7.5000 2719.9819   12.4458
    0.0000   52.5000    7.5000 2724.7637   12.3979
    7.5000   52.5000    7.5000 2694.2710   12.6209
   -7.5000   60.0000    7.5000 2555.4197   13.1746
    0.0000   60.0000    7.5000 2559.1477   13.1186
    7.5000   60.0000    7.5000 2535.8042   13.3698
   -7.5000  -30.0000   15.0000 2128.1060   19.4670
    0.0000  -30.0000   15.0000 2131.4077   19.3060
    7.5000  -30.0000   15.0000 2126.6128   19.6437
   -7.5000  -22.5000   15.0000 2256.3384   17.0754
    0.0000  -22.5000   15.0000 2254.1565   16.9594
    7.5000  -22.5000   15.0000 2250.6201   17.3072
   -7.5000  -15.0000   15.0000 2370.9131   15.3076
    0.0000  -15.0000   15.0000 2367.9380   15.2039
    7.5000  -15.0000   15.0000 2360.9441   15.5303
   -7.5000   -7.5000   15.0000 2487.8936   13.9489
    0.0000   -7.5000   15.0000 2487.8921   13.8688
    7.5000   -7.5000   15.0000 2477.5994   14.1429
   -7.5000    0.0000   15.0000 2599.7632   12.8939
    0.0000    0.0000   15.0000 2602.3562   12.8180
    7.5000    0.0000   15.0000 2590.9797   13.0767
   -7.5000    7.5000   15.0000 2714.8958   12.0715
    0.0000    7.5000   15.0000 2715.1597   12.0097
    7.5000    7.5000   15.0000 2694.9319   12.2543
   -7.5000   15.0000   15.0000 2810.4639   11.5241
    0.0000   15.0000   15.0000 2810.9534   11.4720
    7.5000   15.0000   15.0000 2779.1628   11.6662
   -7.5000   22.5000   15.0000 2873.1819   11.1898
    0.0000   22.5000   15.0000 2875.8914   11.1159
    7.5000   22.5000   15.0000 2828.6887   11.3517
   -7.5000   30.0000   15.0000 2884.4473   11.1610
    0.0000   30.0000   15.0000 2887.2563   11.1050
    7.5000   30.0000   15.0000 2844.7981   11.3473
   -7.5000   37.5000   15.0000 2859.2339   11.4711
    0.0000   37.5000   15.0000 2862.7236   11.4549
    7.5000   37.5000   15.0000 2824.0535   11.6813
   -7.5000   45.0000   15.0000 2796.4900   12.0786
    0.0000   45.0000   15.0000 2795.3801   12.0454
    7.5000   45.0000   15.0000 2766.9890   12.2863
   -7.5000   52.5000   15.0000 2677.6169   12.8283
    0.0000   52.5000   15.0000 2678.8311   12.7769
    7.5000   52.5000   15.0000 2653.3516   13.0350
   -7.5000   60.0000   15.0000 2512.1880   13.6171
    0.0000   60.0000   15.0000 2515.0398   13.5565
    7.5000   60.0000   15.0000 2489.2871   13.8108
   -7.5000  -30.0000   22.5000 2071.2634   20.7378
    0.0000  -30.0000   22.5000 2074.2522   20.5143
    7.5000  -30.0000   22.5000 2067.8857   20.7979
   -7.5000  -22.5000   22.5000 2209.3882   18.1347
    0.0000  -22.5000   22.5000 2208.1428   17.9699
    7.5000  -22.5000   22.5000 2197.1614   18.2928
   -7.5000  -15.0000   22.5000 2320.6865   16.1920
    0.0000  -15.0000   22.5000 2321.9827   16.0630
    7.5000  -15.0000   22.5000 2310.2607   16.4414
   -7.5000   -7.5000   22.5000 2437.9941   14.7217
    0.0000   -7.5000   22.5000 2439.6365   14.6250
    7.5000   -7.5000   22.5000 2428.0308   14.9894
   -7.5000    0.0000   22.5000 2547.0801   13.5768
    0.0000    0.0000   22.5000 2548.7380   13.4965
    7.5000    0.0000   22.5000 2532.7756   13.8734
   -7.5000    7.5000   22.5000 2654.4829   12.7164
    0.0000    7.5000   22.5000 2659.3726   12.6445
    7.5000    7.5000   22.5000 2638.2273   12.9754
   -7.5000   15.0000   22.5000 2737.9219   12.1238
    0.0000   15.0000   22.5000 2742.8901   12.0401
    7.5000   15.0000   22.5000 2715.0920   12.3515
   -7.5000   22.5000   22.5000 2789.6147   11.7920
    0.0000   22.5000   22.5000 2791.4187   11.7038
    7.5000   22.5000   22.5000 2756.5593   12.0143
   -7.5000   30.0000   22.5000 2793.7212   11.7791
    0.0000   30.0000   22.5000 2797.0566   11.6987
    7.5000   30.0000   22.5000 2769.7988   11.9837
   -7.5000   37.5000   22.5000 2770.9475   12.0814
    0.0000   37.5000   22.5000 2776.4766   12.0247
    7.5000   37.5000   22.5000 2752.4102   12.2769
   -7.5000   45.0000   22.5000 2725.0413   12.6717
    0.0000   45.0000   22.5000 2723.2197   12.6229
    7.5000   45.0000   22.5000 2701.9307   12.8617
   -7.5000   52.5000   22.5000 2617.7302   13.3678
    0.0000   52.5000   22.5000 2620.0964   13.3306
    7.5000   52.5000   22.5000 2595.3967   13.6029
   -7.5000   60.0000   22.5000 2455.1934   14.1462
    0.0000   60.0000   22.5000 2462.8335   14.0938
    7.5000   60.0000   22.5000 2441.1960   14.3532
   -7.5000  -30.0000   30.0000 2002.6935   22.0797
    0.0000  -30.0000   30.0000 2013.0140   21.8680
    7.5000  -30.0000   30.0000 2003.4688   22.2075
   -7.5000  -22.5000   30.0000 2143.6267   19.3377
    0.0000  -22.5000   30.0000 2149.7014   19.1544
    7.5000  -22.5000   30.0000 2142.1531   19.5593
   -7.5000  -15.0000   30.0000 2258.8840   17.2792
    0.0000  -15.0000   30.0000 2262.5779   17.1226
    7.5000  -15.0000   30.0000 2251.9353   17.5567
   -7.5000   -7.5000   30.0000 2373.4990   15.6688
    0.0000   -7.5000   30.0000 2375.4939   15.5437
    7.5000   -7.5000   30.0000 2363.0723   16.0103
   -7.5000    0.0000   30.0000 2483.2412   14.4851
    0.0000    0.0000   30.0000 2483.3220   14.3717
    7.5000    0.0000   30.0000 2466.0586   14.7892
   -7.5000    7.5000   30.0000 2583.6892   13.5709
    0.0000    7.5000   30.0000 2586.0703   13.4709
    7.5000    7.5000   30.0000 2565.1946   13.8553
   -7.5000   15.0000   30.0000 2656.4133   12.9512
    0.0000   15.0000   30.0000 2658.9326   12.8371
    7.5000   15.0000   30.0000 2632.8831   13.2070
   -7.5000   22.5000   30.0000 2698.5874   12.5982
    0.0000   22.5000   30.0000 2698.1809   12.5082
    7.5000   22.5000   30.0000 2671.9512   12.8310
   -7.5000   30.0000   30.0000 2693.9004   12.5883
    0.0000   30.0000   30.0000 2699.3892   12.5021
    7.5000   30.0000   30.0000 2678.1018   12.7902
   -7.5000   37.5000   30.0000 2678.6047   12.8640
    0.0000   37.5000   30.0000 2683.7502   12.7972
    7.5000   37.5000   30.0000 2664.4954   13.0621
   -7.5000   45.0000   30.0000 2640.7932   13.4166
    0.0000   45.0000   30.0000 2641.0840   13.3520
    7.5000   45.0000   30.0000 2621.7876   13.6057
   -7.5000   52.5000   30.0000 2542.2227   14.0786
    0.0000   52.5000   30.0000 2545.1299   14.0249
    7.5000   52.5000   30.0000 2523.0518   14.3137
   -7.5000   60.0000   30.0000 2393.2524   14.8426
    0.0000   60.0000   30.0000 2399.9897   14.7779
    7.5000   60.0000   30.0000 2379.9526   15.0357
   -7.5000  -30.0000   37.5000 1935.8207   23.7151
    0.0000  -30.0000   37.5000 1942.9281   23.5718
    7.5000  -30.0000   37.5000 1931.6987   23.9033
   -7.5000  -22.5000   37.5000 2074.6157   20.7681
    0.0000  -22.5000   37.5000 2081.2556   20.6466
    7.5000  -22.5000   37.5000 2072.9827   21.0548
   -7.5000  -15.0000   37.5000 2194.8555   18.5639
    0.0000  -15.0000   37.5000 2198.4028   18.4443
    7.5000  -15.0000   37.5000 2183.5928   18.8859
   -7.5000   -7.5000   37.5000 2304.2888   16.8903
    0.0000   -7.5000   37.5000 2306.6174   16.7695
    7.5000   -7.5000   37.5000 2289.3989   17.2152
   -7.5000    0.0000   37.5000 2407.2253   15.6445
    0.0000    0.0000   37.5000 2408.3582   15.5179
    7.5000    0.0000   37.5000 2386.4888   15.9295
   -7.5000    7.5000   37.5000 2501.2761   14.6792
    0.0000    7.5000   37.5000 2504.5181   14.5735
    7.5000    7.5000   37.5000 2480.8245   14.9345
   -7.5000   15.0000   37.5000 2563.4700   13.9981
    0.0000   15.0000   37.5000 2567.3403   13.8868
    7.5000   15.0000   37.5000 2542.9238   14.2535
   -7.5000   22.5000   37.5000 2599.2791   13.6455
    0.0000   22.5000   37.5000 2601.2510   13.5670
    7.5000   22.5000   37.5000 2578.5315   13.8631
   -7.5000   30.0000   37.5000 2598.7261   13.6506
    0.0000   30.0000   37.5000 2604.5913   13.5522
    7.5000   30.0000   37.5000 2583.6462   13.8379
   -7.5000   37.5000   37.5000 2585.1824   13.8543
    0.0000   37.5000   37.5000 2588.8333   13.7780
    7.5000   37.5000   37.5000 2571.6047   14.0618
   -7.5000   45.0000   37.5000 2547.5857   14.3538
    0.0000   45.0000   37.5000 2549.0581   14.2842
    7.5000   45.0000   37.5000 2536.0015   14.5601
   -7.5000   52.5000   37.5000 2468.8591   14.9495
    0.0000   52.5000   37.5000 2471.7363   14.8765
    7.5000   52.5000   37.5000 2448.2473   15.1755
   -7.5000   60.0000   37.5000 2328.2830   15.7056
    0.0000   60.0000   37.5000 2329.0486   15.6095
    7.5000   60.0000   37.5000 2306.1636   15.8702
   -7.5000  -30.0000   45.0000 1852.6680   25.8303
    0.0000  -30.0000   45.0000 1860.9948   25.7048
    7.5000  -30.0000   45.0000 1846.8090   26.0438
   -7.5000  -22.5000   45.0000 1996.4081   22.5902
    0.0000  -22.5000   45.0000 2004.3179   22.4278
    7.5000  -22.5000   45.0000 1990.5449   22.9042
   -7.5000  -15.0000   45.0000 2118.2551   20.1833
    0.0000  -15.0000   45.0000 2121.1360   20.0313
    7.5000  -15.0000   45.0000 2102.8350   20.5280
   -7.5000   -7.5000   45.0000 2224.7029   18.4271
    0.0000   -7.5000   45.0000 2228.2593   18.3193
    7.5000   -7.5000   45.0000 2206.4968   18.7216
   -7.5000    0.0000   45.0000 2326.4136   17.0607
    0.0000    0.0000   45.0000 2325.9360   16.9521
    7.5000    0.0000   45.0000 2300.9407   17.3558
   -7.5000    7.5000   45.0000 2413.1379   16.0695
    0.0000    7.5000   45.0000 2416.2354   15.9360
    7.5000    7.5000   45.0000 2391.7166   16.2840
   -7.5000   15.0000   45.0000 2463.3311   15.3333
    0.0000   15.0000   45.0000 2467.3777   15.2101
    7.5000   15.0000   45.0000 2442.3494   15.5372
   -7.5000   22.5000   45.0000 2490.5684   14.9287
    0.0000   22.5000   45.0000 2496.8435   14.8465
    7.5000   22.5000   45.0000 2474.6421   15.1218
   -7.5000   30.0000   45.0000 2492.4583   14.8851
    0.0000   30.0000   45.0000 2504.3494   14.8133
    7.5000   30.0000   45.0000 2482.2236   15.0602
   -7.5000   37.5000   45.0000 2483.8984   15.0452
    0.0000   37.5000   45.0000 2493.2617   14.9850
    7.5000   37.5000   45.0000 2472.1965   15.2399
   -7.5000   45.0000   45.0000 2448.8921   15.5231
    0.0000   45.0000   45.0000 2458.1050   15.4795
    7.5000   45.0000   45.0000 2437.1108   15.7326
   -7.5000   52.5000   45.0000 2375.7493   16.0896
    0.0000   52.5000   45.0000 2384.4836   16.0391
    7.5000   52.5000   45.0000 2358.2515   16.3042
   -7.5000   60.0000   45.0000 2250.9490   16.7934
    0.0000   60.0000   45.0000 2255.0728   16.6927
    7.5000   60.0000   45.0000 2231.4465   16.9610

---------------------------------------------------------------------
imgreg_4dfp /opt/freesurfer/average/711-2C_as_mni_average_305 /opt/freesurfer/average/711-2B_as_mni_average_305_mask talsrcimg_g11 none talsrcimg_to_711-2C_as_mni_average_305_t4 1283
---------------------------------------------------------------------

freesurfer imgreg_4dfp.c
/opt/freesurfer/average/711-2C_as_mni_average_305.4dfp.img
       256       256       256         1
  1.000000  1.000000  1.000000
orientation T byte_order littleendian
Reading image: /opt/freesurfer/average/711-2C_as_mni_average_305.4dfp.img
dimensions:      256       256       256
mmppix:       1.0000   -1.0000   -1.0000
center:     128.0000 -129.0000 -129.0000
/opt/freesurfer/average/711-2B_as_mni_average_305_mask.4dfp.img
       256       256       256         1
  1.000000  1.000000  1.000000
orientation T byte_order littleendian
Reading mask: /opt/freesurfer/average/711-2B_as_mni_average_305_mask.4dfp.img (2306576 pixels)
talsrcimg_g11.4dfp.img
       256       256       256         1
  1.000000  1.000000  1.000000
orientation T byte_order littleendian
Reading image: talsrcimg_g11.4dfp.img
dimensions:      256       256       256
mmppix:       1.0000   -1.0000   -1.0000
center:     128.0000 -129.0000 -129.0000
rotation matrix determinant  1.000000
fimgreg.f
image alignment mode   1283 decimal      503 hex
parameters
   -7.5000   30.0000    0.0000    0.0000    0.0000    0.0000
eta,q 0.94125 10.64095
niter,ni,del,rscale     5    3   12.0000    1.2000
parameter  1 -0.674964 -> -0.500000 qaram    1.1500
parameter  2  0.642098 ->  0.500000 qaram    1.1500
parameter  4  4.414415 ->  0.500000 qaram    1.1500
parameters
   -4.0500   26.5500   -1.4220   -3.4500    0.6541   -1.5896
eta,q 0.95619 10.50168
  0.0840  0.0517  0.0542  0.0420  0.0516  0.0471
  0.0747  0.0495  0.0522  0.0437  0.0478  0.0445
  0.0651  0.0503  0.0496  0.0465  0.0453  0.0438
  0.0582  0.0530  0.0492  0.0488  0.0444  0.0442
  0.0547  0.0571  0.0526  0.0522  0.0443  0.0458
  0.0526  0.0624  0.0575  0.0554  0.0456  0.0492
  0.0553  0.0678  0.0620  0.0580  0.0492  0.0539
niter,ni,del,rscale     7    3   12.0000    1.2000
parameter  4  1.082586 ->  0.500000 qaram    1.3225
parameters
   -4.2924   28.0108   -2.0770   -7.4175    0.8698   -1.5631
eta,q 0.96204 10.58584
  0.0629  0.0659  0.0505  0.0396  0.0465  0.0457
  0.0521  0.0545  0.0475  0.0380  0.0420  0.0417
  0.0456  0.0471  0.0448  0.0395  0.0393  0.0389
  0.0438  0.0438  0.0433  0.0435  0.0380  0.0380
  0.0468  0.0434  0.0450  0.0473  0.0387  0.0390
  0.0549  0.0463  0.0497  0.0513  0.0413  0.0415
  0.0651  0.0522  0.0552  0.0546  0.0453  0.0456
niter,ni,del,rscale     7    3   12.0000    1.2000
parameter  4  0.515949 ->  0.500000 qaram    1.5209
parameters
   -4.4036   29.3434   -3.1217  -11.9801    1.0313   -1.5809
eta,q 0.96198 10.65564
  0.0603  0.0618  0.0421  0.0377  0.0475  0.0427
  0.0488  0.0515  0.0395  0.0381  0.0426  0.0395
  0.0410  0.0435  0.0378  0.0366  0.0394  0.0380
  0.0380  0.0380  0.0372  0.0373  0.0380  0.0380
  0.0409  0.0379  0.0386  0.0422  0.0388  0.0385
  0.0501  0.0424  0.0423  0.0476  0.0418  0.0397
  0.0616  0.0492  0.0490  0.0530  0.0468  0.0424
niter,ni,del,rscale     7    3   12.0000    1.2000
parameters
   -4.5101   31.2472   -4.9443  -13.8570    1.2294   -1.5852
eta,q 0.96423 10.65509
  0.0631  0.0556  0.0395  0.0415  0.0452  0.0409
  0.0492  0.0470  0.0358  0.0370  0.0401  0.0379
  0.0412  0.0408  0.0344  0.0359  0.0371  0.0361
  0.0380  0.0380  0.0356  0.0344  0.0358  0.0358
  0.0415  0.0350  0.0387  0.0372  0.0364  0.0356
  0.0512  0.0355  0.0441  0.0436  0.0391  0.0374
  0.0642  0.0437  0.0515  0.0513  0.0442  0.0415
niter,ni,del,rscale     6    3   12.0000    1.2000
parameters
   -4.5171   31.3490   -4.9201  -13.9160    1.2300   -1.5878
eta,q 0.96429 10.65467
  0.0624  0.0483  0.0448  0.0459  0.0445  0.0409
  0.0466  0.0421  0.0401  0.0389  0.0396  0.0379
  0.0380  0.0375  0.0371  0.0363  0.0368  0.0360
  0.0358  0.0358  0.0357  0.0357  0.0357  0.0357
  0.0396  0.0343  0.0364  0.0341  0.0365  0.0356
  0.0483  0.0391  0.0395  0.0396  0.0395  0.0373
  0.0609  0.0500  0.0452  0.0466  0.0447  0.0414
niter,ni,del,rscale     5    3   12.0000    1.2000
parameters
   -4.5210   31.3639   -4.9145  -13.9251    1.2315   -1.5885
eta,q 0.96430 10.65455
  0.0624  0.0480  0.0447  0.0460  0.0445  0.0409
  0.0466  0.0418  0.0401  0.0390  0.0396  0.0379
  0.0380  0.0374  0.0371  0.0364  0.0368  0.0360
  0.0357  0.0357  0.0357  0.0357  0.0357  0.0357
  0.0395  0.0343  0.0364  0.0340  0.0365  0.0356
  0.0483  0.0395  0.0395  0.0395  0.0395  0.0373
  0.0608  0.0504  0.0453  0.0465  0.0447  0.0414
registration optimization eta report
parameter search radius
    6.9000    6.9000    6.0000    9.1253    6.0000    6.0000
100000*second partial in parameter space
       54.       30.       26.       14.       25.       16.
  0.0624  0.0480  0.0447  0.0460  0.0445  0.0409
  0.0466  0.0418  0.0401  0.0390  0.0396  0.0379
  0.0380  0.0374  0.0371  0.0364  0.0368  0.0360
  0.0357  0.0357  0.0357  0.0357  0.0357  0.0357
  0.0395  0.0343  0.0364  0.0340  0.0365  0.0356
  0.0483  0.0395  0.0395  0.0395  0.0395  0.0373
  0.0608  0.0504  0.0453  0.0465  0.0447  0.0414
   -4.5210   31.3639   -4.9145  -13.9251    1.2315   -1.5885
eta,q 0.96430 10.65455

---------------------------------------------------------------------
imgreg_4dfp /opt/freesurfer/average/711-2C_as_mni_average_305 /opt/freesurfer/average/711-2B_as_mni_average_305_mask talsrcimg_g11 none talsrcimg_to_711-2C_as_mni_average_305_t4 3335
---------------------------------------------------------------------

freesurfer imgreg_4dfp.c
/opt/freesurfer/average/711-2C_as_mni_average_305.4dfp.img
       256       256       256         1
  1.000000  1.000000  1.000000
orientation T byte_order littleendian
Reading image: /opt/freesurfer/average/711-2C_as_mni_average_305.4dfp.img
dimensions:      256       256       256
mmppix:       1.0000   -1.0000   -1.0000
center:     128.0000 -129.0000 -129.0000
/opt/freesurfer/average/711-2B_as_mni_average_305_mask.4dfp.img
       256       256       256         1
  1.000000  1.000000  1.000000
orientation T byte_order littleendian
Reading mask: /opt/freesurfer/average/711-2B_as_mni_average_305_mask.4dfp.img (2306576 pixels)
talsrcimg_g11.4dfp.img
       256       256       256         1
  1.000000  1.000000  1.000000
orientation T byte_order littleendian
Reading image: talsrcimg_g11.4dfp.img
dimensions:      256       256       256
mmppix:       1.0000   -1.0000   -1.0000
center:     128.0000 -129.0000 -129.0000
fimgreg.f
image alignment mode   3335 decimal      D07 hex
parameters
   -4.5210   31.3639   -4.9145   -0.0615   -2.9905   -2.9613
    3.2077   -1.4182   -2.7715   24.1138    2.1493  -24.0597
eta,q 0.96659 10.57933
niter,ni,del,rscale     5    3    5.0000    1.2000
parameter  5  1.180956 ->  0.500000 qaram    1.1500
parameter  6  0.631610 ->  0.500000 qaram    1.1500
parameters
   -4.5607   31.3465   -4.4791   -3.5221   -7.1305   -7.1013
    3.5188   -1.1812   -1.6491   21.7993    4.7985  -21.4606
eta,q 0.97300 10.25577
  0.0373  0.0360  0.0362  0.0336  0.0286  0.0283  0.0310  0.0328  0.0308  0.0291  0.0294  0.0295
  0.0351  0.0343  0.0348  0.0328  0.0291  0.0279  0.0294  0.0302  0.0294  0.0279  0.0284  0.0285
  0.0338  0.0335  0.0339  0.0327  0.0307  0.0281  0.0283  0.0285  0.0284  0.0273  0.0277  0.0277
  0.0334  0.0334  0.0334  0.0333  0.0327  0.0294  0.0279  0.0279  0.0279  0.0278  0.0273  0.0272
  0.0339  0.0338  0.0334  0.0352  0.0348  0.0319  0.0281  0.0285  0.0279  0.0290  0.0272  0.0270
  0.0353  0.0346  0.0338  0.0383  0.0380  0.0354  0.0290  0.0300  0.0284  0.0309  0.0273  0.0271
  0.0375  0.0358  0.0347  0.0417  0.0421  0.0396  0.0305  0.0320  0.0295  0.0335  0.0276  0.0276
niter,ni,del,rscale     6    3    5.0000    1.2000
parameters
   -4.2217   31.0004   -5.6542   -2.2407  -10.2330  -10.0281
    3.2486   -1.2469   -1.8991   21.1395    5.5465  -22.4648
eta,q 0.97411 10.03837
  0.0312  0.0293  0.0269  0.0301  0.0273  0.0270  0.0283  0.0302  0.0278  0.0281  0.0271  0.0267
  0.0292  0.0278  0.0265  0.0286  0.0263  0.0261  0.0269  0.0277  0.0267  0.0267  0.0264  0.0262
  0.0277  0.0269  0.0264  0.0273  0.0260  0.0259  0.0261  0.0262  0.0261  0.0261  0.0261  0.0259
  0.0270  0.0269  0.0268  0.0264  0.0261  0.0260  0.0259  0.0259  0.0259  0.0259  0.0259  0.0259
  0.0270  0.0277  0.0276  0.0260  0.0277  0.0271  0.0262  0.0266  0.0262  0.0261  0.0260  0.0262
  0.0278  0.0291  0.0286  0.0266  0.0301  0.0298  0.0272  0.0280  0.0269  0.0274  0.0262  0.0267
  0.0294  0.0310  0.0300  0.0286  0.0325  0.0336  0.0287  0.0301  0.0281  0.0291  0.0267  0.0273
niter,ni,del,rscale     5    3    5.0000    1.2000
parameters
   -4.1521   30.9894   -6.1080   -1.3360  -10.3168  -10.7767
    3.2209   -1.2186   -2.0152   21.2401    5.6790  -22.5929
eta,q 0.97441 10.03284
  0.0293  0.0283  0.0268  0.0291  0.0289  0.0282  0.0282  0.0301  0.0276  0.0283  0.0267  0.0267
  0.0275  0.0268  0.0261  0.0278  0.0270  0.0266  0.0268  0.0275  0.0265  0.0267  0.0261  0.0261
  0.0264  0.0260  0.0259  0.0267  0.0259  0.0257  0.0259  0.0260  0.0258  0.0259  0.0257  0.0257
  0.0259  0.0259  0.0259  0.0258  0.0256  0.0256  0.0256  0.0256  0.0256  0.0256  0.0256  0.0256
  0.0262  0.0262  0.0262  0.0254  0.0255  0.0258  0.0259  0.0263  0.0259  0.0256  0.0257  0.0257
  0.0272  0.0269  0.0269  0.0262  0.0270  0.0271  0.0268  0.0277  0.0266  0.0266  0.0261  0.0262
  0.0290  0.0282  0.0279  0.0283  0.0293  0.0299  0.0283  0.0297  0.0277  0.0282  0.0266  0.0268
niter,ni,del,rscale     4    3    5.0000    1.2000
parameters
   -4.1472   31.0620   -6.2436   -1.2934  -10.3385  -10.9073
    3.2495   -1.2120   -2.0570   21.3610    5.7033  -22.6764
eta,q 0.97442 10.03075
  0.0290  0.0282  0.0269  0.0285  0.0289  0.0286  0.0282  0.0301  0.0276  0.0283  0.0267  0.0267
  0.0272  0.0266  0.0261  0.0274  0.0271  0.0269  0.0268  0.0275  0.0265  0.0267  0.0260  0.0261
  0.0260  0.0258  0.0257  0.0264  0.0260  0.0258  0.0259  0.0259  0.0258  0.0259  0.0257  0.0257
  0.0256  0.0256  0.0256  0.0256  0.0256  0.0256  0.0256  0.0256  0.0256  0.0256  0.0256  0.0256
  0.0259  0.0258  0.0258  0.0255  0.0255  0.0257  0.0259  0.0263  0.0258  0.0256  0.0257  0.0257
  0.0271  0.0265  0.0264  0.0267  0.0269  0.0267  0.0268  0.0277  0.0265  0.0266  0.0261  0.0261
  0.0290  0.0278  0.0272  0.0291  0.0292  0.0291  0.0282  0.0298  0.0276  0.0282  0.0266  0.0267
niter,ni,del,rscale     3    3    5.0000    1.2000
parameters
   -4.1533   31.0805   -6.2714   -1.2842  -10.3664  -10.9332
    3.2706   -1.2128   -2.0672   21.4028    5.7117  -22.6966
eta,q 0.97443 10.02989
  0.0289  0.0280  0.0270  0.0285  0.0289  0.0287  0.0282  0.0300  0.0276  0.0282  0.0267  0.0268
  0.0271  0.0265  0.0262  0.0273  0.0271  0.0269  0.0268  0.0275  0.0265  0.0267  0.0260  0.0261
  0.0260  0.0258  0.0257  0.0263  0.0260  0.0259  0.0259  0.0259  0.0258  0.0259  0.0257  0.0257
  0.0256  0.0256  0.0256  0.0256  0.0256  0.0256  0.0256  0.0256  0.0256  0.0256  0.0256  0.0256
  0.0259  0.0259  0.0257  0.0255  0.0255  0.0257  0.0259  0.0263  0.0258  0.0256  0.0257  0.0257
  0.0271  0.0266  0.0263  0.0267  0.0269  0.0266  0.0268  0.0277  0.0265  0.0266  0.0261  0.0261
  0.0290  0.0278  0.0271  0.0291  0.0292  0.0290  0.0282  0.0298  0.0276  0.0282  0.0266  0.0267
niter,ni,del,rscale     2    3    5.0000    1.2000
parameters
   -4.1547   31.0883   -6.2772   -1.2838  -10.3755  -10.9374
    3.2711   -1.2142   -2.0688   21.4144    5.7098  -22.7005
eta,q 0.97442 10.02960
  0.0289  0.0280  0.0270  0.0285  0.0289  0.0287  0.0282  0.0300  0.0276  0.0282  0.0267  0.0268
  0.0271  0.0265  0.0262  0.0273  0.0271  0.0269  0.0268  0.0275  0.0265  0.0266  0.0260  0.0261
  0.0260  0.0258  0.0258  0.0263  0.0260  0.0259  0.0259  0.0259  0.0258  0.0259  0.0257  0.0257
  0.0256  0.0256  0.0256  0.0256  0.0256  0.0256  0.0256  0.0256  0.0256  0.0256  0.0256  0.0256
  0.0259  0.0259  0.0257  0.0255  0.0255  0.0257  0.0259  0.0263  0.0258  0.0256  0.0257  0.0257
  0.0271  0.0266  0.0262  0.0267  0.0269  0.0266  0.0268  0.0277  0.0265  0.0267  0.0261  0.0261
  0.0290  0.0279  0.0271  0.0291  0.0292  0.0290  0.0282  0.0298  0.0276  0.0283  0.0266  0.0267
registration optimization eta report
parameter search radius
    2.4000    2.4000    2.4000    7.2000    8.2800    8.2800
    7.2000    7.2000    7.2000    7.2000    7.2000    7.2000
100000*second partial in parameter space
       59.       41.       26.        6.        5.        5.
        5.        8.        4.        5.        2.        2.
  0.0289  0.0280  0.0270  0.0285  0.0289  0.0287  0.0282  0.0300  0.0276  0.0282  0.0267  0.0268
  0.0271  0.0265  0.0262  0.0273  0.0271  0.0269  0.0268  0.0275  0.0265  0.0266  0.0260  0.0261
  0.0260  0.0258  0.0258  0.0263  0.0260  0.0259  0.0259  0.0259  0.0258  0.0259  0.0257  0.0257
  0.0256  0.0256  0.0256  0.0256  0.0256  0.0256  0.0256  0.0256  0.0256  0.0256  0.0256  0.0256
  0.0259  0.0259  0.0257  0.0255  0.0255  0.0257  0.0259  0.0263  0.0258  0.0256  0.0257  0.0257
  0.0271  0.0266  0.0262  0.0267  0.0269  0.0266  0.0268  0.0277  0.0265  0.0267  0.0261  0.0261
  0.0290  0.0279  0.0271  0.0291  0.0292  0.0290  0.0282  0.0298  0.0276  0.0283  0.0266  0.0267
   -4.1547   31.0883   -6.2772   -1.2838  -10.3755  -10.9374
    3.2711   -1.2142   -2.0688   21.4144    5.7098  -22.7005
eta,q 0.97442 10.02960

---------------------------------------------------------------------
imgreg_4dfp /opt/freesurfer/average/711-2C_as_mni_average_305 /opt/freesurfer/average/711-2B_as_mni_average_305_mask talsrcimg_g11 none talsrcimg_to_711-2C_as_mni_average_305_t4 2311
---------------------------------------------------------------------

freesurfer imgreg_4dfp.c
/opt/freesurfer/average/711-2C_as_mni_average_305.4dfp.img
       256       256       256         1
  1.000000  1.000000  1.000000
orientation T byte_order littleendian
Reading image: /opt/freesurfer/average/711-2C_as_mni_average_305.4dfp.img
dimensions:      256       256       256
mmppix:       1.0000   -1.0000   -1.0000
center:     128.0000 -129.0000 -129.0000
/opt/freesurfer/average/711-2B_as_mni_average_305_mask.4dfp.img
       256       256       256         1
  1.000000  1.000000  1.000000
orientation T byte_order littleendian
Reading mask: /opt/freesurfer/average/711-2B_as_mni_average_305_mask.4dfp.img (2306576 pixels)
talsrcimg_g11.4dfp.img
       256       256       256         1
  1.000000  1.000000  1.000000
orientation T byte_order littleendian
Reading image: talsrcimg_g11.4dfp.img
dimensions:      256       256       256
mmppix:       1.0000   -1.0000   -1.0000
center:     128.0000 -129.0000 -129.0000
fimgreg.f
image alignment mode   2311 decimal      907 hex
parameters
   -4.1547   31.0883   -6.2772   -1.2838  -10.3755  -10.9374
    3.2711   -1.2142   -2.0688   21.4144    5.7098  -22.7005
eta,q 0.97442 10.02961
niter,ni,del,rscale     5    3    5.0000    0.8000
parameters
   -4.1324   31.0296   -6.2597   -0.5753   -9.9598  -10.6615
    3.2427   -1.2586   -2.0409   21.3864    5.8601  -22.9233
eta,q 0.97460 10.08255
  0.0271  0.0265  0.0262  0.0273  0.0265  0.0264  0.0267  0.0276  0.0264  0.0265  0.0260  0.0259
  0.0263  0.0259  0.0259  0.0266  0.0260  0.0258  0.0260  0.0263  0.0259  0.0259  0.0257  0.0256
  0.0258  0.0256  0.0257  0.0260  0.0257  0.0255  0.0255  0.0256  0.0255  0.0256  0.0255  0.0254
  0.0256  0.0256  0.0256  0.0256  0.0255  0.0254  0.0254  0.0254  0.0254  0.0254  0.0254  0.0254
  0.0257  0.0257  0.0256  0.0254  0.0253  0.0254  0.0255  0.0257  0.0255  0.0254  0.0255  0.0255
  0.0262  0.0261  0.0258  0.0258  0.0255  0.0256  0.0260  0.0265  0.0259  0.0258  0.0256  0.0257
  0.0271  0.0266  0.0262  0.0268  0.0264  0.0262  0.0267  0.0276  0.0264  0.0267  0.0259  0.0260
niter,ni,del,rscale     4    3    5.0000    0.7000
parameters
   -4.1597   30.9883   -6.2516   -0.5266   -9.8580  -10.6245
    3.2528   -1.3415   -2.0580   21.5034    5.9110  -22.9831
eta,q 0.97463 10.09226
  0.0266  0.0262  0.0259  0.0267  0.0261  0.0260  0.0264  0.0271  0.0262  0.0263  0.0258  0.0258
  0.0259  0.0257  0.0256  0.0262  0.0258  0.0256  0.0258  0.0261  0.0257  0.0259  0.0256  0.0255
  0.0255  0.0255  0.0255  0.0257  0.0256  0.0254  0.0255  0.0255  0.0255  0.0256  0.0254  0.0254
  0.0254  0.0254  0.0254  0.0254  0.0254  0.0254  0.0254  0.0254  0.0254  0.0254  0.0254  0.0254
  0.0256  0.0255  0.0255  0.0254  0.0253  0.0254  0.0255  0.0257  0.0255  0.0253  0.0254  0.0254
  0.0260  0.0258  0.0256  0.0259  0.0255  0.0256  0.0258  0.0263  0.0257  0.0256  0.0256  0.0256
  0.0267  0.0262  0.0259  0.0269  0.0263  0.0260  0.0264  0.0271  0.0262  0.0263  0.0258  0.0258
niter,ni,del,rscale     3    3    5.0000    0.6000
parameters
   -4.1756   30.9734   -6.2560   -0.4197   -9.6764  -10.6523
    3.2505   -1.3773   -2.0559   21.6284    5.9371  -23.0367
eta,q 0.97468 10.10350
  0.0263  0.0260  0.0257  0.0264  0.0259  0.0258  0.0261  0.0266  0.0260  0.0260  0.0256  0.0256
  0.0258  0.0256  0.0255  0.0260  0.0257  0.0255  0.0257  0.0259  0.0256  0.0257  0.0255  0.0254
  0.0255  0.0254  0.0254  0.0256  0.0255  0.0254  0.0254  0.0255  0.0254  0.0255  0.0254  0.0253
  0.0254  0.0254  0.0254  0.0254  0.0254  0.0253  0.0253  0.0253  0.0253  0.0253  0.0253  0.0253
  0.0255  0.0255  0.0254  0.0254  0.0253  0.0254  0.0254  0.0255  0.0254  0.0253  0.0254  0.0254
  0.0258  0.0257  0.0255  0.0257  0.0255  0.0255  0.0257  0.0260  0.0256  0.0256  0.0255  0.0255
  0.0263  0.0260  0.0258  0.0264  0.0260  0.0258  0.0261  0.0266  0.0260  0.0261  0.0256  0.0256
niter,ni,del,rscale     2    3    5.0000    0.5000
parameters
   -4.1849   30.9555   -6.2711   -0.3274   -9.4633  -10.6671
    3.2412   -1.3894   -2.0466   21.7448    5.9702  -23.0554
eta,q 0.97472 10.11580
  0.0260  0.0258  0.0256  0.0261  0.0258  0.0256  0.0258  0.0262  0.0258  0.0259  0.0255  0.0255
  0.0256  0.0255  0.0254  0.0257  0.0256  0.0254  0.0255  0.0257  0.0255  0.0256  0.0254  0.0254
  0.0254  0.0254  0.0253  0.0255  0.0255  0.0253  0.0253  0.0254  0.0253  0.0254  0.0253  0.0253
  0.0253  0.0253  0.0253  0.0253  0.0253  0.0253  0.0253  0.0253  0.0253  0.0253  0.0253  0.0253
  0.0254  0.0254  0.0254  0.0254  0.0253  0.0253  0.0254  0.0254  0.0253  0.0253  0.0253  0.0253
  0.0256  0.0256  0.0254  0.0256  0.0254  0.0254  0.0255  0.0257  0.0255  0.0255  0.0254  0.0254
  0.0260  0.0258  0.0256  0.0261  0.0258  0.0256  0.0258  0.0262  0.0257  0.0259  0.0255  0.0255
niter,ni,del,rscale     1    3    5.0000    0.4000
parameters
   -4.1954   30.9537   -6.2922   -0.2535   -9.2884  -10.7082
    3.2223   -1.4062   -2.0477   21.8556    6.0350  -22.9887
eta,q 0.97474 10.12423
  0.0257  0.0256  0.0254  0.0258  0.0256  0.0254  0.0256  0.0259  0.0256  0.0257  0.0254  0.0254
  0.0255  0.0254  0.0254  0.0256  0.0255  0.0253  0.0254  0.0255  0.0254  0.0255  0.0253  0.0253
  0.0253  0.0253  0.0253  0.0254  0.0254  0.0253  0.0253  0.0253  0.0253  0.0254  0.0253  0.0253
  0.0253  0.0253  0.0253  0.0253  0.0253  0.0253  0.0253  0.0253  0.0253  0.0253  0.0253  0.0253
  0.0253  0.0253  0.0253  0.0253  0.0253  0.0253  0.0253  0.0253  0.0253  0.0253  0.0253  0.0253
  0.0255  0.0254  0.0254  0.0255  0.0254  0.0253  0.0254  0.0256  0.0254  0.0254  0.0253  0.0253
  0.0257  0.0256  0.0255  0.0258  0.0256  0.0254  0.0256  0.0259  0.0256  0.0257  0.0254  0.0254
registration optimization eta report
parameter search radius
    0.8000    0.8000    0.8000    2.4000    2.4000    2.4000
    2.4000    2.4000    2.4000    2.4000    2.4000    2.4000
100000*second partial in parameter space
       67.       51.       27.        9.        6.        3.
        6.       11.        5.        7.        2.        2.
  0.0257  0.0256  0.0254  0.0258  0.0256  0.0254  0.0256  0.0259  0.0256  0.0257  0.0254  0.0254
  0.0255  0.0254  0.0254  0.0256  0.0255  0.0253  0.0254  0.0255  0.0254  0.0255  0.0253  0.0253
  0.0253  0.0253  0.0253  0.0254  0.0254  0.0253  0.0253  0.0253  0.0253  0.0254  0.0253  0.0253
  0.0253  0.0253  0.0253  0.0253  0.0253  0.0253  0.0253  0.0253  0.0253  0.0253  0.0253  0.0253
  0.0253  0.0253  0.0253  0.0253  0.0253  0.0253  0.0253  0.0253  0.0253  0.0253  0.0253  0.0253
  0.0255  0.0254  0.0254  0.0255  0.0254  0.0253  0.0254  0.0256  0.0254  0.0254  0.0253  0.0253
  0.0257  0.0256  0.0255  0.0258  0.0256  0.0254  0.0256  0.0259  0.0256  0.0257  0.0254  0.0254
   -4.1954   30.9537   -6.2922   -0.2535   -9.2884  -10.7082
    3.2223   -1.4062   -2.0477   21.8556    6.0350  -22.9887
eta,q 0.97474 10.12423

---------------------------------------------------------------------
imgreg_4dfp /opt/freesurfer/average/711-2C_as_mni_average_305 /opt/freesurfer/average/711-2B_as_mni_average_305_mask talsrcimg_g11 none talsrcimg_to_711-2C_as_mni_average_305_t4 2311
---------------------------------------------------------------------

freesurfer imgreg_4dfp.c
/opt/freesurfer/average/711-2C_as_mni_average_305.4dfp.img
       256       256       256         1
  1.000000  1.000000  1.000000
orientation T byte_order littleendian
Reading image: /opt/freesurfer/average/711-2C_as_mni_average_305.4dfp.img
dimensions:      256       256       256
mmppix:       1.0000   -1.0000   -1.0000
center:     128.0000 -129.0000 -129.0000
/opt/freesurfer/average/711-2B_as_mni_average_305_mask.4dfp.img
       256       256       256         1
  1.000000  1.000000  1.000000
orientation T byte_order littleendian
Reading mask: /opt/freesurfer/average/711-2B_as_mni_average_305_mask.4dfp.img (2306576 pixels)
talsrcimg_g11.4dfp.img
       256       256       256         1
  1.000000  1.000000  1.000000
orientation T byte_order littleendian
Reading image: talsrcimg_g11.4dfp.img
dimensions:      256       256       256
mmppix:       1.0000   -1.0000   -1.0000
center:     128.0000 -129.0000 -129.0000
fimgreg.f
image alignment mode   2311 decimal      907 hex
parameters
   -4.1954   30.9537   -6.2922   -0.2535   -9.2884  -10.7082
    3.2223   -1.4062   -2.0477   21.8556    6.0350  -22.9887
eta,q 0.97474 10.12424
niter,ni,del,rscale     5    3    5.0000    0.8000
parameters
   -4.2074   31.0248   -6.3186   -0.7483  -10.0386  -10.6760
    3.3323   -1.3847   -2.0983   21.5012    5.8826  -22.9756
eta,q 0.97459 10.07678
  0.0269  0.0268  0.0259  0.0267  0.0261  0.0263  0.0267  0.0277  0.0264  0.0264  0.0259  0.0260
  0.0260  0.0259  0.0256  0.0260  0.0258  0.0257  0.0260  0.0264  0.0259  0.0259  0.0256  0.0256
  0.0254  0.0254  0.0253  0.0255  0.0255  0.0254  0.0256  0.0256  0.0255  0.0256  0.0255  0.0255
  0.0253  0.0253  0.0253  0.0253  0.0253  0.0254  0.0254  0.0254  0.0254  0.0254  0.0254  0.0254
  0.0255  0.0254  0.0253  0.0255  0.0254  0.0254  0.0255  0.0257  0.0255  0.0254  0.0255  0.0255
  0.0260  0.0258  0.0256  0.0263  0.0261  0.0257  0.0259  0.0265  0.0259  0.0260  0.0257  0.0256
  0.0270  0.0265  0.0260  0.0278  0.0273  0.0263  0.0266  0.0275  0.0265  0.0269  0.0260  0.0259
niter,ni,del,rscale     4    3    5.0000    0.7000
parameters
   -4.1793   30.9986   -6.2519   -0.5502   -9.8741  -10.6530
    3.2830   -1.3649   -2.0715   21.5169    5.8932  -22.9933
eta,q 0.97463 10.08988
  0.0267  0.0262  0.0260  0.0268  0.0261  0.0260  0.0263  0.0271  0.0262  0.0262  0.0258  0.0258
  0.0260  0.0257  0.0257  0.0262  0.0258  0.0256  0.0258  0.0261  0.0257  0.0258  0.0255  0.0255
  0.0256  0.0255  0.0255  0.0257  0.0256  0.0254  0.0255  0.0255  0.0255  0.0256  0.0254  0.0254
  0.0254  0.0254  0.0254  0.0254  0.0254  0.0254  0.0254  0.0254  0.0254  0.0254  0.0254  0.0254
  0.0255  0.0255  0.0255  0.0254  0.0253  0.0254  0.0255  0.0256  0.0255  0.0254  0.0254  0.0254
  0.0259  0.0258  0.0256  0.0258  0.0255  0.0256  0.0258  0.0262  0.0257  0.0257  0.0256  0.0256
  0.0266  0.0262  0.0259  0.0267  0.0262  0.0260  0.0264  0.0270  0.0262  0.0264  0.0258  0.0258
niter,ni,del,rscale     3    3    5.0000    0.6000
parameters
   -4.1776   30.9722   -6.2593   -0.4316   -9.6715  -10.6594
    3.2563   -1.3781   -2.0575   21.6241    5.9452  -23.0256
eta,q 0.97467 10.10293
  0.0263  0.0260  0.0257  0.0264  0.0259  0.0258  0.0261  0.0267  0.0260  0.0260  0.0257  0.0256
  0.0258  0.0256  0.0255  0.0260  0.0257  0.0255  0.0257  0.0259  0.0256  0.0257  0.0255  0.0254
  0.0255  0.0254  0.0254  0.0256  0.0255  0.0254  0.0254  0.0255  0.0254  0.0255  0.0254  0.0253
  0.0254  0.0254  0.0254  0.0254  0.0254  0.0253  0.0253  0.0253  0.0253  0.0253  0.0253  0.0253
  0.0255  0.0255  0.0254  0.0254  0.0253  0.0254  0.0254  0.0255  0.0254  0.0253  0.0254  0.0254
  0.0258  0.0257  0.0255  0.0257  0.0255  0.0255  0.0257  0.0260  0.0256  0.0256  0.0255  0.0255
  0.0263  0.0260  0.0258  0.0264  0.0260  0.0258  0.0261  0.0266  0.0259  0.0261  0.0256  0.0256
niter,ni,del,rscale     2    3    5.0000    0.5000
parameters
   -4.1841   30.9578   -6.2708   -0.3255   -9.4629  -10.6709
    3.2349   -1.3896   -2.0583   21.7486    5.9810  -23.0547
eta,q 0.97472 10.11586
  0.0260  0.0258  0.0256  0.0261  0.0258  0.0256  0.0258  0.0262  0.0258  0.0259  0.0255  0.0255
  0.0256  0.0255  0.0254  0.0258  0.0256  0.0254  0.0255  0.0257  0.0255  0.0256  0.0254  0.0254
  0.0254  0.0254  0.0253  0.0255  0.0255  0.0253  0.0253  0.0254  0.0253  0.0254  0.0253  0.0253
  0.0253  0.0253  0.0253  0.0253  0.0253  0.0253  0.0253  0.0253  0.0253  0.0253  0.0253  0.0253
  0.0254  0.0254  0.0254  0.0253  0.0253  0.0253  0.0254  0.0254  0.0253  0.0253  0.0253  0.0253
  0.0256  0.0256  0.0254  0.0256  0.0254  0.0254  0.0255  0.0257  0.0255  0.0255  0.0254  0.0254
  0.0260  0.0258  0.0256  0.0261  0.0258  0.0256  0.0258  0.0262  0.0258  0.0259  0.0255  0.0255
niter,ni,del,rscale     1    3    5.0000    0.4000
parameters
   -4.1942   30.9530   -6.2903   -0.2527   -9.2894  -10.7043
    3.2198   -1.4031   -2.0501   21.8526    6.0387  -23.0159
eta,q 0.97474 10.12461
  0.0257  0.0256  0.0254  0.0258  0.0256  0.0254  0.0256  0.0259  0.0256  0.0257  0.0254  0.0254
  0.0255  0.0254  0.0254  0.0256  0.0255  0.0253  0.0254  0.0255  0.0254  0.0255  0.0253  0.0253
  0.0253  0.0253  0.0253  0.0254  0.0254  0.0253  0.0253  0.0253  0.0253  0.0254  0.0253  0.0253
  0.0253  0.0253  0.0253  0.0253  0.0253  0.0253  0.0253  0.0253  0.0253  0.0253  0.0253  0.0253
  0.0253  0.0253  0.0253  0.0253  0.0253  0.0253  0.0253  0.0253  0.0253  0.0253  0.0253  0.0253
  0.0255  0.0254  0.0254  0.0255  0.0254  0.0253  0.0254  0.0256  0.0254  0.0254  0.0253  0.0253
  0.0257  0.0256  0.0255  0.0258  0.0256  0.0254  0.0256  0.0259  0.0256  0.0257  0.0254  0.0254
registration optimization eta report
parameter search radius
    0.8000    0.8000    0.8000    2.4000    2.4000    2.4000
    2.4000    2.4000    2.4000    2.4000    2.4000    2.4000
100000*second partial in parameter space
       67.       51.       26.        9.        6.        3.
        6.       11.        6.        7.        2.        2.
  0.0257  0.0256  0.0254  0.0258  0.0256  0.0254  0.0256  0.0259  0.0256  0.0257  0.0254  0.0254
  0.0255  0.0254  0.0254  0.0256  0.0255  0.0253  0.0254  0.0255  0.0254  0.0255  0.0253  0.0253
  0.0253  0.0253  0.0253  0.0254  0.0254  0.0253  0.0253  0.0253  0.0253  0.0254  0.0253  0.0253
  0.0253  0.0253  0.0253  0.0253  0.0253  0.0253  0.0253  0.0253  0.0253  0.0253  0.0253  0.0253
  0.0253  0.0253  0.0253  0.0253  0.0253  0.0253  0.0253  0.0253  0.0253  0.0253  0.0253  0.0253
  0.0255  0.0254  0.0254  0.0255  0.0254  0.0253  0.0254  0.0256  0.0254  0.0254  0.0253  0.0253
  0.0257  0.0256  0.0255  0.0258  0.0256  0.0254  0.0256  0.0259  0.0256  0.0257  0.0254  0.0254
   -4.1942   30.9530   -6.2903   -0.2527   -9.2894  -10.7043
    3.2198   -1.4031   -2.0501   21.8526    6.0387  -23.0159
eta,q 0.97474 10.12461

---------------------------------------------------------------------
compute_vox2vox talsrcimg talsrcimg_to_711-2C_as_mni_average_305_t4 /opt/freesurfer/average/711-2C_as_mni_average_305
---------------------------------------------------------------------

freesurfer compute_vox2vox.c
Reading: talsrcimg.4dfp.ifh
Reading: talsrcimg_to_711-2C_as_mni_average_305_t4
Reading: /opt/freesurfer/average/711-2C_as_mni_average_305.4dfp.ifh
Writing: talsrcimg_to_711-2C_as_mni_average_305_t4_vox2vox.txt

start time Tue Mar 10 06:44:08 CET 2026
end		time Tue Mar 10 06:44:21 CET 2026

mpr2mni305 success

avi2talxfm orig_nu.mgz /opt/freesurfer/average/mni305.cor.mgz talsrcimg_to_711-2C_as_mni_average_305_t4_vox2vox.txt transforms/talairach.auto.xfm
avi2talxfm done
mv -f /out/sourcedata/freesurfer/sub-v1s7x0051327_ses-1/mri/talsrcimg_to_711-2C_as_mni_average_305_t4_vox2vox.txt /out/sourcedata/freesurfer/sub-v1s7x0051327_ses-1/mri/transforms/talsrcimg_to_711-2C_as_mni_average_305_t4_vox2vox.txt
lta_convert --src orig_nu.mgz --trg /opt/freesurfer/average/mni305.cor.mgz --inxfm transforms/talairach.auto.xfm --outlta transforms/talairach.auto.xfm.lta --subject fsaverage
7.3.2

--src: orig_nu.mgz src image (geometry).
--trg: /opt/freesurfer/average/mni305.cor.mgz trg image (geometry).
--inmni: transforms/talairach.auto.xfm input MNI/XFM transform.
--outlta: transforms/talairach.auto.xfm.lta output LTA.
--s: fsaverage subject name
 LTA read, type : 1
 1.00053   0.02299  -0.02968   0.69508;
-0.05822   1.05307   0.26926  -19.71809;
 0.03664  -0.25317   1.03687  -20.23668;
 0.00000   0.00000   0.00000   1.00000;
setting subject to fsaverage
Writing  LTA to file transforms/talairach.auto.xfm.lta...
lta_convert successful.
 
 
Started at Tue Mar 10 06:44:07 CET 2026
Ended   at Tue Mar 10 06:44:21 CET 2026
talairach_avi done
