status file for recon-all
Tue Mar 10 06:30:17 CET 2026
#@# MotionCor Tue Mar 10 06:30:19 CET 2026
#@# Talairach Tue Mar 10 06:30:26 CET 2026
#@# Talairach Failure Detection Tue Mar 10 06:34:57 CET 2026
#@# Nu Intensity Correction Tue Mar 10 06:34:57 CET 2026
#@# Intensity Normalization Tue Mar 10 06:38:13 CET 2026
recon-all -s sub-v1s7x0051322_ses-1 finished without error at Tue Mar 10 06:39:45 CET 2026



#New# invocation of recon-all 



status file for recon-all
Tue Mar 10 06:46:33 CET 2026
#@# EM Registration Tue Mar 10 06:46:33 CET 2026
recon-all -s sub-v1s7x0051322_ses-1 finished without error at Tue Mar 10 06:48:12 CET 2026



#New# invocation of recon-all 



status file for recon-all
Tue Mar 10 06:48:13 CET 2026
#@# CA Normalize Tue Mar 10 06:48:13 CET 2026
#@# CA Reg Tue Mar 10 06:49:40 CET 2026
#@# SubCort Seg Tue Mar 10 07:38:02 CET 2026
#@# CC Seg Tue Mar 10 08:05:14 CET 2026
#@# Merge ASeg Tue Mar 10 08:05:48 CET 2026
#@# Intensity Normalization2 Tue Mar 10 08:05:48 CET 2026
#@# Mask BFS Tue Mar 10 08:08:11 CET 2026
#@# WM Segmentation Tue Mar 10 08:08:11 CET 2026
#@# Fill Tue Mar 10 08:10:06 CET 2026
recon-all -s sub-v1s7x0051322_ses-1 finished without error at Tue Mar 10 08:11:09 CET 2026



#New# invocation of recon-all 



status file for recon-all
Tue Mar 10 08:51:04 CET 2026
#@# white curv lh Tue Mar 10 08:51:04 CET 2026
#@# white area lh Tue Mar 10 08:51:04 CET 2026
#@# pial curv lh Tue Mar 10 08:51:04 CET 2026
#@# pial area lh Tue Mar 10 08:51:04 CET 2026
#@# thickness lh Tue Mar 10 08:51:04 CET 2026
#@# area and vertex vol lh Tue Mar 10 08:51:04 CET 2026
#@# white curv rh Tue Mar 10 08:51:04 CET 2026
#@# white area rh Tue Mar 10 08:51:04 CET 2026
#@# pial curv rh Tue Mar 10 08:51:04 CET 2026
#@# pial area rh Tue Mar 10 08:51:04 CET 2026
#@# thickness rh Tue Mar 10 08:51:04 CET 2026
#@# area and vertex vol rh Tue Mar 10 08:51:04 CET 2026
#@# Cortical ribbon mask Tue Mar 10 08:51:04 CET 2026
recon-all -s sub-v1s7x0051322_ses-1 finished without error at Tue Mar 10 08:55:30 CET 2026



#New# invocation of recon-all 



status file for recon-all
Tue Mar 10 09:02:02 CET 2026
#@# white curv lh Tue Mar 10 09:02:02 CET 2026
#@# white area lh Tue Mar 10 09:02:02 CET 2026
#@# pial curv lh Tue Mar 10 09:02:02 CET 2026
#@# pial area lh Tue Mar 10 09:02:02 CET 2026
#@# thickness lh Tue Mar 10 09:02:02 CET 2026
#@# area and vertex vol lh Tue Mar 10 09:02:02 CET 2026
#@# white curv rh Tue Mar 10 09:02:02 CET 2026
#@# white area rh Tue Mar 10 09:02:02 CET 2026
#@# pial curv rh Tue Mar 10 09:02:02 CET 2026
#@# pial area rh Tue Mar 10 09:02:02 CET 2026
#@# thickness rh Tue Mar 10 09:02:02 CET 2026
#@# area and vertex vol rh Tue Mar 10 09:02:02 CET 2026
#@# Curvature Stats lh Tue Mar 10 09:02:02 CET 2026
#@# Curvature Stats rh Tue Mar 10 09:02:05 CET 2026
#@# Relabel Hypointensities Tue Mar 10 09:02:07 CET 2026
#@# APas-to-ASeg Tue Mar 10 09:02:23 CET 2026
#@# AParc-to-ASeg aparc Tue Mar 10 09:02:30 CET 2026
#@# AParc-to-ASeg aparc.a2009s Tue Mar 10 09:02:55 CET 2026
#@# AParc-to-ASeg aparc.DKTatlas Tue Mar 10 09:03:20 CET 2026
#@# WMParc Tue Mar 10 09:03:44 CET 2026
#@# ASeg Stats Tue Mar 10 09:07:40 CET 2026
recon-all -s sub-v1s7x0051322_ses-1 finished without error at Tue Mar 10 09:08:17 CET 2026
