status file for recon-all
Tue Mar 10 08:11:14 CET 2026
#@# Tessellate lh Tue Mar 10 08:11:14 CET 2026
#@# Smooth1 lh Tue Mar 10 08:11:18 CET 2026
#@# Inflation1 lh Tue Mar 10 08:11:20 CET 2026
#@# QSphere lh Tue Mar 10 08:11:30 CET 2026
#@# Fix Topology lh Tue Mar 10 08:12:24 CET 2026
#@# Smooth2 lh Tue Mar 10 08:18:09 CET 2026
#@# Inflation2 lh Tue Mar 10 08:18:11 CET 2026
#@# Curv .H and .K lh Tue Mar 10 08:18:23 CET 2026
#@# Sphere lh Tue Mar 10 08:19:04 CET 2026
#@# Surf Reg lh Tue Mar 10 08:20:49 CET 2026
#@# Jacobian white lh Tue Mar 10 08:23:39 CET 2026
#@# AvgCurv lh Tue Mar 10 08:23:40 CET 2026
#@# Cortical Parc lh Tue Mar 10 08:23:41 CET 2026
#@# white curv lh Tue Mar 10 08:29:14 CET 2026
#@# white area lh Tue Mar 10 08:29:15 CET 2026
#@# pial curv lh Tue Mar 10 08:29:16 CET 2026
#@# pial area lh Tue Mar 10 08:29:18 CET 2026
#@# thickness lh Tue Mar 10 08:29:18 CET 2026
#@# area and vertex vol lh Tue Mar 10 08:29:45 CET 2026
#@# Curvature Stats lh Tue Mar 10 08:29:46 CET 2026
#@# Cortical Parc 2 lh Tue Mar 10 08:29:49 CET 2026
#@# Cortical Parc 3 lh Tue Mar 10 08:30:01 CET 2026
#@# WM/GM Contrast lh Tue Mar 10 08:30:11 CET 2026
recon-all -s sub-v1s7x0051322_ses-1 finished without error at Tue Mar 10 08:30:14 CET 2026



#New# invocation of recon-all 



status file for recon-all
Tue Mar 10 08:55:34 CET 2026
#@# white curv lh Tue Mar 10 08:55:34 CET 2026
#@# white area lh Tue Mar 10 08:55:34 CET 2026
#@# pial curv lh Tue Mar 10 08:55:34 CET 2026
#@# pial area lh Tue Mar 10 08:55:34 CET 2026
#@# thickness lh Tue Mar 10 08:55:34 CET 2026
#@# area and vertex vol lh Tue Mar 10 08:55:34 CET 2026
#@# Parcellation Stats lh Tue Mar 10 08:55:34 CET 2026
#@# Parcellation Stats 2 lh Tue Mar 10 08:55:50 CET 2026
#@# Parcellation Stats 3 lh Tue Mar 10 08:55:58 CET 2026
#@# BA_exvivo Labels lh Tue Mar 10 08:56:07 CET 2026
recon-all -s sub-v1s7x0051322_ses-1 finished without error at Tue Mar 10 08:58:44 CET 2026
