status file for recon-all
Tue Mar 10 08:30:16 CET 2026
#@# Tessellate rh Tue Mar 10 08:30:16 CET 2026
#@# Smooth1 rh Tue Mar 10 08:30:19 CET 2026
#@# Inflation1 rh Tue Mar 10 08:30:22 CET 2026
#@# QSphere rh Tue Mar 10 08:30:33 CET 2026
#@# Fix Topology rh Tue Mar 10 08:31:37 CET 2026
#@# Smooth2 rh Tue Mar 10 08:36:33 CET 2026
#@# Inflation2 rh Tue Mar 10 08:36:36 CET 2026
#@# Curv .H and .K rh Tue Mar 10 08:36:48 CET 2026
#@# Sphere rh Tue Mar 10 08:37:31 CET 2026
#@# Surf Reg rh Tue Mar 10 08:40:16 CET 2026
#@# Jacobian white rh Tue Mar 10 08:43:42 CET 2026
#@# AvgCurv rh Tue Mar 10 08:43:43 CET 2026
#@# Cortical Parc rh Tue Mar 10 08:43:44 CET 2026
#@# white curv rh Tue Mar 10 08:49:56 CET 2026
#@# white area rh Tue Mar 10 08:49:58 CET 2026
#@# pial curv rh Tue Mar 10 08:49:59 CET 2026
#@# pial area rh Tue Mar 10 08:50:01 CET 2026
#@# thickness rh Tue Mar 10 08:50:01 CET 2026
#@# area and vertex vol rh Tue Mar 10 08:50:30 CET 2026
#@# Curvature Stats rh Tue Mar 10 08:50:31 CET 2026
#@# Cortical Parc 2 rh Tue Mar 10 08:50:33 CET 2026
#@# Cortical Parc 3 rh Tue Mar 10 08:50:46 CET 2026
#@# WM/GM Contrast rh Tue Mar 10 08:50:57 CET 2026
recon-all -s sub-v1s7x0051322_ses-1 finished without error at Tue Mar 10 08:50:59 CET 2026



#New# invocation of recon-all 



status file for recon-all
Tue Mar 10 08:58:47 CET 2026
#@# white curv rh Tue Mar 10 08:58:47 CET 2026
#@# white area rh Tue Mar 10 08:58:47 CET 2026
#@# pial curv rh Tue Mar 10 08:58:47 CET 2026
#@# pial area rh Tue Mar 10 08:58:47 CET 2026
#@# thickness rh Tue Mar 10 08:58:47 CET 2026
#@# area and vertex vol rh Tue Mar 10 08:58:47 CET 2026
#@# Parcellation Stats rh Tue Mar 10 08:58:47 CET 2026
#@# Parcellation Stats 2 rh Tue Mar 10 08:59:03 CET 2026
#@# Parcellation Stats 3 rh Tue Mar 10 08:59:11 CET 2026
#@# BA_exvivo Labels rh Tue Mar 10 08:59:20 CET 2026
recon-all -s sub-v1s7x0051322_ses-1 finished without error at Tue Mar 10 09:01:58 CET 2026
