status file for recon-all
Tue Mar 10 06:34:39 CET 2026
#@# MotionCor Tue Mar 10 06:34:40 CET 2026
#@# Talairach Tue Mar 10 06:34:45 CET 2026
#@# Talairach Failure Detection Tue Mar 10 06:37:35 CET 2026
#@# Nu Intensity Correction Tue Mar 10 06:37:35 CET 2026
#@# Intensity Normalization Tue Mar 10 06:40:20 CET 2026
recon-all -s sub-v1s7x0051323_ses-1 finished without error at Tue Mar 10 06:41:25 CET 2026



#New# invocation of recon-all 



status file for recon-all
Tue Mar 10 06:46:49 CET 2026
#@# EM Registration Tue Mar 10 06:46:49 CET 2026
recon-all -s sub-v1s7x0051323_ses-1 finished without error at Tue Mar 10 06:48:36 CET 2026



#New# invocation of recon-all 



status file for recon-all
Tue Mar 10 06:48:39 CET 2026
#@# CA Normalize Tue Mar 10 06:48:39 CET 2026
#@# CA Reg Tue Mar 10 06:49:33 CET 2026
#@# SubCort Seg Tue Mar 10 07:38:42 CET 2026
#@# CC Seg Tue Mar 10 08:01:49 CET 2026
#@# Merge ASeg Tue Mar 10 08:02:07 CET 2026
#@# Intensity Normalization2 Tue Mar 10 08:02:07 CET 2026
#@# Mask BFS Tue Mar 10 08:03:36 CET 2026
#@# WM Segmentation Tue Mar 10 08:03:37 CET 2026
#@# Fill Tue Mar 10 08:05:13 CET 2026
recon-all -s sub-v1s7x0051323_ses-1 finished without error at Tue Mar 10 08:05:50 CET 2026



#New# invocation of recon-all 



status file for recon-all
Tue Mar 10 08:55:30 CET 2026
#@# white curv lh Tue Mar 10 08:55:30 CET 2026
#@# white area lh Tue Mar 10 08:55:30 CET 2026
#@# pial curv lh Tue Mar 10 08:55:30 CET 2026
#@# pial area lh Tue Mar 10 08:55:30 CET 2026
#@# thickness lh Tue Mar 10 08:55:30 CET 2026
#@# area and vertex vol lh Tue Mar 10 08:55:30 CET 2026
#@# white curv rh Tue Mar 10 08:55:30 CET 2026
#@# white area rh Tue Mar 10 08:55:30 CET 2026
#@# pial curv rh Tue Mar 10 08:55:30 CET 2026
#@# pial area rh Tue Mar 10 08:55:30 CET 2026
#@# thickness rh Tue Mar 10 08:55:30 CET 2026
#@# area and vertex vol rh Tue Mar 10 08:55:30 CET 2026
#@# Cortical ribbon mask Tue Mar 10 08:55:30 CET 2026
recon-all -s sub-v1s7x0051323_ses-1 finished without error at Tue Mar 10 09:01:46 CET 2026



#New# invocation of recon-all 



status file for recon-all
Tue Mar 10 09:07:36 CET 2026
#@# white curv lh Tue Mar 10 09:07:36 CET 2026
#@# white area lh Tue Mar 10 09:07:36 CET 2026
#@# pial curv lh Tue Mar 10 09:07:36 CET 2026
#@# pial area lh Tue Mar 10 09:07:36 CET 2026
#@# thickness lh Tue Mar 10 09:07:36 CET 2026
#@# area and vertex vol lh Tue Mar 10 09:07:36 CET 2026
#@# white curv rh Tue Mar 10 09:07:36 CET 2026
#@# white area rh Tue Mar 10 09:07:36 CET 2026
#@# pial curv rh Tue Mar 10 09:07:36 CET 2026
#@# pial area rh Tue Mar 10 09:07:36 CET 2026
#@# thickness rh Tue Mar 10 09:07:36 CET 2026
#@# area and vertex vol rh Tue Mar 10 09:07:36 CET 2026
#@# Curvature Stats lh Tue Mar 10 09:07:36 CET 2026
#@# Curvature Stats rh Tue Mar 10 09:07:38 CET 2026
#@# Relabel Hypointensities Tue Mar 10 09:07:40 CET 2026
#@# APas-to-ASeg Tue Mar 10 09:07:52 CET 2026
#@# AParc-to-ASeg aparc Tue Mar 10 09:07:59 CET 2026
#@# AParc-to-ASeg aparc.a2009s Tue Mar 10 09:08:23 CET 2026
#@# AParc-to-ASeg aparc.DKTatlas Tue Mar 10 09:08:53 CET 2026
#@# WMParc Tue Mar 10 09:09:20 CET 2026
#@# ASeg Stats Tue Mar 10 09:11:00 CET 2026
recon-all -s sub-v1s7x0051323_ses-1 finished without error at Tue Mar 10 09:11:19 CET 2026
