status file for recon-all
Tue Mar 10 08:05:54 CET 2026
#@# Tessellate lh Tue Mar 10 08:05:54 CET 2026
#@# Smooth1 lh Tue Mar 10 08:05:57 CET 2026
#@# Inflation1 lh Tue Mar 10 08:05:59 CET 2026
#@# QSphere lh Tue Mar 10 08:06:12 CET 2026
#@# Fix Topology lh Tue Mar 10 08:07:05 CET 2026
#@# Smooth2 lh Tue Mar 10 08:12:21 CET 2026
#@# Inflation2 lh Tue Mar 10 08:12:24 CET 2026
#@# Curv .H and .K lh Tue Mar 10 08:12:37 CET 2026
#@# Sphere lh Tue Mar 10 08:13:19 CET 2026
#@# Surf Reg lh Tue Mar 10 08:19:05 CET 2026
#@# Jacobian white lh Tue Mar 10 08:25:30 CET 2026
#@# AvgCurv lh Tue Mar 10 08:25:31 CET 2026
#@# Cortical Parc lh Tue Mar 10 08:25:31 CET 2026
#@# white curv lh Tue Mar 10 08:32:11 CET 2026
#@# white area lh Tue Mar 10 08:32:13 CET 2026
#@# pial curv lh Tue Mar 10 08:32:13 CET 2026
#@# pial area lh Tue Mar 10 08:32:15 CET 2026
#@# thickness lh Tue Mar 10 08:32:16 CET 2026
#@# area and vertex vol lh Tue Mar 10 08:32:37 CET 2026
#@# Curvature Stats lh Tue Mar 10 08:32:39 CET 2026
#@# Cortical Parc 2 lh Tue Mar 10 08:32:41 CET 2026
#@# Cortical Parc 3 lh Tue Mar 10 08:32:51 CET 2026
#@# WM/GM Contrast lh Tue Mar 10 08:32:59 CET 2026
recon-all -s sub-v1s7x0051323_ses-1 finished without error at Tue Mar 10 08:33:02 CET 2026



#New# invocation of recon-all 



status file for recon-all
Tue Mar 10 09:01:50 CET 2026
#@# white curv lh Tue Mar 10 09:01:50 CET 2026
#@# white area lh Tue Mar 10 09:01:50 CET 2026
#@# pial curv lh Tue Mar 10 09:01:50 CET 2026
#@# pial area lh Tue Mar 10 09:01:50 CET 2026
#@# thickness lh Tue Mar 10 09:01:50 CET 2026
#@# area and vertex vol lh Tue Mar 10 09:01:50 CET 2026
#@# Parcellation Stats lh Tue Mar 10 09:01:50 CET 2026
#@# Parcellation Stats 2 lh Tue Mar 10 09:02:07 CET 2026
#@# Parcellation Stats 3 lh Tue Mar 10 09:02:16 CET 2026
#@# BA_exvivo Labels lh Tue Mar 10 09:02:25 CET 2026
recon-all -s sub-v1s7x0051323_ses-1 finished without error at Tue Mar 10 09:04:36 CET 2026
