status file for recon-all
Tue Mar 10 08:33:04 CET 2026
#@# Tessellate rh Tue Mar 10 08:33:04 CET 2026
#@# Smooth1 rh Tue Mar 10 08:33:06 CET 2026
#@# Inflation1 rh Tue Mar 10 08:33:09 CET 2026
#@# QSphere rh Tue Mar 10 08:33:24 CET 2026
#@# Fix Topology rh Tue Mar 10 08:34:40 CET 2026
#@# Smooth2 rh Tue Mar 10 08:40:00 CET 2026
#@# Inflation2 rh Tue Mar 10 08:40:03 CET 2026
#@# Curv .H and .K rh Tue Mar 10 08:40:17 CET 2026
#@# Sphere rh Tue Mar 10 08:40:59 CET 2026
#@# Surf Reg rh Tue Mar 10 08:43:06 CET 2026
#@# Jacobian white rh Tue Mar 10 08:47:15 CET 2026
#@# AvgCurv rh Tue Mar 10 08:47:16 CET 2026
#@# Cortical Parc rh Tue Mar 10 08:47:17 CET 2026
#@# white curv rh Tue Mar 10 08:54:35 CET 2026
#@# white area rh Tue Mar 10 08:54:37 CET 2026
#@# pial curv rh Tue Mar 10 08:54:37 CET 2026
#@# pial area rh Tue Mar 10 08:54:39 CET 2026
#@# thickness rh Tue Mar 10 08:54:39 CET 2026
#@# area and vertex vol rh Tue Mar 10 08:55:02 CET 2026
#@# Curvature Stats rh Tue Mar 10 08:55:03 CET 2026
#@# Cortical Parc 2 rh Tue Mar 10 08:55:05 CET 2026
#@# Cortical Parc 3 rh Tue Mar 10 08:55:16 CET 2026
#@# WM/GM Contrast rh Tue Mar 10 08:55:24 CET 2026
recon-all -s sub-v1s7x0051323_ses-1 finished without error at Tue Mar 10 08:55:26 CET 2026



#New# invocation of recon-all 



status file for recon-all
Tue Mar 10 09:04:38 CET 2026
#@# white curv rh Tue Mar 10 09:04:38 CET 2026
#@# white area rh Tue Mar 10 09:04:38 CET 2026
#@# pial curv rh Tue Mar 10 09:04:38 CET 2026
#@# pial area rh Tue Mar 10 09:04:38 CET 2026
#@# thickness rh Tue Mar 10 09:04:38 CET 2026
#@# area and vertex vol rh Tue Mar 10 09:04:38 CET 2026
#@# Parcellation Stats rh Tue Mar 10 09:04:38 CET 2026
#@# Parcellation Stats 2 rh Tue Mar 10 09:04:56 CET 2026
#@# Parcellation Stats 3 rh Tue Mar 10 09:05:06 CET 2026
#@# BA_exvivo Labels rh Tue Mar 10 09:05:15 CET 2026
recon-all -s sub-v1s7x0051323_ses-1 finished without error at Tue Mar 10 09:07:31 CET 2026
