/out/sourcedata/freesurfer/sub-v1s7x0051324_ses-1/mri
/opt/freesurfer/bin/talairach_avi
--i orig_nu.mgz --xfm transforms/talairach.auto.xfm
talairach_avi 7.3.2
Linux dna056 5.14.0-427.37.1.el9_4.x86_64 #1 SMP PREEMPT_DYNAMIC Fri Sep 13 12:41:50 EDT 2024 x86_64 x86_64 x86_64 GNU/Linux
Tue Mar 10 06:41:09 CET 2026
mri_convert orig_nu.mgz talsrcimg.img 
reading from orig_nu.mgz...
TR=0.00, TE=0.00, TI=0.00, flip angle=0.00
i_ras = (-1, 0, 0)
j_ras = (0, 0, -1)
k_ras = (0, 1, 0)
writing to talsrcimg.img...
Analyze Output Matrix
-1.00000   0.00000   0.00000   130.85593;
 0.00000   0.00000   1.00000  -124.43221;
 0.00000  -1.00000   0.00000   157.80508;
 0.00000   0.00000   0.00000   1.00000;
--------------------
INFO: set hdr.hist.orient to -1
mpr2mni305 talsrcimg
Tue Mar 10 06:41:10 CET 2026
/opt/freesurfer/bin/mpr2mni305 talsrcimg
mpr2mni305 7.3.2
target=711-2C_as_mni_average_305

---------------------------------------------------------------------
analyzeto4dfp talsrcimg -O0 -y
---------------------------------------------------------------------

freesurfer ifh2hdr.c
Tue Mar 10 06:41:10 2026
Writing: talsrcimg.4dfp.hdr
freesurfer analyzeto4dfp.c
Reading: talsrcimg.hdr
header size 348 bytes
hdr.dime.datatype	offset=70	value=2
hdr.dime.bitpix		offset=72	value=8
hdr.hist.orient		offset=252	value=-1
dimensionality     4
dimensions       256       256       256         1
Reading: talsrcimg.img
Writing: talsrcimg.4dfp.img
Writing: talsrcimg.4dfp.ifh
ifh2hdr talsrcimg -r0to233
ori=2

---------------------------------------------------------------------
gauss_4dfp talsrcimg 1.1
---------------------------------------------------------------------

freesurfer gauss_4dfp.c
Reading: talsrcimg.4dfp.img
Writing: talsrcimg_g11.4dfp.img
image dimensions 256 256 256 padded to 288 288 288
processing volume 1freesurfer ifh2hdr.c
Tue Mar 10 06:41:12 2026
Writing: talsrcimg_g11.4dfp.hdr

Writing: talsrcimg_g11.4dfp.ifh
including: talsrcimg.4dfp.img.rec in talsrcimg_g11.4dfp.img.rec

---------------------------------------------------------------------
imgreg_4dfp /opt/freesurfer/average/711-2C_as_mni_average_305 none talsrcimg_g11 none talsrcimg_to_711-2C_as_mni_average_305_t4 4355
---------------------------------------------------------------------

freesurfer imgreg_4dfp.c
/opt/freesurfer/average/711-2C_as_mni_average_305.4dfp.img
       256       256       256         1
  1.000000  1.000000  1.000000
orientation T byte_order littleendian
Reading image: /opt/freesurfer/average/711-2C_as_mni_average_305.4dfp.img
dimensions:      256       256       256
mmppix:       1.0000   -1.0000   -1.0000
center:     128.0000 -129.0000 -129.0000
talsrcimg_g11.4dfp.img
       256       256       256         1
  1.000000  1.000000  1.000000
orientation T byte_order littleendian
Reading image: talsrcimg_g11.4dfp.img
dimensions:      256       256       256
mmppix:       1.0000   -1.0000   -1.0000
center:     128.0000 -129.0000 -129.0000
t4_read: open error in t4_sub.f l:  41 t4_file(1:l)talsrcimg_to_711-2C_as_mni_average_305_t4 
t4_read: transform initialized to I4
rotation matrix determinant  1.000000
image alignment mode   4355 decimal     1103 hex
   -7.5000  -45.0000  -45.0000 9844.6211   15.0390
    0.0000  -45.0000  -45.000010261.6006   15.0844
    7.5000  -45.0000  -45.0000 9717.5898   15.0759
   -7.5000  -37.5000  -45.000010131.4043   14.9182
    0.0000  -37.5000  -45.000010594.6592   14.9604
    7.5000  -37.5000  -45.0000 9993.1836   14.9486
   -7.5000  -30.0000  -45.000010796.5752   14.7905
    0.0000  -30.0000  -45.000011279.7393   14.8403
    7.5000  -30.0000  -45.000010640.1885   14.8283
   -7.5000  -22.5000  -45.000011439.9102   14.7811
    0.0000  -22.5000  -45.000011940.6846   14.8429
    7.5000  -22.5000  -45.000011290.6484   14.8336
   -7.5000  -15.0000  -45.000011976.1211   14.9026
    0.0000  -15.0000  -45.000012519.2793   14.9700
    7.5000  -15.0000  -45.000011811.8838   14.9634
   -7.5000   -7.5000  -45.000012427.9326   15.0328
    0.0000   -7.5000  -45.000013010.2676   15.0916
    7.5000   -7.5000  -45.000012240.5371   15.0854
   -7.5000    0.0000  -45.000012913.5010   15.0390
    0.0000    0.0000  -45.000013512.5342   15.0844
    7.5000    0.0000  -45.000012712.0908   15.0759
   -7.5000    7.5000  -45.000012199.3027   14.9182
    0.0000    7.5000  -45.000012783.9111   14.9604
    7.5000    7.5000  -45.000012028.2354   14.9486
   -7.5000   15.0000  -45.000010992.2686   14.7905
    0.0000   15.0000  -45.000011488.8984   14.8403
    7.5000   15.0000  -45.000010833.5889   14.8283
   -7.5000   22.5000  -45.0000 9966.3301   14.7790
    0.0000   22.5000  -45.000010397.5439   14.8409
    7.5000   22.5000  -45.0000 9797.7324   14.8316
   -7.5000   30.0000  -45.0000 8877.3799   14.7040
    0.0000   30.0000  -45.0000 9231.3682   14.7705
    7.5000   30.0000  -45.0000 8741.1699   14.7640
   -7.5000   37.5000  -45.0000 8111.0928   14.8325
    0.0000   37.5000  -45.0000 8407.0225   14.8905
    7.5000   37.5000  -45.0000 7958.1284   14.8844
   -7.5000   45.0000  -45.0000 7074.6001   14.4618
    0.0000   45.0000  -45.0000 7315.1060   14.5055
    7.5000   45.0000  -45.0000 6937.7256   14.4973
   -7.5000  -45.0000  -37.500010354.0010   15.0264
    0.0000  -45.0000  -37.500010798.6973   15.0739
    7.5000  -45.0000  -37.500010247.2852   15.0624
   -7.5000  -37.5000  -37.500010648.7676   14.9007
    0.0000  -37.5000  -37.500011143.2607   14.9435
    7.5000  -37.5000  -37.500010525.2822   14.9284
   -7.5000  -30.0000  -37.500011361.6406   14.7767
    0.0000  -30.0000  -37.500011867.6387   14.8257
    7.5000  -30.0000  -37.500011215.5225   14.8102
   -7.5000  -22.5000  -37.500012044.3145   14.7755
    0.0000  -22.5000  -37.500012583.5820   14.8364
    7.5000  -22.5000  -37.500011875.9648   14.8242
   -7.5000  -15.0000  -37.500012616.5557   14.9025
    0.0000  -15.0000  -37.500013190.3555   14.9703
    7.5000  -15.0000  -37.500012436.4912   14.9612
   -7.5000   -7.5000  -37.500013054.9043   15.0295
    0.0000   -7.5000  -37.500013674.3047   15.0899
    7.5000   -7.5000  -37.500012860.8184   15.0813
   -7.5000    0.0000  -37.500013533.8789   15.0264
    0.0000    0.0000  -37.500014185.2764   15.0739
    7.5000    0.0000  -37.500013354.2803   15.0624
   -7.5000    7.5000  -37.500012732.4287   14.9007
    0.0000    7.5000  -37.500013352.2383   14.9435
    7.5000    7.5000  -37.500012604.9688   14.9284
   -7.5000   15.0000  -37.500011430.7109   14.7767
    0.0000   15.0000  -37.500011987.4375   14.8257
    7.5000   15.0000  -37.500011335.7812   14.8102
   -7.5000   22.5000  -37.500010342.3506   14.7735
    0.0000   22.5000  -37.500010817.9287   14.8343
    7.5000   22.5000  -37.500010216.0605   14.8221
   -7.5000   30.0000  -37.5000 9236.0039   14.7039
    0.0000   30.0000  -37.5000 9623.0684   14.7708
    7.5000   30.0000  -37.5000 9118.1055   14.7618
   -7.5000   37.5000  -37.5000 8420.0430   14.8292
    0.0000   37.5000  -37.5000 8735.3291   14.8889
    7.5000   37.5000  -37.5000 8292.2607   14.8803
   -7.5000   45.0000  -37.5000 7309.8291   14.4497
    0.0000   45.0000  -37.5000 7569.3896   14.4953
    7.5000   45.0000  -37.5000 7204.8354   14.4843
   -7.5000  -45.0000  -30.000011002.6572   15.6547
    0.0000  -45.0000  -30.000011482.6006   15.7084
    7.5000  -45.0000  -30.000010902.8887   15.6925
   -7.5000  -37.5000  -30.000011325.4297   15.5216
    0.0000  -37.5000  -30.000011838.3301   15.5702
    7.5000  -37.5000  -30.000011204.7207   15.5506
   -7.5000  -30.0000  -30.000012087.1553   15.3940
    0.0000  -30.0000  -30.000012637.4199   15.4467
    7.5000  -30.0000  -30.000011935.3896   15.4255
   -7.5000  -22.5000  -30.000012848.8965   15.3956
    0.0000  -22.5000  -30.000013449.6660   15.4587
    7.5000  -22.5000  -30.000012663.4170   15.4396
   -7.5000  -15.0000  -30.000013459.5713   15.5294
    0.0000  -15.0000  -30.000014075.9131   15.5997
    7.5000  -15.0000  -30.000013276.5430   15.5839
   -7.5000   -7.5000  -30.000013900.8330   15.6611
    0.0000   -7.5000  -30.000014561.3662   15.7258
    7.5000   -7.5000  -30.000013722.2168   15.7116
   -7.5000    0.0000  -30.000014355.1611   15.6547
    0.0000    0.0000  -30.000015054.9814   15.7084
    7.5000    0.0000  -30.000014191.8828   15.6925
   -7.5000    7.5000  -30.000013474.5215   15.5216
    0.0000    7.5000  -30.000014129.7568   15.5702
    7.5000    7.5000  -30.000013346.3086   15.5506
   -7.5000   15.0000  -30.000012134.6514   15.3940
    0.0000   15.0000  -30.000012698.7012   15.4467
    7.5000   15.0000  -30.000012023.5459   15.4255
   -7.5000   22.5000  -30.000010927.7041   15.3919
    0.0000   22.5000  -30.000011436.3975   15.4550
    7.5000   22.5000  -30.000010810.1494   15.4359
   -7.5000   30.0000  -30.0000 9744.5332   15.3239
    0.0000   30.0000  -30.000010186.7520   15.3932
    7.5000   30.0000  -30.0000 9615.8975   15.3776
   -7.5000   37.5000  -30.0000 8869.9932   15.4538
    0.0000   37.5000  -30.0000 9234.1143   15.5178
    7.5000   37.5000  -30.0000 8736.2305   15.5037
   -7.5000   45.0000  -30.0000 7675.4189   15.0650
    0.0000   45.0000  -30.0000 7976.7856   15.1166
    7.5000   45.0000  -30.0000 7574.9019   15.1013
   -7.5000  -45.0000  -22.500011675.1885   16.2041
    0.0000  -45.0000  -22.500012193.6230   16.2620
    7.5000  -45.0000  -22.500011554.7441   16.2451
   -7.5000  -37.5000  -22.500011994.6768   16.0688
    0.0000  -37.5000  -22.500012526.8574   16.1227
    7.5000  -37.5000  -22.500011876.1895   16.1026
   -7.5000  -30.0000  -22.500012808.1143   15.9333
    0.0000  -30.0000  -22.500013399.8447   15.9905
    7.5000  -30.0000  -22.500012661.8223   15.9675
   -7.5000  -22.5000  -22.500013634.5215   15.9282
    0.0000  -22.5000  -22.500014282.2461   15.9946
    7.5000  -22.5000  -22.500013477.1338   15.9720
   -7.5000  -15.0000  -22.500014240.6758   16.0625
    0.0000  -15.0000  -22.500014942.0879   16.1350
    7.5000  -15.0000  -22.500014098.2217   16.1150
   -7.5000   -7.5000  -22.500014702.2773   16.2028
    0.0000   -7.5000  -22.500015444.5400   16.2703
    7.5000   -7.5000  -22.500014556.8037   16.2531
   -7.5000    0.0000  -22.500015195.1074   16.2041
    0.0000    0.0000  -22.500015968.5938   16.2620
    7.5000    0.0000  -22.500015036.9600   16.2451
   -7.5000    7.5000  -22.500014199.0664   16.0688
    0.0000    7.5000  -22.500014909.7148   16.1227
    7.5000    7.5000  -22.500014048.8262   16.1026
   -7.5000   15.0000  -22.500012814.7559   15.9333
    0.0000   15.0000  -22.500013444.5049   15.9905
    7.5000   15.0000  -22.500012659.7891   15.9675
   -7.5000   22.5000  -22.500011517.4980   15.9233
    0.0000   22.5000  -22.500012071.9766   15.9897
    7.5000   22.5000  -22.500011378.5928   15.9670
   -7.5000   30.0000  -22.500010265.6934   15.8524
    0.0000   30.0000  -22.500010747.7939   15.9240
    7.5000   30.0000  -22.500010129.2012   15.9042
   -7.5000   37.5000  -22.5000 9343.3896   15.9909
    0.0000   37.5000  -22.5000 9743.3906   16.0575
    7.5000   37.5000  -22.5000 9195.6074   16.0405
   -7.5000   45.0000  -22.5000 8079.6704   15.6054
    0.0000   45.0000  -22.5000 8419.7793   15.6611
    7.5000   45.0000  -22.5000 7959.0850   15.6449
   -7.5000  -45.0000  -15.000012327.3779   16.6082
    0.0000  -45.0000  -15.000012909.7695   16.6657
    7.5000  -45.0000  -15.000012194.1348   16.6514
   -7.5000  -37.5000  -15.000012625.8770   16.4740
    0.0000  -37.5000  -15.000013211.6689   16.5289
    7.5000  -37.5000  -15.000012542.3564   16.5117
   -7.5000  -30.0000  -15.000013456.6699   16.3303
    0.0000  -30.0000  -15.000014114.9521   16.3903
    7.5000  -30.0000  -15.000013364.7686   16.3702
   -7.5000  -22.5000  -15.000014297.6562   16.3164
    0.0000  -22.5000  -15.000015033.8379   16.3859
    7.5000  -22.5000  -15.000014200.8877   16.3655
   -7.5000  -15.0000  -15.000014979.9785   16.4487
    0.0000  -15.0000  -15.000015766.6045   16.5233
    7.5000  -15.0000  -15.000014856.4912   16.5047
   -7.5000   -7.5000  -15.000015507.3760   16.5968
    0.0000   -7.5000  -15.000016301.8604   16.6645
    7.5000   -7.5000  -15.000015330.2812   16.6491
   -7.5000    0.0000  -15.000016052.6621   16.6082
    0.0000    0.0000  -15.000016868.4121   16.6657
    7.5000    0.0000  -15.000015826.8643   16.6514
   -7.5000    7.5000  -15.000014989.8936   16.4740
    0.0000    7.5000  -15.000015748.7207   16.5289
    7.5000    7.5000  -15.000014759.4512   16.5117
   -7.5000   15.0000  -15.000013532.7373   16.3303
    0.0000   15.0000  -15.000014184.1836   16.3903
    7.5000   15.0000  -15.000013310.3594   16.3702
   -7.5000   22.5000  -15.000012135.8477   16.3106
    0.0000   22.5000  -15.000012710.4746   16.3801
    7.5000   22.5000  -15.000011942.0762   16.3597
   -7.5000   30.0000  -15.000010795.7783   16.2358
    0.0000   30.0000  -15.000011307.5791   16.3094
    7.5000   30.0000  -15.000010611.5391   16.2911
   -7.5000   37.5000  -15.0000 9822.5254   16.3820
    0.0000   37.5000  -15.000010257.7842   16.4489
    7.5000   37.5000  -15.0000 9627.2939   16.4336
   -7.5000   45.0000  -15.0000 8471.4883   16.0042
    0.0000   45.0000  -15.0000 8845.5674   16.0596
    7.5000   45.0000  -15.0000 8337.7510   16.0458
   -7.5000  -45.0000   -7.500013043.7656   16.8057
    0.0000  -45.0000   -7.500013737.3867   16.8592
    7.5000  -45.0000   -7.500012846.6689   16.8485
   -7.5000  -37.5000   -7.500013428.5859   16.6729
    0.0000  -37.5000   -7.500014127.7051   16.7240
    7.5000  -37.5000   -7.500013304.1357   16.7102
   -7.5000  -30.0000   -7.500014245.9336   16.5272
    0.0000  -30.0000   -7.500014987.2363   16.5858
    7.5000  -30.0000   -7.500014133.8018   16.5704
   -7.5000  -22.5000   -7.500015085.2256   16.5107
    0.0000  -22.5000   -7.500015873.1074   16.5810
    7.5000  -22.5000   -7.500014907.3496   16.5667
   -7.5000  -15.0000   -7.500015815.7637   16.6427
    0.0000  -15.0000   -7.500016658.7402   16.7180
    7.5000  -15.0000   -7.500015548.4775   16.7058
   -7.5000   -7.5000   -7.500016443.0293   16.7920
    0.0000   -7.5000   -7.500017282.1777   16.8581
    7.5000   -7.5000   -7.500016072.7422   16.8479
   -7.5000    0.0000   -7.500017013.3340   16.8057
    0.0000    0.0000   -7.500017887.8848   16.8592
    7.5000    0.0000   -7.500016625.2793   16.8485
   -7.5000    7.5000   -7.500015820.7373   16.6729
    0.0000    7.5000   -7.500016648.6465   16.7240
    7.5000    7.5000   -7.500015487.9766   16.7102
   -7.5000   15.0000   -7.500014283.3408   16.5272
    0.0000   15.0000   -7.500015011.0117   16.5858
    7.5000   15.0000   -7.500013981.7969   16.5704
   -7.5000   22.5000   -7.500012793.7686   16.5031
    0.0000   22.5000   -7.500013424.2168   16.5734
    7.5000   22.5000   -7.500012534.2471   16.5590
   -7.5000   30.0000   -7.500011392.4385   16.4268
    0.0000   30.0000   -7.500011932.4170   16.5012
    7.5000   30.0000   -7.500011150.3105   16.4892
   -7.5000   37.5000   -7.500010341.6250   16.5743
    0.0000   37.5000   -7.500010810.6143   16.6395
    7.5000   37.5000   -7.500010118.8145   16.6294
   -7.5000   45.0000   -7.5000 8910.1924   16.1976
    0.0000   45.0000   -7.5000 9296.3164   16.2491
    7.5000   45.0000   -7.5000 8742.7920   16.2387
   -7.5000  -45.0000    0.000013648.0938   16.8291
    0.0000  -45.0000    0.000014403.6494   16.8799
    7.5000  -45.0000    0.000013218.7363   16.8704
   -7.5000  -37.5000    0.000014322.4297   16.6939
    0.0000  -37.5000    0.000015120.0781   16.7411
    7.5000  -37.5000    0.000013813.6953   16.7279
   -7.5000  -30.0000    0.000015175.3525   16.5510
    0.0000  -30.0000    0.000015993.6709   16.6067
    7.5000  -30.0000    0.000014653.3682   16.5932
   -7.5000  -22.5000    0.000015928.5254   16.5404
    0.0000  -22.5000    0.000016756.1074   16.6096
    7.5000  -22.5000    0.000015421.7900   16.5992
   -7.5000  -15.0000    0.000016618.0801   16.6764
    0.0000  -15.0000    0.000017476.9805   16.7519
    7.5000  -15.0000    0.000016104.9004   16.7444
   -7.5000   -7.5000    0.000017205.9863   16.8222
    0.0000   -7.5000    0.000018088.2129   16.8879
    7.5000   -7.5000    0.000016699.0273   16.8810
   -7.5000    0.0000    0.000017734.4609   16.8291
    0.0000    0.0000    0.000018665.1680   16.8799
    7.5000    0.0000    0.000017273.6348   16.8704
   -7.5000    7.5000    0.000016445.2051   16.6939
    0.0000    7.5000    0.000017307.0625   16.7411
    7.5000    7.5000    0.000016060.6816   16.7279
   -7.5000   15.0000    0.000014846.4658   16.5510
    0.0000   15.0000    0.000015606.0605   16.6067
    7.5000   15.0000    0.000014528.7285   16.5932
   -7.5000   22.5000    0.000013255.4854   16.5328
    0.0000   22.5000    0.000013925.7568   16.6019
    7.5000   22.5000    0.000012988.7715   16.5915
   -7.5000   30.0000    0.000011742.1143   16.4605
    0.0000   30.0000    0.000012337.8096   16.5351
    7.5000   30.0000    0.000011505.0215   16.5277
   -7.5000   37.5000    0.000010651.0869   16.6044
    0.0000   37.5000    0.000011154.9629   16.6694
    7.5000   37.5000    0.000010434.4990   16.6626
   -7.5000   45.0000    0.0000 9176.4238   16.2213
    0.0000   45.0000    0.0000 9585.0898   16.2703
    7.5000   45.0000    0.0000 9013.7627   16.2611
   -7.5000  -45.0000    7.500012910.7891   16.8149
    0.0000  -45.0000    7.500013669.9248   16.8681
    7.5000  -45.0000    7.500012534.4316   16.8552
   -7.5000  -37.5000    7.500013596.7168   16.6743
    0.0000  -37.5000    7.500014396.5088   16.7222
    7.5000  -37.5000    7.500013145.2070   16.7053
   -7.5000  -30.0000    7.500014462.3672   16.5355
    0.0000  -30.0000    7.500015213.9473   16.5903
    7.5000  -30.0000    7.500013983.5615   16.5730
   -7.5000  -22.5000    7.500015250.3389   16.5342
    0.0000  -22.5000    7.500016070.2998   16.6023
    7.5000  -22.5000    7.500014775.3438   16.5886
   -7.5000  -15.0000    7.500015908.2061   16.6763
    0.0000  -15.0000    7.500016795.5137   16.7521
    7.5000  -15.0000    7.500015481.7539   16.7420
   -7.5000   -7.5000    7.500016437.0938   16.8184
    0.0000   -7.5000    7.500017349.8145   16.8860
    7.5000   -7.5000    7.500016010.9453   16.8763
   -7.5000    0.0000    7.500016928.8223   16.8149
    0.0000    0.0000    7.500017854.2793   16.8681
    7.5000    0.0000    7.500016520.1348   16.8552
   -7.5000    7.5000    7.500015581.8643   16.6743
    0.0000    7.5000    7.500016441.6562   16.7222
    7.5000    7.5000    7.500015266.1787   16.7053
   -7.5000   15.0000    7.500014088.9561   16.5355
    0.0000   15.0000    7.500014865.5664   16.5903
    7.5000   15.0000    7.500013834.0879   16.5730
   -7.5000   22.5000    7.500012599.5146   16.5265
    0.0000   22.5000    7.500013259.9316   16.5946
    7.5000   22.5000    7.500012397.3633   16.5810
   -7.5000   30.0000    7.500011149.6523   16.4605
    0.0000   30.0000    7.500011715.1621   16.5353
    7.5000   30.0000    7.500010964.1855   16.5253
   -7.5000   37.5000    7.500010133.1973   16.6007
    0.0000   37.5000    7.500010601.5342   16.6675
    7.5000   37.5000    7.5000 9960.7979   16.6579
   -7.5000   45.0000    7.5000 8746.6572   16.2076
    0.0000   45.0000    7.5000 9147.6924   16.2589
    7.5000   45.0000    7.5000 8598.7344   16.2465
   -7.5000  -45.0000   15.000011963.8730   16.8303
    0.0000  -45.0000   15.000012682.0039   16.8878
    7.5000  -45.0000   15.000011801.5371   16.8708
   -7.5000  -37.5000   15.000012516.8213   16.6866
    0.0000  -37.5000   15.000013186.8467   16.7388
    7.5000  -37.5000   15.000012318.2832   16.7178
   -7.5000  -30.0000   15.000013312.9170   16.5491
    0.0000  -30.0000   15.000013934.3203   16.6056
    7.5000  -30.0000   15.000013097.1758   16.5828
   -7.5000  -22.5000   15.000014108.6787   16.5509
    0.0000  -22.5000   15.000014802.6514   16.6186
    7.5000  -22.5000   15.000013889.2617   16.5982
   -7.5000  -15.0000   15.000014825.1787   16.6952
    0.0000  -15.0000   15.000015595.9697   16.7706
    7.5000  -15.0000   15.000014570.3770   16.7537
   -7.5000   -7.5000   15.000015399.7529   16.8371
    0.0000   -7.5000   15.000016187.1953   16.9067
    7.5000   -7.5000   15.000015104.4482   16.8914
   -7.5000    0.0000   15.000015895.6318   16.8303
    0.0000    0.0000   15.000016736.4102   16.8878
    7.5000    0.0000   15.000015591.0742   16.8708
   -7.5000    7.5000   15.000014565.8408   16.6866
    0.0000    7.5000   15.000015337.6631   16.7388
    7.5000    7.5000   15.000014304.7568   16.7178
   -7.5000   15.0000   15.000013193.6211   16.5491
    0.0000   15.0000   15.000013877.9160   16.6056
    7.5000   15.0000   15.000012961.6465   16.5828
   -7.5000   22.5000   15.000011780.7227   16.5433
    0.0000   22.5000   15.000012383.8037   16.6109
    7.5000   22.5000   15.000011606.7949   16.5905
   -7.5000   30.0000   15.000010393.5049   16.4791
    0.0000   30.0000   15.000010933.2227   16.5536
    7.5000   30.0000   15.000010251.2295   16.5369
   -7.5000   37.5000   15.0000 9443.2227   16.6192
    0.0000   37.5000   15.0000 9902.3359   16.6879
    7.5000   37.5000   15.0000 9312.9707   16.6728
   -7.5000   45.0000   15.0000 8231.3525   16.2224
    0.0000   45.0000   15.0000 8605.6533   16.2779
    7.5000   45.0000   15.0000 8103.1353   16.2615
   -7.5000  -45.0000   22.500011117.8008   17.0129
    0.0000  -45.0000   22.500011712.2480   17.0736
    7.5000  -45.0000   22.500011036.4111   17.0562
   -7.5000  -37.5000   22.500011565.7217   16.8693
    0.0000  -37.5000   22.500012090.4551   16.9254
    7.5000  -37.5000   22.500011446.2109   16.9046
   -7.5000  -30.0000   22.500012283.1465   16.7261
    0.0000  -30.0000   22.500012797.6943   16.7855
    7.5000  -30.0000   22.500012137.1992   16.7615
   -7.5000  -22.5000   22.500013033.8008   16.7214
    0.0000  -22.5000   22.500013626.8301   16.7906
    7.5000  -22.5000   22.500012879.6729   16.7669
   -7.5000  -15.0000   22.500013694.0713   16.8638
    0.0000  -15.0000   22.500014354.8896   16.9400
    7.5000  -15.0000   22.500013532.6211   16.9189
   -7.5000   -7.5000   22.500014245.8047   17.0122
    0.0000   -7.5000   22.500014925.2090   17.0832
    7.5000   -7.5000   22.500014044.4668   17.0652
   -7.5000    0.0000   22.500014760.8809   17.0129
    0.0000    0.0000   22.500015483.2617   17.0736
    7.5000    0.0000   22.500014536.6143   17.0562
   -7.5000    7.5000   22.500013508.5391   16.8693
    0.0000    7.5000   22.500014177.0713   16.9254
    7.5000    7.5000   22.500013307.7432   16.9046
   -7.5000   15.0000   22.500012236.6670   16.7261
    0.0000   15.0000   22.500012835.1426   16.7855
    7.5000   15.0000   22.500012048.2568   16.7615
   -7.5000   22.5000   22.500010918.1836   16.7137
    0.0000   22.5000   22.500011459.4961   16.7829
    7.5000   22.5000   22.500010778.1006   16.7591
   -7.5000   30.0000   22.5000 9661.0439   16.6456
    0.0000   30.0000   22.500010145.5547   16.7208
    7.5000   30.0000   22.5000 9541.0791   16.6999
   -7.5000   37.5000   22.5000 8814.8857   16.7920
    0.0000   37.5000   22.5000 9218.3848   16.8621
    7.5000   37.5000   22.5000 8721.4873   16.8443
   -7.5000   45.0000   22.5000 7685.2373   16.3985
    0.0000   45.0000   22.5000 7994.0664   16.4570
    7.5000   45.0000   22.5000 7575.0933   16.4402
   -7.5000  -45.0000   30.000010316.3398   17.3770
    0.0000  -45.0000   30.000010795.6660   17.4368
    7.5000  -45.0000   30.000010255.4102   17.4220
   -7.5000  -37.5000   30.000010681.5557   17.2323
    0.0000  -37.5000   30.000011107.7295   17.2894
    7.5000  -37.5000   30.000010586.6396   17.2719
   -7.5000  -30.0000   30.000011334.0898   17.0772
    0.0000  -30.0000   30.000011788.5957   17.1400
    7.5000  -30.0000   30.000011224.0752   17.1194
   -7.5000  -22.5000   30.000012021.9375   17.0621
    0.0000  -22.5000   30.000012552.1602   17.1353
    7.5000  -22.5000   30.000011909.0537   17.1140
   -7.5000  -15.0000   30.000012641.0537   17.2048
    0.0000  -15.0000   30.000013198.9326   17.2832
    7.5000  -15.0000   30.000012497.8164   17.2634
   -7.5000   -7.5000   30.000013146.7158   17.3645
    0.0000   -7.5000   30.000013738.9258   17.4353
    7.5000   -7.5000   30.000012983.2617   17.4189
   -7.5000    0.0000   30.000013646.3975   17.3770
    0.0000    0.0000   30.000014275.7832   17.4368
    7.5000    0.0000   30.000013451.2588   17.4220
   -7.5000    7.5000   30.000012484.2354   17.2323
    0.0000    7.5000   30.000013058.6416   17.2894
    7.5000    7.5000   30.000012313.7969   17.2719
   -7.5000   15.0000   30.000011301.9248   17.0772
    0.0000   15.0000   30.000011811.6680   17.1400
    7.5000   15.0000   30.000011152.0957   17.1194
   -7.5000   22.5000   30.000010091.1162   17.0543
    0.0000   22.5000   30.000010547.1113   17.1274
    7.5000   22.5000   30.0000 9987.8750   17.1061
   -7.5000   30.0000   30.0000 8943.5605   16.9821
    0.0000   30.0000   30.0000 9342.1016   17.0595
    7.5000   30.0000   30.0000 8855.8457   17.0400
   -7.5000   37.5000   30.0000 8182.9175   17.1397
    0.0000   37.5000   30.0000 8512.5879   17.2097
    7.5000   37.5000   30.0000 8095.5679   17.1934
   -7.5000   45.0000   30.0000 7107.4810   16.7494
    0.0000   45.0000   30.0000 7381.1899   16.8071
    7.5000   45.0000   30.0000 7011.4487   16.7928
   -7.5000  -45.0000   37.5000 9891.7686   17.8519
    0.0000  -45.0000   37.500010317.6494   17.9115
    7.5000  -45.0000   37.5000 9845.4648   17.9010
   -7.5000  -37.5000   37.500010202.9199   17.7067
    0.0000  -37.5000   37.500010618.8613   17.7636
    7.5000  -37.5000   37.500010140.9600   17.7499
   -7.5000  -30.0000   37.500010843.4707   17.5478
    0.0000  -30.0000   37.500011300.4092   17.6129
    7.5000  -30.0000   37.500010764.1123   17.5974
   -7.5000  -22.5000   37.500011502.4668   17.5309
    0.0000  -22.5000   37.500012004.8311   17.6087
    7.5000  -22.5000   37.500011409.9434   17.5938
   -7.5000  -15.0000   37.500012089.9932   17.6754
    0.0000  -15.0000   37.500012598.7881   17.7586
    7.5000  -15.0000   37.500011986.2598   17.7459
   -7.5000   -7.5000   37.500012581.3057   17.8376
    0.0000   -7.5000   37.500013114.4668   17.9109
    7.5000   -7.5000   37.500012445.5488   17.9006
   -7.5000    0.0000   37.500013082.3906   17.8519
    0.0000    0.0000   37.500013669.9189   17.9115
    7.5000    0.0000   37.500012908.8525   17.9010
   -7.5000    7.5000   37.500011945.0371   17.7067
    0.0000    7.5000   37.500012490.3545   17.7636
    7.5000    7.5000   37.500011792.9824   17.7499
   -7.5000   15.0000   37.500010818.9902   17.5478
    0.0000   15.0000   37.500011297.8203   17.6129
    7.5000   15.0000   37.500010684.2178   17.5974
   -7.5000   22.5000   37.5000 9685.3877   17.5228
    0.0000   22.5000   37.500010119.6279   17.6006
    7.5000   22.5000   37.5000 9583.9580   17.5857
   -7.5000   30.0000   37.5000 8597.2617   17.4466
    0.0000   30.0000   37.5000 8968.4727   17.5288
    7.5000   30.0000   37.5000 8524.2588   17.5162
   -7.5000   37.5000   37.5000 7860.7700   17.6067
    0.0000   37.5000   37.5000 8172.8560   17.6791
    7.5000   37.5000   37.5000 7784.9590   17.6690
   -7.5000   45.0000   37.5000 6823.8237   17.2072
    0.0000   45.0000   37.5000 7075.0479   17.2647
    7.5000   45.0000   37.5000 6746.5176   17.2545
   -7.5000  -45.0000   45.0000 9064.2900   18.3491
    0.0000  -45.0000   45.0000 9443.5898   18.4079
    7.5000  -45.0000   45.0000 9004.9414   18.3925
   -7.5000  -37.5000   45.0000 9338.8838   18.2003
    0.0000  -37.5000   45.0000 9714.2783   18.2538
    7.5000  -37.5000   45.0000 9267.7617   18.2343
   -7.5000  -30.0000   45.0000 9919.0723   18.0408
    0.0000  -30.0000   45.000010347.1729   18.1029
    7.5000  -30.0000   45.0000 9853.3271   18.0832
   -7.5000  -22.5000   45.000010525.9688   18.0275
    0.0000  -22.5000   45.000010985.1670   18.1050
    7.5000  -22.5000   45.000010461.3232   18.0887
   -7.5000  -15.0000   45.000011070.3906   18.1773
    0.0000  -15.0000   45.000011546.0127   18.2631
    7.5000  -15.0000   45.000010985.5273   18.2500
   -7.5000   -7.5000   45.000011536.9854   18.3395
    0.0000   -7.5000   45.000012044.9033   18.4153
    7.5000   -7.5000   45.000011432.9375   18.4028
   -7.5000    0.0000   45.000011971.9746   18.3491
    0.0000    0.0000   45.000012537.9258   18.4079
    7.5000    0.0000   45.000011851.0908   18.3925
   -7.5000    7.5000   45.000010932.0547   18.2003
    0.0000    7.5000   45.000011447.2227   18.2538
    7.5000    7.5000   45.000010798.4600   18.2343
   -7.5000   15.0000   45.0000 9908.5586   18.0408
    0.0000   15.0000   45.000010358.6436   18.1029
    7.5000   15.0000   45.0000 9794.2432   18.0832
   -7.5000   22.5000   45.0000 8911.3418   18.0192
    0.0000   22.5000   45.0000 9312.5986   18.0966
    7.5000   22.5000   45.0000 8839.8828   18.0803
   -7.5000   30.0000   45.0000 7928.9395   17.9405
    0.0000   30.0000   45.0000 8260.6719   18.0252
    7.5000   30.0000   45.0000 7872.8501   18.0123
   -7.5000   37.5000   45.0000 7241.8369   18.1005
    0.0000   37.5000   45.0000 7530.2646   18.1754
    7.5000   37.5000   45.0000 7184.2153   18.1631
   -7.5000   45.0000   45.0000 6282.1958   17.6944
    0.0000   45.0000   45.0000 6520.6377   17.7512
    7.5000   45.0000   45.0000 6208.1094   17.7363

---------------------------------------------------------------------
imgreg_4dfp /opt/freesurfer/average/711-2C_as_mni_average_305 /opt/freesurfer/average/711-2B_as_mni_average_305_mask talsrcimg_g11 none talsrcimg_to_711-2C_as_mni_average_305_t4 4355
---------------------------------------------------------------------

freesurfer imgreg_4dfp.c
/opt/freesurfer/average/711-2C_as_mni_average_305.4dfp.img
       256       256       256         1
  1.000000  1.000000  1.000000
orientation T byte_order littleendian
Reading image: /opt/freesurfer/average/711-2C_as_mni_average_305.4dfp.img
dimensions:      256       256       256
mmppix:       1.0000   -1.0000   -1.0000
center:     128.0000 -129.0000 -129.0000
/opt/freesurfer/average/711-2B_as_mni_average_305_mask.4dfp.img
       256       256       256         1
  1.000000  1.000000  1.000000
orientation T byte_order littleendian
Reading mask: /opt/freesurfer/average/711-2B_as_mni_average_305_mask.4dfp.img (2306576 pixels)
talsrcimg_g11.4dfp.img
       256       256       256         1
  1.000000  1.000000  1.000000
orientation T byte_order littleendian
Reading image: talsrcimg_g11.4dfp.img
dimensions:      256       256       256
mmppix:       1.0000   -1.0000   -1.0000
center:     128.0000 -129.0000 -129.0000
rotation matrix determinant  1.000000
image alignment mode   4355 decimal     1103 hex
   -7.5000  -45.0000  -45.0000 2413.3811   13.5765
    0.0000  -45.0000  -45.0000 2420.1277   13.6107
    7.5000  -45.0000  -45.0000 2389.5037   13.7799
   -7.5000  -37.5000  -45.0000 2459.0205   12.9150
    0.0000  -37.5000  -45.0000 2469.5183   12.9588
    7.5000  -37.5000  -45.0000 2439.3660   13.1495
   -7.5000  -30.0000  -45.0000 2493.2537   12.6690
    0.0000  -30.0000  -45.0000 2502.2415   12.6696
    7.5000  -30.0000  -45.0000 2471.3862   12.8666
   -7.5000  -22.5000  -45.0000 2501.5481   12.7412
    0.0000  -22.5000  -45.0000 2509.2053   12.7601
    7.5000  -22.5000  -45.0000 2478.6697   12.9164
   -7.5000  -15.0000  -45.0000 2470.9758   13.1458
    0.0000  -15.0000  -45.0000 2483.6794   13.1916
    7.5000  -15.0000  -45.0000 2449.0444   13.3358
   -7.5000   -7.5000  -45.0000 2422.0022   13.7603
    0.0000   -7.5000  -45.0000 2436.2986   13.8078
    7.5000   -7.5000  -45.0000 2400.3372   13.9714
   -7.5000    0.0000  -45.0000 2354.1396   14.6103
    0.0000    0.0000  -45.0000 2366.9280   14.6533
    7.5000    0.0000  -45.0000 2333.9773   14.8385
   -7.5000    7.5000  -45.0000 2262.2703   15.8184
    0.0000    7.5000  -45.0000 2273.9446   15.8493
    7.5000    7.5000  -45.0000 2248.0732   16.0625
   -7.5000   15.0000  -45.0000 2155.3926   17.4719
    0.0000   15.0000  -45.0000 2166.8953   17.4757
    7.5000   15.0000  -45.0000 2141.0991   17.6972
   -7.5000   22.5000  -45.0000 2055.5906   19.5769
    0.0000   22.5000  -45.0000 2064.8657   19.5942
    7.5000   22.5000  -45.0000 2034.6388   19.8034
   -7.5000   30.0000  -45.0000 1919.6017   22.1439
    0.0000   30.0000  -45.0000 1922.4033   22.1626
    7.5000   30.0000  -45.0000 1909.5182   22.5261
   -7.5000   37.5000  -45.0000 1794.3619   25.4856
    0.0000   37.5000  -45.0000 1797.2115   25.4881
    7.5000   37.5000  -45.0000 1777.2850   26.0174
   -7.5000   45.0000  -45.0000 1655.6433   30.1134
    0.0000   45.0000  -45.0000 1660.8142   30.0329
    7.5000   45.0000  -45.0000 1638.1060   30.5759
   -7.5000  -45.0000  -37.5000 2486.4375   12.7396
    0.0000  -45.0000  -37.5000 2495.7380   12.7426
    7.5000  -45.0000  -37.5000 2467.6868   12.9083
   -7.5000  -37.5000  -37.5000 2538.2117   12.1206
    0.0000  -37.5000  -37.5000 2549.2659   12.1311
    7.5000  -37.5000  -37.5000 2518.7253   12.3241
   -7.5000  -30.0000  -37.5000 2581.5327   11.8627
    0.0000  -30.0000  -37.5000 2590.1201   11.8570
    7.5000  -30.0000  -37.5000 2559.5212   12.0320
   -7.5000  -22.5000  -37.5000 2594.2014   11.9099
    0.0000  -22.5000  -37.5000 2601.8926   11.9398
    7.5000  -22.5000  -37.5000 2571.9556   12.0886
   -7.5000  -15.0000  -37.5000 2566.8948   12.2706
    0.0000  -15.0000  -37.5000 2576.6062   12.3094
    7.5000  -15.0000  -37.5000 2547.4065   12.4503
   -7.5000   -7.5000  -37.5000 2514.6980   12.8068
    0.0000   -7.5000  -37.5000 2523.7034   12.8316
    7.5000   -7.5000  -37.5000 2492.5332   13.0167
   -7.5000    0.0000  -37.5000 2443.9629   13.5683
    0.0000    0.0000  -37.5000 2454.4084   13.6070
    7.5000    0.0000  -37.5000 2422.9915   13.7933
   -7.5000    7.5000  -37.5000 2345.8962   14.6712
    0.0000    7.5000  -37.5000 2359.9395   14.6796
    7.5000    7.5000  -37.5000 2333.8535   14.8984
   -7.5000   15.0000  -37.5000 2230.3137   16.1701
    0.0000   15.0000  -37.5000 2241.5720   16.1833
    7.5000   15.0000  -37.5000 2221.4819   16.3942
   -7.5000   22.5000  -37.5000 2122.2456   18.1022
    0.0000   22.5000  -37.5000 2130.1545   18.1314
    7.5000   22.5000  -37.5000 2108.6758   18.3452
   -7.5000   30.0000  -37.5000 1999.8459   20.6013
    0.0000   30.0000  -37.5000 2001.7579   20.6349
    7.5000   30.0000  -37.5000 1982.4764   20.9289
   -7.5000   37.5000  -37.5000 1860.7788   23.7661
    0.0000   37.5000  -37.5000 1861.9071   23.6929
    7.5000   37.5000  -37.5000 1844.5552   24.1605
   -7.5000   45.0000  -37.5000 1720.9791   27.8350
    0.0000   45.0000  -37.5000 1723.0409   27.7756
    7.5000   45.0000  -37.5000 1704.9945   28.3167
   -7.5000  -45.0000  -30.0000 2593.6008   12.4122
    0.0000  -45.0000  -30.0000 2607.1099   12.4137
    7.5000  -45.0000  -30.0000 2583.6609   12.5867
   -7.5000  -37.5000  -30.0000 2662.0811   11.7817
    0.0000  -37.5000  -30.0000 2669.0762   11.7787
    7.5000  -37.5000  -30.0000 2640.8813   11.9703
   -7.5000  -30.0000  -30.0000 2709.4722   11.5059
    0.0000  -30.0000  -30.0000 2717.0425   11.5041
    7.5000  -30.0000  -30.0000 2690.1616   11.6670
   -7.5000  -22.5000  -30.0000 2729.1787   11.5522
    0.0000  -22.5000  -30.0000 2740.9209   11.5748
    7.5000  -22.5000  -30.0000 2709.8425   11.7274
   -7.5000  -15.0000  -30.0000 2704.8779   11.9085
    0.0000  -15.0000  -30.0000 2714.7068   11.9250
    7.5000  -15.0000  -30.0000 2685.8247   12.0779
   -7.5000   -7.5000  -30.0000 2652.8813   12.4011
    0.0000   -7.5000  -30.0000 2661.2942   12.4323
    7.5000   -7.5000  -30.0000 2634.5229   12.5928
   -7.5000    0.0000  -30.0000 2571.1250   13.1120
    0.0000    0.0000  -30.0000 2581.7114   13.1342
    7.5000    0.0000  -30.0000 2554.1074   13.3238
   -7.5000    7.5000  -30.0000 2469.6931   14.1713
    0.0000    7.5000  -30.0000 2481.2783   14.1789
    7.5000    7.5000  -30.0000 2453.2861   14.3801
   -7.5000   15.0000  -30.0000 2352.5312   15.6399
    0.0000   15.0000  -30.0000 2360.2183   15.6485
    7.5000   15.0000  -30.0000 2336.7278   15.8217
   -7.5000   22.5000  -30.0000 2231.0991   17.5322
    0.0000   22.5000  -30.0000 2237.9429   17.5689
    7.5000   22.5000  -30.0000 2212.2542   17.7504
   -7.5000   30.0000  -30.0000 2098.4233   19.9101
    0.0000   30.0000  -30.0000 2103.8677   19.9858
    7.5000   30.0000  -30.0000 2075.1575   20.2221
   -7.5000   37.5000  -30.0000 1952.8204   23.0482
    0.0000   37.5000  -30.0000 1959.1370   22.9280
    7.5000   37.5000  -30.0000 1934.7020   23.3321
   -7.5000   45.0000  -30.0000 1804.7960   26.8382
    0.0000   45.0000  -30.0000 1809.3199   26.6615
    7.5000   45.0000  -30.0000 1790.7915   27.2295
   -7.5000  -45.0000  -22.5000 2674.3076   12.0710
    0.0000  -45.0000  -22.5000 2688.4590   12.0622
    7.5000  -45.0000  -22.5000 2662.7434   12.3035
   -7.5000  -37.5000  -22.5000 2745.0637   11.3792
    0.0000  -37.5000  -22.5000 2752.8230   11.3806
    7.5000  -37.5000  -22.5000 2725.3552   11.6167
   -7.5000  -30.0000  -22.5000 2804.5789   11.0764
    0.0000  -30.0000  -22.5000 2812.0518   11.0698
    7.5000  -30.0000  -22.5000 2786.7612   11.2752
   -7.5000  -22.5000  -22.5000 2832.4788   11.1168
    0.0000  -22.5000  -22.5000 2844.3250   11.1187
    7.5000  -22.5000  -22.5000 2819.0977   11.3064
   -7.5000  -15.0000  -22.5000 2806.8857   11.4518
    0.0000  -15.0000  -22.5000 2822.8882   11.4517
    7.5000  -15.0000  -22.5000 2796.2134   11.6516
   -7.5000   -7.5000  -22.5000 2752.6970   11.9654
    0.0000   -7.5000  -22.5000 2764.8733   11.9802
    7.5000   -7.5000  -22.5000 2737.3335   12.1574
   -7.5000    0.0000  -22.5000 2672.0188   12.6744
    0.0000    0.0000  -22.5000 2687.8796   12.6847
    7.5000    0.0000  -22.5000 2654.9658   12.8821
   -7.5000    7.5000  -22.5000 2565.9143   13.6927
    0.0000    7.5000  -22.5000 2581.3337   13.7083
    7.5000    7.5000  -22.5000 2548.8611   13.9133
   -7.5000   15.0000  -22.5000 2445.4485   15.0976
    0.0000   15.0000  -22.5000 2459.6936   15.1189
    7.5000   15.0000  -22.5000 2426.8970   15.2948
   -7.5000   22.5000  -22.5000 2311.2600   16.9270
    0.0000   22.5000  -22.5000 2320.9436   16.9494
    7.5000   22.5000  -22.5000 2295.2954   17.1315
   -7.5000   30.0000  -22.5000 2168.8909   19.1845
    0.0000   30.0000  -22.5000 2176.5051   19.2008
    7.5000   30.0000  -22.5000 2150.7927   19.5236
   -7.5000   37.5000  -22.5000 2019.1630   21.9755
    0.0000   37.5000  -22.5000 2024.8835   21.9409
    7.5000   37.5000  -22.5000 2003.3018   22.3606
   -7.5000   45.0000  -22.5000 1859.6359   25.6450
    0.0000   45.0000  -22.5000 1865.7151   25.5287
    7.5000   45.0000  -22.5000 1844.4912   26.1577
   -7.5000  -45.0000  -15.0000 2702.2893   11.8516
    0.0000  -45.0000  -15.0000 2723.0823   11.8613
    7.5000  -45.0000  -15.0000 2699.1018   12.0672
   -7.5000  -37.5000  -15.0000 2781.2031   11.0734
    0.0000  -37.5000  -15.0000 2796.3035   11.0654
    7.5000  -37.5000  -15.0000 2775.3965   11.3678
   -7.5000  -30.0000  -15.0000 2849.2288   10.6899
    0.0000  -30.0000  -15.0000 2863.2302   10.6716
    7.5000  -30.0000  -15.0000 2839.8650   10.9747
   -7.5000  -22.5000  -15.0000 2884.2041   10.7228
    0.0000  -22.5000  -15.0000 2902.7786   10.7130
    7.5000  -22.5000  -15.0000 2878.2693   10.9745
   -7.5000  -15.0000  -15.0000 2866.3005   11.0518
    0.0000  -15.0000  -15.0000 2889.2358   11.0755
    7.5000  -15.0000  -15.0000 2858.8735   11.2950
   -7.5000   -7.5000  -15.0000 2812.8655   11.5876
    0.0000   -7.5000  -15.0000 2830.8059   11.6252
    7.5000   -7.5000  -15.0000 2803.2231   11.8254
   -7.5000    0.0000  -15.0000 2731.6135   12.3137
    0.0000    0.0000  -15.0000 2746.7031   12.3413
    7.5000    0.0000  -15.0000 2719.0239   12.5530
   -7.5000    7.5000  -15.0000 2627.1497   13.3435
    0.0000    7.5000  -15.0000 2641.4119   13.3488
    7.5000    7.5000  -15.0000 2610.9438   13.5809
   -7.5000   15.0000  -15.0000 2506.6895   14.6772
    0.0000   15.0000  -15.0000 2519.1343   14.6896
    7.5000   15.0000  -15.0000 2484.5432   14.9148
   -7.5000   22.5000  -15.0000 2366.9656   16.3585
    0.0000   22.5000  -15.0000 2375.5181   16.4073
    7.5000   22.5000  -15.0000 2349.9382   16.6372
   -7.5000   30.0000  -15.0000 2211.7632   18.4930
    0.0000   30.0000  -15.0000 2221.0586   18.5078
    7.5000   30.0000  -15.0000 2192.2864   18.8608
   -7.5000   37.5000  -15.0000 2054.5728   21.1753
    0.0000   37.5000  -15.0000 2063.4312   21.1346
    7.5000   37.5000  -15.0000 2037.0547   21.5654
   -7.5000   45.0000  -15.0000 1890.5735   24.7711
    0.0000   45.0000  -15.0000 1900.1798   24.6341
    7.5000   45.0000  -15.0000 1880.5208   25.2436
   -7.5000  -45.0000   -7.5000 2712.0215   11.8354
    0.0000  -45.0000   -7.5000 2738.8215   11.8056
    7.5000  -45.0000   -7.5000 2718.9788   11.9752
   -7.5000  -37.5000   -7.5000 2806.0161   11.0538
    0.0000  -37.5000   -7.5000 2831.9731   11.0318
    7.5000  -37.5000   -7.5000 2806.7610   11.2484
   -7.5000  -30.0000   -7.5000 2879.1670   10.5107
    0.0000  -30.0000   -7.5000 2895.9341   10.4882
    7.5000  -30.0000   -7.5000 2871.7327   10.7853
   -7.5000  -22.5000   -7.5000 2915.2524   10.5138
    0.0000  -22.5000   -7.5000 2930.1648   10.5076
    7.5000  -22.5000   -7.5000 2901.7749   10.7261
   -7.5000  -15.0000   -7.5000 2897.0310   10.8459
    0.0000  -15.0000   -7.5000 2916.2922   10.8397
    7.5000  -15.0000   -7.5000 2885.2109   11.0107
   -7.5000   -7.5000   -7.5000 2848.4263   11.3953
    0.0000   -7.5000   -7.5000 2864.3254   11.3716
    7.5000   -7.5000   -7.5000 2832.9529   11.5407
   -7.5000    0.0000   -7.5000 2766.7957   12.1452
    0.0000    0.0000   -7.5000 2779.7026   12.1222
    7.5000    0.0000   -7.5000 2753.6165   12.2985
   -7.5000    7.5000   -7.5000 2660.4529   13.1676
    0.0000    7.5000   -7.5000 2675.6331   13.1427
    7.5000    7.5000   -7.5000 2650.3469   13.3333
   -7.5000   15.0000   -7.5000 2542.4883   14.4754
    0.0000   15.0000   -7.5000 2554.6252   14.4822
    7.5000   15.0000   -7.5000 2527.8318   14.6407
   -7.5000   22.5000   -7.5000 2402.5566   16.1268
    0.0000   22.5000   -7.5000 2409.1221   16.1822
    7.5000   22.5000   -7.5000 2390.8789   16.3746
   -7.5000   30.0000   -7.5000 2245.6755   18.2031
    0.0000   30.0000   -7.5000 2251.1606   18.2646
    7.5000   30.0000   -7.5000 2228.0205   18.5697
   -7.5000   37.5000   -7.5000 2073.3467   20.8008
    0.0000   37.5000   -7.5000 2084.1790   20.7269
    7.5000   37.5000   -7.5000 2057.9060   21.2108
   -7.5000   45.0000   -7.5000 1907.0112   24.0944
    0.0000   45.0000   -7.5000 1912.1356   23.9514
    7.5000   45.0000   -7.5000 1893.1300   24.6220
   -7.5000  -45.0000    0.0000 2712.7388   11.9904
    0.0000  -45.0000    0.0000 2736.2061   11.9622
    7.5000  -45.0000    0.0000 2712.5525   11.9964
   -7.5000  -37.5000    0.0000 2824.4749   11.2830
    0.0000  -37.5000    0.0000 2851.5808   11.2496
    7.5000  -37.5000    0.0000 2810.9866   11.2741
   -7.5000  -30.0000    0.0000 2900.8694   10.6907
    0.0000  -30.0000    0.0000 2926.3018   10.6651
    7.5000  -30.0000    0.0000 2878.4646   10.7694
   -7.5000  -22.5000    0.0000 2926.2534   10.5051
    0.0000  -22.5000    0.0000 2949.9924   10.5083
    7.5000  -22.5000    0.0000 2908.1609   10.6212
   -7.5000  -15.0000    0.0000 2906.8726   10.7668
    0.0000  -15.0000    0.0000 2923.8162   10.7581
    7.5000  -15.0000    0.0000 2889.0049   10.8802
   -7.5000   -7.5000    0.0000 2856.8630   11.3148
    0.0000   -7.5000    0.0000 2872.6860   11.2719
    7.5000   -7.5000    0.0000 2839.2939   11.4301
   -7.5000    0.0000    0.0000 2769.2170   12.1311
    0.0000    0.0000    0.0000 2780.5527   12.0894
    7.5000    0.0000    0.0000 2753.0876   12.2449
   -7.5000    7.5000    0.0000 2666.7698   13.1719
    0.0000    7.5000    0.0000 2677.1523   13.1488
    7.5000    7.5000    0.0000 2652.7754   13.2870
   -7.5000   15.0000    0.0000 2553.2666   14.4949
    0.0000   15.0000    0.0000 2561.2273   14.5049
    7.5000   15.0000    0.0000 2536.6411   14.6065
   -7.5000   22.5000    0.0000 2414.0725   16.1465
    0.0000   22.5000    0.0000 2418.8601   16.2164
    7.5000   22.5000    0.0000 2396.1160   16.3223
   -7.5000   30.0000    0.0000 2249.6008   18.1433
    0.0000   30.0000    0.0000 2259.9023   18.2313
    7.5000   30.0000    0.0000 2231.5298   18.4074
   -7.5000   37.5000    0.0000 2083.2344   20.6738
    0.0000   37.5000    0.0000 2090.4272   20.6486
    7.5000   37.5000    0.0000 2067.9841   21.0206
   -7.5000   45.0000    0.0000 1909.1499   23.9217
    0.0000   45.0000    0.0000 1914.8159   23.8361
    7.5000   45.0000    0.0000 1899.1461   24.3821
   -7.5000  -45.0000    7.5000 2691.3801   12.1966
    0.0000  -45.0000    7.5000 2715.0884   12.2065
    7.5000  -45.0000    7.5000 2684.6721   12.1929
   -7.5000  -37.5000    7.5000 2809.3674   11.5127
    0.0000  -37.5000    7.5000 2840.7488   11.5257
    7.5000  -37.5000    7.5000 2791.0818   11.4855
   -7.5000  -30.0000    7.5000 2887.0596   10.9184
    0.0000  -30.0000    7.5000 2916.7129   10.9022
    7.5000  -30.0000    7.5000 2856.6494   10.9439
   -7.5000  -22.5000    7.5000 2917.1672   10.7427
    0.0000  -22.5000    7.5000 2945.5056   10.7141
    7.5000  -22.5000    7.5000 2889.5259   10.7940
   -7.5000  -15.0000    7.5000 2898.4426   10.9671
    0.0000  -15.0000    7.5000 2921.7673   10.9542
    7.5000  -15.0000    7.5000 2878.6592   11.0545
   -7.5000   -7.5000    7.5000 2844.1357   11.4576
    0.0000   -7.5000    7.5000 2858.7639   11.4266
    7.5000   -7.5000    7.5000 2824.0654   11.5699
   -7.5000    0.0000    7.5000 2756.5234   12.2579
    0.0000    0.0000    7.5000 2763.5320   12.2189
    7.5000    0.0000    7.5000 2738.6006   12.3598
   -7.5000    7.5000    7.5000 2649.5601   13.2693
    0.0000    7.5000    7.5000 2652.9341   13.2361
    7.5000    7.5000    7.5000 2638.3792   13.3780
   -7.5000   15.0000    7.5000 2536.2034   14.5800
    0.0000   15.0000    7.5000 2546.4170   14.5673
    7.5000   15.0000    7.5000 2529.2307   14.7104
   -7.5000   22.5000    7.5000 2398.1326   16.2376
    0.0000   22.5000    7.5000 2409.9441   16.3058
    7.5000   22.5000    7.5000 2388.3574   16.4341
   -7.5000   30.0000    7.5000 2235.9995   18.2780
    0.0000   30.0000    7.5000 2249.0901   18.3533
    7.5000   30.0000    7.5000 2219.0842   18.5318
   -7.5000   37.5000    7.5000 2076.5696   20.8654
    0.0000   37.5000    7.5000 2083.8257   20.9052
    7.5000   37.5000    7.5000 2061.1326   21.1859
   -7.5000   45.0000    7.5000 1902.9286   24.1079
    0.0000   45.0000    7.5000 1912.4227   24.0303
    7.5000   45.0000    7.5000 1893.4547   24.5049
   -7.5000  -45.0000   15.0000 2652.0593   12.4643
    0.0000  -45.0000   15.0000 2668.2502   12.4462
    7.5000  -45.0000   15.0000 2645.2327   12.5414
   -7.5000  -37.5000   15.0000 2763.0127   11.7571
    0.0000  -37.5000   15.0000 2784.9153   11.7276
    7.5000  -37.5000   15.0000 2748.9919   11.8214
   -7.5000  -30.0000   15.0000 2841.5396   11.1458
    0.0000  -30.0000   15.0000 2854.4170   11.0515
    7.5000  -30.0000   15.0000 2815.6250   11.2430
   -7.5000  -22.5000   15.0000 2879.1826   11.0253
    0.0000  -22.5000   15.0000 2893.8748   10.9341
    7.5000  -22.5000   15.0000 2856.1025   11.1197
   -7.5000  -15.0000   15.0000 2861.9949   11.2704
    0.0000  -15.0000   15.0000 2875.1111   11.2470
    7.5000  -15.0000   15.0000 2843.5149   11.3738
   -7.5000   -7.5000   15.0000 2808.8828   11.8033
    0.0000   -7.5000   15.0000 2818.1604   11.7651
    7.5000   -7.5000   15.0000 2789.3071   11.8968
   -7.5000    0.0000   15.0000 2720.0830   12.5933
    0.0000    0.0000   15.0000 2732.2520   12.5346
    7.5000    0.0000   15.0000 2706.5718   12.6755
   -7.5000    7.5000   15.0000 2611.7246   13.5880
    0.0000    7.5000   15.0000 2617.4258   13.5477
    7.5000    7.5000   15.0000 2602.1426   13.6930
   -7.5000   15.0000   15.0000 2506.1208   14.8596
    0.0000   15.0000   15.0000 2512.4331   14.8578
    7.5000   15.0000   15.0000 2492.5505   15.0102
   -7.5000   22.5000   15.0000 2363.1931   16.4960
    0.0000   22.5000   15.0000 2370.8635   16.5471
    7.5000   22.5000   15.0000 2354.5452   16.6733
   -7.5000   30.0000   15.0000 2202.8494   18.4992
    0.0000   30.0000   15.0000 2214.3276   18.5748
    7.5000   30.0000   15.0000 2189.2910   18.7489
   -7.5000   37.5000   15.0000 2051.4727   21.1267
    0.0000   37.5000   15.0000 2060.1780   21.1325
    7.5000   37.5000   15.0000 2035.5006   21.4312
   -7.5000   45.0000   15.0000 1895.1216   24.4997
    0.0000   45.0000   15.0000 1902.1202   24.4198
    7.5000   45.0000   15.0000 1882.0227   24.7959
   -7.5000  -45.0000   22.5000 2596.8613   12.9503
    0.0000  -45.0000   22.5000 2609.3625   12.8392
    7.5000  -45.0000   22.5000 2595.9700   13.0589
   -7.5000  -37.5000   22.5000 2700.4778   12.1621
    0.0000  -37.5000   22.5000 2716.7483   12.0477
    7.5000  -37.5000   22.5000 2690.8850   12.2623
   -7.5000  -30.0000   22.5000 2770.1233   11.5875
    0.0000  -30.0000   22.5000 2778.4858   11.4029
    7.5000  -30.0000   22.5000 2752.4080   11.6874
   -7.5000  -22.5000   22.5000 2805.9707   11.4740
    0.0000  -22.5000   22.5000 2818.0396   11.3640
    7.5000  -22.5000   22.5000 2791.3928   11.5676
   -7.5000  -15.0000   22.5000 2790.6082   11.7180
    0.0000  -15.0000   22.5000 2804.2751   11.6757
    7.5000  -15.0000   22.5000 2779.0520   11.8250
   -7.5000   -7.5000   22.5000 2743.6545   12.2202
    0.0000   -7.5000   22.5000 2756.6018   12.1690
    7.5000   -7.5000   22.5000 2730.3713   12.3189
   -7.5000    0.0000   22.5000 2668.3535   13.0070
    0.0000    0.0000   22.5000 2683.7878   12.9414
    7.5000    0.0000   22.5000 2656.0818   13.1016
   -7.5000    7.5000   22.5000 2567.9880   14.0465
    0.0000    7.5000   22.5000 2579.0378   13.9874
    7.5000    7.5000   22.5000 2555.6975   14.1567
   -7.5000   15.0000   22.5000 2455.1799   15.3016
    0.0000   15.0000   22.5000 2461.9998   15.3007
    7.5000   15.0000   22.5000 2442.7266   15.4405
   -7.5000   22.5000   22.5000 2311.3564   16.9276
    0.0000   22.5000   22.5000 2316.2493   16.9465
    7.5000   22.5000   22.5000 2302.1614   17.0539
   -7.5000   30.0000   22.5000 2159.2825   18.9155
    0.0000   30.0000   22.5000 2169.6414   18.9450
    7.5000   30.0000   22.5000 2150.3442   19.1172
   -7.5000   37.5000   22.5000 2018.7870   21.5361
    0.0000   37.5000   22.5000 2028.2120   21.5159
    7.5000   37.5000   22.5000 2015.8757   21.7854
   -7.5000   45.0000   22.5000 1870.0172   24.9225
    0.0000   45.0000   22.5000 1876.6105   24.7603
    7.5000   45.0000   22.5000 1861.3086   25.1441
   -7.5000  -45.0000   30.0000 2538.4863   13.6083
    0.0000  -45.0000   30.0000 2550.4641   13.4216
    7.5000  -45.0000   30.0000 2539.7695   13.7257
   -7.5000  -37.5000   30.0000 2631.1519   12.7788
    0.0000  -37.5000   30.0000 2640.5183   12.5610
    7.5000  -37.5000   30.0000 2624.5322   12.8919
   -7.5000  -30.0000   30.0000 2690.5291   12.1916
    0.0000  -30.0000   30.0000 2695.5513   11.9964
    7.5000  -30.0000   30.0000 2678.5774   12.2933
   -7.5000  -22.5000   30.0000 2718.9187   12.1072
    0.0000  -22.5000   30.0000 2729.4404   11.9668
    7.5000  -22.5000   30.0000 2713.1475   12.1859
   -7.5000  -15.0000   30.0000 2701.8159   12.3520
    0.0000  -15.0000   30.0000 2716.8242   12.2775
    7.5000  -15.0000   30.0000 2699.1375   12.4404
   -7.5000   -7.5000   30.0000 2657.9238   12.8391
    0.0000   -7.5000   30.0000 2675.3286   12.7728
    7.5000   -7.5000   30.0000 2654.0925   12.9219
   -7.5000    0.0000   30.0000 2594.9871   13.5869
    0.0000    0.0000   30.0000 2615.0520   13.5386
    7.5000    0.0000   30.0000 2587.0632   13.6791
   -7.5000    7.5000   30.0000 2508.7495   14.6245
    0.0000    7.5000   30.0000 2522.4260   14.5528
    7.5000    7.5000   30.0000 2500.0684   14.7132
   -7.5000   15.0000   30.0000 2390.0161   15.9318
    0.0000   15.0000   30.0000 2399.6201   15.8759
    7.5000   15.0000   30.0000 2384.3445   16.0219
   -7.5000   22.5000   30.0000 2250.4309   17.5421
    0.0000   22.5000   30.0000 2259.2454   17.5507
    7.5000   22.5000   30.0000 2246.7073   17.6605
   -7.5000   30.0000   30.0000 2109.0222   19.5599
    0.0000   30.0000   30.0000 2121.5081   19.5804
    7.5000   30.0000   30.0000 2105.2104   19.7649
   -7.5000   37.5000   30.0000 1983.3385   22.1928
    0.0000   37.5000   30.0000 1991.4399   22.1627
    7.5000   37.5000   30.0000 1980.9399   22.4963
   -7.5000   45.0000   30.0000 1835.0596   25.6732
    0.0000   45.0000   30.0000 1845.5253   25.5064
    7.5000   45.0000   30.0000 1828.0933   25.9117
   -7.5000  -45.0000   37.5000 2471.7913   14.4586
    0.0000  -45.0000   37.5000 2485.5745   14.2089
    7.5000  -45.0000   37.5000 2471.9619   14.5719
   -7.5000  -37.5000   37.5000 2550.2666   13.5668
    0.0000  -37.5000   37.5000 2564.0681   13.3466
    7.5000  -37.5000   37.5000 2543.7437   13.6877
   -7.5000  -30.0000   37.5000 2604.0198   12.9833
    0.0000  -30.0000   37.5000 2614.9080   12.8242
    7.5000  -30.0000   37.5000 2597.3960   13.0929
   -7.5000  -22.5000   37.5000 2627.2551   12.9030
    0.0000  -22.5000   37.5000 2638.4983   12.7474
    7.5000  -22.5000   37.5000 2626.2737   12.9653
   -7.5000  -15.0000   37.5000 2610.9062   13.1521
    0.0000  -15.0000   37.5000 2623.7332   13.0465
    7.5000  -15.0000   37.5000 2616.2383   13.2170
   -7.5000   -7.5000   37.5000 2569.1587   13.6342
    0.0000   -7.5000   37.5000 2584.7781   13.5276
    7.5000   -7.5000   37.5000 2570.8872   13.7009
   -7.5000    0.0000   37.5000 2518.9956   14.3537
    0.0000    0.0000   37.5000 2543.1418   14.2787
    7.5000    0.0000   37.5000 2511.6655   14.4273
   -7.5000    7.5000   37.5000 2440.3386   15.3375
    0.0000    7.5000   37.5000 2457.4136   15.2745
    7.5000    7.5000   37.5000 2431.2339   15.4030
   -7.5000   15.0000   37.5000 2322.9146   16.6180
    0.0000   15.0000   37.5000 2337.8276   16.5828
    7.5000   15.0000   37.5000 2317.3701   16.7154
   -7.5000   22.5000   37.5000 2191.8831   18.3574
    0.0000   22.5000   37.5000 2204.9763   18.3457
    7.5000   22.5000   37.5000 2184.2368   18.4736
   -7.5000   30.0000   37.5000 2059.1184   20.4809
    0.0000   30.0000   37.5000 2068.1284   20.4814
    7.5000   30.0000   37.5000 2057.1948   20.6530
   -7.5000   37.5000   37.5000 1935.4460   23.1552
    0.0000   37.5000   37.5000 1943.5698   23.1326
    7.5000   37.5000   37.5000 1934.6583   23.3950
   -7.5000   45.0000   37.5000 1795.3712   26.6564
    0.0000   45.0000   37.5000 1805.3972   26.4896
    7.5000   45.0000   37.5000 1790.0786   26.9032
   -7.5000  -45.0000   45.0000 2393.0176   15.5023
    0.0000  -45.0000   45.0000 2407.3364   15.2298
    7.5000  -45.0000   45.0000 2392.6497   15.5943
   -7.5000  -37.5000   45.0000 2463.0459   14.5305
    0.0000  -37.5000   45.0000 2474.0161   14.3347
    7.5000  -37.5000   45.0000 2453.2822   14.6538
   -7.5000  -30.0000   45.0000 2503.5603   13.9307
    0.0000  -30.0000   45.0000 2515.8291   13.8074
    7.5000  -30.0000   45.0000 2499.1521   14.0477
   -7.5000  -22.5000   45.0000 2525.5134   13.8650
    0.0000  -22.5000   45.0000 2537.7688   13.7427
    7.5000  -22.5000   45.0000 2527.1924   13.9391
   -7.5000  -15.0000   45.0000 2515.0574   14.1115
    0.0000  -15.0000   45.0000 2529.9668   14.0276
    7.5000  -15.0000   45.0000 2518.3821   14.1896
   -7.5000   -7.5000   45.0000 2476.6467   14.5902
    0.0000   -7.5000   45.0000 2494.8291   14.5007
    7.5000   -7.5000   45.0000 2481.4900   14.6646
   -7.5000    0.0000   45.0000 2420.3694   15.3183
    0.0000    0.0000   45.0000 2449.5549   15.2213
    7.5000    0.0000   45.0000 2422.2192   15.3779
   -7.5000    7.5000   45.0000 2357.9802   16.2791
    0.0000    7.5000   45.0000 2382.2603   16.1842
    7.5000    7.5000   45.0000 2349.4385   16.3137
   -7.5000   15.0000   45.0000 2247.3186   17.5836
    0.0000   15.0000   45.0000 2267.1047   17.5508
    7.5000   15.0000   45.0000 2239.6721   17.6422
   -7.5000   22.5000   45.0000 2133.2188   19.3004
    0.0000   22.5000   45.0000 2149.7498   19.3007
    7.5000   22.5000   45.0000 2130.3240   19.4429
   -7.5000   30.0000   45.0000 2008.7781   21.5781
    0.0000   30.0000   45.0000 2019.3772   21.5750
    7.5000   30.0000   45.0000 2007.0870   21.7534
   -7.5000   37.5000   45.0000 1883.4866   24.4548
    0.0000   37.5000   45.0000 1892.3951   24.3638
    7.5000   37.5000   45.0000 1884.7036   24.6904
   -7.5000   45.0000   45.0000 1743.9812   28.0458
    0.0000   45.0000   45.0000 1753.7988   27.8987
    7.5000   45.0000   45.0000 1740.3225   28.3161

---------------------------------------------------------------------
imgreg_4dfp /opt/freesurfer/average/711-2C_as_mni_average_305 /opt/freesurfer/average/711-2B_as_mni_average_305_mask talsrcimg_g11 none talsrcimg_to_711-2C_as_mni_average_305_t4 1283
---------------------------------------------------------------------

freesurfer imgreg_4dfp.c
/opt/freesurfer/average/711-2C_as_mni_average_305.4dfp.img
       256       256       256         1
  1.000000  1.000000  1.000000
orientation T byte_order littleendian
Reading image: /opt/freesurfer/average/711-2C_as_mni_average_305.4dfp.img
dimensions:      256       256       256
mmppix:       1.0000   -1.0000   -1.0000
center:     128.0000 -129.0000 -129.0000
/opt/freesurfer/average/711-2B_as_mni_average_305_mask.4dfp.img
       256       256       256         1
  1.000000  1.000000  1.000000
orientation T byte_order littleendian
Reading mask: /opt/freesurfer/average/711-2B_as_mni_average_305_mask.4dfp.img (2306576 pixels)
talsrcimg_g11.4dfp.img
       256       256       256         1
  1.000000  1.000000  1.000000
orientation T byte_order littleendian
Reading image: talsrcimg_g11.4dfp.img
dimensions:      256       256       256
mmppix:       1.0000   -1.0000   -1.0000
center:     128.0000 -129.0000 -129.0000
rotation matrix determinant  1.000000
fimgreg.f
image alignment mode   1283 decimal      503 hex
parameters
    0.0000  -22.5000    0.0000    0.0000    0.0000    0.0000
eta,q 0.92480 10.56525
niter,ni,del,rscale     5    3   12.0000    1.2000
parameter  2 -0.790619 ->  0.500000 qaram    1.1500
parameter  4-57.697559 ->  0.500000 qaram    1.1500
parameters
   -1.9923  -25.9500    2.5671   -3.4500   -1.4284   -0.2941
eta,q 0.93170 10.58306
  0.0819  0.0720  0.0859  0.0681  0.0702  0.0735
  0.0793  0.0730  0.0821  0.0683  0.0689  0.0705
  0.0790  0.0763  0.0772  0.0700  0.0684  0.0687
  0.0791  0.0790  0.0741  0.0744  0.0684  0.0683
  0.0818  0.0808  0.0743  0.0775  0.0692  0.0691
  0.0859  0.0792  0.0752  0.0793  0.0712  0.0715
  0.0884  0.0802  0.0755  0.0797  0.0732  0.0745
niter,ni,del,rscale     6    3   12.0000    1.2000
parameter  4  1.834402 ->  0.500000 qaram    1.3225
parameters
   -1.2286  -24.2786    2.1212   -7.4175   -1.5498    0.4322
eta,q 0.93315 10.63935
  0.0830  0.0889  0.0760  0.0650  0.0702  0.0701
  0.0742  0.0796  0.0717  0.0665  0.0691  0.0684
  0.0686  0.0714  0.0699  0.0678  0.0680  0.0678
  0.0683  0.0685  0.0695  0.0695  0.0670  0.0670
  0.0688  0.0699  0.0705  0.0732  0.0666  0.0669
  0.0707  0.0715  0.0736  0.0768  0.0682  0.0678
  0.0760  0.0751  0.0780  0.0789  0.0718  0.0690
niter,ni,del,rscale     6    3   12.0000    1.2000
parameter  4  0.843082 ->  0.500000 qaram    1.5209
parameters
   -1.4002  -23.3256    1.8299  -11.9801   -1.6382    0.4117
eta,q 0.93669 10.72810
  0.0800  0.0766  0.0752  0.0633  0.0675  0.0663
  0.0707  0.0710  0.0711  0.0630  0.0649  0.0641
  0.0669  0.0686  0.0678  0.0642  0.0638  0.0635
  0.0669  0.0668  0.0662  0.0662  0.0633  0.0633
  0.0688  0.0656  0.0673  0.0682  0.0629  0.0633
  0.0734  0.0675  0.0716  0.0724  0.0646  0.0643
  0.0799  0.0728  0.0781  0.0765  0.0684  0.0663
niter,ni,del,rscale     6    3   12.0000    1.2000
parameters
   -1.3502  -22.7928    0.9202  -16.0485   -1.5321    0.2355
eta,q 0.93824 10.78327
  0.0797  0.0772  0.0687  0.0639  0.0687  0.0661
  0.0686  0.0699  0.0648  0.0621  0.0650  0.0637
  0.0635  0.0661  0.0634  0.0617  0.0625  0.0623
  0.0633  0.0633  0.0630  0.0632  0.0618  0.0618
  0.0650  0.0640  0.0639  0.0657  0.0619  0.0625
  0.0699  0.0683  0.0679  0.0677  0.0641  0.0641
  0.0775  0.0733  0.0753  0.0719  0.0687  0.0665
niter,ni,del,rscale     5    3   12.0000    1.2000
parameters
   -1.3014  -22.1927   -0.1457  -16.3073   -1.3593   -0.0830
eta,q 0.93957 10.74290
  0.0792  0.0770  0.0698  0.0694  0.0679  0.0651
  0.0679  0.0681  0.0637  0.0628  0.0643  0.0623
  0.0627  0.0642  0.0607  0.0606  0.0616  0.0606
  0.0618  0.0618  0.0615  0.0606  0.0606  0.0605
  0.0631  0.0629  0.0653  0.0626  0.0607  0.0616
  0.0691  0.0675  0.0706  0.0656  0.0629  0.0632
  0.0774  0.0713  0.0762  0.0683  0.0677  0.0658
niter,ni,del,rscale     4    3   12.0000    1.2000
parameters
   -1.4074  -22.2482   -0.2744  -16.3773   -1.3110   -0.1312
eta,q 0.93967 10.74600
  0.0772  0.0736  0.0737  0.0700  0.0677  0.0655
  0.0663  0.0663  0.0664  0.0630  0.0640  0.0626
  0.0613  0.0629  0.0615  0.0608  0.0614  0.0607
  0.0604  0.0604  0.0604  0.0604  0.0604  0.0603
  0.0619  0.0627  0.0631  0.0624  0.0606  0.0614
  0.0683  0.0679  0.0681  0.0653  0.0630  0.0629
  0.0776  0.0732  0.0737  0.0683  0.0681  0.0653
niter,ni,del,rscale     3    3   12.0000    1.2000
parameters
   -1.4266  -22.2461   -0.3108  -16.4076   -1.3000   -0.1407
eta,q 0.93970 10.74664
  0.0779  0.0738  0.0742  0.0701  0.0676  0.0656
  0.0667  0.0664  0.0668  0.0631  0.0639  0.0626
  0.0614  0.0629  0.0616  0.0608  0.0613  0.0607
  0.0603  0.0603  0.0603  0.0603  0.0603  0.0603
  0.0618  0.0624  0.0629  0.0623  0.0606  0.0613
  0.0680  0.0677  0.0678  0.0653  0.0631  0.0628
  0.0773  0.0731  0.0735  0.0683  0.0683  0.0653
registration optimization eta report
parameter search radius
    6.0000    6.9000    6.0000    9.1253    6.0000    6.0000
100000*second partial in parameter space
       49.       26.       37.       11.       22.       14.
  0.0779  0.0738  0.0742  0.0701  0.0676  0.0656
  0.0667  0.0664  0.0668  0.0631  0.0639  0.0626
  0.0614  0.0629  0.0616  0.0608  0.0613  0.0607
  0.0603  0.0603  0.0603  0.0603  0.0603  0.0603
  0.0618  0.0624  0.0629  0.0623  0.0606  0.0613
  0.0680  0.0677  0.0678  0.0653  0.0631  0.0628
  0.0773  0.0731  0.0735  0.0683  0.0683  0.0653
   -1.4266  -22.2461   -0.3108  -16.4076   -1.3000   -0.1407
eta,q 0.93970 10.74664

---------------------------------------------------------------------
imgreg_4dfp /opt/freesurfer/average/711-2C_as_mni_average_305 /opt/freesurfer/average/711-2B_as_mni_average_305_mask talsrcimg_g11 none talsrcimg_to_711-2C_as_mni_average_305_t4 3335
---------------------------------------------------------------------

freesurfer imgreg_4dfp.c
/opt/freesurfer/average/711-2C_as_mni_average_305.4dfp.img
       256       256       256         1
  1.000000  1.000000  1.000000
orientation T byte_order littleendian
Reading image: /opt/freesurfer/average/711-2C_as_mni_average_305.4dfp.img
dimensions:      256       256       256
mmppix:       1.0000   -1.0000   -1.0000
center:     128.0000 -129.0000 -129.0000
/opt/freesurfer/average/711-2B_as_mni_average_305_mask.4dfp.img
       256       256       256         1
  1.000000  1.000000  1.000000
orientation T byte_order littleendian
Reading mask: /opt/freesurfer/average/711-2B_as_mni_average_305_mask.4dfp.img (2306576 pixels)
talsrcimg_g11.4dfp.img
       256       256       256         1
  1.000000  1.000000  1.000000
orientation T byte_order littleendian
Reading image: talsrcimg_g11.4dfp.img
dimensions:      256       256       256
mmppix:       1.0000   -1.0000   -1.0000
center:     128.0000 -129.0000 -129.0000
fimgreg.f
image alignment mode   3335 decimal      D07 hex
parameters
   -1.4266  -22.2461   -0.3108   -0.0260   -4.0711   -4.0971
   -0.4054    2.2457   -0.2454   28.2415   -2.2688  -28.2396
eta,q 0.93830 10.84166
niter,ni,del,rscale     5    3    5.0000    1.2000
parameter  4  1.387376 ->  0.500000 qaram    1.1500
parameter  5********** ->  0.500000 qaram    1.1500
parameter  6  0.978970 ->  0.500000 qaram    1.1500
parameters
   -1.5299  -22.1882   -0.1258   -4.1660   -8.2111   -8.2371
   -0.7220    1.8436   -0.9255   24.9883    0.2675  -25.1282
eta,q 0.95451 10.56391
  0.0650  0.0632  0.0641  0.0560  0.0458  0.0450  0.0490  0.0505  0.0482  0.0467  0.0480  0.0491
  0.0632  0.0623  0.0628  0.0564  0.0489  0.0461  0.0476  0.0481  0.0471  0.0461  0.0470  0.0476
  0.0620  0.0618  0.0620  0.0582  0.0528  0.0477  0.0467  0.0467  0.0465  0.0460  0.0463  0.0465
  0.0617  0.0617  0.0617  0.0617  0.0567  0.0499  0.0465  0.0465  0.0465  0.0464  0.0459  0.0458
  0.0622  0.0618  0.0618  0.0663  0.0600  0.0528  0.0469  0.0473  0.0469  0.0476  0.0458  0.0455
  0.0636  0.0623  0.0624  0.0708  0.0635  0.0575  0.0479  0.0489  0.0477  0.0495  0.0459  0.0456
  0.0656  0.0630  0.0634  0.0748  0.0672  0.0639  0.0495  0.0514  0.0489  0.0520  0.0463  0.0460
niter,ni,del,rscale     7    3    5.0000    1.2000
parameter  5  1.310962 ->  0.500000 qaram    1.3225
parameter  6  0.735531 ->  0.500000 qaram    1.3225
parameters
   -1.4949  -22.5849   -0.5275   -7.5458  -12.9721  -12.9981
    0.2291    0.8329   -0.0569   22.7771   -1.0501  -27.5528
eta,q 0.96038 10.13097
  0.0495  0.0472  0.0465  0.0463  0.0405  0.0402  0.0431  0.0425  0.0424  0.0408  0.0402  0.0402
  0.0473  0.0460  0.0458  0.0455  0.0411  0.0401  0.0417  0.0409  0.0412  0.0401  0.0399  0.0397
  0.0460  0.0455  0.0454  0.0451  0.0425  0.0405  0.0407  0.0401  0.0404  0.0398  0.0398  0.0396
  0.0455  0.0455  0.0454  0.0454  0.0451  0.0414  0.0402  0.0401  0.0400  0.0400  0.0398  0.0398
  0.0459  0.0461  0.0458  0.0474  0.0488  0.0428  0.0402  0.0409  0.0401  0.0406  0.0399  0.0402
  0.0472  0.0472  0.0465  0.0516  0.0525  0.0447  0.0408  0.0423  0.0406  0.0418  0.0402  0.0407
  0.0492  0.0487  0.0477  0.0566  0.0563  0.0473  0.0419  0.0442  0.0415  0.0435  0.0407  0.0414
niter,ni,del,rscale     7    3    5.0000    1.2000
parameter  5  0.559333 ->  0.500000 qaram    1.5209
parameters
   -1.5296  -21.6455   -0.6497   -8.0875  -18.4472  -14.0290
    0.1622    0.6766    0.8114   22.9826   -1.0781  -30.0841
eta,q 0.96178  9.87005
  0.0427  0.0436  0.0406  0.0421  0.0391  0.0407  0.0405  0.0413  0.0399  0.0401  0.0390  0.0387
  0.0410  0.0418  0.0398  0.0408  0.0385  0.0394  0.0394  0.0396  0.0391  0.0392  0.0387  0.0383
  0.0400  0.0405  0.0394  0.0399  0.0385  0.0386  0.0387  0.0386  0.0387  0.0386  0.0385  0.0382
  0.0396  0.0396  0.0393  0.0393  0.0393  0.0384  0.0384  0.0384  0.0384  0.0384  0.0384  0.0384
  0.0400  0.0393  0.0395  0.0393  0.0416  0.0389  0.0387  0.0389  0.0384  0.0385  0.0384  0.0388
  0.0411  0.0394  0.0400  0.0406  0.0451  0.0401  0.0394  0.0399  0.0387  0.0390  0.0387  0.0393
  0.0429  0.0401  0.0409  0.0439  0.0484  0.0421  0.0406  0.0414  0.0393  0.0400  0.0390  0.0398
niter,ni,del,rscale     7    3    5.0000    1.2000
parameters
   -1.5709  -20.8108   -0.7590   -7.4251  -20.3601  -14.3497
    0.1053    0.5854    1.7613   23.5497   -1.0241  -31.1551
eta,q 0.96216  9.81597
  0.0410  0.0410  0.0393  0.0410  0.0407  0.0407  0.0401  0.0409  0.0391  0.0397  0.0386  0.0386
  0.0395  0.0397  0.0386  0.0397  0.0392  0.0392  0.0390  0.0392  0.0386  0.0388  0.0382  0.0381
  0.0385  0.0388  0.0381  0.0388  0.0382  0.0383  0.0382  0.0382  0.0382  0.0382  0.0380  0.0378
  0.0382  0.0382  0.0380  0.0380  0.0379  0.0379  0.0379  0.0379  0.0379  0.0379  0.0379  0.0379
  0.0386  0.0380  0.0382  0.0377  0.0385  0.0383  0.0382  0.0384  0.0379  0.0380  0.0380  0.0382
  0.0396  0.0382  0.0387  0.0384  0.0410  0.0394  0.0390  0.0394  0.0382  0.0385  0.0382  0.0386
  0.0412  0.0387  0.0395  0.0408  0.0447  0.0412  0.0402  0.0409  0.0387  0.0392  0.0386  0.0391
niter,ni,del,rscale     6    3    5.0000    1.2000
parameters
   -1.6224  -20.5499   -0.7821   -7.4915  -21.0222  -14.4138
    0.0348    0.4197    1.9951   23.9058   -1.1191  -31.5722
eta,q 0.96215  9.79391
  0.0406  0.0397  0.0392  0.0406  0.0414  0.0408  0.0401  0.0408  0.0389  0.0396  0.0386  0.0388
  0.0391  0.0388  0.0384  0.0394  0.0397  0.0393  0.0389  0.0391  0.0384  0.0387  0.0382  0.0382
  0.0381  0.0381  0.0380  0.0385  0.0384  0.0383  0.0382  0.0381  0.0381  0.0381  0.0379  0.0379
  0.0378  0.0378  0.0378  0.0378  0.0378  0.0379  0.0379  0.0379  0.0379  0.0379  0.0379  0.0379
  0.0382  0.0379  0.0380  0.0377  0.0381  0.0382  0.0382  0.0384  0.0379  0.0380  0.0380  0.0381
  0.0392  0.0383  0.0385  0.0387  0.0397  0.0393  0.0389  0.0394  0.0382  0.0385  0.0382  0.0385
  0.0409  0.0391  0.0392  0.0415  0.0431  0.0410  0.0402  0.0409  0.0389  0.0392  0.0386  0.0390
niter,ni,del,rscale     5    3    5.0000    1.2000
parameters
   -1.6514  -20.4322   -0.8135   -7.5277  -21.2807  -14.4285
    0.0170    0.3456    2.1078   24.0838   -1.1798  -31.7657
eta,q 0.96213  9.78606
  0.0406  0.0395  0.0392  0.0406  0.0416  0.0409  0.0401  0.0408  0.0389  0.0395  0.0386  0.0389
  0.0391  0.0386  0.0385  0.0395  0.0399  0.0394  0.0390  0.0391  0.0384  0.0386  0.0382  0.0383
  0.0382  0.0381  0.0380  0.0386  0.0386  0.0383  0.0382  0.0381  0.0380  0.0381  0.0379  0.0379
  0.0379  0.0379  0.0378  0.0379  0.0379  0.0379  0.0379  0.0379  0.0379  0.0379  0.0379  0.0379
  0.0382  0.0380  0.0380  0.0377  0.0380  0.0382  0.0381  0.0383  0.0379  0.0380  0.0380  0.0381
  0.0392  0.0385  0.0385  0.0387  0.0394  0.0393  0.0389  0.0393  0.0383  0.0385  0.0382  0.0385
  0.0408  0.0392  0.0393  0.0415  0.0427  0.0410  0.0402  0.0408  0.0389  0.0393  0.0386  0.0390
niter,ni,del,rscale     4    3    5.0000    1.2000
parameters
   -1.6675  -20.3849   -0.8313   -7.5534  -21.3904  -14.4420
    0.0153    0.3104    2.1631   24.1668   -1.2227  -31.8493
eta,q 0.96211  9.78233
  0.0407  0.0394  0.0392  0.0406  0.0416  0.0409  0.0401  0.0409  0.0389  0.0394  0.0386  0.0390
  0.0392  0.0386  0.0385  0.0395  0.0399  0.0394  0.0390  0.0391  0.0384  0.0386  0.0382  0.0383
  0.0382  0.0381  0.0380  0.0386  0.0386  0.0384  0.0382  0.0382  0.0380  0.0381  0.0380  0.0380
  0.0379  0.0379  0.0379  0.0379  0.0379  0.0379  0.0379  0.0379  0.0379  0.0379  0.0379  0.0379
  0.0382  0.0380  0.0380  0.0377  0.0380  0.0382  0.0381  0.0383  0.0380  0.0381  0.0380  0.0381
  0.0392  0.0385  0.0385  0.0387  0.0393  0.0393  0.0389  0.0393  0.0383  0.0385  0.0382  0.0384
  0.0408  0.0393  0.0393  0.0414  0.0425  0.0410  0.0402  0.0408  0.0389  0.0393  0.0386  0.0389
niter,ni,del,rscale     3    3    5.0000    1.2000
parameters
   -1.6757  -20.3607   -0.8401   -7.5759  -21.4404  -14.4488
    0.0127    0.2897    2.1941   24.2077   -1.2379  -31.8836
eta,q 0.96211  9.78023
  0.0407  0.0394  0.0392  0.0406  0.0417  0.0409  0.0401  0.0409  0.0389  0.0394  0.0386  0.0390
  0.0392  0.0386  0.0385  0.0395  0.0400  0.0394  0.0390  0.0392  0.0384  0.0386  0.0382  0.0384
  0.0382  0.0380  0.0380  0.0386  0.0386  0.0384  0.0382  0.0382  0.0380  0.0381  0.0380  0.0380
  0.0379  0.0379  0.0379  0.0379  0.0379  0.0379  0.0379  0.0379  0.0379  0.0379  0.0379  0.0379
  0.0382  0.0381  0.0380  0.0378  0.0380  0.0382  0.0381  0.0383  0.0380  0.0381  0.0380  0.0381
  0.0392  0.0386  0.0385  0.0387  0.0393  0.0393  0.0389  0.0393  0.0383  0.0386  0.0382  0.0384
  0.0408  0.0393  0.0393  0.0414  0.0425  0.0410  0.0402  0.0408  0.0389  0.0393  0.0386  0.0389
niter,ni,del,rscale     2    3    5.0000    1.2000
parameters
   -1.6805  -20.3481   -0.8442   -7.5811  -21.4679  -14.4550
    0.0117    0.2778    2.2145   24.2216   -1.2527  -31.9053
eta,q 0.96211  9.77902
  0.0407  0.0394  0.0393  0.0406  0.0417  0.0409  0.0401  0.0409  0.0389  0.0394  0.0386  0.0390
  0.0392  0.0386  0.0385  0.0395  0.0400  0.0394  0.0390  0.0392  0.0384  0.0385  0.0382  0.0384
  0.0382  0.0381  0.0381  0.0386  0.0386  0.0384  0.0382  0.0382  0.0380  0.0381  0.0380  0.0380
  0.0379  0.0379  0.0379  0.0379  0.0379  0.0379  0.0379  0.0379  0.0379  0.0379  0.0379  0.0379
  0.0382  0.0381  0.0381  0.0378  0.0380  0.0382  0.0381  0.0383  0.0380  0.0381  0.0380  0.0381
  0.0392  0.0386  0.0385  0.0387  0.0393  0.0393  0.0389  0.0393  0.0383  0.0386  0.0382  0.0384
  0.0408  0.0393  0.0393  0.0414  0.0424  0.0410  0.0402  0.0408  0.0389  0.0393  0.0386  0.0389
registration optimization eta report
parameter search radius
    2.4000    2.4000    2.4000    8.2800   10.9503    9.5220
    7.2000    7.2000    7.2000    7.2000    7.2000    7.2000
100000*second partial in parameter space
       49.       25.       24.        5.        3.        3.
        4.        6.        2.        3.        1.        2.
  0.0407  0.0394  0.0393  0.0406  0.0417  0.0409  0.0401  0.0409  0.0389  0.0394  0.0386  0.0390
  0.0392  0.0386  0.0385  0.0395  0.0400  0.0394  0.0390  0.0392  0.0384  0.0385  0.0382  0.0384
  0.0382  0.0381  0.0381  0.0386  0.0386  0.0384  0.0382  0.0382  0.0380  0.0381  0.0380  0.0380
  0.0379  0.0379  0.0379  0.0379  0.0379  0.0379  0.0379  0.0379  0.0379  0.0379  0.0379  0.0379
  0.0382  0.0381  0.0381  0.0378  0.0380  0.0382  0.0381  0.0383  0.0380  0.0381  0.0380  0.0381
  0.0392  0.0386  0.0385  0.0387  0.0393  0.0393  0.0389  0.0393  0.0383  0.0386  0.0382  0.0384
  0.0408  0.0393  0.0393  0.0414  0.0424  0.0410  0.0402  0.0408  0.0389  0.0393  0.0386  0.0389
   -1.6805  -20.3481   -0.8442   -7.5811  -21.4679  -14.4550
    0.0117    0.2778    2.2145   24.2216   -1.2527  -31.9053
eta,q 0.96211  9.77902

---------------------------------------------------------------------
imgreg_4dfp /opt/freesurfer/average/711-2C_as_mni_average_305 /opt/freesurfer/average/711-2B_as_mni_average_305_mask talsrcimg_g11 none talsrcimg_to_711-2C_as_mni_average_305_t4 2311
---------------------------------------------------------------------

freesurfer imgreg_4dfp.c
/opt/freesurfer/average/711-2C_as_mni_average_305.4dfp.img
       256       256       256         1
  1.000000  1.000000  1.000000
orientation T byte_order littleendian
Reading image: /opt/freesurfer/average/711-2C_as_mni_average_305.4dfp.img
dimensions:      256       256       256
mmppix:       1.0000   -1.0000   -1.0000
center:     128.0000 -129.0000 -129.0000
/opt/freesurfer/average/711-2B_as_mni_average_305_mask.4dfp.img
       256       256       256         1
  1.000000  1.000000  1.000000
orientation T byte_order littleendian
Reading mask: /opt/freesurfer/average/711-2B_as_mni_average_305_mask.4dfp.img (2306576 pixels)
talsrcimg_g11.4dfp.img
       256       256       256         1
  1.000000  1.000000  1.000000
orientation T byte_order littleendian
Reading image: talsrcimg_g11.4dfp.img
dimensions:      256       256       256
mmppix:       1.0000   -1.0000   -1.0000
center:     128.0000 -129.0000 -129.0000
fimgreg.f
image alignment mode   2311 decimal      907 hex
parameters
   -1.6805  -20.3481   -0.8442   -7.5811  -21.4679  -14.4550
    0.0117    0.2778    2.2145   24.2216   -1.2527  -31.9053
eta,q 0.96211  9.77902
niter,ni,del,rscale     5    3    5.0000    0.8000
parameters
   -1.6714  -20.3655   -0.8464   -6.1193  -20.2745  -14.3151
   -0.1861    0.4135    2.0428   24.2308   -0.9680  -31.7191
eta,q 0.96236  9.88085
  0.0392  0.0386  0.0385  0.0392  0.0388  0.0386  0.0387  0.0392  0.0381  0.0384  0.0381  0.0382
  0.0385  0.0382  0.0382  0.0387  0.0383  0.0381  0.0381  0.0383  0.0379  0.0380  0.0379  0.0379
  0.0381  0.0380  0.0380  0.0383  0.0379  0.0378  0.0378  0.0378  0.0377  0.0378  0.0377  0.0377
  0.0379  0.0379  0.0379  0.0379  0.0377  0.0376  0.0376  0.0376  0.0376  0.0376  0.0376  0.0376
  0.0380  0.0380  0.0380  0.0377  0.0376  0.0377  0.0378  0.0378  0.0377  0.0377  0.0377  0.0377
  0.0385  0.0382  0.0382  0.0378  0.0378  0.0380  0.0382  0.0383  0.0379  0.0380  0.0378  0.0379
  0.0392  0.0386  0.0385  0.0383  0.0381  0.0385  0.0389  0.0390  0.0382  0.0384  0.0380  0.0381
niter,ni,del,rscale     4    3    5.0000    0.7000
parameters
   -1.6239  -20.6346   -0.8251   -6.1373  -19.8821  -14.1374
   -0.1714    0.4359    1.7187   24.2712   -0.9857  -31.5866
eta,q 0.96239  9.90695
  0.0388  0.0380  0.0382  0.0385  0.0383  0.0384  0.0385  0.0388  0.0379  0.0382  0.0379  0.0381
  0.0382  0.0378  0.0379  0.0381  0.0380  0.0380  0.0380  0.0381  0.0378  0.0379  0.0377  0.0378
  0.0378  0.0376  0.0377  0.0378  0.0377  0.0377  0.0377  0.0377  0.0376  0.0377  0.0376  0.0377
  0.0376  0.0376  0.0376  0.0376  0.0376  0.0376  0.0376  0.0376  0.0376  0.0376  0.0376  0.0376
  0.0377  0.0378  0.0377  0.0377  0.0376  0.0377  0.0377  0.0378  0.0377  0.0377  0.0377  0.0377
  0.0381  0.0381  0.0378  0.0380  0.0378  0.0379  0.0380  0.0381  0.0378  0.0379  0.0378  0.0378
  0.0387  0.0384  0.0381  0.0387  0.0381  0.0383  0.0385  0.0387  0.0381  0.0382  0.0379  0.0380
niter,ni,del,rscale     3    3    5.0000    0.6000
parameters
   -1.5990  -20.7048   -0.8225   -5.9818  -19.7712  -14.0354
   -0.1379    0.4884    1.5927   24.2785   -0.9777  -31.5433
eta,q 0.96240  9.92059
  0.0384  0.0380  0.0380  0.0384  0.0381  0.0382  0.0383  0.0385  0.0379  0.0381  0.0379  0.0379
  0.0380  0.0378  0.0378  0.0380  0.0378  0.0379  0.0379  0.0380  0.0377  0.0378  0.0377  0.0377
  0.0377  0.0376  0.0377  0.0378  0.0377  0.0377  0.0377  0.0377  0.0376  0.0377  0.0376  0.0376
  0.0376  0.0376  0.0376  0.0376  0.0376  0.0376  0.0376  0.0376  0.0376  0.0376  0.0376  0.0376
  0.0377  0.0377  0.0377  0.0376  0.0376  0.0376  0.0377  0.0377  0.0376  0.0377  0.0376  0.0376
  0.0379  0.0378  0.0378  0.0379  0.0378  0.0378  0.0379  0.0380  0.0377  0.0378  0.0377  0.0377
  0.0384  0.0381  0.0380  0.0383  0.0380  0.0381  0.0382  0.0384  0.0379  0.0381  0.0378  0.0379
niter,ni,del,rscale     2    3    5.0000    0.5000
parameters
   -1.5961  -20.7337   -0.8100   -5.8619  -19.7218  -13.9786
   -0.1088    0.5176    1.5797   24.2726   -1.0262  -31.5356
eta,q 0.96241  9.92814
  0.0382  0.0379  0.0379  0.0381  0.0379  0.0380  0.0380  0.0382  0.0378  0.0379  0.0378  0.0378
  0.0379  0.0377  0.0377  0.0379  0.0377  0.0378  0.0378  0.0379  0.0377  0.0378  0.0377  0.0377
  0.0377  0.0376  0.0376  0.0377  0.0376  0.0376  0.0377  0.0377  0.0376  0.0376  0.0376  0.0376
  0.0376  0.0376  0.0376  0.0376  0.0376  0.0376  0.0376  0.0376  0.0376  0.0376  0.0376  0.0376
  0.0377  0.0376  0.0376  0.0376  0.0376  0.0376  0.0376  0.0377  0.0376  0.0376  0.0376  0.0376
  0.0378  0.0377  0.0377  0.0378  0.0377  0.0378  0.0378  0.0379  0.0377  0.0378  0.0377  0.0377
  0.0382  0.0379  0.0379  0.0381  0.0379  0.0380  0.0380  0.0382  0.0378  0.0379  0.0378  0.0378
niter,ni,del,rscale     1    3    5.0000    0.4000
parameters
   -1.5992  -20.7526   -0.8165   -5.7694  -19.7174  -13.9462
   -0.1181    0.5349    1.5599   24.2866   -1.0424  -31.5372
eta,q 0.96241  9.93279
  0.0380  0.0378  0.0378  0.0380  0.0378  0.0378  0.0379  0.0380  0.0377  0.0378  0.0377  0.0377
  0.0378  0.0377  0.0377  0.0378  0.0377  0.0377  0.0377  0.0378  0.0376  0.0377  0.0376  0.0377
  0.0376  0.0376  0.0376  0.0376  0.0376  0.0376  0.0376  0.0376  0.0376  0.0376  0.0376  0.0376
  0.0376  0.0376  0.0376  0.0376  0.0376  0.0376  0.0376  0.0376  0.0376  0.0376  0.0376  0.0376
  0.0376  0.0376  0.0376  0.0376  0.0376  0.0376  0.0376  0.0376  0.0376  0.0376  0.0376  0.0376
  0.0378  0.0377  0.0377  0.0377  0.0377  0.0377  0.0377  0.0378  0.0376  0.0377  0.0376  0.0377
  0.0380  0.0378  0.0378  0.0379  0.0378  0.0378  0.0379  0.0380  0.0377  0.0378  0.0377  0.0377
registration optimization eta report
parameter search radius
    0.8000    0.8000    0.8000    2.4000    2.4000    2.4000
    2.4000    2.4000    2.4000    2.4000    2.4000    2.4000
100000*second partial in parameter space
       58.       30.       28.        6.        3.        4.
        5.        7.        2.        4.        2.        2.
  0.0380  0.0378  0.0378  0.0380  0.0378  0.0378  0.0379  0.0380  0.0377  0.0378  0.0377  0.0377
  0.0378  0.0377  0.0377  0.0378  0.0377  0.0377  0.0377  0.0378  0.0376  0.0377  0.0376  0.0377
  0.0376  0.0376  0.0376  0.0376  0.0376  0.0376  0.0376  0.0376  0.0376  0.0376  0.0376  0.0376
  0.0376  0.0376  0.0376  0.0376  0.0376  0.0376  0.0376  0.0376  0.0376  0.0376  0.0376  0.0376
  0.0376  0.0376  0.0376  0.0376  0.0376  0.0376  0.0376  0.0376  0.0376  0.0376  0.0376  0.0376
  0.0378  0.0377  0.0377  0.0377  0.0377  0.0377  0.0377  0.0378  0.0376  0.0377  0.0376  0.0377
  0.0380  0.0378  0.0378  0.0379  0.0378  0.0378  0.0379  0.0380  0.0377  0.0378  0.0377  0.0377
   -1.5992  -20.7526   -0.8165   -5.7694  -19.7174  -13.9462
   -0.1181    0.5349    1.5599   24.2866   -1.0424  -31.5372
eta,q 0.96241  9.93279

---------------------------------------------------------------------
imgreg_4dfp /opt/freesurfer/average/711-2C_as_mni_average_305 /opt/freesurfer/average/711-2B_as_mni_average_305_mask talsrcimg_g11 none talsrcimg_to_711-2C_as_mni_average_305_t4 2311
---------------------------------------------------------------------

freesurfer imgreg_4dfp.c
/opt/freesurfer/average/711-2C_as_mni_average_305.4dfp.img
       256       256       256         1
  1.000000  1.000000  1.000000
orientation T byte_order littleendian
Reading image: /opt/freesurfer/average/711-2C_as_mni_average_305.4dfp.img
dimensions:      256       256       256
mmppix:       1.0000   -1.0000   -1.0000
center:     128.0000 -129.0000 -129.0000
/opt/freesurfer/average/711-2B_as_mni_average_305_mask.4dfp.img
       256       256       256         1
  1.000000  1.000000  1.000000
orientation T byte_order littleendian
Reading mask: /opt/freesurfer/average/711-2B_as_mni_average_305_mask.4dfp.img (2306576 pixels)
talsrcimg_g11.4dfp.img
       256       256       256         1
  1.000000  1.000000  1.000000
orientation T byte_order littleendian
Reading image: talsrcimg_g11.4dfp.img
dimensions:      256       256       256
mmppix:       1.0000   -1.0000   -1.0000
center:     128.0000 -129.0000 -129.0000
fimgreg.f
image alignment mode   2311 decimal      907 hex
parameters
   -1.5992  -20.7526   -0.8165   -5.7694  -19.7174  -13.9462
   -0.1181    0.5349    1.5599   24.2866   -1.0424  -31.5372
eta,q 0.96241  9.93279
niter,ni,del,rscale     5    3    5.0000    0.8000
parameters
   -1.6078  -20.7709   -0.8106   -6.2575  -19.7792  -14.0266
   -0.0878    0.5026    1.4787   24.2914   -0.9945  -31.4781
eta,q 0.96239  9.91333
  0.0390  0.0383  0.0383  0.0386  0.0384  0.0385  0.0387  0.0391  0.0381  0.0384  0.0380  0.0382
  0.0382  0.0379  0.0379  0.0381  0.0380  0.0380  0.0382  0.0383  0.0379  0.0380  0.0378  0.0379
  0.0378  0.0377  0.0377  0.0378  0.0377  0.0377  0.0378  0.0378  0.0377  0.0377  0.0376  0.0377
  0.0376  0.0376  0.0376  0.0376  0.0376  0.0376  0.0376  0.0376  0.0376  0.0376  0.0376  0.0376
  0.0378  0.0377  0.0377  0.0377  0.0377  0.0377  0.0377  0.0378  0.0377  0.0377  0.0377  0.0377
  0.0382  0.0379  0.0379  0.0383  0.0379  0.0381  0.0381  0.0383  0.0378  0.0380  0.0378  0.0379
  0.0391  0.0384  0.0383  0.0394  0.0385  0.0386  0.0387  0.0391  0.0382  0.0384  0.0380  0.0381
niter,ni,del,rscale     4    3    5.0000    0.7000
parameters
   -1.5935  -20.7390   -0.8277   -6.1132  -19.7344  -14.0100
   -0.0863    0.5146    1.5197   24.2558   -0.9962  -31.4850
eta,q 0.96240  9.91827
  0.0387  0.0382  0.0381  0.0386  0.0382  0.0383  0.0385  0.0388  0.0380  0.0382  0.0379  0.0380
  0.0381  0.0379  0.0378  0.0382  0.0379  0.0380  0.0380  0.0381  0.0378  0.0379  0.0377  0.0378
  0.0378  0.0377  0.0377  0.0378  0.0377  0.0377  0.0377  0.0377  0.0377  0.0377  0.0376  0.0376
  0.0376  0.0376  0.0376  0.0376  0.0376  0.0376  0.0376  0.0376  0.0376  0.0376  0.0376  0.0376
  0.0377  0.0377  0.0377  0.0376  0.0377  0.0377  0.0377  0.0378  0.0376  0.0377  0.0377  0.0377
  0.0381  0.0378  0.0379  0.0379  0.0378  0.0379  0.0380  0.0381  0.0378  0.0379  0.0378  0.0378
  0.0387  0.0382  0.0382  0.0386  0.0382  0.0383  0.0385  0.0387  0.0380  0.0382  0.0379  0.0380
niter,ni,del,rscale     3    3    5.0000    0.6000
parameters
   -1.5945  -20.7490   -0.8164   -5.9576  -19.7119  -13.9937
   -0.1022    0.5202    1.5241   24.2597   -0.9939  -31.5076
eta,q 0.96240  9.92501
  0.0384  0.0380  0.0380  0.0384  0.0380  0.0381  0.0382  0.0385  0.0379  0.0381  0.0379  0.0379
  0.0380  0.0378  0.0378  0.0380  0.0378  0.0379  0.0379  0.0380  0.0377  0.0378  0.0377  0.0377
  0.0377  0.0377  0.0377  0.0378  0.0377  0.0377  0.0377  0.0377  0.0376  0.0377  0.0376  0.0376
  0.0376  0.0376  0.0376  0.0376  0.0376  0.0376  0.0376  0.0376  0.0376  0.0376  0.0376  0.0376
  0.0377  0.0377  0.0376  0.0376  0.0376  0.0376  0.0377  0.0377  0.0376  0.0377  0.0376  0.0376
  0.0380  0.0378  0.0378  0.0378  0.0378  0.0378  0.0379  0.0380  0.0377  0.0378  0.0377  0.0377
  0.0384  0.0380  0.0380  0.0383  0.0380  0.0381  0.0383  0.0384  0.0379  0.0381  0.0378  0.0379
niter,ni,del,rscale     2    3    5.0000    0.5000
parameters
   -1.5943  -20.7547   -0.8189   -5.8640  -19.6961  -13.9805
   -0.1014    0.5234    1.5327   24.2689   -1.0243  -31.5365
eta,q 0.96241  9.92923
  0.0382  0.0379  0.0379  0.0381  0.0379  0.0380  0.0380  0.0382  0.0378  0.0379  0.0378  0.0378
  0.0379  0.0377  0.0377  0.0379  0.0377  0.0378  0.0378  0.0379  0.0377  0.0378  0.0377  0.0377
  0.0377  0.0376  0.0376  0.0377  0.0376  0.0376  0.0377  0.0377  0.0376  0.0376  0.0376  0.0376
  0.0376  0.0376  0.0376  0.0376  0.0376  0.0376  0.0376  0.0376  0.0376  0.0376  0.0376  0.0376
  0.0377  0.0376  0.0376  0.0376  0.0376  0.0376  0.0376  0.0377  0.0376  0.0376  0.0376  0.0376
  0.0378  0.0377  0.0377  0.0378  0.0377  0.0378  0.0378  0.0379  0.0377  0.0378  0.0377  0.0377
  0.0382  0.0379  0.0379  0.0381  0.0379  0.0380  0.0380  0.0382  0.0378  0.0379  0.0378  0.0378
niter,ni,del,rscale     1    3    5.0000    0.4000
parameters
   -1.5973  -20.7592   -0.8154   -5.7733  -19.7055  -13.9497
   -0.0906    0.5407    1.5378   24.2779   -1.0567  -31.5691
eta,q 0.96241  9.93295
  0.0380  0.0378  0.0378  0.0380  0.0378  0.0378  0.0379  0.0380  0.0377  0.0378  0.0377  0.0377
  0.0378  0.0377  0.0377  0.0378  0.0377  0.0377  0.0377  0.0378  0.0377  0.0377  0.0376  0.0376
  0.0376  0.0376  0.0376  0.0376  0.0376  0.0376  0.0376  0.0376  0.0376  0.0376  0.0376  0.0376
  0.0376  0.0376  0.0376  0.0376  0.0376  0.0376  0.0376  0.0376  0.0376  0.0376  0.0376  0.0376
  0.0376  0.0376  0.0376  0.0376  0.0376  0.0376  0.0376  0.0376  0.0376  0.0376  0.0376  0.0376
  0.0378  0.0377  0.0377  0.0377  0.0377  0.0377  0.0377  0.0378  0.0376  0.0377  0.0376  0.0377
  0.0380  0.0378  0.0378  0.0379  0.0378  0.0378  0.0379  0.0380  0.0377  0.0378  0.0377  0.0377
registration optimization eta report
parameter search radius
    0.8000    0.8000    0.8000    2.4000    2.4000    2.4000
    2.4000    2.4000    2.4000    2.4000    2.4000    2.4000
100000*second partial in parameter space
       58.       30.       28.        6.        3.        4.
        5.        7.        2.        4.        2.        3.
  0.0380  0.0378  0.0378  0.0380  0.0378  0.0378  0.0379  0.0380  0.0377  0.0378  0.0377  0.0377
  0.0378  0.0377  0.0377  0.0378  0.0377  0.0377  0.0377  0.0378  0.0377  0.0377  0.0376  0.0376
  0.0376  0.0376  0.0376  0.0376  0.0376  0.0376  0.0376  0.0376  0.0376  0.0376  0.0376  0.0376
  0.0376  0.0376  0.0376  0.0376  0.0376  0.0376  0.0376  0.0376  0.0376  0.0376  0.0376  0.0376
  0.0376  0.0376  0.0376  0.0376  0.0376  0.0376  0.0376  0.0376  0.0376  0.0376  0.0376  0.0376
  0.0378  0.0377  0.0377  0.0377  0.0377  0.0377  0.0377  0.0378  0.0376  0.0377  0.0376  0.0377
  0.0380  0.0378  0.0378  0.0379  0.0378  0.0378  0.0379  0.0380  0.0377  0.0378  0.0377  0.0377
   -1.5973  -20.7592   -0.8154   -5.7733  -19.7055  -13.9497
   -0.0906    0.5407    1.5378   24.2779   -1.0567  -31.5691
eta,q 0.96241  9.93295

---------------------------------------------------------------------
compute_vox2vox talsrcimg talsrcimg_to_711-2C_as_mni_average_305_t4 /opt/freesurfer/average/711-2C_as_mni_average_305
---------------------------------------------------------------------

freesurfer compute_vox2vox.c
Reading: talsrcimg.4dfp.ifh
Reading: talsrcimg_to_711-2C_as_mni_average_305_t4
Reading: /opt/freesurfer/average/711-2C_as_mni_average_305.4dfp.ifh
Writing: talsrcimg_to_711-2C_as_mni_average_305_t4_vox2vox.txt

start time Tue Mar 10 06:41:10 CET 2026
end		time Tue Mar 10 06:42:41 CET 2026

mpr2mni305 success

avi2talxfm orig_nu.mgz /opt/freesurfer/average/mni305.cor.mgz talsrcimg_to_711-2C_as_mni_average_305_t4_vox2vox.txt transforms/talairach.auto.xfm
avi2talxfm done
mv -f /out/sourcedata/freesurfer/sub-v1s7x0051324_ses-1/mri/talsrcimg_to_711-2C_as_mni_average_305_t4_vox2vox.txt /out/sourcedata/freesurfer/sub-v1s7x0051324_ses-1/mri/transforms/talsrcimg_to_711-2C_as_mni_average_305_t4_vox2vox.txt
lta_convert --src orig_nu.mgz --trg /opt/freesurfer/average/mni305.cor.mgz --inxfm transforms/talairach.auto.xfm --outlta transforms/talairach.auto.xfm.lta --subject fsaverage
7.3.2

--src: orig_nu.mgz src image (geometry).
--trg: /opt/freesurfer/average/mni305.cor.mgz trg image (geometry).
--inmni: transforms/talairach.auto.xfm input MNI/XFM transform.
--outlta: transforms/talairach.auto.xfm.lta output LTA.
--s: fsaverage subject name
 LTA read, type : 1
 1.06122  -0.00631  -0.00128  -0.24677;
 0.00502   1.04604   0.41127  -7.18948;
-0.02184  -0.31616   1.12109  -8.14426;
 0.00000   0.00000   0.00000   1.00000;
setting subject to fsaverage
Writing  LTA to file transforms/talairach.auto.xfm.lta...
lta_convert successful.
 
 
Started at Tue Mar 10 06:41:09 CET 2026
Ended   at Tue Mar 10 06:42:41 CET 2026
talairach_avi done
