status file for recon-all
Tue Mar 10 08:29:27 CET 2026
#@# Tessellate lh Tue Mar 10 08:29:27 CET 2026
#@# Smooth1 lh Tue Mar 10 08:29:31 CET 2026
#@# Inflation1 lh Tue Mar 10 08:29:34 CET 2026
#@# QSphere lh Tue Mar 10 08:29:48 CET 2026
#@# Fix Topology lh Tue Mar 10 08:31:23 CET 2026
#@# Smooth2 lh Tue Mar 10 08:37:51 CET 2026
#@# Inflation2 lh Tue Mar 10 08:37:54 CET 2026
#@# Curv .H and .K lh Tue Mar 10 08:38:10 CET 2026
#@# Sphere lh Tue Mar 10 08:39:01 CET 2026
#@# Surf Reg lh Tue Mar 10 08:43:09 CET 2026
#@# Jacobian white lh Tue Mar 10 08:48:04 CET 2026
#@# AvgCurv lh Tue Mar 10 08:48:05 CET 2026
#@# Cortical Parc lh Tue Mar 10 08:48:06 CET 2026
#@# white curv lh Tue Mar 10 08:54:39 CET 2026
#@# white area lh Tue Mar 10 08:54:41 CET 2026
#@# pial curv lh Tue Mar 10 08:54:42 CET 2026
#@# pial area lh Tue Mar 10 08:54:44 CET 2026
#@# thickness lh Tue Mar 10 08:54:45 CET 2026
#@# area and vertex vol lh Tue Mar 10 08:55:18 CET 2026
#@# Curvature Stats lh Tue Mar 10 08:55:20 CET 2026
#@# Cortical Parc 2 lh Tue Mar 10 08:55:23 CET 2026
#@# Cortical Parc 3 lh Tue Mar 10 08:55:38 CET 2026
#@# WM/GM Contrast lh Tue Mar 10 08:55:50 CET 2026
recon-all -s sub-v1s7x0051326_ses-1 finished without error at Tue Mar 10 08:55:53 CET 2026



#New# invocation of recon-all 



status file for recon-all
Tue Mar 10 09:28:53 CET 2026
#@# white curv lh Tue Mar 10 09:28:53 CET 2026
#@# white area lh Tue Mar 10 09:28:53 CET 2026
#@# pial curv lh Tue Mar 10 09:28:53 CET 2026
#@# pial area lh Tue Mar 10 09:28:53 CET 2026
#@# thickness lh Tue Mar 10 09:28:53 CET 2026
#@# area and vertex vol lh Tue Mar 10 09:28:53 CET 2026
#@# Parcellation Stats lh Tue Mar 10 09:28:53 CET 2026
#@# Parcellation Stats 2 lh Tue Mar 10 09:29:13 CET 2026
#@# Parcellation Stats 3 lh Tue Mar 10 09:29:24 CET 2026
#@# BA_exvivo Labels lh Tue Mar 10 09:29:34 CET 2026
recon-all -s sub-v1s7x0051326_ses-1 finished without error at Tue Mar 10 09:32:28 CET 2026
