status file for recon-all
Tue Mar 10 08:55:55 CET 2026
#@# Tessellate rh Tue Mar 10 08:55:55 CET 2026
#@# Smooth1 rh Tue Mar 10 08:55:59 CET 2026
#@# Inflation1 rh Tue Mar 10 08:56:02 CET 2026
#@# QSphere rh Tue Mar 10 08:56:17 CET 2026
#@# Fix Topology rh Tue Mar 10 08:57:42 CET 2026
#@# Smooth2 rh Tue Mar 10 09:04:19 CET 2026
#@# Inflation2 rh Tue Mar 10 09:04:22 CET 2026
#@# Curv .H and .K rh Tue Mar 10 09:04:38 CET 2026
#@# Sphere rh Tue Mar 10 09:05:31 CET 2026
#@# Surf Reg rh Tue Mar 10 09:09:44 CET 2026
#@# Jacobian white rh Tue Mar 10 09:16:17 CET 2026
#@# AvgCurv rh Tue Mar 10 09:16:18 CET 2026
#@# Cortical Parc rh Tue Mar 10 09:16:19 CET 2026
#@# white curv rh Tue Mar 10 09:23:11 CET 2026
#@# white area rh Tue Mar 10 09:23:14 CET 2026
#@# pial curv rh Tue Mar 10 09:23:14 CET 2026
#@# pial area rh Tue Mar 10 09:23:17 CET 2026
#@# thickness rh Tue Mar 10 09:23:17 CET 2026
#@# area and vertex vol rh Tue Mar 10 09:23:49 CET 2026
#@# Curvature Stats rh Tue Mar 10 09:23:50 CET 2026
#@# Cortical Parc 2 rh Tue Mar 10 09:23:53 CET 2026
#@# Cortical Parc 3 rh Tue Mar 10 09:24:09 CET 2026
#@# WM/GM Contrast rh Tue Mar 10 09:24:21 CET 2026
recon-all -s sub-v1s7x0051326_ses-1 finished without error at Tue Mar 10 09:24:24 CET 2026



#New# invocation of recon-all 



status file for recon-all
Tue Mar 10 09:32:31 CET 2026
#@# white curv rh Tue Mar 10 09:32:31 CET 2026
#@# white area rh Tue Mar 10 09:32:31 CET 2026
#@# pial curv rh Tue Mar 10 09:32:31 CET 2026
#@# pial area rh Tue Mar 10 09:32:31 CET 2026
#@# thickness rh Tue Mar 10 09:32:31 CET 2026
#@# area and vertex vol rh Tue Mar 10 09:32:31 CET 2026
#@# Parcellation Stats rh Tue Mar 10 09:32:31 CET 2026
#@# Parcellation Stats 2 rh Tue Mar 10 09:32:52 CET 2026
#@# Parcellation Stats 3 rh Tue Mar 10 09:33:03 CET 2026
#@# BA_exvivo Labels rh Tue Mar 10 09:33:14 CET 2026
recon-all -s sub-v1s7x0051326_ses-1 finished without error at Tue Mar 10 09:36:06 CET 2026
