/out/sourcedata/freesurfer/sub-v1s7x0051325_ses-1/mri
/opt/freesurfer/bin/talairach_avi
--i orig_nu.mgz --xfm transforms/talairach.auto.xfm
talairach_avi 7.3.2
Linux dna060 5.14.0-427.37.1.el9_4.x86_64 #1 SMP PREEMPT_DYNAMIC Fri Sep 13 12:41:50 EDT 2024 x86_64 x86_64 x86_64 GNU/Linux
Tue Mar 10 06:41:16 CET 2026
mri_convert orig_nu.mgz talsrcimg.img 
reading from orig_nu.mgz...
TR=0.00, TE=0.00, TI=0.00, flip angle=0.00
i_ras = (-1, 0, 0)
j_ras = (0, 0, -1)
k_ras = (0, 1, 0)
writing to talsrcimg.img...
Analyze Output Matrix
-1.00000   0.00000   0.00000   129.50000;
 0.00000   0.00000   1.00000  -133.42374;
 0.00000  -1.00000   0.00000   129.32204;
 0.00000   0.00000   0.00000   1.00000;
--------------------
INFO: set hdr.hist.orient to -1
mpr2mni305 talsrcimg
Tue Mar 10 06:41:17 CET 2026
/opt/freesurfer/bin/mpr2mni305 talsrcimg
mpr2mni305 7.3.2
target=711-2C_as_mni_average_305

---------------------------------------------------------------------
analyzeto4dfp talsrcimg -O0 -y
---------------------------------------------------------------------

freesurfer ifh2hdr.c
Tue Mar 10 06:41:17 2026
Writing: talsrcimg.4dfp.hdr
freesurfer analyzeto4dfp.c
Reading: talsrcimg.hdr
header size 348 bytes
hdr.dime.datatype	offset=70	value=2
hdr.dime.bitpix		offset=72	value=8
hdr.hist.orient		offset=252	value=-1
dimensionality     4
dimensions       256       256       256         1
Reading: talsrcimg.img
Writing: talsrcimg.4dfp.img
Writing: talsrcimg.4dfp.ifh
ifh2hdr talsrcimg -r0to213
ori=2

---------------------------------------------------------------------
gauss_4dfp talsrcimg 1.1
---------------------------------------------------------------------

freesurfer gauss_4dfp.c
Reading: talsrcimg.4dfp.img
Writing: talsrcimg_g11.4dfp.img
image dimensions 256 256 256 padded to 288 288 288
processing volume 1freesurfer ifh2hdr.c
Tue Mar 10 06:41:19 2026
Writing: talsrcimg_g11.4dfp.hdr

Writing: talsrcimg_g11.4dfp.ifh
including: talsrcimg.4dfp.img.rec in talsrcimg_g11.4dfp.img.rec

---------------------------------------------------------------------
imgreg_4dfp /opt/freesurfer/average/711-2C_as_mni_average_305 none talsrcimg_g11 none talsrcimg_to_711-2C_as_mni_average_305_t4 4355
---------------------------------------------------------------------

freesurfer imgreg_4dfp.c
/opt/freesurfer/average/711-2C_as_mni_average_305.4dfp.img
       256       256       256         1
  1.000000  1.000000  1.000000
orientation T byte_order littleendian
Reading image: /opt/freesurfer/average/711-2C_as_mni_average_305.4dfp.img
dimensions:      256       256       256
mmppix:       1.0000   -1.0000   -1.0000
center:     128.0000 -129.0000 -129.0000
talsrcimg_g11.4dfp.img
       256       256       256         1
  1.000000  1.000000  1.000000
orientation T byte_order littleendian
Reading image: talsrcimg_g11.4dfp.img
dimensions:      256       256       256
mmppix:       1.0000   -1.0000   -1.0000
center:     128.0000 -129.0000 -129.0000
t4_read: open error in t4_sub.f l:  41 t4_file(1:l)talsrcimg_to_711-2C_as_mni_average_305_t4 
t4_read: transform initialized to I4
rotation matrix determinant  1.000000
image alignment mode   4355 decimal     1103 hex
   -7.5000  -45.0000  -45.0000 5627.5093   20.5909
    0.0000  -45.0000  -45.0000 5890.7700   20.6766
    7.5000  -45.0000  -45.0000 5613.1304   20.7194
   -7.5000  -37.5000  -45.0000 6218.3120   19.8756
    0.0000  -37.5000  -45.0000 6497.4775   19.9556
    7.5000  -37.5000  -45.0000 6229.6812   19.9935
   -7.5000  -30.0000  -45.0000 7085.7661   19.3187
    0.0000  -30.0000  -45.0000 7400.4736   19.4056
    7.5000  -30.0000  -45.0000 7127.4595   19.4458
   -7.5000  -22.5000  -45.0000 8063.4526   18.8842
    0.0000  -22.5000  -45.0000 8419.6924   18.9809
    7.5000  -22.5000  -45.0000 8097.3770   19.0222
   -7.5000  -15.0000  -45.0000 9078.9551   18.6629
    0.0000  -15.0000  -45.0000 9483.1914   18.7642
    7.5000  -15.0000  -45.0000 9088.1787   18.8073
   -7.5000   -7.5000  -45.000010121.7852   18.6638
    0.0000   -7.5000  -45.000010566.3818   18.7562
    7.5000   -7.5000  -45.000010100.2031   18.7974
   -7.5000    0.0000  -45.000011104.4111   18.7177
    0.0000    0.0000  -45.000011577.9629   18.7989
    7.5000    0.0000  -45.000011085.5498   18.8366
   -7.5000    7.5000  -45.000011236.4688   18.7036
    0.0000    7.5000  -45.000011733.6357   18.7822
    7.5000    7.5000  -45.000011210.6523   18.8177
   -7.5000   15.0000  -45.000011099.4658   18.6445
    0.0000   15.0000  -45.000011642.2461   18.7288
    7.5000   15.0000  -45.000011076.3604   18.7649
   -7.5000   22.5000  -45.000010927.5273   18.5894
    0.0000   22.5000  -45.000011472.8262   18.6852
    7.5000   22.5000  -45.000010869.2266   18.7253
   -7.5000   30.0000  -45.000010742.5684   18.3479
    0.0000   30.0000  -45.000011240.4844   18.4479
    7.5000   30.0000  -45.000010665.9541   18.4904
   -7.5000   37.5000  -45.000010846.1211   18.4136
    0.0000   37.5000  -45.000011325.0439   18.5048
    7.5000   37.5000  -45.000010788.6162   18.5454
   -7.5000   45.0000  -45.000010499.9443   17.9993
    0.0000   45.0000  -45.000010973.1523   18.0774
    7.5000   45.0000  -45.000010453.1396   18.1136
   -7.5000  -45.0000  -37.5000 5952.8584   20.5426
    0.0000  -45.0000  -37.5000 6220.9736   20.6248
    7.5000  -45.0000  -37.5000 5962.0234   20.6651
   -7.5000  -37.5000  -37.5000 6569.9756   19.8237
    0.0000  -37.5000  -37.5000 6851.1729   19.8975
    7.5000  -37.5000  -37.5000 6592.9272   19.9289
   -7.5000  -30.0000  -37.5000 7501.2476   19.2700
    0.0000  -30.0000  -37.5000 7820.8252   19.3480
    7.5000  -30.0000  -37.5000 7522.4263   19.3785
   -7.5000  -22.5000  -37.5000 8554.0029   18.8480
    0.0000  -22.5000  -37.5000 8913.3721   18.9348
    7.5000  -22.5000  -37.5000 8545.2725   18.9673
   -7.5000  -15.0000  -37.5000 9640.8398   18.6331
    0.0000  -15.0000  -37.500010065.2305   18.7265
    7.5000  -15.0000  -37.5000 9621.8545   18.7645
   -7.5000   -7.5000  -37.500010723.8691   18.6308
    0.0000   -7.5000  -37.500011183.4121   18.7190
    7.5000   -7.5000  -37.500010699.8203   18.7582
   -7.5000    0.0000  -37.500011725.7100   18.6771
    0.0000    0.0000  -37.500012235.7188   18.7550
    7.5000    0.0000  -37.500011692.5088   18.7897
   -7.5000    7.5000  -37.500011858.1924   18.6582
    0.0000    7.5000  -37.500012395.4209   18.7308
    7.5000    7.5000  -37.500011799.7549   18.7598
   -7.5000   15.0000  -37.500011711.6309   18.6010
    0.0000   15.0000  -37.500012305.5459   18.6768
    7.5000   15.0000  -37.500011668.6650   18.7039
   -7.5000   22.5000  -37.500011543.7432   18.5543
    0.0000   22.5000  -37.500012151.8047   18.6406
    7.5000   22.5000  -37.500011464.2129   18.6722
   -7.5000   30.0000  -37.500011320.8770   18.3189
    0.0000   30.0000  -37.500011899.1572   18.4111
    7.5000   30.0000  -37.500011218.0068   18.4485
   -7.5000   37.5000  -37.500011392.6367   18.3810
    0.0000   37.5000  -37.500011967.4346   18.4680
    7.5000   37.5000  -37.500011299.3545   18.5066
   -7.5000   45.0000  -37.500010999.0479   17.9603
    0.0000   45.0000  -37.500011542.3682   18.0352
    7.5000   45.0000  -37.500010924.2109   18.0685
   -7.5000  -45.0000  -30.0000 6359.1562   21.3378
    0.0000  -45.0000  -30.0000 6637.0815   21.4185
    7.5000  -45.0000  -30.0000 6374.9355   21.4562
   -7.5000  -37.5000  -30.0000 7017.6040   20.5844
    0.0000  -37.5000  -30.0000 7324.6011   20.6614
    7.5000  -37.5000  -30.0000 7041.2896   20.6920
   -7.5000  -30.0000  -30.0000 8034.4917   20.0155
    0.0000  -30.0000  -30.0000 8360.2627   20.0953
    7.5000  -30.0000  -30.0000 8044.2827   20.1225
   -7.5000  -22.5000  -30.0000 9163.1543   19.5899
    0.0000  -22.5000  -30.0000 9544.6064   19.6723
    7.5000  -22.5000  -30.0000 9157.8418   19.6982
   -7.5000  -15.0000  -30.000010322.6572   19.3706
    0.0000  -15.0000  -30.000010783.8145   19.4548
    7.5000  -15.0000  -30.000010319.7598   19.4849
   -7.5000   -7.5000  -30.000011449.8271   19.3631
    0.0000   -7.5000  -30.000011965.5088   19.4446
    7.5000   -7.5000  -30.000011426.6934   19.4782
   -7.5000    0.0000  -30.000012499.6611   19.4041
    0.0000    0.0000  -30.000013084.9600   19.4809
    7.5000    0.0000  -30.000012459.7832   19.5132
   -7.5000    7.5000  -30.000012616.3418   19.3802
    0.0000    7.5000  -30.000013207.2588   19.4559
    7.5000    7.5000  -30.000012545.8281   19.4835
   -7.5000   15.0000  -30.000012486.1094   19.3248
    0.0000   15.0000  -30.000013100.7617   19.4026
    7.5000   15.0000  -30.000012397.8223   19.4266
   -7.5000   22.5000  -30.000012293.7168   19.2833
    0.0000   22.5000  -30.000012933.3691   19.3653
    7.5000   22.5000  -30.000012174.1084   19.3905
   -7.5000   30.0000  -30.000012021.2715   19.0456
    0.0000   30.0000  -30.000012650.4355   19.1289
    7.5000   30.0000  -30.000011879.3154   19.1586
   -7.5000   37.5000  -30.000012107.6543   19.1053
    0.0000   37.5000  -30.000012745.0186   19.1857
    7.5000   37.5000  -30.000011979.9258   19.2188
   -7.5000   45.0000  -30.000011678.9639   18.6731
    0.0000   45.0000  -30.000012281.2383   18.7470
    7.5000   45.0000  -30.000011574.8115   18.7781
   -7.5000  -45.0000  -22.5000 6758.1992   22.0584
    0.0000  -45.0000  -22.5000 7051.2070   22.1403
    7.5000  -45.0000  -22.5000 6767.4614   22.1776
   -7.5000  -37.5000  -22.5000 7463.1157   21.2797
    0.0000  -37.5000  -22.5000 7791.3105   21.3674
    7.5000  -37.5000  -22.5000 7497.0444   21.4033
   -7.5000  -30.0000  -22.5000 8574.3564   20.6961
    0.0000  -30.0000  -22.5000 8911.7139   20.7891
    7.5000  -30.0000  -22.5000 8584.7764   20.8226
   -7.5000  -22.5000  -22.5000 9782.1553   20.2560
    0.0000  -22.5000  -22.500010183.3350   20.3454
    7.5000  -22.5000  -22.5000 9769.6543   20.3731
   -7.5000  -15.0000  -22.500010981.7373   20.0256
    0.0000  -15.0000  -22.500011475.0898   20.1087
    7.5000  -15.0000  -22.500010958.6514   20.1354
   -7.5000   -7.5000  -22.500012130.4893   20.0159
    0.0000   -7.5000  -22.500012711.9873   20.0939
    7.5000   -7.5000  -22.500012110.2021   20.1237
   -7.5000    0.0000  -22.500013239.0391   20.0595
    0.0000    0.0000  -22.500013853.7080   20.1381
    7.5000    0.0000  -22.500013172.9385   20.1708
   -7.5000    7.5000  -22.500013330.6895   20.0370
    0.0000    7.5000  -22.500013952.3838   20.1227
    7.5000    7.5000  -22.500013247.3809   20.1553
   -7.5000   15.0000  -22.500013210.3887   19.9822
    0.0000   15.0000  -22.500013847.7324   20.0726
    7.5000   15.0000  -22.500013103.2168   20.1022
   -7.5000   22.5000  -22.500012978.8447   19.9374
    0.0000   22.5000  -22.500013627.4834   20.0261
    7.5000   22.5000  -22.500012817.8828   20.0530
   -7.5000   30.0000  -22.500012668.2822   19.6924
    0.0000   30.0000  -22.500013309.4727   19.7745
    7.5000   30.0000  -22.500012502.6914   19.8011
   -7.5000   37.5000  -22.500012777.6885   19.7525
    0.0000   37.5000  -22.500013443.9697   19.8294
    7.5000   37.5000  -22.500012635.6279   19.8588
   -7.5000   45.0000  -22.500012344.8096   19.3183
    0.0000   45.0000  -22.500012992.4629   19.3940
    7.5000   45.0000  -22.500012212.1201   19.4255
   -7.5000  -45.0000  -15.0000 7141.2163   22.6387
    0.0000  -45.0000  -15.0000 7449.5220   22.7256
    7.5000  -45.0000  -15.0000 7133.3438   22.7663
   -7.5000  -37.5000  -15.0000 7919.7773   21.8439
    0.0000  -37.5000  -15.0000 8267.9648   21.9407
    7.5000  -37.5000  -15.0000 7951.7324   21.9846
   -7.5000  -30.0000  -15.0000 9126.9707   21.2438
    0.0000  -30.0000  -15.0000 9515.1631   21.3498
    7.5000  -30.0000  -15.0000 9137.8389   21.3944
   -7.5000  -22.5000  -15.000010389.6631   20.7816
    0.0000  -22.5000  -15.000010835.4883   20.8846
    7.5000  -22.5000  -15.000010370.8330   20.9219
   -7.5000  -15.0000  -15.000011609.1494   20.5400
    0.0000  -15.0000  -15.000012129.1260   20.6337
    7.5000  -15.0000  -15.000011582.7158   20.6660
   -7.5000   -7.5000  -15.000012820.9209   20.5328
    0.0000   -7.5000  -15.000013417.9229   20.6167
    7.5000   -7.5000  -15.000012781.9678   20.6490
   -7.5000    0.0000  -15.000013965.2236   20.5834
    0.0000    0.0000  -15.000014600.0420   20.6673
    7.5000    0.0000  -15.000013878.9277   20.7041
   -7.5000    7.5000  -15.000014026.6787   20.5647
    0.0000    7.5000  -15.000014704.0928   20.6594
    7.5000    7.5000  -15.000013938.7070   20.6999
   -7.5000   15.0000  -15.000013937.2969   20.5075
    0.0000   15.0000  -15.000014652.6191   20.6102
    7.5000   15.0000  -15.000013827.9971   20.6500
   -7.5000   22.5000  -15.000013717.9492   20.4531
    0.0000   22.5000  -15.000014397.0479   20.5550
    7.5000   22.5000  -15.000013544.2822   20.5912
   -7.5000   30.0000  -15.000013365.2832   20.2008
    0.0000   30.0000  -15.000014012.1504   20.2935
    7.5000   30.0000  -15.000013173.3525   20.3254
   -7.5000   37.5000  -15.000013472.6924   20.2654
    0.0000   37.5000  -15.000014141.1641   20.3482
    7.5000   37.5000  -15.000013306.1689   20.3801
   -7.5000   45.0000  -15.000012982.6562   19.8348
    0.0000   45.0000  -15.000013634.9316   19.9156
    7.5000   45.0000  -15.000012845.1475   19.9511
   -7.5000  -45.0000   -7.5000 7500.8882   22.9719
    0.0000  -45.0000   -7.5000 7860.3330   23.0653
    7.5000  -45.0000   -7.5000 7521.9688   23.1111
   -7.5000  -37.5000   -7.5000 8376.3252   22.1712
    0.0000  -37.5000   -7.5000 8736.4561   22.2678
    7.5000  -37.5000   -7.5000 8404.4941   22.3149
   -7.5000  -30.0000   -7.5000 9688.5479   21.5554
    0.0000  -30.0000   -7.500010095.8809   21.6619
    7.5000  -30.0000   -7.5000 9677.9297   21.7122
   -7.5000  -22.5000   -7.500010981.4033   21.0739
    0.0000  -22.5000   -7.500011476.7803   21.1848
    7.5000  -22.5000   -7.500010951.8076   21.2314
   -7.5000  -15.0000   -7.500012252.9033   20.8258
    0.0000  -15.0000   -7.500012813.6230   20.9338
    7.5000  -15.0000   -7.500012215.7695   20.9766
   -7.5000   -7.5000   -7.500013507.1572   20.8242
    0.0000   -7.5000   -7.500014100.4209   20.9203
    7.5000   -7.5000   -7.500013448.7559   20.9605
   -7.5000    0.0000   -7.500014681.5264   20.8826
    0.0000    0.0000   -7.500015317.9609   20.9720
    7.5000    0.0000   -7.500014616.0039   21.0133
   -7.5000    7.5000   -7.500014764.2500   20.8670
    0.0000    7.5000   -7.500015447.8145   20.9616
    7.5000    7.5000   -7.500014674.9980   21.0056
   -7.5000   15.0000   -7.500014775.4053   20.8042
    0.0000   15.0000   -7.500015528.0566   20.9072
    7.5000   15.0000   -7.500014644.0059   20.9525
   -7.5000   22.5000   -7.500014602.8877   20.7381
    0.0000   22.5000   -7.500015302.0693   20.8477
    7.5000   22.5000   -7.500014390.8594   20.8930
   -7.5000   30.0000   -7.500014201.7129   20.4815
    0.0000   30.0000   -7.500014842.1367   20.5881
    7.5000   30.0000   -7.500013992.5410   20.6304
   -7.5000   37.5000   -7.500014269.9980   20.5525
    0.0000   37.5000   -7.500014923.7275   20.6473
    7.5000   37.5000   -7.500014110.1445   20.6871
   -7.5000   45.0000   -7.500013698.0957   20.1269
    0.0000   45.0000   -7.500014335.2344   20.2131
    7.5000   45.0000   -7.500013584.4219   20.2528
   -7.5000  -45.0000    0.0000 7792.9409   23.0417
    0.0000  -45.0000    0.0000 8156.5410   23.1377
    7.5000  -45.0000    0.0000 7819.0186   23.1856
   -7.5000  -37.5000    0.0000 8779.7051   22.2414
    0.0000  -37.5000    0.0000 9161.9561   22.3309
    7.5000  -37.5000    0.0000 8766.1143   22.3733
   -7.5000  -30.0000    0.000010172.3311   21.6181
    0.0000  -30.0000    0.000010613.7900   21.7153
    7.5000  -30.0000    0.000010143.8193   21.7603
   -7.5000  -22.5000    0.000011501.7441   21.1319
    0.0000  -22.5000    0.000012016.8057   21.2401
    7.5000  -22.5000    0.000011467.7744   21.2863
   -7.5000  -15.0000    0.000012797.6221   20.8843
    0.0000  -15.0000    0.000013365.6729   20.9977
    7.5000  -15.0000    0.000012777.5977   21.0458
   -7.5000   -7.5000    0.000014070.9707   20.8853
    0.0000   -7.5000    0.000014668.4395   20.9887
    7.5000   -7.5000    0.000014014.0488   21.0348
   -7.5000    0.0000    0.000015278.3740   20.9456
    0.0000    0.0000    0.000015914.0283   21.0365
    7.5000    0.0000    0.000015216.4219   21.0786
   -7.5000    7.5000    0.000015461.9355   20.9299
    0.0000    7.5000    0.000016146.0693   21.0178
    7.5000    7.5000    0.000015356.5293   21.0575
   -7.5000   15.0000    0.000015537.0166   20.8638
    0.0000   15.0000    0.000016249.6455   20.9580
    7.5000   15.0000    0.000015359.9473   20.9984
   -7.5000   22.5000    0.000015299.5049   20.7953
    0.0000   22.5000    0.000015863.1299   20.9025
    7.5000   22.5000    0.000015116.4014   20.9473
   -7.5000   30.0000    0.000014828.5596   20.5398
    0.0000   30.0000    0.000015341.5156   20.6518
    7.5000   30.0000    0.000014719.8213   20.6993
   -7.5000   37.5000    0.000014923.7393   20.6133
    0.0000   37.5000    0.000015465.3115   20.7154
    7.5000   37.5000    0.000014842.1719   20.7609
   -7.5000   45.0000    0.000014330.9238   20.1892
    0.0000   45.0000    0.000014888.4199   20.2768
    7.5000   45.0000    0.000014271.3994   20.3174
   -7.5000  -45.0000    7.5000 7479.3691   22.9878
    0.0000  -45.0000    7.5000 7773.6401   23.0797
    7.5000  -45.0000    7.5000 7472.3706   23.1248
   -7.5000  -37.5000    7.5000 8436.3965   22.1832
    0.0000  -37.5000    7.5000 8779.1826   22.2658
    7.5000  -37.5000    7.5000 8404.8818   22.3009
   -7.5000  -30.0000    7.5000 9776.5488   21.5637
    0.0000  -30.0000    7.500010209.8408   21.6509
    7.5000  -30.0000    7.5000 9753.8672   21.6850
   -7.5000  -22.5000    7.500011093.6836   21.0914
    0.0000  -22.5000    7.500011620.2451   21.1886
    7.5000  -22.5000    7.500011075.6748   21.2249
   -7.5000  -15.0000    7.500012374.6289   20.8510
    0.0000  -15.0000    7.500012994.4346   20.9555
    7.5000  -15.0000    7.500012385.3682   20.9980
   -7.5000   -7.5000    7.500013613.1904   20.8483
    0.0000   -7.5000    7.500014245.3359   20.9471
    7.5000   -7.5000    7.500013599.4717   20.9909
   -7.5000    0.0000    7.500014728.2324   20.9002
    0.0000    0.0000    7.500015336.9268   20.9873
    7.5000    0.0000    7.500014716.3506   21.0262
   -7.5000    7.5000    7.500014892.4697   20.8790
    0.0000    7.5000    7.500015501.2627   20.9603
    7.5000    7.5000    7.500014854.5293   20.9927
   -7.5000   15.0000    7.500014958.5166   20.8150
    0.0000   15.0000    7.500015563.8164   20.8999
    7.5000   15.0000    7.500014901.1172   20.9302
   -7.5000   22.5000    7.500014762.0527   20.7561
    0.0000   22.5000    7.500015221.5762   20.8526
    7.5000   22.5000    7.500014718.9639   20.8879
   -7.5000   30.0000    7.500014416.8252   20.5073
    0.0000   30.0000    7.500014826.0889   20.6105
    7.5000   30.0000    7.500014376.0625   20.6524
   -7.5000   37.5000    7.500014529.5654   20.5768
    0.0000   37.5000    7.500014975.7188   20.6743
    7.5000   37.5000    7.500014448.6074   20.7175
   -7.5000   45.0000    7.500013940.9082   20.1454
    0.0000   45.0000    7.500014439.9629   20.2294
    7.5000   45.0000    7.500013866.8398   20.2668
   -7.5000  -45.0000   15.0000 7046.0303   22.9134
    0.0000  -45.0000   15.0000 7343.6895   22.9999
    7.5000  -45.0000   15.0000 7039.0562   23.0404
   -7.5000  -37.5000   15.0000 7959.5356   22.1042
    0.0000  -37.5000   15.0000 8298.0537   22.1870
    7.5000  -37.5000   15.0000 7950.5576   22.2198
   -7.5000  -30.0000   15.0000 9277.3887   21.4933
    0.0000  -30.0000   15.0000 9657.8447   21.5791
    7.5000  -30.0000   15.0000 9253.8760   21.6083
   -7.5000  -22.5000   15.000010569.5410   21.0364
    0.0000  -22.5000   15.000011019.4160   21.1249
    7.5000  -22.5000   15.000010562.5117   21.1526
   -7.5000  -15.0000   15.000011799.1436   20.8008
    0.0000  -15.0000   15.000012330.9619   20.8913
    7.5000  -15.0000   15.000011810.6729   20.9236
   -7.5000   -7.5000   15.000012976.2031   20.7928
    0.0000   -7.5000   15.000013541.8818   20.8804
    7.5000   -7.5000   15.000013006.4209   20.9164
   -7.5000    0.0000   15.000014053.9404   20.8368
    0.0000    0.0000   15.000014644.9004   20.9193
    7.5000    0.0000   15.000014079.2080   20.9540
   -7.5000    7.5000   15.000014209.4004   20.8112
    0.0000    7.5000   15.000014820.7256   20.8924
    7.5000    7.5000   15.000014190.5566   20.9220
   -7.5000   15.0000   15.000014230.8027   20.7517
    0.0000   15.0000   15.000014845.1602   20.8353
    7.5000   15.0000   15.000014182.3701   20.8610
   -7.5000   22.5000   15.000013983.5049   20.7026
    0.0000   22.5000   15.000014564.1396   20.7906
    7.5000   22.5000   15.000013947.7725   20.8176
   -7.5000   30.0000   15.000013637.1484   20.4579
    0.0000   30.0000   15.000014207.4521   20.5474
    7.5000   30.0000   15.000013580.7930   20.5793
   -7.5000   37.5000   15.000013726.1826   20.5220
    0.0000   37.5000   15.000014332.2207   20.6084
    7.5000   37.5000   15.000013649.9229   20.6440
   -7.5000   45.0000   15.000013223.4355   20.0843
    0.0000   45.0000   15.000013819.3652   20.1638
    7.5000   45.0000   15.000013165.9307   20.1972
   -7.5000  -45.0000   22.5000 6624.5649   22.9381
    0.0000  -45.0000   22.5000 6875.4639   23.0226
    7.5000  -45.0000   22.5000 6612.9287   23.0610
   -7.5000  -37.5000   22.5000 7456.8311   22.1269
    0.0000  -37.5000   22.5000 7737.5557   22.2175
    7.5000  -37.5000   22.5000 7455.8525   22.2544
   -7.5000  -30.0000   22.5000 8686.2275   21.5189
    0.0000  -30.0000   22.5000 9011.4082   21.6150
    7.5000  -30.0000   22.5000 8673.5518   21.6494
   -7.5000  -22.5000   22.5000 9904.8584   21.0604
    0.0000  -22.5000   22.500010320.7402   21.1529
    7.5000  -22.5000   22.5000 9892.0684   21.1813
   -7.5000  -15.0000   22.500011091.9609   20.8206
    0.0000  -15.0000   22.500011616.1953   20.9065
    7.5000  -15.0000   22.500011071.9521   20.9340
   -7.5000   -7.5000   22.500012241.0215   20.8107
    0.0000   -7.5000   22.500012825.7861   20.8913
    7.5000   -7.5000   22.500012222.5166   20.9219
   -7.5000    0.0000   22.500013289.6611   20.8562
    0.0000    0.0000   22.500013935.4912   20.9375
    7.5000    0.0000   22.500013259.3037   20.9711
   -7.5000    7.5000   22.500013439.0176   20.8327
    0.0000    7.5000   22.500014050.5166   20.9213
    7.5000    7.5000   22.500013390.0225   20.9548
   -7.5000   15.0000   22.500013360.6377   20.7755
    0.0000   15.0000   22.500013936.1113   20.8689
    7.5000   15.0000   22.500013309.9512   20.8993
   -7.5000   22.5000   22.500013095.7217   20.7255
    0.0000   22.5000   22.500013621.9717   20.8173
    7.5000   22.5000   22.500013021.3242   20.8448
   -7.5000   30.0000   22.500012723.5039   20.4769
    0.0000   30.0000   22.500013247.7012   20.5619
    7.5000   30.0000   22.500012668.7607   20.5891
   -7.5000   37.5000   22.500012817.2109   20.5397
    0.0000   37.5000   22.500013364.3027   20.6192
    7.5000   37.5000   22.500012764.6172   20.6494
   -7.5000   45.0000   22.500012407.9414   20.1030
    0.0000   45.0000   22.500012953.0654   20.1813
    7.5000   45.0000   22.500012355.5938   20.2138
   -7.5000  -45.0000   30.0000 6097.7490   23.2160
    0.0000  -45.0000   30.0000 6342.2812   23.3026
    7.5000  -45.0000   30.0000 6103.9331   23.3439
   -7.5000  -37.5000   30.0000 6863.8691   22.3934
    0.0000  -37.5000   30.0000 7150.3774   22.4904
    7.5000  -37.5000   30.0000 6881.5117   22.5351
   -7.5000  -30.0000   30.0000 8018.2300   21.7700
    0.0000  -30.0000   30.0000 8358.4912   21.8766
    7.5000  -30.0000   30.0000 8018.3525   21.9222
   -7.5000  -22.5000   30.0000 9155.0068   21.2913
    0.0000  -22.5000   30.0000 9572.0420   21.3950
    7.5000  -22.5000   30.0000 9151.0215   21.4328
   -7.5000  -15.0000   30.000010266.8682   21.0426
    0.0000  -15.0000   30.000010768.6875   21.1369
    7.5000  -15.0000   30.000010257.1855   21.1694
   -7.5000   -7.5000   30.000011349.4521   21.0369
    0.0000   -7.5000   30.000011906.9053   21.1209
    7.5000   -7.5000   30.000011334.1133   21.1535
   -7.5000    0.0000   30.000012337.3574   21.0900
    0.0000    0.0000   30.000012949.3320   21.1738
    7.5000    0.0000   30.000012316.1641   21.2111
   -7.5000    7.5000   30.000012440.5332   21.0691
    0.0000    7.5000   30.000013025.7559   21.1640
    7.5000    7.5000   30.000012403.5059   21.2053
   -7.5000   15.0000   30.000012360.6230   21.0076
    0.0000   15.0000   30.000012920.1787   21.1110
    7.5000   15.0000   30.000012315.1172   21.1516
   -7.5000   22.5000   30.000012126.3076   20.9490
    0.0000   22.5000   30.000012660.7803   21.0516
    7.5000   22.5000   30.000012065.0312   21.0883
   -7.5000   30.0000   30.000011787.4512   20.6943
    0.0000   30.0000   30.000012295.8066   20.7875
    7.5000   30.0000   30.000011730.2305   20.8197
   -7.5000   37.5000   30.000011888.5020   20.7629
    0.0000   37.5000   30.000012396.7871   20.8459
    7.5000   37.5000   30.000011839.5566   20.8780
   -7.5000   45.0000   30.000011541.6230   20.3283
    0.0000   45.0000   30.000012035.9531   20.4091
    7.5000   45.0000   30.000011493.0410   20.4450
   -7.5000  -45.0000   37.5000 5783.7622   23.6486
    0.0000  -45.0000   37.5000 6037.9072   23.7408
    7.5000  -45.0000   37.5000 5788.7222   23.7885
   -7.5000  -37.5000   37.5000 6526.3965   22.8102
    0.0000  -37.5000   37.5000 6806.4971   22.9058
    7.5000  -37.5000   37.5000 6530.7134   22.9547
   -7.5000  -30.0000   37.5000 7620.5527   22.1647
    0.0000  -30.0000   37.5000 7944.4868   22.2710
    7.5000  -30.0000   37.5000 7625.1807   22.3231
   -7.5000  -22.5000   37.5000 8720.3799   21.6630
    0.0000  -22.5000   37.5000 9115.3105   21.7743
    7.5000  -22.5000   37.5000 8718.8232   21.8222
   -7.5000  -15.0000   37.5000 9799.0166   21.4043
    0.0000  -15.0000   37.500010284.4736   21.5127
    7.5000  -15.0000   37.5000 9794.1426   21.5568
   -7.5000   -7.5000   37.500010826.2217   21.4062
    0.0000   -7.5000   37.500011360.6270   21.5020
    7.5000   -7.5000   37.500010822.5469   21.5436
   -7.5000    0.0000   37.500011778.6943   21.4693
    0.0000    0.0000   37.500012370.7031   21.5578
    7.5000    0.0000   37.500011754.5605   21.6006
   -7.5000    7.5000   37.500011855.3398   21.4499
    0.0000    7.5000   37.500012436.6143   21.5438
    7.5000    7.5000   37.500011829.3818   21.5893
   -7.5000   15.0000   37.500011778.7539   21.3798
    0.0000   15.0000   37.500012349.4258   21.4827
    7.5000   15.0000   37.500011750.7588   21.5293
   -7.5000   22.5000   37.500011576.2832   21.3096
    0.0000   22.5000   37.500012113.8281   21.4197
    7.5000   22.5000   37.500011546.9189   21.4662
   -7.5000   30.0000   37.500011261.7646   21.0490
    0.0000   30.0000   37.500011781.6719   21.1560
    7.5000   30.0000   37.500011234.7783   21.1996
   -7.5000   37.5000   37.500011384.0049   21.1274
    0.0000   37.5000   37.500011873.6992   21.2220
    7.5000   37.5000   37.500011350.4502   21.2630
   -7.5000   45.0000   37.500011079.6738   20.6939
    0.0000   45.0000   37.500011570.7822   20.7792
    7.5000   45.0000   37.500011047.6602   20.8205
   -7.5000  -45.0000   45.0000 5245.5830   24.0894
    0.0000  -45.0000   45.0000 5464.5581   24.1806
    7.5000  -45.0000   45.0000 5241.0815   24.2326
   -7.5000  -37.5000   45.0000 5915.0742   23.2266
    0.0000  -37.5000   45.0000 6154.9302   23.3122
    7.5000  -37.5000   45.0000 5925.2866   23.3580
   -7.5000  -30.0000   45.0000 6906.5049   22.5561
    0.0000  -30.0000   45.0000 7181.5425   22.6513
    7.5000  -30.0000   45.0000 6917.1387   22.7000
   -7.5000  -22.5000   45.0000 7905.3716   22.0370
    0.0000  -22.5000   45.0000 8240.0000   22.1442
    7.5000  -22.5000   45.0000 7906.8628   22.1944
   -7.5000  -15.0000   45.0000 8897.9336   21.7709
    0.0000  -15.0000   45.0000 9321.9717   21.8831
    7.5000  -15.0000   45.0000 8892.6201   21.9353
   -7.5000   -7.5000   45.0000 9846.6367   21.7771
    0.0000   -7.5000   45.000010327.1797   21.8778
    7.5000   -7.5000   45.0000 9839.1484   21.9275
   -7.5000    0.0000   45.000010721.6621   21.8448
    0.0000    0.0000   45.000011248.0566   21.9319
    7.5000    0.0000   45.000010723.2080   21.9771
   -7.5000    7.5000   45.000010820.4902   21.8234
    0.0000    7.5000   45.000011343.8193   21.9081
    7.5000    7.5000   45.000010807.6875   21.9507
   -7.5000   15.0000   45.000010741.5479   21.7459
    0.0000   15.0000   45.000011245.4785   21.8383
    7.5000   15.0000   45.000010729.0020   21.8818
   -7.5000   22.5000   45.000010550.5879   21.6706
    0.0000   22.5000   45.000011033.4971   21.7768
    7.5000   22.5000   45.000010545.8730   21.8255
   -7.5000   30.0000   45.000010282.5518   21.4062
    0.0000   30.0000   45.000010740.6738   21.5169
    7.5000   30.0000   45.000010267.0449   21.5684
   -7.5000   37.5000   45.000010393.9482   21.4916
    0.0000   37.5000   45.000010833.3916   21.5910
    7.5000   37.5000   45.000010366.4580   21.6400
   -7.5000   45.0000   45.000010146.1123   21.0654
    0.0000   45.0000   45.000010587.2734   21.1494
    7.5000   45.0000   45.000010114.7510   21.1930

---------------------------------------------------------------------
imgreg_4dfp /opt/freesurfer/average/711-2C_as_mni_average_305 /opt/freesurfer/average/711-2B_as_mni_average_305_mask talsrcimg_g11 none talsrcimg_to_711-2C_as_mni_average_305_t4 4355
---------------------------------------------------------------------

freesurfer imgreg_4dfp.c
/opt/freesurfer/average/711-2C_as_mni_average_305.4dfp.img
       256       256       256         1
  1.000000  1.000000  1.000000
orientation T byte_order littleendian
Reading image: /opt/freesurfer/average/711-2C_as_mni_average_305.4dfp.img
dimensions:      256       256       256
mmppix:       1.0000   -1.0000   -1.0000
center:     128.0000 -129.0000 -129.0000
/opt/freesurfer/average/711-2B_as_mni_average_305_mask.4dfp.img
       256       256       256         1
  1.000000  1.000000  1.000000
orientation T byte_order littleendian
Reading mask: /opt/freesurfer/average/711-2B_as_mni_average_305_mask.4dfp.img (2306576 pixels)
talsrcimg_g11.4dfp.img
       256       256       256         1
  1.000000  1.000000  1.000000
orientation T byte_order littleendian
Reading image: talsrcimg_g11.4dfp.img
dimensions:      256       256       256
mmppix:       1.0000   -1.0000   -1.0000
center:     128.0000 -129.0000 -129.0000
rotation matrix determinant  1.000000
image alignment mode   4355 decimal     1103 hex
   -7.5000  -30.0000  -45.0000 1807.0249   26.0855
    0.0000  -30.0000  -45.0000 1821.9272   25.8559
    7.5000  -30.0000  -45.0000 1813.8256   26.1867
   -7.5000  -22.5000  -45.0000 1939.5576   22.9795
    0.0000  -22.5000  -45.0000 1958.8733   22.7399
    7.5000  -22.5000  -45.0000 1943.4906   23.0220
   -7.5000  -15.0000  -45.0000 2062.8879   20.6134
    0.0000  -15.0000  -45.0000 2082.9177   20.4092
    7.5000  -15.0000  -45.0000 2065.3877   20.6507
   -7.5000   -7.5000  -45.0000 2168.7722   18.9886
    0.0000   -7.5000  -45.0000 2187.1501   18.8068
    7.5000   -7.5000  -45.0000 2168.9104   18.9532
   -7.5000    0.0000  -45.0000 2251.5544   17.6705
    0.0000    0.0000  -45.0000 2264.3027   17.5607
    7.5000    0.0000  -45.0000 2249.8728   17.6790
   -7.5000    7.5000  -45.0000 2308.3757   16.7542
    0.0000    7.5000  -45.0000 2325.0007   16.6731
    7.5000    7.5000  -45.0000 2303.6177   16.7347
   -7.5000   15.0000  -45.0000 2328.3542   16.1719
    0.0000   15.0000  -45.0000 2346.8938   16.1163
    7.5000   15.0000  -45.0000 2324.6680   16.1679
   -7.5000   22.5000  -45.0000 2337.4180   15.9265
    0.0000   22.5000  -45.0000 2356.1946   15.8747
    7.5000   22.5000  -45.0000 2332.6130   15.9659
   -7.5000   30.0000  -45.0000 2332.2202   15.9616
    0.0000   30.0000  -45.0000 2351.6797   15.9095
    7.5000   30.0000  -45.0000 2327.0974   16.0124
   -7.5000   37.5000  -45.0000 2313.8706   16.3655
    0.0000   37.5000  -45.0000 2333.7119   16.3250
    7.5000   37.5000  -45.0000 2311.3525   16.4558
   -7.5000   45.0000  -45.0000 2277.1836   17.1238
    0.0000   45.0000  -45.0000 2303.9788   17.0212
    7.5000   45.0000  -45.0000 2279.3489   17.1879
   -7.5000   52.5000  -45.0000 2208.1245   18.0383
    0.0000   52.5000  -45.0000 2228.5896   17.9038
    7.5000   52.5000  -45.0000 2205.4539   18.1027
   -7.5000   60.0000  -45.0000 2093.1902   19.1146
    0.0000   60.0000  -45.0000 2111.7231   18.9419
    7.5000   60.0000  -45.0000 2086.3171   19.1810
   -7.5000  -30.0000  -37.5000 1866.4987   24.2593
    0.0000  -30.0000  -37.5000 1878.7069   24.0834
    7.5000  -30.0000  -37.5000 1872.4547   24.3996
   -7.5000  -22.5000  -37.5000 2008.4240   21.3970
    0.0000  -22.5000  -37.5000 2023.9773   21.2982
    7.5000  -22.5000  -37.5000 2008.8435   21.4696
   -7.5000  -15.0000  -37.5000 2140.2280   19.2899
    0.0000  -15.0000  -37.5000 2158.8381   19.1613
    7.5000  -15.0000  -37.5000 2139.3989   19.3020
   -7.5000   -7.5000  -37.5000 2250.8184   17.6875
    0.0000   -7.5000  -37.5000 2269.0181   17.5845
    7.5000   -7.5000  -37.5000 2251.6296   17.7136
   -7.5000    0.0000  -37.5000 2335.8684   16.3849
    0.0000    0.0000  -37.5000 2350.6182   16.3171
    7.5000    0.0000  -37.5000 2331.1206   16.4145
   -7.5000    7.5000  -37.5000 2397.0437   15.4637
    0.0000    7.5000  -37.5000 2415.2827   15.4155
    7.5000    7.5000  -37.5000 2390.6777   15.4784
   -7.5000   15.0000  -37.5000 2419.3159   14.9260
    0.0000   15.0000  -37.5000 2445.4514   14.9311
    7.5000   15.0000  -37.5000 2419.5105   14.9207
   -7.5000   22.5000  -37.5000 2438.2490   14.6682
    0.0000   22.5000  -37.5000 2463.8704   14.6934
    7.5000   22.5000  -37.5000 2436.2251   14.6909
   -7.5000   30.0000  -37.5000 2442.9934   14.7417
    0.0000   30.0000  -37.5000 2466.8667   14.7110
    7.5000   30.0000  -37.5000 2439.3325   14.7438
   -7.5000   37.5000  -37.5000 2423.4260   15.1227
    0.0000   37.5000  -37.5000 2446.9270   15.1128
    7.5000   37.5000  -37.5000 2418.3328   15.1474
   -7.5000   45.0000  -37.5000 2383.7910   15.7977
    0.0000   45.0000  -37.5000 2410.1885   15.7337
    7.5000   45.0000  -37.5000 2377.9438   15.8147
   -7.5000   52.5000  -37.5000 2306.2258   16.6291
    0.0000   52.5000  -37.5000 2329.4397   16.5619
    7.5000   52.5000  -37.5000 2300.5576   16.6566
   -7.5000   60.0000  -37.5000 2183.8914   17.5843
    0.0000   60.0000  -37.5000 2204.4751   17.4986
    7.5000   60.0000  -37.5000 2175.8660   17.6331
   -7.5000  -30.0000  -30.0000 1952.8245   23.5843
    0.0000  -30.0000  -30.0000 1966.1899   23.4512
    7.5000  -30.0000  -30.0000 1952.7065   23.7627
   -7.5000  -22.5000  -30.0000 2104.7310   20.8158
    0.0000  -22.5000  -30.0000 2122.4226   20.6920
    7.5000  -22.5000  -30.0000 2101.6848   20.8650
   -7.5000  -15.0000  -30.0000 2247.0161   18.7153
    0.0000  -15.0000  -30.0000 2266.8179   18.6265
    7.5000  -15.0000  -30.0000 2246.1543   18.7460
   -7.5000   -7.5000  -30.0000 2362.3035   17.1333
    0.0000   -7.5000  -30.0000 2382.0745   17.0721
    7.5000   -7.5000  -30.0000 2362.7263   17.1393
   -7.5000    0.0000  -30.0000 2449.3840   15.8403
    0.0000    0.0000  -30.0000 2469.4678   15.8366
    7.5000    0.0000  -30.0000 2449.3418   15.8591
   -7.5000    7.5000  -30.0000 2520.8579   14.8734
    0.0000    7.5000  -30.0000 2542.1516   14.8895
    7.5000    7.5000  -30.0000 2517.6021   14.8897
   -7.5000   15.0000  -30.0000 2556.3198   14.2893
    0.0000   15.0000  -30.0000 2581.3259   14.3154
    7.5000   15.0000  -30.0000 2554.6946   14.3173
   -7.5000   22.5000  -30.0000 2586.4216   14.0497
    0.0000   22.5000  -30.0000 2613.7693   14.0624
    7.5000   22.5000  -30.0000 2582.1853   14.0482
   -7.5000   30.0000  -30.0000 2597.7827   14.0908
    0.0000   30.0000  -30.0000 2625.7964   14.1129
    7.5000   30.0000  -30.0000 2590.3401   14.0780
   -7.5000   37.5000  -30.0000 2577.1580   14.5251
    0.0000   37.5000  -30.0000 2606.2429   14.5257
    7.5000   37.5000  -30.0000 2567.8210   14.5311
   -7.5000   45.0000  -30.0000 2537.5413   15.1694
    0.0000   45.0000  -30.0000 2565.0630   15.1592
    7.5000   45.0000  -30.0000 2527.7234   15.2056
   -7.5000   52.5000  -30.0000 2449.5894   15.9609
    0.0000   52.5000  -30.0000 2479.4937   15.9454
    7.5000   52.5000  -30.0000 2442.6125   16.0062
   -7.5000   60.0000  -30.0000 2320.0962   16.8728
    0.0000   60.0000  -30.0000 2343.1338   16.8392
    7.5000   60.0000  -30.0000 2313.7786   16.9246
   -7.5000  -30.0000  -22.5000 2015.6523   22.9306
    0.0000  -30.0000  -22.5000 2025.1616   22.8078
    7.5000  -30.0000  -22.5000 2013.0404   23.0461
   -7.5000  -22.5000  -22.5000 2175.7710   20.1916
    0.0000  -22.5000  -22.5000 2190.1289   20.0724
    7.5000  -22.5000  -22.5000 2171.5547   20.2482
   -7.5000  -15.0000  -22.5000 2319.3850   18.1064
    0.0000  -15.0000  -22.5000 2337.7456   18.0090
    7.5000  -15.0000  -22.5000 2313.8679   18.1115
   -7.5000   -7.5000  -22.5000 2430.2195   16.5410
    0.0000   -7.5000  -22.5000 2451.5466   16.4824
    7.5000   -7.5000  -22.5000 2430.7839   16.5391
   -7.5000    0.0000  -22.5000 2526.5745   15.2843
    0.0000    0.0000  -22.5000 2547.3745   15.2635
    7.5000    0.0000  -22.5000 2524.0588   15.2693
   -7.5000    7.5000  -22.5000 2612.3840   14.3183
    0.0000    7.5000  -22.5000 2631.6772   14.3061
    7.5000    7.5000  -22.5000 2608.2803   14.3215
   -7.5000   15.0000  -22.5000 2666.0510   13.6821
    0.0000   15.0000  -22.5000 2688.3689   13.7025
    7.5000   15.0000  -22.5000 2661.3916   13.7240
   -7.5000   22.5000  -22.5000 2703.3660   13.3784
    0.0000   22.5000  -22.5000 2731.1331   13.4010
    7.5000   22.5000  -22.5000 2693.5200   13.4107
   -7.5000   30.0000  -22.5000 2720.7280   13.4102
    0.0000   30.0000  -22.5000 2752.0591   13.4281
    7.5000   30.0000  -22.5000 2711.8271   13.4326
   -7.5000   37.5000  -22.5000 2700.4714   13.8687
    0.0000   37.5000  -22.5000 2734.0015   13.8887
    7.5000   37.5000  -22.5000 2692.1392   13.9016
   -7.5000   45.0000  -22.5000 2660.2581   14.5201
    0.0000   45.0000  -22.5000 2692.4441   14.5394
    7.5000   45.0000  -22.5000 2646.8711   14.5757
   -7.5000   52.5000  -22.5000 2560.8379   15.2934
    0.0000   52.5000  -22.5000 2589.3889   15.2811
    7.5000   52.5000  -22.5000 2552.0623   15.3533
   -7.5000   60.0000  -22.5000 2418.7437   16.1577
    0.0000   60.0000  -22.5000 2438.3433   16.1486
    7.5000   60.0000  -22.5000 2410.4800   16.2072
   -7.5000  -30.0000  -15.0000 2052.4805   22.4519
    0.0000  -30.0000  -15.0000 2064.5439   22.2810
    7.5000  -30.0000  -15.0000 2048.1572   22.5733
   -7.5000  -22.5000  -15.0000 2209.3804   19.6901
    0.0000  -22.5000  -15.0000 2223.4458   19.5573
    7.5000  -22.5000  -15.0000 2202.9390   19.7505
   -7.5000  -15.0000  -15.0000 2345.0256   17.5636
    0.0000  -15.0000  -15.0000 2360.2771   17.4665
    7.5000  -15.0000  -15.0000 2342.5056   17.6195
   -7.5000   -7.5000  -15.0000 2461.3401   16.0202
    0.0000   -7.5000  -15.0000 2480.6990   15.9356
    7.5000   -7.5000  -15.0000 2461.2078   16.0415
   -7.5000    0.0000  -15.0000 2568.4329   14.8073
    0.0000    0.0000  -15.0000 2588.9355   14.7288
    7.5000    0.0000  -15.0000 2566.2346   14.8105
   -7.5000    7.5000  -15.0000 2665.5198   13.8412
    0.0000    7.5000  -15.0000 2693.7410   13.7720
    7.5000    7.5000  -15.0000 2663.8555   13.8425
   -7.5000   15.0000  -15.0000 2741.1306   13.1926
    0.0000   15.0000  -15.0000 2773.4060   13.1683
    7.5000   15.0000  -15.0000 2739.6394   13.2124
   -7.5000   22.5000  -15.0000 2793.6875   12.8607
    0.0000   22.5000  -15.0000 2825.8911   12.8485
    7.5000   22.5000  -15.0000 2785.0005   12.8966
   -7.5000   30.0000  -15.0000 2817.2415   12.8578
    0.0000   30.0000  -15.0000 2849.1682   12.8404
    7.5000   30.0000  -15.0000 2802.8525   12.9113
   -7.5000   37.5000  -15.0000 2792.6548   13.3052
    0.0000   37.5000  -15.0000 2828.7415   13.2866
    7.5000   37.5000  -15.0000 2784.9792   13.3420
   -7.5000   45.0000  -15.0000 2741.1479   13.9158
    0.0000   45.0000  -15.0000 2769.2410   13.9000
    7.5000   45.0000  -15.0000 2734.7559   13.9641
   -7.5000   52.5000  -15.0000 2635.0913   14.6720
    0.0000   52.5000  -15.0000 2657.7524   14.6460
    7.5000   52.5000  -15.0000 2625.6245   14.7318
   -7.5000   60.0000  -15.0000 2481.7705   15.5745
    0.0000   60.0000  -15.0000 2499.8372   15.5537
    7.5000   60.0000  -15.0000 2470.3008   15.6355
   -7.5000  -30.0000   -7.5000 2063.1379   22.1068
    0.0000  -30.0000   -7.5000 2079.7542   21.8997
    7.5000  -30.0000   -7.5000 2063.0122   22.2395
   -7.5000  -22.5000   -7.5000 2215.0354   19.3046
    0.0000  -22.5000   -7.5000 2234.9438   19.1473
    7.5000  -22.5000   -7.5000 2213.0413   19.3833
   -7.5000  -15.0000   -7.5000 2351.6272   17.1555
    0.0000  -15.0000   -7.5000 2371.1445   17.0463
    7.5000  -15.0000   -7.5000 2351.5986   17.2415
   -7.5000   -7.5000   -7.5000 2474.9924   15.6000
    0.0000   -7.5000   -7.5000 2495.1030   15.4745
    7.5000   -7.5000   -7.5000 2475.4094   15.6630
   -7.5000    0.0000   -7.5000 2587.6526   14.4137
    0.0000    0.0000   -7.5000 2611.5154   14.2789
    7.5000    0.0000   -7.5000 2587.5686   14.4382
   -7.5000    7.5000   -7.5000 2693.5117   13.4700
    0.0000    7.5000   -7.5000 2724.7241   13.3467
    7.5000    7.5000   -7.5000 2693.8032   13.4956
   -7.5000   15.0000   -7.5000 2786.5183   12.8147
    0.0000   15.0000   -7.5000 2832.6106   12.7185
    7.5000   15.0000   -7.5000 2793.4211   12.8401
   -7.5000   22.5000   -7.5000 2866.9741   12.4440
    0.0000   22.5000   -7.5000 2909.8369   12.3601
    7.5000   22.5000   -7.5000 2858.7627   12.4865
   -7.5000   30.0000   -7.5000 2897.2366   12.4113
    0.0000   30.0000   -7.5000 2935.4932   12.3292
    7.5000   30.0000   -7.5000 2879.1309   12.4711
   -7.5000   37.5000   -7.5000 2860.4363   12.8401
    0.0000   37.5000   -7.5000 2900.0151   12.7430
    7.5000   37.5000   -7.5000 2851.1619   12.8781
   -7.5000   45.0000   -7.5000 2790.9902   13.4468
    0.0000   45.0000   -7.5000 2816.5891   13.3782
    7.5000   45.0000   -7.5000 2788.8962   13.4946
   -7.5000   52.5000   -7.5000 2679.3430   14.1852
    0.0000   52.5000   -7.5000 2703.2852   14.1049
    7.5000   52.5000   -7.5000 2674.3318   14.2625
   -7.5000   60.0000   -7.5000 2518.5347   15.1018
    0.0000   60.0000   -7.5000 2538.5469   15.0308
    7.5000   60.0000   -7.5000 2511.4558   15.1735
   -7.5000  -30.0000    0.0000 2065.0210   22.0997
    0.0000  -30.0000    0.0000 2086.5083   21.8312
    7.5000  -30.0000    0.0000 2064.0066   22.2095
   -7.5000  -22.5000    0.0000 2207.0796   19.1790
    0.0000  -22.5000    0.0000 2234.1304   18.9295
    7.5000  -22.5000    0.0000 2210.7959   19.2678
   -7.5000  -15.0000    0.0000 2341.3037   16.9882
    0.0000  -15.0000    0.0000 2363.7983   16.7773
    7.5000  -15.0000    0.0000 2346.1707   17.1004
   -7.5000   -7.5000    0.0000 2470.4050   15.3933
    0.0000   -7.5000    0.0000 2492.8936   15.1947
    7.5000   -7.5000    0.0000 2467.2878   15.4927
   -7.5000    0.0000    0.0000 2588.1201   14.2067
    0.0000    0.0000    0.0000 2612.0925   14.0163
    7.5000    0.0000    0.0000 2585.5874   14.2735
   -7.5000    7.5000    0.0000 2701.7761   13.3069
    0.0000    7.5000    0.0000 2731.8855   13.1087
    7.5000    7.5000    0.0000 2704.2141   13.3427
   -7.5000   15.0000    0.0000 2806.1140   12.6748
    0.0000   15.0000    0.0000 2850.3958   12.4849
    7.5000   15.0000    0.0000 2812.1982   12.6848
   -7.5000   22.5000    0.0000 2905.9490   12.2372
    0.0000   22.5000    0.0000 2947.5688   12.0231
    7.5000   22.5000    0.0000 2892.3115   12.2837
   -7.5000   30.0000    0.0000 2953.0947   12.1381
    0.0000   30.0000    0.0000 2989.0618   11.9003
    7.5000   30.0000    0.0000 2925.6946   12.2521
   -7.5000   37.5000    0.0000 2909.0222   12.5605
    0.0000   37.5000    0.0000 2943.9082   12.3487
    7.5000   37.5000    0.0000 2891.6692   12.6599
   -7.5000   45.0000    0.0000 2818.1348   13.1865
    0.0000   45.0000    0.0000 2845.7566   13.0336
    7.5000   45.0000    0.0000 2817.3977   13.2824
   -7.5000   52.5000    0.0000 2698.5295   13.9271
    0.0000   52.5000    0.0000 2721.4204   13.7727
    7.5000   52.5000    0.0000 2696.5374   13.9815
   -7.5000   60.0000    0.0000 2535.4573   14.8088
    0.0000   60.0000    0.0000 2554.7544   14.6741
    7.5000   60.0000    0.0000 2528.8184   14.8435
   -7.5000  -30.0000    7.5000 2053.9854   22.3121
    0.0000  -30.0000    7.5000 2075.1265   22.0240
    7.5000  -30.0000    7.5000 2051.8848   22.3986
   -7.5000  -22.5000    7.5000 2200.3652   19.2895
    0.0000  -22.5000    7.5000 2223.7661   19.0666
    7.5000  -22.5000    7.5000 2198.9099   19.4319
   -7.5000  -15.0000    7.5000 2332.9221   17.0900
    0.0000  -15.0000    7.5000 2360.3352   16.8875
    7.5000  -15.0000    7.5000 2336.7161   17.2357
   -7.5000   -7.5000    7.5000 2460.0730   15.4771
    0.0000   -7.5000    7.5000 2487.3289   15.2557
    7.5000   -7.5000    7.5000 2458.2993   15.5542
   -7.5000    0.0000    7.5000 2572.6150   14.2168
    0.0000    0.0000    7.5000 2598.4185   13.9787
    7.5000    0.0000    7.5000 2572.8621   14.3073
   -7.5000    7.5000    7.5000 2696.0264   13.2862
    0.0000    7.5000    7.5000 2720.2732   13.0309
    7.5000    7.5000    7.5000 2697.7686   13.3577
   -7.5000   15.0000    7.5000 2805.5054   12.6523
    0.0000   15.0000    7.5000 2834.3186   12.4150
    7.5000   15.0000    7.5000 2806.8938   12.7020
   -7.5000   22.5000    7.5000 2903.6187   12.2707
    0.0000   22.5000    7.5000 2934.9231   11.9904
    7.5000   22.5000    7.5000 2891.7349   12.3551
   -7.5000   30.0000    7.5000 2950.4236   12.2023
    0.0000   30.0000    7.5000 2983.6882   11.9220
    7.5000   30.0000    7.5000 2926.9834   12.3257
   -7.5000   37.5000    7.5000 2919.0569   12.4872
    0.0000   37.5000    7.5000 2953.4446   12.2583
    7.5000   37.5000    7.5000 2897.8452   12.6168
   -7.5000   45.0000    7.5000 2829.7866   13.1179
    0.0000   45.0000    7.5000 2858.1716   12.9273
    7.5000   45.0000    7.5000 2824.4548   13.1941
   -7.5000   52.5000    7.5000 2698.4756   13.8871
    0.0000   52.5000    7.5000 2724.4182   13.7257
    7.5000   52.5000    7.5000 2697.3992   13.9059
   -7.5000   60.0000    7.5000 2530.4949   14.6980
    0.0000   60.0000    7.5000 2548.1995   14.5962
    7.5000   60.0000    7.5000 2524.9514   14.7362
   -7.5000  -30.0000   15.0000 2023.8070   22.7556
    0.0000  -30.0000   15.0000 2041.3556   22.4743
    7.5000  -30.0000   15.0000 2021.7314   22.8904
   -7.5000  -22.5000   15.0000 2181.7834   19.6535
    0.0000  -22.5000   15.0000 2200.9431   19.3605
    7.5000  -22.5000   15.0000 2181.2109   19.8032
   -7.5000  -15.0000   15.0000 2317.0532   17.4090
    0.0000  -15.0000   15.0000 2341.9583   17.1503
    7.5000  -15.0000   15.0000 2317.8154   17.5594
   -7.5000   -7.5000   15.0000 2436.1033   15.7798
    0.0000   -7.5000   15.0000 2459.5723   15.5099
    7.5000   -7.5000   15.0000 2438.4065   15.8867
   -7.5000    0.0000   15.0000 2544.1453   14.5147
    0.0000    0.0000   15.0000 2564.2917   14.2725
    7.5000    0.0000   15.0000 2544.9495   14.6218
   -7.5000    7.5000   15.0000 2669.6057   13.5792
    0.0000    7.5000   15.0000 2691.2273   13.3566
    7.5000    7.5000   15.0000 2665.0649   13.6516
   -7.5000   15.0000   15.0000 2776.8904   12.9095
    0.0000   15.0000   15.0000 2800.1238   12.7148
    7.5000   15.0000   15.0000 2769.5195   12.9841
   -7.5000   22.5000   15.0000 2854.8877   12.5002
    0.0000   22.5000   15.0000 2882.1250   12.3054
    7.5000   22.5000   15.0000 2842.3452   12.5896
   -7.5000   30.0000   15.0000 2891.7751   12.3919
    0.0000   30.0000   15.0000 2918.8972   12.2377
    7.5000   30.0000   15.0000 2878.1057   12.4863
   -7.5000   37.5000   15.0000 2869.2751   12.6133
    0.0000   37.5000   15.0000 2904.1921   12.4980
    7.5000   37.5000   15.0000 2858.9255   12.6973
   -7.5000   45.0000   15.0000 2802.4541   13.2440
    0.0000   45.0000   15.0000 2832.8113   13.1587
    7.5000   45.0000   15.0000 2795.1824   13.3115
   -7.5000   52.5000   15.0000 2678.1414   14.0031
    0.0000   52.5000   15.0000 2697.1572   13.9002
    7.5000   52.5000   15.0000 2670.1882   14.0423
   -7.5000   60.0000   15.0000 2508.4026   14.7968
    0.0000   60.0000   15.0000 2527.9934   14.7089
    7.5000   60.0000   15.0000 2503.5720   14.8384
   -7.5000  -30.0000   22.5000 1986.1624   23.5060
    0.0000  -30.0000   22.5000 1995.0327   23.0955
    7.5000  -30.0000   22.5000 1987.4001   23.6070
   -7.5000  -22.5000   22.5000 2147.9956   20.3277
    0.0000  -22.5000   22.5000 2161.1599   20.0049
    7.5000  -22.5000   22.5000 2148.9558   20.4529
   -7.5000  -15.0000   22.5000 2290.1970   18.0376
    0.0000  -15.0000   22.5000 2309.2234   17.8214
    7.5000  -15.0000   22.5000 2284.8369   18.1567
   -7.5000   -7.5000   22.5000 2408.7996   16.3754
    0.0000   -7.5000   22.5000 2424.6206   16.1961
    7.5000   -7.5000   22.5000 2402.7175   16.4939
   -7.5000    0.0000   22.5000 2507.3748   15.1062
    0.0000    0.0000   22.5000 2530.8601   14.9454
    7.5000    0.0000   22.5000 2503.7952   15.2163
   -7.5000    7.5000   22.5000 2628.8569   14.1247
    0.0000    7.5000   22.5000 2651.8899   13.9404
    7.5000    7.5000   22.5000 2623.1702   14.1850
   -7.5000   15.0000   22.5000 2723.5103   13.3657
    0.0000   15.0000   22.5000 2748.4912   13.1653
    7.5000   15.0000   22.5000 2716.0898   13.4456
   -7.5000   22.5000   22.5000 2790.6758   12.9233
    0.0000   22.5000   22.5000 2814.4983   12.7353
    7.5000   22.5000   22.5000 2771.8538   13.0141
   -7.5000   30.0000   22.5000 2813.3655   12.8125
    0.0000   30.0000   22.5000 2837.6089   12.6725
    7.5000   30.0000   22.5000 2801.7317   12.8765
   -7.5000   37.5000   22.5000 2797.8408   13.0460
    0.0000   37.5000   22.5000 2833.3997   12.8826
    7.5000   37.5000   22.5000 2790.5901   13.0793
   -7.5000   45.0000   22.5000 2740.4390   13.6319
    0.0000   45.0000   22.5000 2772.4878   13.5035
    7.5000   45.0000   22.5000 2734.4739   13.6685
   -7.5000   52.5000   22.5000 2629.2605   14.3802
    0.0000   52.5000   22.5000 2651.5991   14.2862
    7.5000   52.5000   22.5000 2621.7329   14.3957
   -7.5000   60.0000   22.5000 2473.0227   15.1376
    0.0000   60.0000   22.5000 2495.3262   15.0903
    7.5000   60.0000   22.5000 2469.6633   15.1914
   -7.5000  -30.0000   30.0000 1937.1287   24.6358
    0.0000  -30.0000   30.0000 1945.5074   24.3420
    7.5000  -30.0000   30.0000 1937.7642   24.7913
   -7.5000  -22.5000   30.0000 2097.6099   21.3721
    0.0000  -22.5000   30.0000 2109.9614   21.1744
    7.5000  -22.5000   30.0000 2096.9221   21.5295
   -7.5000  -15.0000   30.0000 2238.2603   18.9664
    0.0000  -15.0000   30.0000 2258.1931   18.8444
    7.5000  -15.0000   30.0000 2236.0054   19.1112
   -7.5000   -7.5000   30.0000 2356.4758   17.2358
    0.0000   -7.5000   30.0000 2377.3438   17.1284
    7.5000   -7.5000   30.0000 2355.3010   17.3535
   -7.5000    0.0000   30.0000 2457.0310   15.9085
    0.0000    0.0000   30.0000 2483.2476   15.7779
    7.5000    0.0000   30.0000 2453.8167   15.9745
   -7.5000    7.5000   30.0000 2566.7974   14.8480
    0.0000    7.5000   30.0000 2593.7332   14.6914
    7.5000    7.5000   30.0000 2560.7180   14.9265
   -7.5000   15.0000   30.0000 2650.0923   14.0654
    0.0000   15.0000   30.0000 2678.2031   13.8945
    7.5000   15.0000   30.0000 2638.8140   14.1457
   -7.5000   22.5000   30.0000 2705.9846   13.6108
    0.0000   22.5000   30.0000 2730.0056   13.4596
    7.5000   22.5000   30.0000 2688.6135   13.6975
   -7.5000   30.0000   30.0000 2720.7280   13.5085
    0.0000   30.0000   30.0000 2745.9949   13.3610
    7.5000   30.0000   30.0000 2707.1260   13.5503
   -7.5000   37.5000   30.0000 2714.2336   13.6938
    0.0000   37.5000   30.0000 2741.1013   13.5252
    7.5000   37.5000   30.0000 2702.9800   13.7199
   -7.5000   45.0000   30.0000 2655.5610   14.2696
    0.0000   45.0000   30.0000 2684.0264   14.1083
    7.5000   45.0000   30.0000 2647.7485   14.2882
   -7.5000   52.5000   30.0000 2562.9871   14.9530
    0.0000   52.5000   30.0000 2580.7004   14.8388
    7.5000   52.5000   30.0000 2551.3767   14.9919
   -7.5000   60.0000   30.0000 2416.7634   15.7050
    0.0000   60.0000   30.0000 2438.4448   15.6619
    7.5000   60.0000   30.0000 2407.6653   15.7699
   -7.5000  -30.0000   37.5000 1881.1211   26.1326
    0.0000  -30.0000   37.5000 1889.6404   25.9328
    7.5000  -30.0000   37.5000 1874.7158   26.3944
   -7.5000  -22.5000   37.5000 2041.6874   22.6816
    0.0000  -22.5000   37.5000 2055.2268   22.5282
    7.5000  -22.5000   37.5000 2035.9474   22.8533
   -7.5000  -15.0000   37.5000 2183.1919   20.1812
    0.0000  -15.0000   37.5000 2204.1450   20.0826
    7.5000  -15.0000   37.5000 2177.3992   20.3417
   -7.5000   -7.5000   37.5000 2294.9985   18.3264
    0.0000   -7.5000   37.5000 2318.8359   18.2591
    7.5000   -7.5000   37.5000 2294.1489   18.4533
   -7.5000    0.0000   37.5000 2394.9573   16.9192
    0.0000    0.0000   37.5000 2418.9758   16.8356
    7.5000    0.0000   37.5000 2388.6399   17.0284
   -7.5000    7.5000   37.5000 2491.0364   15.8414
    0.0000    7.5000   37.5000 2513.4475   15.7067
    7.5000    7.5000   37.5000 2478.7585   15.9371
   -7.5000   15.0000   37.5000 2561.5667   15.0446
    0.0000   15.0000   37.5000 2586.7371   14.8965
    7.5000   15.0000   37.5000 2546.8252   15.1293
   -7.5000   22.5000   37.5000 2608.0925   14.5663
    0.0000   22.5000   37.5000 2628.0188   14.4574
    7.5000   22.5000   37.5000 2592.1345   14.6468
   -7.5000   30.0000   37.5000 2616.9956   14.4254
    0.0000   30.0000   37.5000 2642.0640   14.3019
    7.5000   30.0000   37.5000 2604.6738   14.4742
   -7.5000   37.5000   37.5000 2617.8064   14.5906
    0.0000   37.5000   37.5000 2639.0139   14.4611
    7.5000   37.5000   37.5000 2606.4438   14.6493
   -7.5000   45.0000   37.5000 2572.2019   15.1515
    0.0000   45.0000   37.5000 2596.2363   15.0142
    7.5000   45.0000   37.5000 2560.1482   15.2040
   -7.5000   52.5000   37.5000 2489.0654   15.7478
    0.0000   52.5000   37.5000 2511.1531   15.6247
    7.5000   52.5000   37.5000 2475.5557   15.8084
   -7.5000   60.0000   37.5000 2349.2666   16.4888
    0.0000   60.0000   37.5000 2367.9578   16.3758
    7.5000   60.0000   37.5000 2337.9902   16.5281
   -7.5000  -30.0000   45.0000 1813.8142   28.1785
    0.0000  -30.0000   45.0000 1822.2649   27.9655
    7.5000  -30.0000   45.0000 1810.5317   28.5349
   -7.5000  -22.5000   45.0000 1975.3785   24.4516
    0.0000  -22.5000   45.0000 1985.9932   24.2873
    7.5000  -22.5000   45.0000 1969.5878   24.6725
   -7.5000  -15.0000   45.0000 2110.5095   21.7673
    0.0000  -15.0000   45.0000 2133.5444   21.6640
    7.5000  -15.0000   45.0000 2107.4963   21.9109
   -7.5000   -7.5000   45.0000 2222.2439   19.7587
    0.0000   -7.5000   45.0000 2247.1475   19.7026
    7.5000   -7.5000   45.0000 2222.1553   19.8935
   -7.5000    0.0000   45.0000 2316.0640   18.2451
    0.0000    0.0000   45.0000 2340.4280   18.1828
    7.5000    0.0000   45.0000 2314.4949   18.3717
   -7.5000    7.5000   45.0000 2407.4709   17.1359
    0.0000    7.5000   45.0000 2429.4609   17.0122
    7.5000    7.5000   45.0000 2398.8254   17.2368
   -7.5000   15.0000   45.0000 2465.3167   16.2833
    0.0000   15.0000   45.0000 2485.5227   16.1616
    7.5000   15.0000   45.0000 2454.5823   16.3748
   -7.5000   22.5000   45.0000 2500.5518   15.7729
    0.0000   22.5000   45.0000 2517.7373   15.6479
    7.5000   22.5000   45.0000 2491.7708   15.8392
   -7.5000   30.0000   45.0000 2511.0471   15.5686
    0.0000   30.0000   45.0000 2533.2756   15.4419
    7.5000   30.0000   45.0000 2501.7441   15.6248
   -7.5000   37.5000   45.0000 2512.7988   15.6790
    0.0000   37.5000   45.0000 2527.3333   15.5850
    7.5000   37.5000   45.0000 2502.4492   15.7766
   -7.5000   45.0000   45.0000 2478.5015   16.2411
    0.0000   45.0000   45.0000 2495.1304   16.1441
    7.5000   45.0000   45.0000 2465.2048   16.3089
   -7.5000   52.5000   45.0000 2402.4834   16.8239
    0.0000   52.5000   45.0000 2427.2739   16.7315
    7.5000   52.5000   45.0000 2392.4514   16.8808
   -7.5000   60.0000   45.0000 2272.4685   17.5191
    0.0000   60.0000   45.0000 2292.1084   17.4234
    7.5000   60.0000   45.0000 2263.7275   17.5404

---------------------------------------------------------------------
imgreg_4dfp /opt/freesurfer/average/711-2C_as_mni_average_305 /opt/freesurfer/average/711-2B_as_mni_average_305_mask talsrcimg_g11 none talsrcimg_to_711-2C_as_mni_average_305_t4 1283
---------------------------------------------------------------------

freesurfer imgreg_4dfp.c
/opt/freesurfer/average/711-2C_as_mni_average_305.4dfp.img
       256       256       256         1
  1.000000  1.000000  1.000000
orientation T byte_order littleendian
Reading image: /opt/freesurfer/average/711-2C_as_mni_average_305.4dfp.img
dimensions:      256       256       256
mmppix:       1.0000   -1.0000   -1.0000
center:     128.0000 -129.0000 -129.0000
/opt/freesurfer/average/711-2B_as_mni_average_305_mask.4dfp.img
       256       256       256         1
  1.000000  1.000000  1.000000
orientation T byte_order littleendian
Reading mask: /opt/freesurfer/average/711-2B_as_mni_average_305_mask.4dfp.img (2306576 pixels)
talsrcimg_g11.4dfp.img
       256       256       256         1
  1.000000  1.000000  1.000000
orientation T byte_order littleendian
Reading image: talsrcimg_g11.4dfp.img
dimensions:      256       256       256
mmppix:       1.0000   -1.0000   -1.0000
center:     128.0000 -129.0000 -129.0000
rotation matrix determinant  1.000000
fimgreg.f
image alignment mode   1283 decimal      503 hex
parameters
    0.0000   30.0000    0.0000    0.0000    0.0000    0.0000
eta,q 0.93748 11.83506
niter,ni,del,rscale     5    3   12.0000    1.2000
parameter  3 -1.106419 -> -0.500000 qaram    1.1500
parameters
   -0.8900   29.8437    3.4500   -0.6473   -1.6508   -0.6727
eta,q 0.94005 11.83206
  0.0707  0.0714  0.0736  0.0648  0.0623  0.0634
  0.0668  0.0669  0.0694  0.0630  0.0606  0.0611
  0.0648  0.0657  0.0665  0.0607  0.0601  0.0599
  0.0651  0.0643  0.0643  0.0608  0.0607  0.0601
  0.0676  0.0637  0.0623  0.0618  0.0614  0.0608
  0.0702  0.0665  0.0607  0.0639  0.0636  0.0624
  0.0740  0.0736  0.0605  0.0673  0.0670  0.0652
niter,ni,del,rscale     5    3   12.0000    1.2000
parameters
   -0.2590   31.4603    3.5032   -1.9116   -1.5807   -1.0824
eta,q 0.94249 11.82735
  0.0700  0.0739  0.0698  0.0629  0.0633  0.0624
  0.0644  0.0676  0.0651  0.0598  0.0604  0.0596
  0.0616  0.0630  0.0608  0.0574  0.0584  0.0578
  0.0600  0.0597  0.0585  0.0585  0.0576  0.0576
  0.0603  0.0585  0.0587  0.0607  0.0582  0.0587
  0.0628  0.0599  0.0636  0.0642  0.0599  0.0607
  0.0662  0.0646  0.0709  0.0689  0.0632  0.0636
niter,ni,del,rscale     4    3   12.0000    1.2000
parameters
   -0.5315   31.9450    3.3237   -2.5444   -1.3653   -1.2724
eta,q 0.94315 11.84227
  0.0665  0.0705  0.0688  0.0633  0.0626  0.0625
  0.0608  0.0657  0.0633  0.0610  0.0598  0.0596
  0.0582  0.0607  0.0593  0.0574  0.0577  0.0574
  0.0575  0.0575  0.0571  0.0572  0.0569  0.0569
  0.0596  0.0576  0.0582  0.0593  0.0574  0.0579
  0.0627  0.0615  0.0637  0.0623  0.0590  0.0601
  0.0673  0.0684  0.0709  0.0668  0.0621  0.0631
niter,ni,del,rscale     3    3   12.0000    1.2000
parameters
   -0.6496   32.1914    3.1984   -2.8776   -1.2709   -1.3470
eta,q 0.94343 11.85147
  0.0669  0.0700  0.0686  0.0635  0.0620  0.0626
  0.0603  0.0655  0.0627  0.0615  0.0592  0.0596
  0.0573  0.0604  0.0589  0.0578  0.0573  0.0573
  0.0568  0.0568  0.0566  0.0567  0.0566  0.0566
  0.0589  0.0576  0.0577  0.0586  0.0571  0.0575
  0.0620  0.0624  0.0630  0.0615  0.0588  0.0598
  0.0664  0.0697  0.0702  0.0658  0.0619  0.0629
niter,ni,del,rscale     2    3   12.0000    1.2000
parameters
   -0.7075   32.3194    3.1153   -3.0388   -1.2435   -1.3675
eta,q 0.94354 11.85679
  0.0671  0.0697  0.0684  0.0636  0.0617  0.0626
  0.0600  0.0653  0.0625  0.0616  0.0590  0.0597
  0.0568  0.0601  0.0588  0.0581  0.0572  0.0573
  0.0566  0.0565  0.0565  0.0565  0.0565  0.0565
  0.0587  0.0578  0.0574  0.0582  0.0570  0.0574
  0.0617  0.0629  0.0625  0.0610  0.0587  0.0596
  0.0660  0.0704  0.0698  0.0653  0.0618  0.0628
niter,ni,del,rscale     1    3   12.0000    1.2000
parameters
   -0.7323   32.3809    3.0746   -3.1131   -1.2319   -1.3723
eta,q 0.94358 11.85902
  0.0672  0.0696  0.0684  0.0637  0.0615  0.0626
  0.0600  0.0652  0.0625  0.0617  0.0589  0.0596
  0.0566  0.0599  0.0587  0.0583  0.0571  0.0573
  0.0565  0.0564  0.0564  0.0564  0.0564  0.0564
  0.0586  0.0579  0.0573  0.0580  0.0569  0.0573
  0.0615  0.0632  0.0622  0.0608  0.0586  0.0596
  0.0658  0.0708  0.0695  0.0650  0.0618  0.0627
registration optimization eta report
parameter search radius
    6.0000    6.0000    6.9000    6.0000    6.0000    6.0000
100000*second partial in parameter space
       28.       36.       26.       21.       15.       17.
  0.0672  0.0696  0.0684  0.0637  0.0615  0.0626
  0.0600  0.0652  0.0625  0.0617  0.0589  0.0596
  0.0566  0.0599  0.0587  0.0583  0.0571  0.0573
  0.0565  0.0564  0.0564  0.0564  0.0564  0.0564
  0.0586  0.0579  0.0573  0.0580  0.0569  0.0573
  0.0615  0.0632  0.0622  0.0608  0.0586  0.0596
  0.0658  0.0708  0.0695  0.0650  0.0618  0.0627
   -0.7323   32.3809    3.0746   -3.1131   -1.2319   -1.3723
eta,q 0.94358 11.85902

---------------------------------------------------------------------
imgreg_4dfp /opt/freesurfer/average/711-2C_as_mni_average_305 /opt/freesurfer/average/711-2B_as_mni_average_305_mask talsrcimg_g11 none talsrcimg_to_711-2C_as_mni_average_305_t4 3335
---------------------------------------------------------------------

freesurfer imgreg_4dfp.c
/opt/freesurfer/average/711-2C_as_mni_average_305.4dfp.img
       256       256       256         1
  1.000000  1.000000  1.000000
orientation T byte_order littleendian
Reading image: /opt/freesurfer/average/711-2C_as_mni_average_305.4dfp.img
dimensions:      256       256       256
mmppix:       1.0000   -1.0000   -1.0000
center:     128.0000 -129.0000 -129.0000
/opt/freesurfer/average/711-2B_as_mni_average_305_mask.4dfp.img
       256       256       256         1
  1.000000  1.000000  1.000000
orientation T byte_order littleendian
Reading mask: /opt/freesurfer/average/711-2B_as_mni_average_305_mask.4dfp.img (2306576 pixels)
talsrcimg_g11.4dfp.img
       256       256       256         1
  1.000000  1.000000  1.000000
orientation T byte_order littleendian
Reading image: talsrcimg_g11.4dfp.img
dimensions:      256       256       256
mmppix:       1.0000   -1.0000   -1.0000
center:     128.0000 -129.0000 -129.0000
fimgreg.f
image alignment mode   3335 decimal      D07 hex
parameters
   -0.7323   32.3809    3.0746   -0.0518   -0.1734   -0.1706
    2.2746    2.2762   -2.3943    5.3777   -2.1499   -5.4294
eta,q 0.94498 11.80990
niter,ni,del,rscale     5    3    5.0000    1.2000
parameter  4  7.051636 ->  0.500000 qaram    1.1500
parameter  5  1.983472 ->  0.500000 qaram    1.1500
parameter  6  1.524355 ->  0.500000 qaram    1.1500
parameters
   -1.1207   32.3488    3.0832   -4.1918   -4.3134   -4.3106
    0.5618    0.9007   -0.8087    5.3172   -3.9936   -5.1820
eta,q 0.96288 11.42457
  0.0566  0.0571  0.0569  0.0444  0.0412  0.0357  0.0393  0.0405  0.0400  0.0407  0.0380  0.0390
  0.0555  0.0558  0.0559  0.0475  0.0430  0.0373  0.0381  0.0386  0.0387  0.0388  0.0374  0.0380
  0.0549  0.0551  0.0552  0.0512  0.0456  0.0397  0.0376  0.0375  0.0378  0.0376  0.0371  0.0374
  0.0550  0.0549  0.0549  0.0549  0.0485  0.0437  0.0378  0.0376  0.0373  0.0372  0.0372  0.0371
  0.0556  0.0552  0.0551  0.0590  0.0519  0.0492  0.0386  0.0389  0.0373  0.0377  0.0377  0.0373
  0.0566  0.0559  0.0558  0.0632  0.0561  0.0551  0.0400  0.0410  0.0376  0.0388  0.0385  0.0378
  0.0579  0.0571  0.0569  0.0672  0.0608  0.0604  0.0419  0.0438  0.0384  0.0408  0.0396  0.0387
niter,ni,del,rscale     7    3    5.0000    1.2000
parameter  4  1.481885 ->  0.500000 qaram    1.3225
parameter  5  1.041958 ->  0.500000 qaram    1.3225
parameter  6  0.765019 ->  0.500000 qaram    1.3225
parameters
   -0.8781   32.2422    2.1698   -8.9528   -9.0744   -9.0716
    0.3206    1.0750   -0.5130    5.8354   -4.5968   -5.0824
eta,q 0.97418 11.00593
  0.0411  0.0394  0.0377  0.0303  0.0280  0.0253  0.0290  0.0315  0.0282  0.0300  0.0271  0.0276
  0.0391  0.0382  0.0369  0.0310  0.0284  0.0256  0.0272  0.0287  0.0270  0.0280  0.0263  0.0267
  0.0378  0.0374  0.0367  0.0331  0.0294  0.0269  0.0262  0.0267  0.0262  0.0266  0.0259  0.0261
  0.0371  0.0371  0.0371  0.0367  0.0314  0.0286  0.0259  0.0259  0.0259  0.0259  0.0258  0.0258
  0.0372  0.0374  0.0380  0.0409  0.0340  0.0323  0.0264  0.0263  0.0261  0.0260  0.0261  0.0260
  0.0381  0.0383  0.0393  0.0452  0.0370  0.0378  0.0276  0.0282  0.0268  0.0272  0.0267  0.0266
  0.0399  0.0400  0.0409  0.0498  0.0410  0.0446  0.0293  0.0312  0.0279  0.0291  0.0276  0.0276
niter,ni,del,rscale     7    3    5.0000    1.2000
parameters
   -0.8020   31.6745    1.6756  -12.9356  -10.6121  -12.7245
    0.4780    0.8812   -0.0871    4.3000   -5.8685   -4.8877
eta,q 0.97608 10.53789
  0.0304  0.0275  0.0269  0.0265  0.0287  0.0255  0.0278  0.0282  0.0265  0.0262  0.0249  0.0258
  0.0280  0.0262  0.0260  0.0253  0.0263  0.0245  0.0259  0.0261  0.0253  0.0246  0.0243  0.0248
  0.0264  0.0256  0.0255  0.0249  0.0250  0.0241  0.0246  0.0246  0.0245  0.0240  0.0240  0.0241
  0.0258  0.0258  0.0256  0.0255  0.0249  0.0248  0.0241  0.0241  0.0241  0.0241  0.0240  0.0239
  0.0262  0.0268  0.0261  0.0278  0.0264  0.0263  0.0245  0.0247  0.0243  0.0250  0.0243  0.0241
  0.0276  0.0283  0.0272  0.0320  0.0288  0.0289  0.0257  0.0263  0.0249  0.0268  0.0249  0.0247
  0.0299  0.0302  0.0286  0.0366  0.0318  0.0343  0.0274  0.0288  0.0260  0.0289  0.0258  0.0256
niter,ni,del,rscale     6    3    5.0000    1.2000
parameters
   -0.8406   31.7856    1.4820  -13.4637  -10.5091  -13.8721
    0.3829    0.8918    0.2875    4.1054   -6.1560   -4.9230
eta,q 0.97611 10.44805
  0.0278  0.0271  0.0256  0.0279  0.0292  0.0270  0.0273  0.0283  0.0263  0.0272  0.0251  0.0256
  0.0257  0.0253  0.0246  0.0258  0.0266  0.0252  0.0255  0.0261  0.0250  0.0253  0.0244  0.0246
  0.0244  0.0243  0.0240  0.0244  0.0246  0.0242  0.0243  0.0245  0.0242  0.0241  0.0240  0.0241
  0.0239  0.0239  0.0239  0.0239  0.0239  0.0239  0.0239  0.0239  0.0239  0.0239  0.0239  0.0239
  0.0244  0.0242  0.0243  0.0244  0.0245  0.0247  0.0244  0.0244  0.0240  0.0243  0.0241  0.0241
  0.0258  0.0251  0.0250  0.0260  0.0264  0.0265  0.0257  0.0260  0.0247  0.0256  0.0246  0.0247
  0.0281  0.0265  0.0262  0.0294  0.0289  0.0289  0.0274  0.0284  0.0258  0.0275  0.0253  0.0256
niter,ni,del,rscale     5    3    5.0000    1.2000
parameters
   -0.8495   31.8326    1.2913  -13.5776  -10.3817  -14.1658
    0.3235    0.9090    0.3934    4.1427   -6.2541   -5.0091
eta,q 0.97612 10.43121
  0.0279  0.0269  0.0255  0.0281  0.0291  0.0276  0.0273  0.0283  0.0261  0.0274  0.0252  0.0256
  0.0257  0.0252  0.0245  0.0260  0.0265  0.0256  0.0255  0.0261  0.0249  0.0254  0.0245  0.0246
  0.0243  0.0242  0.0240  0.0245  0.0245  0.0243  0.0243  0.0245  0.0242  0.0242  0.0240  0.0240
  0.0239  0.0239  0.0239  0.0239  0.0239  0.0239  0.0239  0.0239  0.0239  0.0239  0.0239  0.0239
  0.0244  0.0242  0.0242  0.0242  0.0244  0.0244  0.0244  0.0244  0.0241  0.0242  0.0241  0.0241
  0.0257  0.0251  0.0249  0.0257  0.0263  0.0260  0.0256  0.0260  0.0248  0.0254  0.0245  0.0247
  0.0279  0.0265  0.0261  0.0287  0.0288  0.0280  0.0274  0.0284  0.0260  0.0273  0.0252  0.0256
niter,ni,del,rscale     4    3    5.0000    1.2000
parameters
   -0.8536   31.8461    1.2209  -13.6154  -10.3362  -14.2379
    0.3062    0.9130    0.4243    4.1742   -6.2739   -5.0542
eta,q 0.97611 10.42726
  0.0279  0.0268  0.0257  0.0281  0.0290  0.0278  0.0274  0.0283  0.0260  0.0274  0.0252  0.0256
  0.0257  0.0251  0.0246  0.0260  0.0264  0.0257  0.0255  0.0261  0.0249  0.0254  0.0245  0.0246
  0.0243  0.0241  0.0240  0.0245  0.0245  0.0244  0.0243  0.0245  0.0241  0.0242  0.0240  0.0240
  0.0239  0.0239  0.0239  0.0239  0.0239  0.0239  0.0239  0.0239  0.0239  0.0239  0.0239  0.0239
  0.0243  0.0242  0.0242  0.0242  0.0245  0.0243  0.0243  0.0244  0.0241  0.0242  0.0240  0.0241
  0.0257  0.0252  0.0248  0.0256  0.0264  0.0259  0.0256  0.0260  0.0248  0.0254  0.0245  0.0247
  0.0279  0.0266  0.0259  0.0286  0.0289  0.0278  0.0273  0.0284  0.0260  0.0273  0.0252  0.0256
niter,ni,del,rscale     3    3    5.0000    1.2000
parameters
   -0.8551   31.8548    1.2012  -13.6261  -10.3229  -14.2541
    0.2998    0.9144    0.4332    4.1916   -6.2855   -5.0683
eta,q 0.97611 10.42652
  0.0279  0.0268  0.0257  0.0281  0.0290  0.0278  0.0274  0.0283  0.0260  0.0274  0.0252  0.0256
  0.0257  0.0251  0.0247  0.0260  0.0264  0.0257  0.0255  0.0261  0.0249  0.0254  0.0245  0.0246
  0.0243  0.0241  0.0241  0.0246  0.0245  0.0244  0.0243  0.0245  0.0241  0.0242  0.0240  0.0240
  0.0239  0.0239  0.0239  0.0239  0.0239  0.0239  0.0239  0.0239  0.0239  0.0239  0.0239  0.0239
  0.0243  0.0243  0.0241  0.0242  0.0245  0.0243  0.0243  0.0244  0.0241  0.0242  0.0240  0.0241
  0.0257  0.0252  0.0248  0.0256  0.0264  0.0259  0.0256  0.0260  0.0248  0.0254  0.0245  0.0247
  0.0279  0.0266  0.0258  0.0286  0.0289  0.0278  0.0273  0.0284  0.0260  0.0273  0.0252  0.0256
registration optimization eta report
parameter search radius
    2.4000    2.4000    2.4000    9.5220    9.5220    9.5220
    7.2000    7.2000    7.2000    7.2000    7.2000    7.2000
100000*second partial in parameter space
       69.       48.       32.        5.        6.        4.
        7.        8.        4.        7.        3.        3.
  0.0279  0.0268  0.0257  0.0281  0.0290  0.0278  0.0274  0.0283  0.0260  0.0274  0.0252  0.0256
  0.0257  0.0251  0.0247  0.0260  0.0264  0.0257  0.0255  0.0261  0.0249  0.0254  0.0245  0.0246
  0.0243  0.0241  0.0241  0.0246  0.0245  0.0244  0.0243  0.0245  0.0241  0.0242  0.0240  0.0240
  0.0239  0.0239  0.0239  0.0239  0.0239  0.0239  0.0239  0.0239  0.0239  0.0239  0.0239  0.0239
  0.0243  0.0243  0.0241  0.0242  0.0245  0.0243  0.0243  0.0244  0.0241  0.0242  0.0240  0.0241
  0.0257  0.0252  0.0248  0.0256  0.0264  0.0259  0.0256  0.0260  0.0248  0.0254  0.0245  0.0247
  0.0279  0.0266  0.0258  0.0286  0.0289  0.0278  0.0273  0.0284  0.0260  0.0273  0.0252  0.0256
   -0.8551   31.8548    1.2012  -13.6261  -10.3229  -14.2541
    0.2998    0.9144    0.4332    4.1916   -6.2855   -5.0683
eta,q 0.97611 10.42652

---------------------------------------------------------------------
imgreg_4dfp /opt/freesurfer/average/711-2C_as_mni_average_305 /opt/freesurfer/average/711-2B_as_mni_average_305_mask talsrcimg_g11 none talsrcimg_to_711-2C_as_mni_average_305_t4 2311
---------------------------------------------------------------------

freesurfer imgreg_4dfp.c
/opt/freesurfer/average/711-2C_as_mni_average_305.4dfp.img
       256       256       256         1
  1.000000  1.000000  1.000000
orientation T byte_order littleendian
Reading image: /opt/freesurfer/average/711-2C_as_mni_average_305.4dfp.img
dimensions:      256       256       256
mmppix:       1.0000   -1.0000   -1.0000
center:     128.0000 -129.0000 -129.0000
/opt/freesurfer/average/711-2B_as_mni_average_305_mask.4dfp.img
       256       256       256         1
  1.000000  1.000000  1.000000
orientation T byte_order littleendian
Reading mask: /opt/freesurfer/average/711-2B_as_mni_average_305_mask.4dfp.img (2306576 pixels)
talsrcimg_g11.4dfp.img
       256       256       256         1
  1.000000  1.000000  1.000000
orientation T byte_order littleendian
Reading image: talsrcimg_g11.4dfp.img
dimensions:      256       256       256
mmppix:       1.0000   -1.0000   -1.0000
center:     128.0000 -129.0000 -129.0000
fimgreg.f
image alignment mode   2311 decimal      907 hex
parameters
   -0.8551   31.8548    1.2012  -13.6261  -10.3229  -14.2541
    0.2998    0.9144    0.4332    4.1916   -6.2855   -5.0683
eta,q 0.97611 10.42653
niter,ni,del,rscale     5    3    5.0000    0.8000
parameters
   -0.8600   31.8024    1.1770  -13.0892  -10.4205  -14.1420
    0.2362    0.9963    0.4204    4.1955   -6.2617   -5.1913
eta,q 0.97613 10.45783
  0.0257  0.0251  0.0247  0.0252  0.0253  0.0250  0.0255  0.0261  0.0248  0.0254  0.0245  0.0246
  0.0247  0.0244  0.0242  0.0246  0.0244  0.0244  0.0246  0.0249  0.0243  0.0245  0.0241  0.0242
  0.0241  0.0240  0.0240  0.0241  0.0240  0.0240  0.0240  0.0241  0.0240  0.0240  0.0239  0.0239
  0.0239  0.0239  0.0239  0.0239  0.0239  0.0239  0.0239  0.0239  0.0239  0.0239  0.0239  0.0239
  0.0241  0.0241  0.0240  0.0239  0.0240  0.0239  0.0241  0.0241  0.0240  0.0240  0.0239  0.0240
  0.0247  0.0245  0.0243  0.0242  0.0245  0.0243  0.0247  0.0248  0.0243  0.0245  0.0241  0.0242
  0.0257  0.0252  0.0247  0.0247  0.0254  0.0249  0.0256  0.0259  0.0249  0.0254  0.0245  0.0247
niter,ni,del,rscale     4    3    5.0000    0.7000
parameters
   -0.8402   31.7717    1.1990  -13.0188  -10.4276  -14.0476
    0.2234    1.0285    0.3988    4.2000   -6.2150   -5.1969
eta,q 0.97614 10.46665
  0.0253  0.0248  0.0245  0.0248  0.0250  0.0247  0.0252  0.0256  0.0246  0.0250  0.0243  0.0245
  0.0245  0.0242  0.0242  0.0243  0.0243  0.0243  0.0244  0.0247  0.0242  0.0244  0.0241  0.0241
  0.0240  0.0239  0.0239  0.0240  0.0240  0.0240  0.0240  0.0241  0.0239  0.0240  0.0239  0.0239
  0.0239  0.0239  0.0239  0.0239  0.0239  0.0239  0.0239  0.0239  0.0239  0.0239  0.0239  0.0239
  0.0240  0.0240  0.0239  0.0240  0.0240  0.0239  0.0240  0.0241  0.0239  0.0240  0.0239  0.0239
  0.0245  0.0243  0.0241  0.0242  0.0243  0.0242  0.0245  0.0246  0.0242  0.0243  0.0241  0.0241
  0.0252  0.0248  0.0245  0.0247  0.0250  0.0247  0.0252  0.0255  0.0246  0.0250  0.0243  0.0245
niter,ni,del,rscale     3    3    5.0000    0.6000
parameters
   -0.8320   31.7515    1.2099  -12.9981  -10.4223  -13.9672
    0.2237    1.0392    0.3830    4.2028   -6.1932   -5.2024
eta,q 0.97614 10.47237
  0.0249  0.0245  0.0244  0.0245  0.0247  0.0245  0.0248  0.0251  0.0244  0.0247  0.0242  0.0243
  0.0243  0.0241  0.0241  0.0242  0.0242  0.0242  0.0243  0.0244  0.0241  0.0242  0.0240  0.0240
  0.0240  0.0239  0.0239  0.0239  0.0239  0.0240  0.0240  0.0240  0.0239  0.0239  0.0239  0.0239
  0.0239  0.0239  0.0239  0.0239  0.0239  0.0239  0.0239  0.0239  0.0239  0.0239  0.0239  0.0239
  0.0240  0.0240  0.0239  0.0239  0.0239  0.0239  0.0240  0.0240  0.0239  0.0239  0.0239  0.0239
  0.0243  0.0242  0.0241  0.0241  0.0242  0.0241  0.0243  0.0244  0.0241  0.0242  0.0240  0.0241
  0.0249  0.0246  0.0243  0.0245  0.0247  0.0245  0.0248  0.0251  0.0244  0.0247  0.0242  0.0243
niter,ni,del,rscale     2    3    5.0000    0.5000
parameters
   -0.8275   31.7395    1.2179  -12.9826  -10.4128  -13.9182
    0.2273    1.0381    0.3675    4.2048   -6.1638   -5.2027
eta,q 0.97614 10.47626
  0.0246  0.0243  0.0242  0.0243  0.0244  0.0243  0.0245  0.0247  0.0242  0.0244  0.0241  0.0242
  0.0242  0.0241  0.0240  0.0241  0.0241  0.0241  0.0242  0.0242  0.0240  0.0241  0.0240  0.0240
  0.0239  0.0239  0.0239  0.0239  0.0239  0.0239  0.0239  0.0239  0.0239  0.0239  0.0239  0.0239
  0.0239  0.0239  0.0239  0.0239  0.0239  0.0239  0.0239  0.0239  0.0239  0.0239  0.0239  0.0239
  0.0239  0.0239  0.0239  0.0239  0.0239  0.0239  0.0239  0.0240  0.0239  0.0239  0.0239  0.0239
  0.0242  0.0241  0.0240  0.0240  0.0241  0.0240  0.0241  0.0243  0.0240  0.0241  0.0240  0.0240
  0.0246  0.0243  0.0242  0.0243  0.0244  0.0243  0.0245  0.0247  0.0242  0.0244  0.0241  0.0242
niter,ni,del,rscale     1    3    5.0000    0.4000
parameters
   -0.8271   31.7264    1.2248  -12.9933  -10.3965  -13.8648
    0.2366    1.0316    0.3623    4.1984   -6.1320   -5.2059
eta,q 0.97614 10.47904
  0.0243  0.0242  0.0241  0.0241  0.0242  0.0241  0.0243  0.0244  0.0241  0.0242  0.0240  0.0241
  0.0241  0.0240  0.0239  0.0240  0.0240  0.0240  0.0240  0.0241  0.0240  0.0240  0.0239  0.0239
  0.0239  0.0239  0.0239  0.0239  0.0239  0.0239  0.0239  0.0239  0.0239  0.0239  0.0239  0.0239
  0.0239  0.0239  0.0239  0.0239  0.0239  0.0239  0.0239  0.0239  0.0239  0.0239  0.0239  0.0239
  0.0239  0.0239  0.0239  0.0239  0.0239  0.0239  0.0239  0.0239  0.0239  0.0239  0.0239  0.0239
  0.0241  0.0240  0.0239  0.0240  0.0240  0.0240  0.0240  0.0241  0.0240  0.0240  0.0239  0.0239
  0.0243  0.0242  0.0241  0.0241  0.0242  0.0241  0.0243  0.0244  0.0241  0.0242  0.0240  0.0241
registration optimization eta report
parameter search radius
    0.8000    0.8000    0.8000    2.4000    2.4000    2.4000
    2.4000    2.4000    2.4000    2.4000    2.4000    2.4000
100000*second partial in parameter space
       72.       48.       34.        5.        6.        5.
        8.       10.        4.        6.        3.        3.
  0.0243  0.0242  0.0241  0.0241  0.0242  0.0241  0.0243  0.0244  0.0241  0.0242  0.0240  0.0241
  0.0241  0.0240  0.0239  0.0240  0.0240  0.0240  0.0240  0.0241  0.0240  0.0240  0.0239  0.0239
  0.0239  0.0239  0.0239  0.0239  0.0239  0.0239  0.0239  0.0239  0.0239  0.0239  0.0239  0.0239
  0.0239  0.0239  0.0239  0.0239  0.0239  0.0239  0.0239  0.0239  0.0239  0.0239  0.0239  0.0239
  0.0239  0.0239  0.0239  0.0239  0.0239  0.0239  0.0239  0.0239  0.0239  0.0239  0.0239  0.0239
  0.0241  0.0240  0.0239  0.0240  0.0240  0.0240  0.0240  0.0241  0.0240  0.0240  0.0239  0.0239
  0.0243  0.0242  0.0241  0.0241  0.0242  0.0241  0.0243  0.0244  0.0241  0.0242  0.0240  0.0241
   -0.8271   31.7264    1.2248  -12.9933  -10.3965  -13.8648
    0.2366    1.0316    0.3623    4.1984   -6.1320   -5.2059
eta,q 0.97614 10.47904

---------------------------------------------------------------------
imgreg_4dfp /opt/freesurfer/average/711-2C_as_mni_average_305 /opt/freesurfer/average/711-2B_as_mni_average_305_mask talsrcimg_g11 none talsrcimg_to_711-2C_as_mni_average_305_t4 2311
---------------------------------------------------------------------

freesurfer imgreg_4dfp.c
/opt/freesurfer/average/711-2C_as_mni_average_305.4dfp.img
       256       256       256         1
  1.000000  1.000000  1.000000
orientation T byte_order littleendian
Reading image: /opt/freesurfer/average/711-2C_as_mni_average_305.4dfp.img
dimensions:      256       256       256
mmppix:       1.0000   -1.0000   -1.0000
center:     128.0000 -129.0000 -129.0000
/opt/freesurfer/average/711-2B_as_mni_average_305_mask.4dfp.img
       256       256       256         1
  1.000000  1.000000  1.000000
orientation T byte_order littleendian
Reading mask: /opt/freesurfer/average/711-2B_as_mni_average_305_mask.4dfp.img (2306576 pixels)
talsrcimg_g11.4dfp.img
       256       256       256         1
  1.000000  1.000000  1.000000
orientation T byte_order littleendian
Reading image: talsrcimg_g11.4dfp.img
dimensions:      256       256       256
mmppix:       1.0000   -1.0000   -1.0000
center:     128.0000 -129.0000 -129.0000
fimgreg.f
image alignment mode   2311 decimal      907 hex
parameters
   -0.8271   31.7264    1.2248  -12.9933  -10.3965  -13.8648
    0.2366    1.0316    0.3623    4.1984   -6.1320   -5.2059
eta,q 0.97614 10.47904
niter,ni,del,rscale     5    3    5.0000    0.8000
parameters
   -0.8303   31.7686    1.2524  -13.0083  -10.4601  -13.9962
    0.2319    1.0160    0.3510    4.1933   -6.1977   -5.1548
eta,q 0.97614 10.46884
  0.0257  0.0252  0.0247  0.0250  0.0253  0.0249  0.0255  0.0260  0.0248  0.0254  0.0244  0.0247
  0.0247  0.0244  0.0243  0.0244  0.0245  0.0243  0.0246  0.0249  0.0243  0.0245  0.0241  0.0242
  0.0240  0.0240  0.0240  0.0240  0.0240  0.0240  0.0241  0.0241  0.0240  0.0240  0.0239  0.0239
  0.0239  0.0239  0.0239  0.0239  0.0239  0.0239  0.0239  0.0239  0.0239  0.0239  0.0239  0.0239
  0.0241  0.0240  0.0239  0.0240  0.0240  0.0240  0.0240  0.0241  0.0240  0.0240  0.0239  0.0240
  0.0247  0.0244  0.0242  0.0244  0.0245  0.0244  0.0246  0.0249  0.0243  0.0245  0.0241  0.0242
  0.0257  0.0250  0.0247  0.0250  0.0254  0.0251  0.0255  0.0260  0.0248  0.0254  0.0245  0.0246
niter,ni,del,rscale     4    3    5.0000    0.7000
parameters
   -0.8323   31.7638    1.2301  -12.9889  -10.4358  -13.9919
    0.2323    1.0283    0.3746    4.1930   -6.2100   -5.1751
eta,q 0.97614 10.47098
  0.0252  0.0248  0.0245  0.0247  0.0250  0.0247  0.0252  0.0255  0.0246  0.0250  0.0243  0.0245
  0.0245  0.0243  0.0241  0.0243  0.0243  0.0243  0.0244  0.0246  0.0242  0.0243  0.0241  0.0241
  0.0240  0.0239  0.0239  0.0240  0.0240  0.0240  0.0240  0.0240  0.0239  0.0240  0.0239  0.0239
  0.0239  0.0239  0.0239  0.0239  0.0239  0.0239  0.0239  0.0239  0.0239  0.0239  0.0239  0.0239
  0.0240  0.0240  0.0239  0.0240  0.0240  0.0239  0.0240  0.0241  0.0239  0.0240  0.0239  0.0239
  0.0245  0.0243  0.0242  0.0242  0.0243  0.0242  0.0244  0.0246  0.0242  0.0243  0.0241  0.0241
  0.0253  0.0248  0.0245  0.0247  0.0250  0.0247  0.0252  0.0255  0.0246  0.0250  0.0243  0.0245
niter,ni,del,rscale     3    3    5.0000    0.6000
parameters
   -0.8308   31.7500    1.2265  -12.9925  -10.4283  -13.9447
    0.2222    1.0395    0.3866    4.1943   -6.1860   -5.1957
eta,q 0.97614 10.47356
  0.0249  0.0246  0.0243  0.0245  0.0247  0.0245  0.0248  0.0251  0.0244  0.0247  0.0242  0.0243
  0.0243  0.0241  0.0241  0.0241  0.0242  0.0242  0.0243  0.0244  0.0241  0.0242  0.0240  0.0240
  0.0240  0.0239  0.0239  0.0239  0.0239  0.0239  0.0240  0.0240  0.0239  0.0239  0.0239  0.0239
  0.0239  0.0239  0.0239  0.0239  0.0239  0.0239  0.0239  0.0239  0.0239  0.0239  0.0239  0.0239
  0.0240  0.0239  0.0239  0.0239  0.0239  0.0239  0.0240  0.0240  0.0239  0.0239  0.0239  0.0239
  0.0243  0.0242  0.0241  0.0242  0.0242  0.0241  0.0243  0.0244  0.0241  0.0242  0.0240  0.0241
  0.0249  0.0246  0.0243  0.0245  0.0247  0.0245  0.0248  0.0251  0.0244  0.0247  0.0242  0.0243
niter,ni,del,rscale     2    3    5.0000    0.5000
parameters
   -0.8256   31.7366    1.2278  -12.9853  -10.4203  -13.9053
    0.2246    1.0423    0.3737    4.2053   -6.1644   -5.2143
eta,q 0.97614 10.47646
  0.0246  0.0243  0.0242  0.0243  0.0244  0.0243  0.0245  0.0247  0.0242  0.0244  0.0241  0.0242
  0.0242  0.0240  0.0240  0.0241  0.0241  0.0241  0.0242  0.0243  0.0240  0.0241  0.0240  0.0240
  0.0239  0.0239  0.0239  0.0239  0.0239  0.0239  0.0239  0.0239  0.0239  0.0239  0.0239  0.0239
  0.0239  0.0239  0.0239  0.0239  0.0239  0.0239  0.0239  0.0239  0.0239  0.0239  0.0239  0.0239
  0.0239  0.0239  0.0239  0.0239  0.0239  0.0239  0.0239  0.0240  0.0239  0.0239  0.0239  0.0239
  0.0242  0.0241  0.0240  0.0241  0.0241  0.0240  0.0241  0.0243  0.0240  0.0241  0.0240  0.0240
  0.0246  0.0244  0.0242  0.0243  0.0244  0.0243  0.0245  0.0247  0.0242  0.0244  0.0241  0.0242
niter,ni,del,rscale     1    3    5.0000    0.4000
parameters
   -0.8240   31.7280    1.2280  -12.9885  -10.3967  -13.8635
    0.2320    1.0351    0.3600    4.2021   -6.1281   -5.2026
eta,q 0.97614 10.47936
  0.0243  0.0242  0.0241  0.0241  0.0242  0.0241  0.0243  0.0244  0.0241  0.0242  0.0240  0.0241
  0.0241  0.0240  0.0239  0.0240  0.0240  0.0240  0.0240  0.0241  0.0240  0.0240  0.0239  0.0239
  0.0239  0.0239  0.0239  0.0239  0.0239  0.0239  0.0239  0.0239  0.0239  0.0239  0.0239  0.0239
  0.0239  0.0239  0.0239  0.0239  0.0239  0.0239  0.0239  0.0239  0.0239  0.0239  0.0239  0.0239
  0.0239  0.0239  0.0239  0.0239  0.0239  0.0239  0.0239  0.0239  0.0239  0.0239  0.0239  0.0239
  0.0241  0.0240  0.0239  0.0240  0.0240  0.0240  0.0240  0.0241  0.0240  0.0240  0.0239  0.0239
  0.0243  0.0242  0.0241  0.0241  0.0242  0.0241  0.0243  0.0244  0.0241  0.0242  0.0240  0.0240
registration optimization eta report
parameter search radius
    0.8000    0.8000    0.8000    2.4000    2.4000    2.4000
    2.4000    2.4000    2.4000    2.4000    2.4000    2.4000
100000*second partial in parameter space
       72.       48.       33.        5.        6.        5.
        8.       10.        4.        6.        3.        3.
  0.0243  0.0242  0.0241  0.0241  0.0242  0.0241  0.0243  0.0244  0.0241  0.0242  0.0240  0.0241
  0.0241  0.0240  0.0239  0.0240  0.0240  0.0240  0.0240  0.0241  0.0240  0.0240  0.0239  0.0239
  0.0239  0.0239  0.0239  0.0239  0.0239  0.0239  0.0239  0.0239  0.0239  0.0239  0.0239  0.0239
  0.0239  0.0239  0.0239  0.0239  0.0239  0.0239  0.0239  0.0239  0.0239  0.0239  0.0239  0.0239
  0.0239  0.0239  0.0239  0.0239  0.0239  0.0239  0.0239  0.0239  0.0239  0.0239  0.0239  0.0239
  0.0241  0.0240  0.0239  0.0240  0.0240  0.0240  0.0240  0.0241  0.0240  0.0240  0.0239  0.0239
  0.0243  0.0242  0.0241  0.0241  0.0242  0.0241  0.0243  0.0244  0.0241  0.0242  0.0240  0.0240
   -0.8240   31.7280    1.2280  -12.9885  -10.3967  -13.8635
    0.2320    1.0351    0.3600    4.2021   -6.1281   -5.2026
eta,q 0.97614 10.47936

---------------------------------------------------------------------
compute_vox2vox talsrcimg talsrcimg_to_711-2C_as_mni_average_305_t4 /opt/freesurfer/average/711-2C_as_mni_average_305
---------------------------------------------------------------------

freesurfer compute_vox2vox.c
Reading: talsrcimg.4dfp.ifh
Reading: talsrcimg_to_711-2C_as_mni_average_305_t4
Reading: /opt/freesurfer/average/711-2C_as_mni_average_305.4dfp.ifh
Writing: talsrcimg_to_711-2C_as_mni_average_305_t4_vox2vox.txt

start time Tue Mar 10 06:41:17 CET 2026
end		time Tue Mar 10 06:42:45 CET 2026

mpr2mni305 success

avi2talxfm orig_nu.mgz /opt/freesurfer/average/mni305.cor.mgz talsrcimg_to_711-2C_as_mni_average_305_t4_vox2vox.txt transforms/talairach.auto.xfm
avi2talxfm done
mv -f /out/sourcedata/freesurfer/sub-v1s7x0051325_ses-1/mri/talsrcimg_to_711-2C_as_mni_average_305_t4_vox2vox.txt /out/sourcedata/freesurfer/sub-v1s7x0051325_ses-1/mri/transforms/talsrcimg_to_711-2C_as_mni_average_305_t4_vox2vox.txt
lta_convert --src orig_nu.mgz --trg /opt/freesurfer/average/mni305.cor.mgz --inxfm transforms/talairach.auto.xfm --outlta transforms/talairach.auto.xfm.lta --subject fsaverage
7.3.2

--src: orig_nu.mgz src image (geometry).
--trg: /opt/freesurfer/average/mni305.cor.mgz trg image (geometry).
--inmni: transforms/talairach.auto.xfm input MNI/XFM transform.
--outlta: transforms/talairach.auto.xfm.lta output LTA.
--s: fsaverage subject name
 LTA read, type : 1
 1.14833  -0.01362  -0.00376   0.43556;
 0.08119   1.15671   0.06695   1.73381;
-0.00842  -0.05419   1.11291  -35.89885;
 0.00000   0.00000   0.00000   1.00000;
setting subject to fsaverage
Writing  LTA to file transforms/talairach.auto.xfm.lta...
lta_convert successful.
 
 
Started at Tue Mar 10 06:41:16 CET 2026
Ended   at Tue Mar 10 06:42:45 CET 2026
talairach_avi done
