/out/sourcedata/freesurfer/sub-v1s7x0051323_ses-1/mri
/opt/freesurfer/bin/talairach_avi
--i orig_nu.mgz --xfm transforms/talairach.auto.xfm
talairach_avi 7.3.2
Linux dna069 5.14.0-427.37.1.el9_4.x86_64 #1 SMP PREEMPT_DYNAMIC Fri Sep 13 12:41:50 EDT 2024 x86_64 x86_64 x86_64 GNU/Linux
Tue Mar 10 06:37:18 CET 2026
mri_convert orig_nu.mgz talsrcimg.img 
reading from orig_nu.mgz...
TR=0.00, TE=0.00, TI=0.00, flip angle=0.00
i_ras = (-1, 0, 0)
j_ras = (0, 0, -1)
k_ras = (0, 1, 0)
writing to talsrcimg.img...
Analyze Output Matrix
-1.00000   0.00000   0.00000   132.87350;
 0.00000   0.00000   1.00000  -125.22606;
 0.00000  -1.00000   0.00000   125.24117;
 0.00000   0.00000   0.00000   1.00000;
--------------------
INFO: set hdr.hist.orient to -1
mpr2mni305 talsrcimg
Tue Mar 10 06:37:18 CET 2026
/opt/freesurfer/bin/mpr2mni305 talsrcimg
mpr2mni305 7.3.2
target=711-2C_as_mni_average_305

---------------------------------------------------------------------
analyzeto4dfp talsrcimg -O0 -y
---------------------------------------------------------------------

freesurfer ifh2hdr.c
Tue Mar 10 06:37:19 2026
Writing: talsrcimg.4dfp.hdr
freesurfer analyzeto4dfp.c
Reading: talsrcimg.hdr
header size 348 bytes
hdr.dime.datatype	offset=70	value=2
hdr.dime.bitpix		offset=72	value=8
hdr.hist.orient		offset=252	value=-1
dimensionality     4
dimensions       256       256       256         1
Reading: talsrcimg.img
Writing: talsrcimg.4dfp.img
Writing: talsrcimg.4dfp.ifh
ifh2hdr talsrcimg -r0to223
ori=2

---------------------------------------------------------------------
gauss_4dfp talsrcimg 1.1
---------------------------------------------------------------------

freesurfer gauss_4dfp.c
Reading: talsrcimg.4dfp.img
Writing: talsrcimg_g11.4dfp.img
image dimensions 256 256 256 padded to 288 288 288
processing volume 1freesurfer ifh2hdr.c
Tue Mar 10 06:37:20 2026
Writing: talsrcimg_g11.4dfp.hdr

Writing: talsrcimg_g11.4dfp.ifh
including: talsrcimg.4dfp.img.rec in talsrcimg_g11.4dfp.img.rec

---------------------------------------------------------------------
imgreg_4dfp /opt/freesurfer/average/711-2C_as_mni_average_305 none talsrcimg_g11 none talsrcimg_to_711-2C_as_mni_average_305_t4 4355
---------------------------------------------------------------------

freesurfer imgreg_4dfp.c
/opt/freesurfer/average/711-2C_as_mni_average_305.4dfp.img
       256       256       256         1
  1.000000  1.000000  1.000000
orientation T byte_order littleendian
Reading image: /opt/freesurfer/average/711-2C_as_mni_average_305.4dfp.img
dimensions:      256       256       256
mmppix:       1.0000   -1.0000   -1.0000
center:     128.0000 -129.0000 -129.0000
talsrcimg_g11.4dfp.img
       256       256       256         1
  1.000000  1.000000  1.000000
orientation T byte_order littleendian
Reading image: talsrcimg_g11.4dfp.img
dimensions:      256       256       256
mmppix:       1.0000   -1.0000   -1.0000
center:     128.0000 -129.0000 -129.0000
t4_read: open error in t4_sub.f l:  41 t4_file(1:l)talsrcimg_to_711-2C_as_mni_average_305_t4 
t4_read: transform initialized to I4
rotation matrix determinant  1.000000
image alignment mode   4355 decimal     1103 hex
   -7.5000  -45.0000  -45.0000 6489.7690   15.3579
    0.0000  -45.0000  -45.0000 6818.3013   15.4880
    7.5000  -45.0000  -45.0000 6462.5435   15.4646
   -7.5000  -37.5000  -45.0000 7114.7832   14.9478
    0.0000  -37.5000  -45.0000 7449.9751   15.0738
    7.5000  -37.5000  -45.0000 7100.2363   15.0537
   -7.5000  -30.0000  -45.0000 8065.5449   14.6330
    0.0000  -30.0000  -45.0000 8414.8047   14.7570
    7.5000  -30.0000  -45.0000 8023.0264   14.7441
   -7.5000  -22.5000  -45.0000 9114.2012   14.5118
    0.0000  -22.5000  -45.0000 9494.0996   14.6363
    7.5000  -22.5000  -45.0000 9047.7061   14.6280
   -7.5000  -15.0000  -45.000010129.6973   14.4613
    0.0000  -15.0000  -45.000010545.0693   14.5838
    7.5000  -15.0000  -45.000010062.4404   14.5728
   -7.5000   -7.5000  -45.000011129.7197   14.4595
    0.0000   -7.5000  -45.000011583.4629   14.5782
    7.5000   -7.5000  -45.000011049.6836   14.5608
   -7.5000    0.0000  -45.000012073.5557   14.4689
    0.0000    0.0000  -45.000012580.1152   14.5869
    7.5000    0.0000  -45.000011963.1807   14.5654
   -7.5000    7.5000  -45.000012010.5986   14.4825
    0.0000    7.5000  -45.000012498.0361   14.6025
    7.5000    7.5000  -45.000011877.7900   14.5827
   -7.5000   15.0000  -45.000011809.2822   14.4849
    0.0000   15.0000  -45.000012277.6670   14.6071
    7.5000   15.0000  -45.000011678.2578   14.5940
   -7.5000   22.5000  -45.000011610.3047   14.4704
    0.0000   22.5000  -45.000012068.9375   14.5946
    7.5000   22.5000  -45.000011475.5752   14.5859
   -7.5000   30.0000  -45.000011351.0039   14.2679
    0.0000   30.0000  -45.000011790.6533   14.3888
    7.5000   30.0000  -45.000011205.0117   14.3780
   -7.5000   37.5000  -45.000011282.6445   14.2668
    0.0000   37.5000  -45.000011746.1455   14.3839
    7.5000   37.5000  -45.000011155.2471   14.3668
   -7.5000   45.0000  -45.000010754.8105   13.9136
    0.0000   45.0000  -45.000011192.8525   14.0271
    7.5000   45.0000  -45.000010617.2305   14.0064
   -7.5000  -45.0000  -37.5000 6792.5991   15.3786
    0.0000  -45.0000  -37.5000 7129.2070   15.5090
    7.5000  -45.0000  -37.5000 6763.7681   15.4864
   -7.5000  -37.5000  -37.5000 7458.3037   14.9707
    0.0000  -37.5000  -37.5000 7795.1396   15.0968
    7.5000  -37.5000  -37.5000 7429.8750   15.0729
   -7.5000  -30.0000  -37.5000 8483.4775   14.6504
    0.0000  -30.0000  -37.5000 8845.0908   14.7750
    7.5000  -30.0000  -37.5000 8420.0742   14.7567
   -7.5000  -22.5000  -37.5000 9593.0459   14.5205
    0.0000  -22.5000  -37.5000 9978.4844   14.6460
    7.5000  -22.5000  -37.5000 9501.1982   14.6357
   -7.5000  -15.0000  -37.500010662.6309   14.4660
    0.0000  -15.0000  -37.500011088.6758   14.5897
    7.5000  -15.0000  -37.500010559.4395   14.5819
   -7.5000   -7.5000  -37.500011712.3926   14.4693
    0.0000   -7.5000  -37.500012185.2969   14.5893
    7.5000   -7.5000  -37.500011607.5469   14.5764
   -7.5000    0.0000  -37.500012710.0049   14.4873
    0.0000    0.0000  -37.500013228.7764   14.6058
    7.5000    0.0000  -37.500012578.4307   14.5853
   -7.5000    7.5000  -37.500012637.9902   14.5045
    0.0000    7.5000  -37.500013151.6357   14.6246
    7.5000    7.5000  -37.500012503.7510   14.6013
   -7.5000   15.0000  -37.500012396.2373   14.5025
    0.0000   15.0000  -37.500012891.2432   14.6254
    7.5000   15.0000  -37.500012279.3916   14.6069
   -7.5000   22.5000  -37.500012163.1221   14.4793
    0.0000   22.5000  -37.500012638.4014   14.6044
    7.5000   22.5000  -37.500012042.4082   14.5937
   -7.5000   30.0000  -37.500011875.3564   14.2726
    0.0000   30.0000  -37.500012352.1982   14.3947
    7.5000   30.0000  -37.500011774.9150   14.3869
   -7.5000   37.5000  -37.500011842.8516   14.2764
    0.0000   37.5000  -37.500012307.8857   14.3949
    7.5000   37.5000  -37.500011718.1846   14.3821
   -7.5000   45.0000  -37.500011243.9336   13.9313
    0.0000   45.0000  -37.500011687.1436   14.0452
    7.5000   45.0000  -37.500011122.6133   14.0255
   -7.5000  -45.0000  -30.0000 7197.5308   16.0232
    0.0000  -45.0000  -30.0000 7530.5796   16.1592
    7.5000  -45.0000  -30.0000 7172.4717   16.1310
   -7.5000  -37.5000  -30.0000 7928.2075   15.5990
    0.0000  -37.5000  -30.0000 8283.1855   15.7291
    7.5000  -37.5000  -30.0000 7892.0420   15.6971
   -7.5000  -30.0000  -30.0000 9034.6260   15.2604
    0.0000  -30.0000  -30.0000 9426.2988   15.3897
    7.5000  -30.0000  -30.0000 8976.0244   15.3625
   -7.5000  -22.5000  -30.000010217.2959   15.1189
    0.0000  -22.5000  -30.000010636.1104   15.2507
    7.5000  -22.5000  -30.000010139.9521   15.2341
   -7.5000  -15.0000  -30.000011359.4600   15.0599
    0.0000  -15.0000  -30.000011819.2842   15.1912
    7.5000  -15.0000  -30.000011260.5654   15.1810
   -7.5000   -7.5000  -30.000012473.7256   15.0680
    0.0000   -7.5000  -30.000012979.5244   15.1951
    7.5000   -7.5000  -30.000012350.5322   15.1803
   -7.5000    0.0000  -30.000013517.4990   15.0936
    0.0000    0.0000  -30.000014050.7139   15.2171
    7.5000    0.0000  -30.000013368.7578   15.1919
   -7.5000    7.5000  -30.000013421.7266   15.1137
    0.0000    7.5000  -30.000013981.4355   15.2377
    7.5000    7.5000  -30.000013305.1855   15.2065
   -7.5000   15.0000  -30.000013175.9189   15.1072
    0.0000   15.0000  -30.000013697.8633   15.2347
    7.5000   15.0000  -30.000013054.8506   15.2074
   -7.5000   22.5000  -30.000012916.3037   15.0748
    0.0000   22.5000  -30.000013412.3320   15.2061
    7.5000   22.5000  -30.000012803.6963   15.1892
   -7.5000   30.0000  -30.000012649.1484   14.8600
    0.0000   30.0000  -30.000013141.3691   14.9896
    7.5000   30.0000  -30.000012526.1396   14.9795
   -7.5000   37.5000  -30.000012612.8418   14.8686
    0.0000   37.5000  -30.000013099.0684   14.9940
    7.5000   37.5000  -30.000012486.2090   14.9794
   -7.5000   45.0000  -30.000011925.5410   14.5249
    0.0000   45.0000  -30.000012373.3994   14.6438
    7.5000   45.0000  -30.000011805.6143   14.6196
   -7.5000  -45.0000  -22.5000 7594.0293   16.5483
    0.0000  -45.0000  -22.5000 7937.1079   16.6878
    7.5000  -45.0000  -22.5000 7576.8232   16.6517
   -7.5000  -37.5000  -22.5000 8405.3320   16.1066
    0.0000  -37.5000  -22.5000 8774.0723   16.2396
    7.5000  -37.5000  -22.5000 8353.1260   16.2030
   -7.5000  -30.0000  -22.5000 9585.6260   15.7569
    0.0000  -30.0000  -22.5000 9994.7314   15.8893
    7.5000  -30.0000  -22.5000 9507.4170   15.8590
   -7.5000  -22.5000  -22.500010827.8242   15.6144
    0.0000  -22.5000  -22.500011280.2480   15.7502
    7.5000  -22.5000  -22.500010730.7373   15.7292
   -7.5000  -15.0000  -22.500012021.1455   15.5568
    0.0000  -15.0000  -22.500012515.4512   15.6928
    7.5000  -15.0000  -22.500011913.6680   15.6757
   -7.5000   -7.5000  -22.500013211.0352   15.5646
    0.0000   -7.5000  -22.500013745.0459   15.6958
    7.5000   -7.5000  -22.500013053.1152   15.6728
   -7.5000    0.0000  -22.500014306.3076   15.5884
    0.0000    0.0000  -22.500014890.7559   15.7150
    7.5000    0.0000  -22.500014136.7842   15.6825
   -7.5000    7.5000  -22.500014238.9805   15.6060
    0.0000    7.5000  -22.500014850.7109   15.7328
    7.5000    7.5000  -22.500014098.1504   15.6972
   -7.5000   15.0000  -22.500013952.1807   15.5990
    0.0000   15.0000  -22.500014513.6514   15.7297
    7.5000   15.0000  -22.500013790.6436   15.6994
   -7.5000   22.5000  -22.500013659.6250   15.5680
    0.0000   22.5000  -22.500014207.3271   15.7033
    7.5000   22.5000  -22.500013536.5117   15.6820
   -7.5000   30.0000  -22.500013401.2568   15.3526
    0.0000   30.0000  -22.500013926.4990   15.4869
    7.5000   30.0000  -22.500013258.5410   15.4700
   -7.5000   37.5000  -22.500013364.5303   15.3610
    0.0000   37.5000  -22.500013910.2344   15.4905
    7.5000   37.5000  -22.500013242.6406   15.4678
   -7.5000   45.0000  -22.500012609.2793   15.0124
    0.0000   45.0000  -22.500013114.3271   15.1343
    7.5000   45.0000  -22.500012493.8359   15.1030
   -7.5000  -45.0000  -15.0000 7981.8379   16.9228
    0.0000  -45.0000  -15.0000 8333.2500   17.0647
    7.5000  -45.0000  -15.0000 7951.6831   17.0249
   -7.5000  -37.5000  -15.0000 8833.6641   16.4669
    0.0000  -37.5000  -15.0000 9227.5283   16.6027
    7.5000  -37.5000  -15.0000 8782.0625   16.5680
   -7.5000  -30.0000  -15.000010073.9072   16.1140
    0.0000  -30.0000  -15.000010520.0215   16.2488
    7.5000  -30.0000  -15.000010000.6758   16.2224
   -7.5000  -22.5000  -15.000011383.9873   15.9779
    0.0000  -22.5000  -15.000011871.7627   16.1156
    7.5000  -22.5000  -15.000011286.8242   16.0948
   -7.5000  -15.0000  -15.000012631.7188   15.9241
    0.0000  -15.0000  -15.000013151.1396   16.0613
    7.5000  -15.0000  -15.000012510.5977   16.0386
   -7.5000   -7.5000  -15.000013870.2891   15.9270
    0.0000   -7.5000  -15.000014417.3086   16.0592
    7.5000   -7.5000  -15.000013706.9902   16.0288
   -7.5000    0.0000  -15.000015063.7480   15.9421
    0.0000    0.0000  -15.000015682.3750   16.0707
    7.5000    0.0000  -15.000014875.3086   16.0344
   -7.5000    7.5000  -15.000015081.6006   15.9553
    0.0000    7.5000  -15.000015723.3555   16.0847
    7.5000    7.5000  -15.000014874.9902   16.0508
   -7.5000   15.0000  -15.000014752.5811   15.9521
    0.0000   15.0000  -15.000015360.2939   16.0852
    7.5000   15.0000  -15.000014566.7178   16.0588
   -7.5000   22.5000  -15.000014407.8467   15.9297
    0.0000   22.5000  -15.000015031.4512   16.0668
    7.5000   22.5000  -15.000014245.3682   16.0457
   -7.5000   30.0000  -15.000014131.3252   15.7173
    0.0000   30.0000  -15.000014740.0361   15.8527
    7.5000   30.0000  -15.000013954.5723   15.8303
   -7.5000   37.5000  -15.000014103.6982   15.7209
    0.0000   37.5000  -15.000014701.6436   15.8513
    7.5000   37.5000  -15.000013925.1113   15.8214
   -7.5000   45.0000  -15.000013304.3740   15.3623
    0.0000   45.0000  -15.000013836.7979   15.4863
    7.5000   45.0000  -15.000013128.0049   15.4513
   -7.5000  -45.0000   -7.5000 8332.0537   17.1246
    0.0000  -45.0000   -7.5000 8699.9121   17.2689
    7.5000  -45.0000   -7.5000 8288.2900   17.2351
   -7.5000  -37.5000   -7.5000 9263.0869   16.6638
    0.0000  -37.5000   -7.5000 9670.5059   16.8029
    7.5000  -37.5000   -7.5000 9196.0303   16.7758
   -7.5000  -30.0000   -7.500010589.3447   16.3125
    0.0000  -30.0000   -7.500011032.4463   16.4497
    7.5000  -30.0000   -7.500010473.2363   16.4314
   -7.5000  -22.5000   -7.500011943.7100   16.1803
    0.0000  -22.5000   -7.500012426.7354   16.3191
    7.5000  -22.5000   -7.500011806.2217   16.3043
   -7.5000  -15.0000   -7.500013219.5557   16.1269
    0.0000  -15.0000   -7.500013747.8164   16.2640
    7.5000  -15.0000   -7.500013070.4297   16.2443
   -7.5000   -7.5000   -7.500014472.1055   16.1247
    0.0000   -7.5000   -7.500015049.3711   16.2572
    7.5000   -7.5000   -7.500014320.0820   16.2296
   -7.5000    0.0000   -7.500015774.6084   16.1334
    0.0000    0.0000   -7.500016413.7812   16.2641
    7.5000    0.0000   -7.500015594.9443   16.2329
   -7.5000    7.5000   -7.500015956.0811   16.1459
    0.0000    7.5000   -7.500016642.9277   16.2783
    7.5000    7.5000   -7.500015700.8945   16.2516
   -7.5000   15.0000   -7.500015697.9121   16.1477
    0.0000   15.0000   -7.500016417.9414   16.2831
    7.5000   15.0000   -7.500015434.8965   16.2646
   -7.5000   22.5000   -7.500015314.0078   16.1293
    0.0000   22.5000   -7.500016031.2334   16.2676
    7.5000   22.5000   -7.500015052.9609   16.2525
   -7.5000   30.0000   -7.500014991.5664   15.9171
    0.0000   30.0000   -7.500015678.7949   16.0525
    7.5000   30.0000   -7.500014693.3496   16.0329
   -7.5000   37.5000   -7.500014955.7314   15.9156
    0.0000   37.5000   -7.500015593.0859   16.0464
    7.5000   37.5000   -7.500014617.5830   16.0191
   -7.5000   45.0000   -7.500014129.0439   15.5495
    0.0000   45.0000   -7.500014665.0723   15.6756
    7.5000   45.0000   -7.500013798.2803   15.6454
   -7.5000  -45.0000    0.0000 8594.5244   17.1854
    0.0000  -45.0000    0.0000 8975.8262   17.3309
    7.5000  -45.0000    0.0000 8533.3975   17.3048
   -7.5000  -37.5000    0.0000 9597.5186   16.7265
    0.0000  -37.5000    0.000010016.8633   16.8676
    7.5000  -37.5000    0.0000 9514.1562   16.8451
   -7.5000  -30.0000    0.000010952.9414   16.3742
    0.0000  -30.0000    0.000011424.5576   16.5130
    7.5000  -30.0000    0.000010836.6855   16.4986
   -7.5000  -22.5000    0.000012348.5605   16.2384
    0.0000  -22.5000    0.000012869.9385   16.3779
    7.5000  -22.5000    0.000012238.1504   16.3685
   -7.5000  -15.0000    0.000013687.9121   16.1819
    0.0000  -15.0000    0.000014261.5967   16.3190
    7.5000  -15.0000    0.000013546.7148   16.3067
   -7.5000   -7.5000    0.000014971.0156   16.1800
    0.0000   -7.5000    0.000015582.2441   16.3128
    7.5000   -7.5000    0.000014829.0244   16.2934
   -7.5000    0.0000    0.000016342.8984   16.1906
    0.0000    0.0000    0.000017007.1367   16.3227
    7.5000    0.0000    0.000016175.9297   16.2987
   -7.5000    7.5000    0.000016779.0273   16.2060
    0.0000    7.5000    0.000017491.6094   16.3402
    7.5000    7.5000    0.000016377.3506   16.3181
   -7.5000   15.0000    0.000016776.4160   16.2085
    0.0000   15.0000    0.000017628.5625   16.3453
    7.5000   15.0000    0.000016173.6484   16.3306
   -7.5000   22.5000    0.000016408.2754   16.1870
    0.0000   22.5000    0.000017274.6035   16.3259
    7.5000   22.5000    0.000015736.6846   16.3162
   -7.5000   30.0000    0.000015931.0869   15.9718
    0.0000   30.0000    0.000016735.0977   16.1071
    7.5000   30.0000    0.000015315.3311   16.0950
   -7.5000   37.5000    0.000015746.3135   15.9706
    0.0000   37.5000    0.000016476.5059   16.1016
    7.5000   37.5000    0.000015210.1836   16.0825
   -7.5000   45.0000    0.000014764.6992   15.6059
    0.0000   45.0000    0.000015407.7100   15.7332
    7.5000   45.0000    0.000014369.5156   15.7100
   -7.5000  -45.0000    7.5000 8200.2520   17.2091
    0.0000  -45.0000    7.5000 8580.1963   17.3550
    7.5000  -45.0000    7.5000 8161.4326   17.3296
   -7.5000  -37.5000    7.5000 9200.7842   16.7526
    0.0000  -37.5000    7.5000 9613.0391   16.8937
    7.5000  -37.5000    7.5000 9145.0977   16.8670
   -7.5000  -30.0000    7.500010504.7549   16.3942
    0.0000  -30.0000    7.500010961.3027   16.5336
    7.5000  -30.0000    7.500010419.3672   16.5131
   -7.5000  -22.5000    7.500011857.6113   16.2489
    0.0000  -22.5000    7.500012360.5830   16.3893
    7.5000  -22.5000    7.500011744.9307   16.3777
   -7.5000  -15.0000    7.500013155.7979   16.1878
    0.0000  -15.0000    7.500013697.0459   16.3263
    7.5000  -15.0000    7.500012974.3672   16.3175
   -7.5000   -7.5000    7.500014405.1074   16.1915
    0.0000   -7.5000    7.500014994.4941   16.3258
    7.5000   -7.5000    7.500014182.6963   16.3113
   -7.5000    0.0000    7.500015763.3516   16.2117
    0.0000    0.0000    7.500016424.7910   16.3442
    7.5000    0.0000    7.500015511.5371   16.3214
   -7.5000    7.5000    7.500016088.9258   16.2310
    0.0000    7.5000    7.500016918.1055   16.3653
    7.5000    7.5000    7.500015743.8135   16.3392
   -7.5000   15.0000    7.500016046.9189   16.2287
    0.0000   15.0000    7.500017066.3848   16.3662
    7.5000   15.0000    7.500015548.1592   16.3455
   -7.5000   22.5000    7.500015751.9062   16.1975
    0.0000   22.5000    7.500016764.8066   16.3374
    7.5000   22.5000    7.500015171.5098   16.3255
   -7.5000   30.0000    7.500015244.2764   15.9776
    0.0000   30.0000    7.500016182.0801   16.1143
    7.5000   30.0000    7.500014756.3037   16.1056
   -7.5000   37.5000    7.500015038.7959   15.9820
    0.0000   37.5000    7.500015904.7891   16.1145
    7.5000   37.5000    7.500014675.1973   16.1003
   -7.5000   45.0000    7.500014081.1104   15.6262
    0.0000   45.0000    7.500014846.2383   15.7540
    7.5000   45.0000    7.500013840.6582   15.7319
   -7.5000  -45.0000   15.0000 7686.3970   17.2186
    0.0000  -45.0000   15.0000 8081.0620   17.3647
    7.5000  -45.0000   15.0000 7646.8784   17.3344
   -7.5000  -37.5000   15.0000 8657.4189   16.7624
    0.0000  -37.5000   15.0000 9105.2529   16.9023
    7.5000  -37.5000   15.0000 8593.3701   16.8679
   -7.5000  -30.0000   15.0000 9930.6113   16.3983
    0.0000  -30.0000   15.000010416.7236   16.5374
    7.5000  -30.0000   15.0000 9837.1270   16.5082
   -7.5000  -22.5000   15.000011233.0068   16.2462
    0.0000  -22.5000   15.000011758.0342   16.3879
    7.5000  -22.5000   15.000011110.3115   16.3702
   -7.5000  -15.0000   15.000012464.9580   16.1828
    0.0000  -15.0000   15.000013053.1074   16.3239
    7.5000  -15.0000   15.000012300.0576   16.3130
   -7.5000   -7.5000   15.000013666.0469   16.1914
    0.0000   -7.5000   15.000014300.0723   16.3280
    7.5000   -7.5000   15.000013488.7109   16.3122
   -7.5000    0.0000   15.000014901.0137   16.2189
    0.0000    0.0000   15.000015622.8457   16.3517
    7.5000    0.0000   15.000014761.6250   16.3247
   -7.5000    7.5000   15.000014991.8232   16.2406
    0.0000    7.5000   15.000015872.7373   16.3738
    7.5000    7.5000   15.000014921.7637   16.3404
   -7.5000   15.0000   15.000014773.0254   16.2336
    0.0000   15.0000   15.000015749.5508   16.3707
    7.5000   15.0000   15.000014689.8203   16.3414
   -7.5000   22.5000   15.000014446.5303   16.1952
    0.0000   22.5000   15.000015372.9414   16.3363
    7.5000   22.5000   15.000014340.9912   16.3183
   -7.5000   30.0000   15.000014078.7178   15.9727
    0.0000   30.0000   15.000014934.7949   16.1120
    7.5000   30.0000   15.000013969.9912   16.1012
   -7.5000   37.5000   15.000014041.2588   15.9818
    0.0000   37.5000   15.000014847.0000   16.1167
    7.5000   37.5000   15.000013932.3447   16.1011
   -7.5000   45.0000   15.000013271.5166   15.6332
    0.0000   45.0000   15.000013999.4775   15.7611
    7.5000   45.0000   15.000013168.9648   15.7351
   -7.5000  -45.0000   22.5000 7054.7568   17.2735
    0.0000  -45.0000   22.5000 7437.7271   17.4194
    7.5000  -45.0000   22.5000 7042.3545   17.3819
   -7.5000  -37.5000   22.5000 7996.2998   16.8132
    0.0000  -37.5000   22.5000 8423.1816   16.9522
    7.5000  -37.5000   22.5000 7960.6992   16.9142
   -7.5000  -30.0000   22.5000 9202.3916   16.4460
    0.0000  -30.0000   22.5000 9649.7646   16.5844
    7.5000  -30.0000   22.5000 9148.9932   16.5529
   -7.5000  -22.5000   22.500010416.3799   16.2961
    0.0000  -22.5000   22.500010908.8174   16.4381
    7.5000  -22.5000   22.500010362.2402   16.4164
   -7.5000  -15.0000   22.500011538.7236   16.2353
    0.0000  -15.0000   22.500012084.8691   16.3775
    7.5000  -15.0000   22.500011469.6006   16.3600
   -7.5000   -7.5000   22.500012650.5264   16.2437
    0.0000   -7.5000   22.500013221.8389   16.3808
    7.5000   -7.5000   22.500012564.6855   16.3571
   -7.5000    0.0000   22.500013778.7656   16.2690
    0.0000    0.0000   22.500014427.2715   16.4014
    7.5000    0.0000   22.500013712.6914   16.3676
   -7.5000    7.5000   22.500013828.3643   16.2878
    0.0000    7.5000   22.500014570.7793   16.4204
    7.5000    7.5000   22.500013804.9238   16.3833
   -7.5000   15.0000   22.500013639.7188   16.2803
    0.0000   15.0000   22.500014400.0303   16.4169
    7.5000   15.0000   22.500013578.3564   16.3854
   -7.5000   22.5000   22.500013352.3584   16.2450
    0.0000   22.5000   22.500014043.0918   16.3864
    7.5000   22.5000   22.500013242.4971   16.3644
   -7.5000   30.0000   22.500012992.8896   16.0246
    0.0000   30.0000   22.500013634.9775   16.1649
    7.5000   30.0000   22.500012871.5234   16.1476
   -7.5000   37.5000   22.500013007.3086   16.0335
    0.0000   37.5000   22.500013656.1562   16.1688
    7.5000   37.5000   22.500012898.8555   16.1454
   -7.5000   45.0000   22.500012365.7471   15.6814
    0.0000   45.0000   22.500012996.5693   15.8091
    7.5000   45.0000   22.500012270.7266   15.7765
   -7.5000  -45.0000   30.0000 6448.3477   17.6118
    0.0000  -45.0000   30.0000 6791.2231   17.7623
    7.5000  -45.0000   30.0000 6440.6592   17.7207
   -7.5000  -37.5000   30.0000 7312.0776   17.1327
    0.0000  -37.5000   30.0000 7689.8022   17.2768
    7.5000  -37.5000   30.0000 7294.1743   17.2406
   -7.5000  -30.0000   30.0000 8423.7764   16.7556
    0.0000  -30.0000   30.0000 8827.9980   16.8987
    7.5000  -30.0000   30.0000 8395.7783   16.8715
   -7.5000  -22.5000   30.0000 9572.1387   16.6097
    0.0000  -22.5000   30.000010006.2754   16.7559
    7.5000  -22.5000   30.0000 9528.5674   16.7348
   -7.5000  -15.0000   30.000010657.4805   16.5520
    0.0000  -15.0000   30.000011091.7822   16.6976
    7.5000  -15.0000   30.000010563.7227   16.6747
   -7.5000   -7.5000   30.000011691.8057   16.5557
    0.0000   -7.5000   30.000012151.6270   16.6958
    7.5000   -7.5000   30.000011599.7344   16.6646
   -7.5000    0.0000   30.000012724.3848   16.5727
    0.0000    0.0000   30.000013263.9902   16.7088
    7.5000    0.0000   30.000012665.5986   16.6710
   -7.5000    7.5000   30.000012773.5166   16.5869
    0.0000    7.5000   30.000013376.5352   16.7240
    7.5000    7.5000   30.000012721.1230   16.6886
   -7.5000   15.0000   30.000012616.1826   16.5829
    0.0000   15.0000   30.000013218.9482   16.7241
    7.5000   15.0000   30.000012531.1162   16.6969
   -7.5000   22.5000   30.000012331.9648   16.5566
    0.0000   22.5000   30.000012908.5752   16.7023
    7.5000   22.5000   30.000012226.4746   16.6809
   -7.5000   30.0000   30.000011958.4541   16.3371
    0.0000   30.0000   30.000012513.5020   16.4808
    7.5000   30.0000   30.000011849.7539   16.4581
   -7.5000   37.5000   30.000012013.7734   16.3415
    0.0000   37.5000   30.000012581.9434   16.4797
    7.5000   37.5000   30.000011892.1533   16.4489
   -7.5000   45.0000   30.000011497.4980   15.9742
    0.0000   45.0000   30.000012044.4229   16.1054
    7.5000   45.0000   30.000011376.0947   16.0689
   -7.5000  -45.0000   37.5000 6123.4497   18.1274
    0.0000  -45.0000   37.5000 6450.4556   18.2866
    7.5000  -45.0000   37.5000 6111.6577   18.2507
   -7.5000  -37.5000   37.5000 6945.0181   17.6254
    0.0000  -37.5000   37.5000 7279.0879   17.7784
    7.5000  -37.5000   37.5000 6920.6147   17.7495
   -7.5000  -30.0000   37.5000 8025.2471   17.2283
    0.0000  -30.0000   37.5000 8370.2754   17.3791
    7.5000  -30.0000   37.5000 7983.7437   17.3598
   -7.5000  -22.5000   37.5000 9137.6768   17.0770
    0.0000  -22.5000   37.5000 9496.7783   17.2300
    7.5000  -22.5000   37.5000 9080.3555   17.2148
   -7.5000  -15.0000   37.500010186.9385   17.0186
    0.0000  -15.0000   37.500010552.6523   17.1699
    7.5000  -15.0000   37.500010092.1582   17.1498
   -7.5000   -7.5000   37.500011185.7236   17.0215
    0.0000   -7.5000   37.500011576.4775   17.1674
    7.5000   -7.5000   37.500011088.2666   17.1387
   -7.5000    0.0000   37.500012156.4990   17.0355
    0.0000    0.0000   37.500012626.7803   17.1790
    7.5000    0.0000   37.500012084.4902   17.1461
   -7.5000    7.5000   37.500012227.2842   17.0483
    0.0000    7.5000   37.500012754.3271   17.1934
    7.5000    7.5000   37.500012158.9434   17.1650
   -7.5000   15.0000   37.500012085.0557   17.0450
    0.0000   15.0000   37.500012593.3477   17.1937
    7.5000   15.0000   37.500011996.8633   17.1741
   -7.5000   22.5000   37.500011795.0381   17.0208
    0.0000   22.5000   37.500012305.0566   17.1731
    7.5000   22.5000   37.500011699.8174   17.1576
   -7.5000   30.0000   37.500011431.2949   16.7976
    0.0000   30.0000   37.500011939.7100   16.9470
    7.5000   30.0000   37.500011325.3320   16.9271
   -7.5000   37.5000   37.500011506.0264   16.8013
    0.0000   37.5000   37.500012034.5342   16.9452
    7.5000   37.5000   37.500011387.9971   16.9169
   -7.5000   45.0000   37.500011034.8438   16.4203
    0.0000   45.0000   37.500011553.3740   16.5586
    7.5000   45.0000   37.500010917.1006   16.5268
   -7.5000  -45.0000   45.0000 5602.2749   18.7624
    0.0000  -45.0000   45.0000 5903.9009   18.9326
    7.5000  -45.0000   45.0000 5583.1836   18.9029
   -7.5000  -37.5000   45.0000 6339.5146   18.2243
    0.0000  -37.5000   45.0000 6661.0566   18.3883
    7.5000  -37.5000   45.0000 6316.3955   18.3625
   -7.5000  -30.0000   45.0000 7337.5068   17.7894
    0.0000  -30.0000   45.0000 7655.3613   17.9499
    7.5000  -30.0000   45.0000 7291.7280   17.9328
   -7.5000  -22.5000   45.0000 8364.0898   17.6238
    0.0000  -22.5000   45.0000 8675.0889   17.7852
    7.5000  -22.5000   45.0000 8291.6611   17.7735
   -7.5000  -15.0000   45.0000 9357.0576   17.5652
    0.0000  -15.0000   45.0000 9660.6719   17.7245
    7.5000  -15.0000   45.0000 9246.5078   17.7098
   -7.5000   -7.5000   45.000010283.4111   17.5770
    0.0000   -7.5000   45.000010630.3926   17.7315
    7.5000   -7.5000   45.000010179.8799   17.7094
   -7.5000    0.0000   45.000011163.1650   17.5964
    0.0000    0.0000   45.000011583.2100   17.7495
    7.5000    0.0000   45.000011080.4727   17.7225
   -7.5000    7.5000   45.000011213.9043   17.6049
    0.0000    7.5000   45.000011666.9160   17.7600
    7.5000    7.5000   45.000011128.5791   17.7348
   -7.5000   15.0000   45.000011077.2861   17.5927
    0.0000   15.0000   45.000011513.2432   17.7506
    7.5000   15.0000   45.000010974.1602   17.7332
   -7.5000   22.5000   45.000010833.6475   17.5635
    0.0000   22.5000   45.000011275.7705   17.7242
    7.5000   22.5000   45.000010726.1133   17.7121
   -7.5000   30.0000   45.000010514.0527   17.3356
    0.0000   30.0000   45.000010951.9805   17.4928
    7.5000   30.0000   45.000010409.5947   17.4783
   -7.5000   37.5000   45.000010594.6182   17.3481
    0.0000   37.5000   45.000011044.3467   17.5005
    7.5000   37.5000   45.000010478.7549   17.4787
   -7.5000   45.0000   45.000010178.5674   16.9686
    0.0000   45.0000   45.000010631.1855   17.1162
    7.5000   45.0000   45.000010060.3135   17.0902

---------------------------------------------------------------------
imgreg_4dfp /opt/freesurfer/average/711-2C_as_mni_average_305 /opt/freesurfer/average/711-2B_as_mni_average_305_mask talsrcimg_g11 none talsrcimg_to_711-2C_as_mni_average_305_t4 4355
---------------------------------------------------------------------

freesurfer imgreg_4dfp.c
/opt/freesurfer/average/711-2C_as_mni_average_305.4dfp.img
       256       256       256         1
  1.000000  1.000000  1.000000
orientation T byte_order littleendian
Reading image: /opt/freesurfer/average/711-2C_as_mni_average_305.4dfp.img
dimensions:      256       256       256
mmppix:       1.0000   -1.0000   -1.0000
center:     128.0000 -129.0000 -129.0000
/opt/freesurfer/average/711-2B_as_mni_average_305_mask.4dfp.img
       256       256       256         1
  1.000000  1.000000  1.000000
orientation T byte_order littleendian
Reading mask: /opt/freesurfer/average/711-2B_as_mni_average_305_mask.4dfp.img (2306576 pixels)
talsrcimg_g11.4dfp.img
       256       256       256         1
  1.000000  1.000000  1.000000
orientation T byte_order littleendian
Reading image: talsrcimg_g11.4dfp.img
dimensions:      256       256       256
mmppix:       1.0000   -1.0000   -1.0000
center:     128.0000 -129.0000 -129.0000
rotation matrix determinant  1.000000
image alignment mode   4355 decimal     1103 hex
   -7.5000  -30.0000  -45.0000 2051.3938   19.0551
    0.0000  -30.0000  -45.0000 2052.2800   19.0506
    7.5000  -30.0000  -45.0000 2034.8160   19.3374
   -7.5000  -22.5000  -45.0000 2173.6929   17.1061
    0.0000  -22.5000  -45.0000 2174.5874   17.0507
    7.5000  -22.5000  -45.0000 2153.1575   17.3186
   -7.5000  -15.0000  -45.0000 2280.2412   15.5354
    0.0000  -15.0000  -45.0000 2280.5852   15.4725
    7.5000  -15.0000  -45.0000 2262.0120   15.7301
   -7.5000   -7.5000  -45.0000 2372.2478   14.3001
    0.0000   -7.5000  -45.0000 2369.3394   14.2525
    7.5000   -7.5000  -45.0000 2351.6072   14.4789
   -7.5000    0.0000  -45.0000 2441.3774   13.4497
    0.0000    0.0000  -45.0000 2442.1855   13.3924
    7.5000    0.0000  -45.0000 2417.7798   13.6252
   -7.5000    7.5000  -45.0000 2477.2837   12.9550
    0.0000    7.5000  -45.0000 2472.6853   12.8942
    7.5000    7.5000  -45.0000 2452.3533   13.1317
   -7.5000   15.0000  -45.0000 2497.0342   12.7311
    0.0000   15.0000  -45.0000 2492.8169   12.6947
    7.5000   15.0000  -45.0000 2475.2712   12.9259
   -7.5000   22.5000  -45.0000 2506.2866   12.8169
    0.0000   22.5000  -45.0000 2502.0022   12.7593
    7.5000   22.5000  -45.0000 2482.5095   12.9784
   -7.5000   30.0000  -45.0000 2484.7754   13.1279
    0.0000   30.0000  -45.0000 2482.0642   13.0802
    7.5000   30.0000  -45.0000 2460.5535   13.2933
   -7.5000   37.5000  -45.0000 2443.0505   13.7367
    0.0000   37.5000  -45.0000 2445.1873   13.6762
    7.5000   37.5000  -45.0000 2422.5798   13.9142
   -7.5000   45.0000  -45.0000 2387.1162   14.5841
    0.0000   45.0000  -45.0000 2392.5386   14.5252
    7.5000   45.0000  -45.0000 2370.8022   14.7640
   -7.5000   52.5000  -45.0000 2284.2881   15.6021
    0.0000   52.5000  -45.0000 2293.1155   15.5650
    7.5000   52.5000  -45.0000 2271.5950   15.7832
   -7.5000   60.0000  -45.0000 2138.9553   16.7634
    0.0000   60.0000  -45.0000 2145.1487   16.7309
    7.5000   60.0000  -45.0000 2120.3713   16.9677
   -7.5000  -30.0000  -37.5000 2107.1655   18.1200
    0.0000  -30.0000  -37.5000 2108.8760   18.0943
    7.5000  -30.0000  -37.5000 2083.0293   18.3919
   -7.5000  -22.5000  -37.5000 2239.5786   16.2053
    0.0000  -22.5000  -37.5000 2239.8518   16.1566
    7.5000  -22.5000  -37.5000 2209.9961   16.4561
   -7.5000  -15.0000  -37.5000 2351.2078   14.6844
    0.0000  -15.0000  -37.5000 2351.3567   14.6462
    7.5000  -15.0000  -37.5000 2325.2742   14.9122
   -7.5000   -7.5000  -37.5000 2446.8147   13.5182
    0.0000   -7.5000  -37.5000 2444.2129   13.4745
    7.5000   -7.5000  -37.5000 2423.8181   13.7091
   -7.5000    0.0000  -37.5000 2521.1721   12.6921
    0.0000    0.0000  -37.5000 2520.2114   12.6217
    7.5000    0.0000  -37.5000 2499.9946   12.8459
   -7.5000    7.5000  -37.5000 2565.7944   12.1816
    0.0000    7.5000  -37.5000 2564.5972   12.1210
    7.5000    7.5000  -37.5000 2546.7205   12.3428
   -7.5000   15.0000  -37.5000 2587.9087   11.9149
    0.0000   15.0000  -37.5000 2585.2090   11.8717
    7.5000   15.0000  -37.5000 2567.2195   12.0822
   -7.5000   22.5000  -37.5000 2594.8589   11.9320
    0.0000   22.5000  -37.5000 2597.0383   11.8957
    7.5000   22.5000  -37.5000 2576.4690   12.0945
   -7.5000   30.0000  -37.5000 2575.1001   12.2172
    0.0000   30.0000  -37.5000 2579.4641   12.1875
    7.5000   30.0000  -37.5000 2557.7773   12.4067
   -7.5000   37.5000  -37.5000 2539.7546   12.7682
    0.0000   37.5000  -37.5000 2542.9026   12.7255
    7.5000   37.5000  -37.5000 2523.3792   12.9735
   -7.5000   45.0000  -37.5000 2478.2864   13.5503
    0.0000   45.0000  -37.5000 2483.8306   13.4996
    7.5000   45.0000  -37.5000 2464.3521   13.7562
   -7.5000   52.5000  -37.5000 2372.9746   14.4932
    0.0000   52.5000  -37.5000 2378.6152   14.4452
    7.5000   52.5000  -37.5000 2360.1003   14.6841
   -7.5000   60.0000  -37.5000 2221.1575   15.5440
    0.0000   60.0000  -37.5000 2226.1528   15.5161
    7.5000   60.0000  -37.5000 2202.1187   15.7624
   -7.5000  -30.0000  -30.0000 2191.0356   17.8841
    0.0000  -30.0000  -30.0000 2199.0676   17.8341
    7.5000  -30.0000  -30.0000 2170.7786   18.1156
   -7.5000  -22.5000  -30.0000 2332.0012   15.9343
    0.0000  -22.5000  -30.0000 2335.7295   15.9227
    7.5000  -22.5000  -30.0000 2309.0505   16.1980
   -7.5000  -15.0000  -30.0000 2449.4150   14.3925
    0.0000  -15.0000  -30.0000 2451.4778   14.3871
    7.5000  -15.0000  -30.0000 2426.6890   14.6425
   -7.5000   -7.5000  -30.0000 2552.9355   13.2486
    0.0000   -7.5000  -30.0000 2553.0217   13.2268
    7.5000   -7.5000  -30.0000 2531.7983   13.4431
   -7.5000    0.0000  -30.0000 2634.1196   12.4206
    0.0000    0.0000  -30.0000 2631.9021   12.3490
    7.5000    0.0000  -30.0000 2616.2451   12.5583
   -7.5000    7.5000  -30.0000 2685.1274   11.8523
    0.0000    7.5000  -30.0000 2690.6609   11.7955
    7.5000    7.5000  -30.0000 2672.9346   11.9899
   -7.5000   15.0000  -30.0000 2718.4734   11.5243
    0.0000   15.0000  -30.0000 2720.2993   11.4900
    7.5000   15.0000  -30.0000 2699.0159   11.7051
   -7.5000   22.5000  -30.0000 2734.2429   11.5066
    0.0000   22.5000  -30.0000 2734.0229   11.4734
    7.5000   22.5000  -30.0000 2717.4546   11.7010
   -7.5000   30.0000  -30.0000 2720.4585   11.8052
    0.0000   30.0000  -30.0000 2724.1499   11.7660
    7.5000   30.0000  -30.0000 2703.6101   12.0180
   -7.5000   37.5000  -30.0000 2682.8816   12.3477
    0.0000   37.5000  -30.0000 2687.9734   12.2793
    7.5000   37.5000  -30.0000 2667.3318   12.5470
   -7.5000   45.0000  -30.0000 2614.3022   13.1029
    0.0000   45.0000  -30.0000 2622.3264   13.0288
    7.5000   45.0000  -30.0000 2600.0430   13.2772
   -7.5000   52.5000  -30.0000 2497.6155   14.0073
    0.0000   52.5000  -30.0000 2507.6956   13.9354
    7.5000   52.5000  -30.0000 2486.8645   14.1599
   -7.5000   60.0000  -30.0000 2342.5398   15.0129
    0.0000   60.0000  -30.0000 2348.0024   14.9678
    7.5000   60.0000  -30.0000 2328.2014   15.2002
   -7.5000  -30.0000  -22.5000 2246.8701   17.5467
    0.0000  -30.0000  -22.5000 2254.3430   17.4795
    7.5000  -30.0000  -22.5000 2227.3508   17.7410
   -7.5000  -22.5000  -22.5000 2391.3801   15.6047
    0.0000  -22.5000  -22.5000 2397.0649   15.5573
    7.5000  -22.5000  -22.5000 2368.8652   15.7849
   -7.5000  -15.0000  -22.5000 2509.8694   14.0780
    0.0000  -15.0000  -22.5000 2514.0649   14.0486
    7.5000  -15.0000  -22.5000 2489.9463   14.2758
   -7.5000   -7.5000  -22.5000 2621.2476   12.9300
    0.0000   -7.5000  -22.5000 2623.8008   12.9007
    7.5000   -7.5000  -22.5000 2600.7285   13.1124
   -7.5000    0.0000  -22.5000 2707.4133   12.0553
    0.0000    0.0000  -22.5000 2711.5913   12.0132
    7.5000    0.0000  -22.5000 2693.0271   12.2189
   -7.5000    7.5000  -22.5000 2777.2480   11.4521
    0.0000    7.5000  -22.5000 2787.6484   11.4114
    7.5000    7.5000  -22.5000 2765.8599   11.6039
   -7.5000   15.0000  -22.5000 2820.9395   11.0753
    0.0000   15.0000  -22.5000 2823.8975   11.0342
    7.5000   15.0000  -22.5000 2796.2349   11.2628
   -7.5000   22.5000  -22.5000 2840.6960   11.0378
    0.0000   22.5000  -22.5000 2846.5742   10.9879
    7.5000   22.5000  -22.5000 2826.1399   11.2299
   -7.5000   30.0000  -22.5000 2831.0518   11.3661
    0.0000   30.0000  -22.5000 2841.6421   11.3072
    7.5000   30.0000  -22.5000 2815.6279   11.5581
   -7.5000   37.5000  -22.5000 2788.8167   11.8870
    0.0000   37.5000  -22.5000 2804.3130   11.8117
    7.5000   37.5000  -22.5000 2779.2974   12.0509
   -7.5000   45.0000  -22.5000 2717.5000   12.5948
    0.0000   45.0000  -22.5000 2734.5264   12.5127
    7.5000   45.0000  -22.5000 2708.7993   12.7325
   -7.5000   52.5000  -22.5000 2594.2209   13.4511
    0.0000   52.5000  -22.5000 2608.4304   13.3767
    7.5000   52.5000  -22.5000 2586.0593   13.5994
   -7.5000   60.0000  -22.5000 2429.6069   14.4521
    0.0000   60.0000  -22.5000 2439.9819   14.3983
    7.5000   60.0000  -22.5000 2419.8108   14.6127
   -7.5000  -30.0000  -15.0000 2258.9880   17.2663
    0.0000  -30.0000  -15.0000 2267.5815   17.2039
    7.5000  -30.0000  -15.0000 2243.4167   17.5099
   -7.5000  -22.5000  -15.0000 2404.6785   15.3263
    0.0000  -22.5000  -15.0000 2412.5320   15.2884
    7.5000  -22.5000  -15.0000 2385.5593   15.5341
   -7.5000  -15.0000  -15.0000 2524.9663   13.8070
    0.0000  -15.0000  -15.0000 2532.4817   13.7733
    7.5000  -15.0000  -15.0000 2509.6169   14.0233
   -7.5000   -7.5000  -15.0000 2640.9668   12.6892
    0.0000   -7.5000  -15.0000 2644.0198   12.6298
    7.5000   -7.5000  -15.0000 2624.5413   12.8586
   -7.5000    0.0000  -15.0000 2739.6082   11.7928
    0.0000    0.0000  -15.0000 2744.7495   11.7646
    7.5000    0.0000  -15.0000 2728.0444   11.9457
   -7.5000    7.5000  -15.0000 2827.1353   11.1599
    0.0000    7.5000  -15.0000 2836.4841   11.1467
    7.5000    7.5000  -15.0000 2819.8467   11.2949
   -7.5000   15.0000  -15.0000 2875.9131   10.7481
    0.0000   15.0000  -15.0000 2878.2395   10.7186
    7.5000   15.0000  -15.0000 2859.1355   10.9160
   -7.5000   22.5000  -15.0000 2906.9426   10.6455
    0.0000   22.5000  -15.0000 2919.2856   10.6229
    7.5000   22.5000  -15.0000 2887.9001   10.8627
   -7.5000   30.0000  -15.0000 2900.5256   10.9834
    0.0000   30.0000  -15.0000 2918.4614   10.9387
    7.5000   30.0000  -15.0000 2881.2500   11.1811
   -7.5000   37.5000  -15.0000 2856.6399   11.4862
    0.0000   37.5000  -15.0000 2875.5339   11.4308
    7.5000   37.5000  -15.0000 2842.4866   11.6461
   -7.5000   45.0000  -15.0000 2779.6943   12.1529
    0.0000   45.0000  -15.0000 2794.7800   12.0859
    7.5000   45.0000  -15.0000 2768.2334   12.2883
   -7.5000   52.5000  -15.0000 2655.7834   12.9692
    0.0000   52.5000  -15.0000 2666.0068   12.9136
    7.5000   52.5000  -15.0000 2644.0244   13.1198
   -7.5000   60.0000  -15.0000 2488.2083   13.9829
    0.0000   60.0000  -15.0000 2492.6653   13.9222
    7.5000   60.0000  -15.0000 2469.3103   14.1338
   -7.5000  -30.0000   -7.5000 2254.9138   17.2620
    0.0000  -30.0000   -7.5000 2258.9812   17.1670
    7.5000  -30.0000   -7.5000 2240.1729   17.4705
   -7.5000  -22.5000   -7.5000 2395.3252   15.2295
    0.0000  -22.5000   -7.5000 2397.5898   15.2011
    7.5000  -22.5000   -7.5000 2380.4343   15.4447
   -7.5000  -15.0000   -7.5000 2516.9185   13.6680
    0.0000  -15.0000   -7.5000 2520.2241   13.6430
    7.5000  -15.0000   -7.5000 2503.4602   13.8775
   -7.5000   -7.5000   -7.5000 2631.1667   12.5289
    0.0000   -7.5000   -7.5000 2633.8022   12.4890
    7.5000   -7.5000   -7.5000 2619.3123   12.6972
   -7.5000    0.0000   -7.5000 2742.6187   11.6515
    0.0000    0.0000   -7.5000 2745.9355   11.6318
    7.5000    0.0000   -7.5000 2736.2798   11.7916
   -7.5000    7.5000   -7.5000 2844.5332   11.0491
    0.0000    7.5000   -7.5000 2847.9565   11.0440
    7.5000    7.5000   -7.5000 2839.4126   11.1662
   -7.5000   15.0000   -7.5000 2905.3176   10.6403
    0.0000   15.0000   -7.5000 2911.6060   10.6486
    7.5000   15.0000   -7.5000 2894.8035   10.7565
   -7.5000   22.5000   -7.5000 2948.8796   10.4733
    0.0000   22.5000   -7.5000 2962.5205   10.5255
    7.5000   22.5000   -7.5000 2924.9675   10.6584
   -7.5000   30.0000   -7.5000 2944.9744   10.7373
    0.0000   30.0000   -7.5000 2961.2217   10.7518
    7.5000   30.0000   -7.5000 2915.9353   10.9086
   -7.5000   37.5000   -7.5000 2897.0322   11.2274
    0.0000   37.5000   -7.5000 2909.5999   11.1872
    7.5000   37.5000   -7.5000 2874.8442   11.3284
   -7.5000   45.0000   -7.5000 2822.6379   11.8525
    0.0000   45.0000   -7.5000 2830.8423   11.7762
    7.5000   45.0000   -7.5000 2805.4272   11.9243
   -7.5000   52.5000   -7.5000 2692.6917   12.6989
    0.0000   52.5000   -7.5000 2699.5642   12.5927
    7.5000   52.5000   -7.5000 2678.7468   12.7629
   -7.5000   60.0000   -7.5000 2520.3840   13.6941
    0.0000   60.0000   -7.5000 2524.4080   13.5925
    7.5000   60.0000   -7.5000 2503.4614   13.7827
   -7.5000  -30.0000    0.0000 2227.1118   17.4528
    0.0000  -30.0000    0.0000 2228.9275   17.4065
    7.5000  -30.0000    0.0000 2212.8975   17.6203
   -7.5000  -22.5000    0.0000 2365.4072   15.3040
    0.0000  -22.5000    0.0000 2365.9221   15.3337
    7.5000  -22.5000    0.0000 2351.3235   15.5575
   -7.5000  -15.0000    0.0000 2488.3359   13.7099
    0.0000  -15.0000    0.0000 2488.4402   13.7397
    7.5000  -15.0000    0.0000 2476.3032   13.9510
   -7.5000   -7.5000    0.0000 2611.1179   12.5515
    0.0000   -7.5000    0.0000 2607.2993   12.5830
    7.5000   -7.5000    0.0000 2600.1377   12.7527
   -7.5000    0.0000    0.0000 2731.1531   11.6983
    0.0000    0.0000    0.0000 2731.8037   11.7216
    7.5000    0.0000    0.0000 2725.2139   11.8575
   -7.5000    7.5000    0.0000 2848.0508   11.1818
    0.0000    7.5000    0.0000 2849.5803   11.2159
    7.5000    7.5000    0.0000 2835.0535   11.2520
   -7.5000   15.0000    0.0000 2932.3350   10.8630
    0.0000   15.0000    0.0000 2948.4983   10.9079
    7.5000   15.0000    0.0000 2909.4924   10.8207
   -7.5000   22.5000    0.0000 2985.8489   10.6476
    0.0000   22.5000    0.0000 3005.5833   10.7198
    7.5000   22.5000    0.0000 2942.0068   10.6355
   -7.5000   30.0000    0.0000 2975.6431   10.7258
    0.0000   30.0000    0.0000 2992.1960   10.7781
    7.5000   30.0000    0.0000 2938.6033   10.7667
   -7.5000   37.5000    0.0000 2914.8860   11.0956
    0.0000   37.5000    0.0000 2928.9875   11.0931
    7.5000   37.5000    0.0000 2890.4375   11.1487
   -7.5000   45.0000    0.0000 2828.4006   11.6950
    0.0000   45.0000    0.0000 2838.1418   11.6673
    7.5000   45.0000    0.0000 2815.1362   11.7784
   -7.5000   52.5000    0.0000 2697.9312   12.5304
    0.0000   52.5000    0.0000 2711.2097   12.4828
    7.5000   52.5000    0.0000 2687.9731   12.6369
   -7.5000   60.0000    0.0000 2526.9976   13.5097
    0.0000   60.0000    0.0000 2537.5205   13.4703
    7.5000   60.0000    0.0000 2513.8503   13.6299
   -7.5000  -30.0000    7.5000 2191.6462   17.7810
    0.0000  -30.0000    7.5000 2195.6008   17.7997
    7.5000  -30.0000    7.5000 2186.3506   18.0656
   -7.5000  -22.5000    7.5000 2328.2991   15.5776
    0.0000  -22.5000    7.5000 2329.9216   15.6012
    7.5000  -22.5000    7.5000 2320.8904   15.8601
   -7.5000  -15.0000    7.5000 2454.2288   13.9741
    0.0000  -15.0000    7.5000 2452.8245   14.0219
    7.5000  -15.0000    7.5000 2443.0352   14.2062
   -7.5000   -7.5000    7.5000 2582.9929   12.8269
    0.0000   -7.5000    7.5000 2584.2078   12.8962
    7.5000   -7.5000    7.5000 2566.8325   13.0028
   -7.5000    0.0000    7.5000 2713.0486   12.0201
    0.0000    0.0000    7.5000 2719.9216   12.0867
    7.5000    0.0000    7.5000 2697.4194   12.1238
   -7.5000    7.5000    7.5000 2836.7898   11.4710
    0.0000    7.5000    7.5000 2847.7832   11.5567
    7.5000    7.5000    7.5000 2811.2329   11.5236
   -7.5000   15.0000    7.5000 2931.4368   11.0680
    0.0000   15.0000    7.5000 2955.5105   11.2010
    7.5000   15.0000    7.5000 2896.7881   11.0794
   -7.5000   22.5000    7.5000 2989.1282   10.8233
    0.0000   22.5000    7.5000 3015.4585   10.9746
    7.5000   22.5000    7.5000 2941.5254   10.8398
   -7.5000   30.0000    7.5000 2979.0784   10.8380
    0.0000   30.0000    7.5000 3003.8665   10.8965
    7.5000   30.0000    7.5000 2939.5793   10.8632
   -7.5000   37.5000    7.5000 2916.5833   11.1552
    0.0000   37.5000    7.5000 2935.5203   11.1636
    7.5000   37.5000    7.5000 2889.8765   11.2398
   -7.5000   45.0000    7.5000 2816.8623   11.7535
    0.0000   45.0000    7.5000 2830.2808   11.7473
    7.5000   45.0000    7.5000 2805.2625   11.9000
   -7.5000   52.5000    7.5000 2686.5215   12.5830
    0.0000   52.5000    7.5000 2700.2678   12.5362
    7.5000   52.5000    7.5000 2676.0923   12.7155
   -7.5000   60.0000    7.5000 2521.0483   13.5219
    0.0000   60.0000    7.5000 2528.4790   13.4827
    7.5000   60.0000    7.5000 2509.6135   13.6899
   -7.5000  -30.0000   15.0000 2158.0828   18.4643
    0.0000  -30.0000   15.0000 2166.8342   18.5472
    7.5000  -30.0000   15.0000 2149.7073   18.7428
   -7.5000  -22.5000   15.0000 2294.5569   16.1955
    0.0000  -22.5000   15.0000 2299.6177   16.2697
    7.5000  -22.5000   15.0000 2285.3979   16.4614
   -7.5000  -15.0000   15.0000 2419.0676   14.5286
    0.0000  -15.0000   15.0000 2426.9038   14.6348
    7.5000  -15.0000   15.0000 2405.8083   14.7808
   -7.5000   -7.5000   15.0000 2544.5818   13.3171
    0.0000   -7.5000   15.0000 2555.1108   13.4144
    7.5000   -7.5000   15.0000 2531.8909   13.5303
   -7.5000    0.0000   15.0000 2671.3318   12.4291
    0.0000    0.0000   15.0000 2683.8828   12.5181
    7.5000    0.0000   15.0000 2662.3879   12.6053
   -7.5000    7.5000   15.0000 2793.4524   11.7579
    0.0000    7.5000   15.0000 2809.0767   11.8777
    7.5000    7.5000   15.0000 2782.0776   11.9286
   -7.5000   15.0000   15.0000 2891.4014   11.2420
    0.0000   15.0000   15.0000 2914.0532   11.4083
    7.5000   15.0000   15.0000 2870.3499   11.4033
   -7.5000   22.5000   15.0000 2947.8198   10.9813
    0.0000   22.5000   15.0000 2971.8003   11.0795
    7.5000   22.5000   15.0000 2916.5530   11.1190
   -7.5000   30.0000   15.0000 2949.1460   11.0090
    0.0000   30.0000   15.0000 2968.4871   11.0147
    7.5000   30.0000   15.0000 2919.4055   11.1510
   -7.5000   37.5000   15.0000 2890.4429   11.3767
    0.0000   37.5000   15.0000 2904.5862   11.3750
    7.5000   37.5000   15.0000 2870.4385   11.5434
   -7.5000   45.0000   15.0000 2789.0352   12.0665
    0.0000   45.0000   15.0000 2800.8750   12.0522
    7.5000   45.0000   15.0000 2779.3264   12.2130
   -7.5000   52.5000   15.0000 2658.3755   12.8983
    0.0000   52.5000   15.0000 2666.6287   12.8579
    7.5000   52.5000   15.0000 2646.6167   13.0224
   -7.5000   60.0000   15.0000 2490.1104   13.8074
    0.0000   60.0000   15.0000 2500.7368   13.7656
    7.5000   60.0000   15.0000 2484.7021   13.9388
   -7.5000  -30.0000   22.5000 2114.4004   19.4613
    0.0000  -30.0000   22.5000 2126.4524   19.5570
    7.5000  -30.0000   22.5000 2112.1670   19.7896
   -7.5000  -22.5000   22.5000 2259.0752   17.0191
    0.0000  -22.5000   22.5000 2264.8215   17.0803
    7.5000  -22.5000   22.5000 2253.7371   17.3142
   -7.5000  -15.0000   22.5000 2381.1960   15.2233
    0.0000  -15.0000   22.5000 2389.0669   15.2929
    7.5000  -15.0000   22.5000 2374.0706   15.4971
   -7.5000   -7.5000   22.5000 2501.5674   13.8930
    0.0000   -7.5000   22.5000 2511.7769   13.9674
    7.5000   -7.5000   22.5000 2500.0461   14.1545
   -7.5000    0.0000   22.5000 2621.3926   12.9319
    0.0000    0.0000   22.5000 2632.1628   12.9886
    7.5000    0.0000   22.5000 2621.3743   13.1440
   -7.5000    7.5000   22.5000 2737.7126   12.1867
    0.0000    7.5000   22.5000 2752.6838   12.2869
    7.5000    7.5000   22.5000 2734.3687   12.3899
   -7.5000   15.0000   22.5000 2824.4077   11.6280
    0.0000   15.0000   22.5000 2846.7190   11.7312
    7.5000   15.0000   22.5000 2813.1274   11.7931
   -7.5000   22.5000   22.5000 2877.1169   11.3796
    0.0000   22.5000   22.5000 2894.6091   11.4117
    7.5000   22.5000   22.5000 2857.6699   11.5191
   -7.5000   30.0000   22.5000 2887.1965   11.3894
    0.0000   30.0000   22.5000 2898.2004   11.3800
    7.5000   30.0000   22.5000 2863.2830   11.5464
   -7.5000   37.5000   22.5000 2834.5229   11.7958
    0.0000   37.5000   22.5000 2847.5271   11.7713
    7.5000   37.5000   22.5000 2816.4377   11.9497
   -7.5000   45.0000   22.5000 2744.1892   12.4676
    0.0000   45.0000   22.5000 2759.3601   12.4164
    7.5000   45.0000   22.5000 2737.6104   12.5992
   -7.5000   52.5000   22.5000 2614.2397   13.3412
    0.0000   52.5000   22.5000 2626.7576   13.2964
    7.5000   52.5000   22.5000 2613.6912   13.4623
   -7.5000   60.0000   22.5000 2453.2849   14.2512
    0.0000   60.0000   22.5000 2463.6309   14.2124
    7.5000   60.0000   22.5000 2449.0413   14.3962
   -7.5000  -30.0000   30.0000 2058.8174   20.5615
    0.0000  -30.0000   30.0000 2065.9355   20.5214
    7.5000  -30.0000   30.0000 2058.3552   20.8719
   -7.5000  -22.5000   30.0000 2209.7898   17.9527
    0.0000  -22.5000   30.0000 2212.6003   17.9275
    7.5000  -22.5000   30.0000 2207.0293   18.2648
   -7.5000  -15.0000   30.0000 2339.3186   16.0714
    0.0000  -15.0000   30.0000 2340.4436   16.0352
    7.5000  -15.0000   30.0000 2332.8674   16.2962
   -7.5000   -7.5000   30.0000 2456.2454   14.6756
    0.0000   -7.5000   30.0000 2457.1389   14.6498
    7.5000   -7.5000   30.0000 2455.2266   14.8830
   -7.5000    0.0000   30.0000 2570.3936   13.6266
    0.0000    0.0000   30.0000 2571.9717   13.6204
    7.5000    0.0000   30.0000 2569.7095   13.8174
   -7.5000    7.5000   30.0000 2675.4490   12.8045
    0.0000    7.5000   30.0000 2685.9041   12.8276
    7.5000    7.5000   30.0000 2673.3110   12.9825
   -7.5000   15.0000   30.0000 2747.6912   12.2293
    0.0000   15.0000   30.0000 2767.3638   12.2382
    7.5000   15.0000   30.0000 2739.9268   12.3735
   -7.5000   22.5000   30.0000 2791.4229   11.9647
    0.0000   22.5000   30.0000 2810.2688   11.9794
    7.5000   22.5000   30.0000 2781.1423   12.1087
   -7.5000   30.0000   30.0000 2793.1477   11.9919
    0.0000   30.0000   30.0000 2804.7471   12.0050
    7.5000   30.0000   30.0000 2780.7832   12.1609
   -7.5000   37.5000   30.0000 2751.1904   12.4015
    0.0000   37.5000   30.0000 2763.8787   12.3736
    7.5000   37.5000   30.0000 2739.7622   12.5284
   -7.5000   45.0000   30.0000 2679.0852   13.0662
    0.0000   45.0000   30.0000 2692.4771   13.0096
    7.5000   45.0000   30.0000 2670.2344   13.1745
   -7.5000   52.5000   30.0000 2559.9258   13.9159
    0.0000   52.5000   30.0000 2570.5510   13.8705
    7.5000   52.5000   30.0000 2557.0764   14.0215
   -7.5000   60.0000   30.0000 2402.8933   14.8198
    0.0000   60.0000   30.0000 2412.6484   14.7811
    7.5000   60.0000   30.0000 2403.0166   14.9486
   -7.5000  -30.0000   37.5000 2003.1874   21.8627
    0.0000  -30.0000   37.5000 2004.7388   21.6760
    7.5000  -30.0000   37.5000 2002.8396   22.1363
   -7.5000  -22.5000   37.5000 2157.2639   19.0930
    0.0000  -22.5000   37.5000 2151.9988   18.9365
    7.5000  -22.5000   37.5000 2153.9270   19.4345
   -7.5000  -15.0000   37.5000 2286.3691   17.1009
    0.0000  -15.0000   37.5000 2281.6841   16.9357
    7.5000  -15.0000   37.5000 2279.5281   17.3354
   -7.5000   -7.5000   37.5000 2401.9226   15.6002
    0.0000   -7.5000   37.5000 2395.9741   15.4665
    7.5000   -7.5000   37.5000 2399.0830   15.7995
   -7.5000    0.0000   37.5000 2509.4082   14.4701
    0.0000    0.0000   37.5000 2504.4026   14.4141
    7.5000    0.0000   37.5000 2504.9246   14.6747
   -7.5000    7.5000   37.5000 2604.8623   13.6422
    0.0000    7.5000   37.5000 2613.2812   13.5887
    7.5000    7.5000   37.5000 2600.7471   13.8135
   -7.5000   15.0000   37.5000 2669.5977   13.0480
    0.0000   15.0000   37.5000 2686.2815   13.0024
    7.5000   15.0000   37.5000 2663.9153   13.1921
   -7.5000   22.5000   37.5000 2702.6877   12.7572
    0.0000   22.5000   37.5000 2719.4451   12.7498
    7.5000   22.5000   37.5000 2696.7727   12.9215
   -7.5000   30.0000   37.5000 2695.4456   12.8225
    0.0000   30.0000   37.5000 2711.9646   12.8157
    7.5000   30.0000   37.5000 2690.6960   12.9786
   -7.5000   37.5000   37.5000 2666.2654   13.1768
    0.0000   37.5000   37.5000 2679.9609   13.1447
    7.5000   37.5000   37.5000 2659.5859   13.2930
   -7.5000   45.0000   37.5000 2600.6975   13.8328
    0.0000   45.0000   37.5000 2617.0872   13.7680
    7.5000   45.0000   37.5000 2596.8132   13.9308
   -7.5000   52.5000   37.5000 2497.4343   14.6332
    0.0000   52.5000   37.5000 2501.4731   14.5669
    7.5000   52.5000   37.5000 2490.5193   14.7475
   -7.5000   60.0000   37.5000 2342.2986   15.5237
    0.0000   60.0000   37.5000 2348.4937   15.4770
    7.5000   60.0000   37.5000 2337.0232   15.6501
   -7.5000  -30.0000   45.0000 1943.9274   23.5186
    0.0000  -30.0000   45.0000 1943.3099   23.2486
    7.5000  -30.0000   45.0000 1936.8564   23.7591
   -7.5000  -22.5000   45.0000 2095.9592   20.4796
    0.0000  -22.5000   45.0000 2086.7041   20.2284
    7.5000  -22.5000   45.0000 2087.1704   20.8079
   -7.5000  -15.0000   45.0000 2227.6711   18.3339
    0.0000  -15.0000   45.0000 2215.4473   18.0726
    7.5000  -15.0000   45.0000 2213.2705   18.5854
   -7.5000   -7.5000   45.0000 2338.0137   16.7569
    0.0000   -7.5000   45.0000 2326.8022   16.5323
    7.5000   -7.5000   45.0000 2329.4067   16.9672
   -7.5000    0.0000   45.0000 2435.1619   15.5647
    0.0000    0.0000   45.0000 2427.8608   15.4184
    7.5000    0.0000   45.0000 2428.7432   15.7690
   -7.5000    7.5000   45.0000 2524.1196   14.6943
    0.0000    7.5000   45.0000 2525.2258   14.5942
    7.5000    7.5000   45.0000 2516.3257   14.8817
   -7.5000   15.0000   45.0000 2579.1636   14.0725
    0.0000   15.0000   45.0000 2587.4177   13.9985
    7.5000   15.0000   45.0000 2569.2673   14.2490
   -7.5000   22.5000   45.0000 2609.8535   13.7945
    0.0000   22.5000   45.0000 2619.7749   13.7500
    7.5000   22.5000   45.0000 2597.3987   13.9734
   -7.5000   30.0000   45.0000 2598.5293   13.8250
    0.0000   30.0000   45.0000 2612.7556   13.8124
    7.5000   30.0000   45.0000 2594.9966   14.0140
   -7.5000   37.5000   45.0000 2572.3235   14.1452
    0.0000   37.5000   45.0000 2582.7119   14.0856
    7.5000   37.5000   45.0000 2569.6609   14.3080
   -7.5000   45.0000   45.0000 2523.1641   14.7561
    0.0000   45.0000   45.0000 2535.5481   14.6442
    7.5000   45.0000   45.0000 2516.5452   14.8726
   -7.5000   52.5000   45.0000 2427.3584   15.4977
    0.0000   52.5000   45.0000 2435.9009   15.3728
    7.5000   52.5000   45.0000 2418.5469   15.6032
   -7.5000   60.0000   45.0000 2270.8376   16.4104
    0.0000   60.0000   45.0000 2279.3174   16.2835
    7.5000   60.0000   45.0000 2263.2681   16.4977

---------------------------------------------------------------------
imgreg_4dfp /opt/freesurfer/average/711-2C_as_mni_average_305 /opt/freesurfer/average/711-2B_as_mni_average_305_mask talsrcimg_g11 none talsrcimg_to_711-2C_as_mni_average_305_t4 1283
---------------------------------------------------------------------

freesurfer imgreg_4dfp.c
/opt/freesurfer/average/711-2C_as_mni_average_305.4dfp.img
       256       256       256         1
  1.000000  1.000000  1.000000
orientation T byte_order littleendian
Reading image: /opt/freesurfer/average/711-2C_as_mni_average_305.4dfp.img
dimensions:      256       256       256
mmppix:       1.0000   -1.0000   -1.0000
center:     128.0000 -129.0000 -129.0000
/opt/freesurfer/average/711-2B_as_mni_average_305_mask.4dfp.img
       256       256       256         1
  1.000000  1.000000  1.000000
orientation T byte_order littleendian
Reading mask: /opt/freesurfer/average/711-2B_as_mni_average_305_mask.4dfp.img (2306576 pixels)
talsrcimg_g11.4dfp.img
       256       256       256         1
  1.000000  1.000000  1.000000
orientation T byte_order littleendian
Reading image: talsrcimg_g11.4dfp.img
dimensions:      256       256       256
mmppix:       1.0000   -1.0000   -1.0000
center:     128.0000 -129.0000 -129.0000
rotation matrix determinant  1.000000
fimgreg.f
image alignment mode   1283 decimal      503 hex
parameters
    0.0000   22.5000    7.5000    0.0000    0.0000    0.0000
eta,q 0.94671 10.91391
niter,ni,del,rscale     5    3   12.0000    1.2000
parameter  3  0.569550 ->  0.500000 qaram    1.1500
parameter  4  1.160802 ->  0.500000 qaram    1.1500
parameters
   -2.6631   24.2637    4.0500   -3.4500   -0.7972    0.3725
eta,q 0.95702 10.76935
  0.0539  0.0684  0.0497  0.0431  0.0473  0.0503
  0.0501  0.0604  0.0472  0.0428  0.0446  0.0465
  0.0505  0.0544  0.0476  0.0441  0.0433  0.0440
  0.0530  0.0499  0.0497  0.0472  0.0430  0.0430
  0.0560  0.0498  0.0534  0.0510  0.0444  0.0436
  0.0610  0.0519  0.0577  0.0546  0.0467  0.0455
  0.0683  0.0550  0.0617  0.0583  0.0500  0.0486
niter,ni,del,rscale     6    3   12.0000    1.2000
parameter  4  0.815912 ->  0.500000 qaram    1.3225
parameters
   -1.8942   25.3730    4.2364   -7.4175   -1.1169   -0.1739
eta,q 0.95788 10.93238
  0.0616  0.0583  0.0537  0.0404  0.0480  0.0449
  0.0515  0.0508  0.0488  0.0420  0.0446  0.0427
  0.0453  0.0453  0.0449  0.0421  0.0426  0.0421
  0.0430  0.0433  0.0432  0.0432  0.0422  0.0422
  0.0444  0.0437  0.0443  0.0466  0.0433  0.0425
  0.0475  0.0458  0.0475  0.0511  0.0454  0.0438
  0.0532  0.0498  0.0531  0.0559  0.0494  0.0459
niter,ni,del,rscale     6    3   12.0000    1.2000
parameter  4  0.592395 ->  0.500000 qaram    1.5209
parameters
   -1.6030   27.0484    3.2701  -11.9801   -1.1144    0.2767
eta,q 0.96133 10.91710
  0.0586  0.0532  0.0491  0.0395  0.0474  0.0437
  0.0492  0.0465  0.0445  0.0385  0.0430  0.0413
  0.0435  0.0431  0.0416  0.0402  0.0399  0.0398
  0.0421  0.0422  0.0412  0.0409  0.0388  0.0388
  0.0436  0.0410  0.0439  0.0428  0.0395  0.0388
  0.0477  0.0410  0.0484  0.0477  0.0427  0.0401
  0.0551  0.0448  0.0549  0.0537  0.0478  0.0427
niter,ni,del,rscale     6    3   12.0000    1.2000
parameters
   -1.7811   26.5367    3.1827  -10.4863   -1.0040   -0.0564
eta,q 0.96043 10.92296
  0.0534  0.0471  0.0511  0.0551  0.0479  0.0424
  0.0449  0.0411  0.0446  0.0467  0.0438  0.0409
  0.0399  0.0387  0.0394  0.0382  0.0407  0.0400
  0.0387  0.0386  0.0384  0.0383  0.0395  0.0395
  0.0406  0.0413  0.0412  0.0409  0.0399  0.0396
  0.0461  0.0449  0.0450  0.0414  0.0429  0.0410
  0.0552  0.0485  0.0512  0.0455  0.0478  0.0437
niter,ni,del,rscale     5    3   12.0000    1.2000
parameters
   -1.7236   26.6294    3.3445  -10.2493   -0.9746   -0.1885
eta,q 0.96008 10.92804
  0.0553  0.0476  0.0525  0.0518  0.0478  0.0428
  0.0462  0.0428  0.0459  0.0420  0.0438  0.0411
  0.0410  0.0397  0.0412  0.0382  0.0410  0.0403
  0.0396  0.0396  0.0396  0.0397  0.0399  0.0399
  0.0409  0.0407  0.0417  0.0411  0.0403  0.0399
  0.0458  0.0425  0.0452  0.0429  0.0433  0.0410
  0.0547  0.0468  0.0511  0.0484  0.0481  0.0435
niter,ni,del,rscale     4    3   12.0000    1.2000
parameters
   -1.7123   26.7043    3.3662  -10.2658   -0.9642   -0.1791
eta,q 0.96007 10.92891
  0.0553  0.0476  0.0522  0.0511  0.0478  0.0430
  0.0463  0.0430  0.0457  0.0414  0.0438  0.0412
  0.0413  0.0400  0.0412  0.0383  0.0410  0.0403
  0.0399  0.0399  0.0399  0.0399  0.0399  0.0399
  0.0412  0.0408  0.0421  0.0410  0.0404  0.0399
  0.0462  0.0424  0.0457  0.0433  0.0434  0.0409
  0.0551  0.0471  0.0517  0.0491  0.0481  0.0433
niter,ni,del,rscale     3    3   12.0000    1.2000
parameters
   -1.7157   26.6981    3.3647  -10.2631   -0.9638   -0.1800
eta,q 0.96007 10.92882
  0.0552  0.0474  0.0521  0.0512  0.0477  0.0429
  0.0462  0.0428  0.0457  0.0414  0.0438  0.0412
  0.0412  0.0399  0.0412  0.0383  0.0410  0.0403
  0.0399  0.0399  0.0399  0.0399  0.0399  0.0399
  0.0412  0.0409  0.0421  0.0410  0.0404  0.0399
  0.0463  0.0425  0.0457  0.0432  0.0434  0.0409
  0.0552  0.0473  0.0518  0.0490  0.0482  0.0433
registration optimization eta report
parameter search radius
    6.0000    6.0000    6.9000    9.1253    6.0000    6.0000
100000*second partial in parameter space
       43.       21.       25.       13.       23.        9.
  0.0552  0.0474  0.0521  0.0512  0.0477  0.0429
  0.0462  0.0428  0.0457  0.0414  0.0438  0.0412
  0.0412  0.0399  0.0412  0.0383  0.0410  0.0403
  0.0399  0.0399  0.0399  0.0399  0.0399  0.0399
  0.0412  0.0409  0.0421  0.0410  0.0404  0.0399
  0.0463  0.0425  0.0457  0.0432  0.0434  0.0409
  0.0552  0.0473  0.0518  0.0490  0.0482  0.0433
   -1.7157   26.6981    3.3647  -10.2631   -0.9638   -0.1800
eta,q 0.96007 10.92882

---------------------------------------------------------------------
imgreg_4dfp /opt/freesurfer/average/711-2C_as_mni_average_305 /opt/freesurfer/average/711-2B_as_mni_average_305_mask talsrcimg_g11 none talsrcimg_to_711-2C_as_mni_average_305_t4 3335
---------------------------------------------------------------------

freesurfer imgreg_4dfp.c
/opt/freesurfer/average/711-2C_as_mni_average_305.4dfp.img
       256       256       256         1
  1.000000  1.000000  1.000000
orientation T byte_order littleendian
Reading image: /opt/freesurfer/average/711-2C_as_mni_average_305.4dfp.img
dimensions:      256       256       256
mmppix:       1.0000   -1.0000   -1.0000
center:     128.0000 -129.0000 -129.0000
/opt/freesurfer/average/711-2B_as_mni_average_305_mask.4dfp.img
       256       256       256         1
  1.000000  1.000000  1.000000
orientation T byte_order littleendian
Reading mask: /opt/freesurfer/average/711-2B_as_mni_average_305_mask.4dfp.img (2306576 pixels)
talsrcimg_g11.4dfp.img
       256       256       256         1
  1.000000  1.000000  1.000000
orientation T byte_order littleendian
Reading image: talsrcimg_g11.4dfp.img
dimensions:      256       256       256
mmppix:       1.0000   -1.0000   -1.0000
center:     128.0000 -129.0000 -129.0000
fimgreg.f
image alignment mode   3335 decimal      D07 hex
parameters
   -1.7157   26.6981    3.3647   -0.0146   -1.5996   -1.6139
    0.0093    1.7112   -0.3140   17.8116   -1.6821  -17.8144
eta,q 0.96174 10.89124
niter,ni,del,rscale     5    3    5.0000    1.2000
parameter  5  3.150965 ->  0.500000 qaram    1.1500
parameter  6  0.693724 ->  0.500000 qaram    1.1500
parameters
   -1.5888   27.2603    3.3142    0.0097   -5.7396   -5.7539
   -0.3597    2.2735    1.1102   15.3012   -4.5962  -19.5714
eta,q 0.96873 10.53822
  0.0414  0.0415  0.0398  0.0408  0.0300  0.0315  0.0340  0.0358  0.0353  0.0330  0.0316  0.0320
  0.0397  0.0401  0.0389  0.0397  0.0326  0.0320  0.0330  0.0339  0.0337  0.0318  0.0314  0.0314
  0.0387  0.0389  0.0383  0.0388  0.0354  0.0326  0.0324  0.0327  0.0327  0.0315  0.0314  0.0313
  0.0383  0.0382  0.0381  0.0381  0.0381  0.0334  0.0322  0.0322  0.0322  0.0321  0.0315  0.0314
  0.0384  0.0381  0.0383  0.0380  0.0412  0.0354  0.0325  0.0323  0.0322  0.0330  0.0317  0.0317
  0.0393  0.0386  0.0389  0.0390  0.0454  0.0391  0.0332  0.0332  0.0326  0.0349  0.0322  0.0322
  0.0408  0.0395  0.0399  0.0414  0.0493  0.0437  0.0344  0.0349  0.0335  0.0375  0.0328  0.0329
niter,ni,del,rscale     6    3    5.0000    1.2000
parameter  5  1.537201 ->  0.500000 qaram    1.3225
parameters
   -1.3785   26.3577    2.5419    0.6386  -10.5006   -8.8974
   -0.6825    2.3218    1.5267   14.5908   -3.4059  -22.8253
eta,q 0.97499 10.26347
  0.0346  0.0318  0.0314  0.0336  0.0246  0.0262  0.0275  0.0289  0.0282  0.0280  0.0265  0.0255
  0.0329  0.0311  0.0309  0.0324  0.0254  0.0254  0.0263  0.0269  0.0267  0.0266  0.0259  0.0251
  0.0318  0.0309  0.0308  0.0315  0.0273  0.0253  0.0255  0.0257  0.0257  0.0258  0.0255  0.0250
  0.0313  0.0312  0.0309  0.0308  0.0307  0.0258  0.0253  0.0253  0.0253  0.0253  0.0254  0.0253
  0.0314  0.0321  0.0313  0.0306  0.0343  0.0265  0.0257  0.0257  0.0255  0.0258  0.0253  0.0259
  0.0322  0.0334  0.0320  0.0313  0.0378  0.0285  0.0265  0.0269  0.0263  0.0274  0.0255  0.0266
  0.0337  0.0353  0.0331  0.0332  0.0425  0.0320  0.0279  0.0288  0.0276  0.0296  0.0259  0.0274
niter,ni,del,rscale     6    3    5.0000    1.2000
parameter  5  0.575163 ->  0.500000 qaram    1.5209
parameters
   -1.3966   26.2664    2.3351    1.7037  -15.9757   -8.4733
   -0.7709    2.2508    1.7286   15.5945   -2.7815  -23.6220
eta,q 0.97674 10.09219
  0.0280  0.0281  0.0264  0.0279  0.0244  0.0264  0.0256  0.0268  0.0257  0.0273  0.0244  0.0244
  0.0264  0.0263  0.0256  0.0267  0.0233  0.0247  0.0244  0.0248  0.0244  0.0254  0.0238  0.0237
  0.0254  0.0253  0.0251  0.0257  0.0236  0.0236  0.0236  0.0236  0.0236  0.0239  0.0235  0.0233
  0.0250  0.0250  0.0250  0.0250  0.0248  0.0233  0.0233  0.0233  0.0233  0.0233  0.0233  0.0233
  0.0253  0.0256  0.0253  0.0247  0.0278  0.0236  0.0236  0.0237  0.0235  0.0235  0.0233  0.0236
  0.0264  0.0267  0.0260  0.0253  0.0319  0.0242  0.0244  0.0249  0.0243  0.0242  0.0236  0.0242
  0.0282  0.0284  0.0271  0.0269  0.0360  0.0259  0.0257  0.0269  0.0255  0.0255  0.0241  0.0250
niter,ni,del,rscale     6    3    5.0000    1.2000
parameters
   -1.4070   26.4843    2.5985    2.4367  -16.6436   -7.9110
   -0.8133    2.2722    1.6946   15.9705   -2.5880  -23.7254
eta,q 0.97690 10.12017
  0.0263  0.0266  0.0252  0.0259  0.0287  0.0263  0.0255  0.0267  0.0254  0.0265  0.0241  0.0245
  0.0246  0.0250  0.0242  0.0248  0.0259  0.0245  0.0242  0.0246  0.0241  0.0248  0.0236  0.0237
  0.0236  0.0238  0.0235  0.0239  0.0239  0.0234  0.0234  0.0234  0.0234  0.0235  0.0232  0.0232
  0.0233  0.0233  0.0232  0.0232  0.0231  0.0231  0.0231  0.0231  0.0231  0.0231  0.0231  0.0231
  0.0236  0.0234  0.0233  0.0231  0.0238  0.0234  0.0234  0.0235  0.0234  0.0235  0.0232  0.0233
  0.0247  0.0242  0.0237  0.0237  0.0264  0.0238  0.0242  0.0247  0.0242  0.0244  0.0235  0.0238
  0.0264  0.0257  0.0245  0.0254  0.0309  0.0256  0.0256  0.0266  0.0254  0.0258  0.0240  0.0246
niter,ni,del,rscale     5    3    5.0000    1.2000
parameters
   -1.3872   26.5191    2.6792    2.4701  -16.7707   -7.7361
   -0.7831    2.2936    1.6865   16.0528   -2.5904  -23.7275
eta,q 0.97689 10.12485
  0.0263  0.0262  0.0248  0.0256  0.0292  0.0260  0.0256  0.0267  0.0254  0.0263  0.0241  0.0246
  0.0245  0.0246  0.0239  0.0245  0.0263  0.0243  0.0243  0.0246  0.0242  0.0246  0.0235  0.0238
  0.0235  0.0235  0.0233  0.0237  0.0242  0.0233  0.0234  0.0234  0.0234  0.0234  0.0232  0.0233
  0.0231  0.0231  0.0231  0.0231  0.0231  0.0231  0.0231  0.0231  0.0231  0.0231  0.0231  0.0231
  0.0234  0.0234  0.0232  0.0232  0.0236  0.0234  0.0234  0.0235  0.0234  0.0236  0.0232  0.0233
  0.0245  0.0244  0.0237  0.0240  0.0258  0.0240  0.0242  0.0247  0.0242  0.0245  0.0235  0.0238
  0.0262  0.0260  0.0246  0.0260  0.0302  0.0259  0.0255  0.0266  0.0254  0.0261  0.0241  0.0246
niter,ni,del,rscale     4    3    5.0000    1.2000
parameters
   -1.3817   26.5262    2.7084    2.4874  -16.7989   -7.6923
   -0.7814    2.3019    1.6867   16.0677   -2.5760  -23.7120
eta,q 0.97688 10.12619
  0.0263  0.0261  0.0247  0.0256  0.0293  0.0260  0.0256  0.0267  0.0254  0.0263  0.0241  0.0246
  0.0245  0.0246  0.0239  0.0246  0.0264  0.0243  0.0243  0.0246  0.0242  0.0246  0.0235  0.0238
  0.0235  0.0235  0.0233  0.0237  0.0242  0.0233  0.0234  0.0234  0.0234  0.0234  0.0232  0.0233
  0.0231  0.0231  0.0231  0.0231  0.0231  0.0231  0.0231  0.0231  0.0231  0.0231  0.0231  0.0231
  0.0235  0.0235  0.0233  0.0232  0.0236  0.0234  0.0234  0.0235  0.0234  0.0237  0.0232  0.0233
  0.0245  0.0245  0.0238  0.0241  0.0257  0.0240  0.0242  0.0247  0.0242  0.0246  0.0235  0.0238
  0.0262  0.0261  0.0247  0.0261  0.0301  0.0260  0.0256  0.0266  0.0254  0.0261  0.0241  0.0246
niter,ni,del,rscale     3    3    5.0000    1.2000
parameters
   -1.3798   26.5263    2.7174    2.4926  -16.8048   -7.6813
   -0.7802    2.3049    1.6827   16.0682   -2.5850  -23.7026
eta,q 0.97688 10.12652
  0.0263  0.0261  0.0247  0.0256  0.0293  0.0259  0.0256  0.0267  0.0254  0.0262  0.0241  0.0246
  0.0245  0.0245  0.0239  0.0246  0.0264  0.0243  0.0243  0.0246  0.0242  0.0246  0.0235  0.0238
  0.0235  0.0235  0.0233  0.0237  0.0243  0.0233  0.0234  0.0235  0.0234  0.0234  0.0232  0.0233
  0.0231  0.0231  0.0231  0.0231  0.0231  0.0231  0.0231  0.0231  0.0231  0.0231  0.0231  0.0231
  0.0235  0.0235  0.0233  0.0232  0.0236  0.0234  0.0234  0.0235  0.0234  0.0237  0.0232  0.0233
  0.0245  0.0245  0.0238  0.0241  0.0257  0.0241  0.0242  0.0247  0.0242  0.0246  0.0235  0.0238
  0.0262  0.0261  0.0247  0.0261  0.0301  0.0260  0.0256  0.0266  0.0254  0.0262  0.0241  0.0246
registration optimization eta report
parameter search radius
    2.4000    2.4000    2.4000    7.2000   10.9503    8.2800
    7.2000    7.2000    7.2000    7.2000    7.2000    7.2000
100000*second partial in parameter space
       54.       52.       28.        5.        5.        4.
        5.        7.        4.        6.        2.        3.
  0.0263  0.0261  0.0247  0.0256  0.0293  0.0259  0.0256  0.0267  0.0254  0.0262  0.0241  0.0246
  0.0245  0.0245  0.0239  0.0246  0.0264  0.0243  0.0243  0.0246  0.0242  0.0246  0.0235  0.0238
  0.0235  0.0235  0.0233  0.0237  0.0243  0.0233  0.0234  0.0235  0.0234  0.0234  0.0232  0.0233
  0.0231  0.0231  0.0231  0.0231  0.0231  0.0231  0.0231  0.0231  0.0231  0.0231  0.0231  0.0231
  0.0235  0.0235  0.0233  0.0232  0.0236  0.0234  0.0234  0.0235  0.0234  0.0237  0.0232  0.0233
  0.0245  0.0245  0.0238  0.0241  0.0257  0.0241  0.0242  0.0247  0.0242  0.0246  0.0235  0.0238
  0.0262  0.0261  0.0247  0.0261  0.0301  0.0260  0.0256  0.0266  0.0254  0.0262  0.0241  0.0246
   -1.3798   26.5263    2.7174    2.4926  -16.8048   -7.6813
   -0.7802    2.3049    1.6827   16.0682   -2.5850  -23.7026
eta,q 0.97688 10.12652

---------------------------------------------------------------------
imgreg_4dfp /opt/freesurfer/average/711-2C_as_mni_average_305 /opt/freesurfer/average/711-2B_as_mni_average_305_mask talsrcimg_g11 none talsrcimg_to_711-2C_as_mni_average_305_t4 2311
---------------------------------------------------------------------

freesurfer imgreg_4dfp.c
/opt/freesurfer/average/711-2C_as_mni_average_305.4dfp.img
       256       256       256         1
  1.000000  1.000000  1.000000
orientation T byte_order littleendian
Reading image: /opt/freesurfer/average/711-2C_as_mni_average_305.4dfp.img
dimensions:      256       256       256
mmppix:       1.0000   -1.0000   -1.0000
center:     128.0000 -129.0000 -129.0000
/opt/freesurfer/average/711-2B_as_mni_average_305_mask.4dfp.img
       256       256       256         1
  1.000000  1.000000  1.000000
orientation T byte_order littleendian
Reading mask: /opt/freesurfer/average/711-2B_as_mni_average_305_mask.4dfp.img (2306576 pixels)
talsrcimg_g11.4dfp.img
       256       256       256         1
  1.000000  1.000000  1.000000
orientation T byte_order littleendian
Reading image: talsrcimg_g11.4dfp.img
dimensions:      256       256       256
mmppix:       1.0000   -1.0000   -1.0000
center:     128.0000 -129.0000 -129.0000
fimgreg.f
image alignment mode   2311 decimal      907 hex
parameters
   -1.3798   26.5263    2.7174    2.4926  -16.8048   -7.6813
   -0.7802    2.3049    1.6827   16.0682   -2.5850  -23.7026
eta,q 0.97688 10.12652
niter,ni,del,rscale     5    3    5.0000    0.8000
parameters
   -1.3820   26.5307    2.7448    3.0982  -16.0927   -7.4486
   -0.7414    2.2882    1.6972   15.8754   -2.5131  -23.5256
eta,q 0.97691 10.19181
  0.0245  0.0245  0.0239  0.0246  0.0248  0.0240  0.0243  0.0247  0.0242  0.0244  0.0235  0.0238
  0.0237  0.0238  0.0235  0.0240  0.0240  0.0234  0.0236  0.0238  0.0236  0.0236  0.0233  0.0234
  0.0233  0.0233  0.0232  0.0234  0.0233  0.0231  0.0232  0.0233  0.0232  0.0231  0.0232  0.0232
  0.0231  0.0231  0.0231  0.0231  0.0231  0.0231  0.0231  0.0231  0.0231  0.0231  0.0231  0.0231
  0.0233  0.0233  0.0232  0.0231  0.0232  0.0232  0.0232  0.0233  0.0232  0.0234  0.0231  0.0231
  0.0238  0.0238  0.0234  0.0234  0.0235  0.0234  0.0236  0.0238  0.0236  0.0239  0.0233  0.0233
  0.0245  0.0245  0.0238  0.0241  0.0240  0.0237  0.0242  0.0247  0.0242  0.0245  0.0235  0.0237
niter,ni,del,rscale     4    3    5.0000    0.7000
parameters
   -1.3698   26.5568    2.7103    3.1880  -16.0667   -7.7289
   -0.7456    2.3000    1.6777   15.7585   -2.4388  -23.5331
eta,q 0.97693 10.17985
  0.0242  0.0242  0.0236  0.0241  0.0242  0.0236  0.0239  0.0243  0.0239  0.0242  0.0234  0.0235
  0.0236  0.0236  0.0233  0.0236  0.0235  0.0232  0.0235  0.0236  0.0234  0.0235  0.0232  0.0233
  0.0232  0.0232  0.0232  0.0233  0.0231  0.0231  0.0232  0.0232  0.0232  0.0231  0.0231  0.0231
  0.0231  0.0231  0.0231  0.0231  0.0231  0.0231  0.0231  0.0231  0.0231  0.0231  0.0231  0.0231
  0.0232  0.0232  0.0232  0.0232  0.0233  0.0232  0.0232  0.0232  0.0232  0.0233  0.0231  0.0231
  0.0236  0.0235  0.0233  0.0235  0.0236  0.0234  0.0235  0.0236  0.0234  0.0237  0.0232  0.0233
  0.0242  0.0241  0.0237  0.0242  0.0240  0.0236  0.0240  0.0243  0.0239  0.0242  0.0234  0.0236
niter,ni,del,rscale     3    3    5.0000    0.6000
parameters
   -1.3803   26.5600    2.6868    3.2558  -16.1425   -7.9536
   -0.7582    2.2961    1.6593   15.6445   -2.3547  -23.5196
eta,q 0.97696 10.16434
  0.0239  0.0239  0.0235  0.0238  0.0238  0.0234  0.0237  0.0239  0.0236  0.0239  0.0233  0.0234
  0.0234  0.0234  0.0232  0.0235  0.0234  0.0232  0.0233  0.0234  0.0233  0.0234  0.0231  0.0232
  0.0231  0.0232  0.0231  0.0232  0.0231  0.0230  0.0231  0.0231  0.0231  0.0231  0.0231  0.0231
  0.0231  0.0231  0.0231  0.0231  0.0231  0.0231  0.0230  0.0230  0.0230  0.0230  0.0230  0.0230
  0.0232  0.0231  0.0231  0.0231  0.0232  0.0232  0.0231  0.0231  0.0231  0.0232  0.0231  0.0231
  0.0234  0.0234  0.0233  0.0234  0.0235  0.0233  0.0233  0.0234  0.0233  0.0235  0.0231  0.0232
  0.0239  0.0239  0.0235  0.0238  0.0238  0.0234  0.0237  0.0239  0.0237  0.0239  0.0233  0.0234
niter,ni,del,rscale     2    3    5.0000    0.5000
parameters
   -1.3898   26.5586    2.6783    3.3184  -16.2279   -8.2250
   -0.7612    2.3019    1.6454   15.5303   -2.3209  -23.4758
eta,q 0.97699 10.14551
  0.0236  0.0236  0.0233  0.0236  0.0236  0.0233  0.0235  0.0236  0.0234  0.0236  0.0232  0.0233
  0.0233  0.0233  0.0232  0.0233  0.0233  0.0231  0.0232  0.0233  0.0232  0.0232  0.0231  0.0231
  0.0231  0.0231  0.0231  0.0231  0.0231  0.0230  0.0231  0.0231  0.0231  0.0230  0.0230  0.0230
  0.0230  0.0230  0.0230  0.0230  0.0230  0.0230  0.0230  0.0230  0.0230  0.0230  0.0230  0.0230
  0.0231  0.0231  0.0231  0.0231  0.0232  0.0231  0.0231  0.0231  0.0231  0.0231  0.0230  0.0230
  0.0233  0.0233  0.0232  0.0233  0.0234  0.0232  0.0232  0.0233  0.0232  0.0234  0.0231  0.0231
  0.0236  0.0236  0.0233  0.0236  0.0236  0.0233  0.0235  0.0236  0.0234  0.0236  0.0232  0.0233
niter,ni,del,rscale     1    3    5.0000    0.4000
parameters
   -1.3979   26.5487    2.6608    3.3658  -16.3151   -8.4580
   -0.7844    2.3021    1.6477   15.4208   -2.2696  -23.4390
eta,q 0.97701 10.12840
  0.0234  0.0234  0.0232  0.0234  0.0234  0.0232  0.0233  0.0234  0.0233  0.0234  0.0231  0.0232
  0.0232  0.0232  0.0231  0.0232  0.0232  0.0231  0.0231  0.0232  0.0231  0.0231  0.0230  0.0231
  0.0230  0.0231  0.0230  0.0231  0.0230  0.0230  0.0230  0.0230  0.0230  0.0230  0.0230  0.0230
  0.0230  0.0230  0.0230  0.0230  0.0230  0.0230  0.0230  0.0230  0.0230  0.0230  0.0230  0.0230
  0.0231  0.0230  0.0230  0.0230  0.0231  0.0231  0.0230  0.0230  0.0230  0.0231  0.0230  0.0230
  0.0232  0.0232  0.0231  0.0232  0.0232  0.0232  0.0231  0.0232  0.0231  0.0232  0.0230  0.0231
  0.0234  0.0234  0.0232  0.0233  0.0234  0.0233  0.0233  0.0234  0.0233  0.0234  0.0231  0.0232
registration optimization eta report
parameter search radius
    0.8000    0.8000    0.8000    2.4000    2.4000    2.4000
    2.4000    2.4000    2.4000    2.4000    2.4000    2.4000
100000*second partial in parameter space
       56.       58.       29.        6.        7.        4.
        5.        7.        5.        7.        2.        3.
  0.0234  0.0234  0.0232  0.0234  0.0234  0.0232  0.0233  0.0234  0.0233  0.0234  0.0231  0.0232
  0.0232  0.0232  0.0231  0.0232  0.0232  0.0231  0.0231  0.0232  0.0231  0.0231  0.0230  0.0231
  0.0230  0.0231  0.0230  0.0231  0.0230  0.0230  0.0230  0.0230  0.0230  0.0230  0.0230  0.0230
  0.0230  0.0230  0.0230  0.0230  0.0230  0.0230  0.0230  0.0230  0.0230  0.0230  0.0230  0.0230
  0.0231  0.0230  0.0230  0.0230  0.0231  0.0231  0.0230  0.0230  0.0230  0.0231  0.0230  0.0230
  0.0232  0.0232  0.0231  0.0232  0.0232  0.0232  0.0231  0.0232  0.0231  0.0232  0.0230  0.0231
  0.0234  0.0234  0.0232  0.0233  0.0234  0.0233  0.0233  0.0234  0.0233  0.0234  0.0231  0.0232
   -1.3979   26.5487    2.6608    3.3658  -16.3151   -8.4580
   -0.7844    2.3021    1.6477   15.4208   -2.2696  -23.4390
eta,q 0.97701 10.12840

---------------------------------------------------------------------
imgreg_4dfp /opt/freesurfer/average/711-2C_as_mni_average_305 /opt/freesurfer/average/711-2B_as_mni_average_305_mask talsrcimg_g11 none talsrcimg_to_711-2C_as_mni_average_305_t4 2311
---------------------------------------------------------------------

freesurfer imgreg_4dfp.c
/opt/freesurfer/average/711-2C_as_mni_average_305.4dfp.img
       256       256       256         1
  1.000000  1.000000  1.000000
orientation T byte_order littleendian
Reading image: /opt/freesurfer/average/711-2C_as_mni_average_305.4dfp.img
dimensions:      256       256       256
mmppix:       1.0000   -1.0000   -1.0000
center:     128.0000 -129.0000 -129.0000
/opt/freesurfer/average/711-2B_as_mni_average_305_mask.4dfp.img
       256       256       256         1
  1.000000  1.000000  1.000000
orientation T byte_order littleendian
Reading mask: /opt/freesurfer/average/711-2B_as_mni_average_305_mask.4dfp.img (2306576 pixels)
talsrcimg_g11.4dfp.img
       256       256       256         1
  1.000000  1.000000  1.000000
orientation T byte_order littleendian
Reading image: talsrcimg_g11.4dfp.img
dimensions:      256       256       256
mmppix:       1.0000   -1.0000   -1.0000
center:     128.0000 -129.0000 -129.0000
fimgreg.f
image alignment mode   2311 decimal      907 hex
parameters
   -1.3979   26.5487    2.6608    3.3658  -16.3151   -8.4580
   -0.7844    2.3021    1.6477   15.4208   -2.2696  -23.4390
eta,q 0.97701 10.12840
niter,ni,del,rscale     5    3    5.0000    0.8000
parameters
   -1.3908   26.5237    2.6323    3.0427  -15.9982   -7.8419
   -0.7470    2.2720    1.6399   15.7843   -2.4681  -23.6026
eta,q 0.97693 10.17425
  0.0244  0.0244  0.0237  0.0241  0.0246  0.0242  0.0242  0.0246  0.0241  0.0248  0.0235  0.0237
  0.0236  0.0236  0.0233  0.0236  0.0238  0.0235  0.0236  0.0237  0.0235  0.0238  0.0232  0.0233
  0.0231  0.0232  0.0231  0.0232  0.0232  0.0231  0.0232  0.0232  0.0232  0.0232  0.0231  0.0231
  0.0230  0.0230  0.0230  0.0230  0.0230  0.0230  0.0231  0.0231  0.0231  0.0231  0.0231  0.0231
  0.0232  0.0232  0.0231  0.0231  0.0232  0.0232  0.0232  0.0232  0.0232  0.0232  0.0231  0.0231
  0.0236  0.0237  0.0233  0.0237  0.0236  0.0234  0.0235  0.0238  0.0235  0.0236  0.0233  0.0234
  0.0244  0.0245  0.0238  0.0246  0.0241  0.0236  0.0242  0.0247  0.0241  0.0242  0.0235  0.0238
niter,ni,del,rscale     4    3    5.0000    0.7000
parameters
   -1.3827   26.5576    2.6544    3.1583  -16.0560   -7.7825
   -0.7443    2.2826    1.6698   15.7633   -2.4596  -23.6026
eta,q 0.97693 10.17759
  0.0242  0.0242  0.0236  0.0241  0.0241  0.0237  0.0239  0.0243  0.0239  0.0242  0.0234  0.0235
  0.0236  0.0236  0.0233  0.0236  0.0235  0.0233  0.0235  0.0236  0.0234  0.0235  0.0232  0.0233
  0.0232  0.0232  0.0231  0.0233  0.0231  0.0231  0.0232  0.0232  0.0232  0.0231  0.0231  0.0231
  0.0231  0.0231  0.0231  0.0231  0.0231  0.0231  0.0231  0.0231  0.0231  0.0231  0.0231  0.0231
  0.0232  0.0232  0.0231  0.0231  0.0233  0.0232  0.0232  0.0232  0.0231  0.0233  0.0231  0.0231
  0.0236  0.0235  0.0233  0.0234  0.0236  0.0233  0.0234  0.0236  0.0234  0.0236  0.0232  0.0233
  0.0242  0.0241  0.0236  0.0241  0.0240  0.0235  0.0239  0.0243  0.0239  0.0241  0.0234  0.0235
niter,ni,del,rscale     3    3    5.0000    0.6000
parameters
   -1.3827   26.5643    2.6666    3.2592  -16.1419   -7.9628
   -0.7545    2.2865    1.6674   15.6530   -2.3803  -23.5677
eta,q 0.97696 10.16463
  0.0239  0.0239  0.0235  0.0239  0.0238  0.0234  0.0237  0.0239  0.0236  0.0239  0.0233  0.0234
  0.0234  0.0234  0.0232  0.0235  0.0234  0.0232  0.0233  0.0234  0.0233  0.0234  0.0231  0.0232
  0.0231  0.0232  0.0231  0.0232  0.0231  0.0230  0.0231  0.0231  0.0231  0.0231  0.0231  0.0231
  0.0231  0.0231  0.0231  0.0231  0.0231  0.0231  0.0230  0.0230  0.0230  0.0230  0.0230  0.0230
  0.0231  0.0231  0.0231  0.0231  0.0232  0.0232  0.0231  0.0231  0.0231  0.0232  0.0231  0.0231
  0.0234  0.0234  0.0232  0.0234  0.0235  0.0233  0.0233  0.0234  0.0233  0.0235  0.0231  0.0232
  0.0239  0.0239  0.0235  0.0238  0.0238  0.0234  0.0237  0.0239  0.0236  0.0239  0.0233  0.0234
niter,ni,del,rscale     2    3    5.0000    0.5000
parameters
   -1.3907   26.5641    2.6666    3.3271  -16.2274   -8.2190
   -0.7729    2.2992    1.6478   15.5451   -2.3000  -23.4996
eta,q 0.97699 10.14675
  0.0236  0.0236  0.0233  0.0236  0.0236  0.0233  0.0235  0.0236  0.0234  0.0236  0.0232  0.0233
  0.0233  0.0233  0.0232  0.0233  0.0233  0.0231  0.0232  0.0233  0.0232  0.0232  0.0231  0.0231
  0.0231  0.0231  0.0231  0.0231  0.0231  0.0230  0.0231  0.0231  0.0231  0.0230  0.0230  0.0230
  0.0230  0.0230  0.0230  0.0230  0.0230  0.0230  0.0230  0.0230  0.0230  0.0230  0.0230  0.0230
  0.0231  0.0231  0.0231  0.0231  0.0232  0.0231  0.0231  0.0231  0.0231  0.0231  0.0230  0.0230
  0.0233  0.0233  0.0232  0.0232  0.0234  0.0232  0.0232  0.0233  0.0232  0.0234  0.0231  0.0231
  0.0236  0.0236  0.0233  0.0236  0.0236  0.0233  0.0235  0.0236  0.0234  0.0236  0.0232  0.0233
niter,ni,del,rscale     1    3    5.0000    0.4000
parameters
   -1.3990   26.5504    2.6556    3.3642  -16.3158   -8.4474
   -0.7850    2.3000    1.6440   15.4216   -2.2539  -23.4421
eta,q 0.97701 10.12890
  0.0234  0.0234  0.0232  0.0234  0.0234  0.0232  0.0233  0.0234  0.0233  0.0234  0.0231  0.0232
  0.0232  0.0232  0.0231  0.0232  0.0232  0.0231  0.0231  0.0232  0.0231  0.0231  0.0230  0.0231
  0.0230  0.0231  0.0230  0.0231  0.0230  0.0230  0.0230  0.0230  0.0230  0.0230  0.0230  0.0230
  0.0230  0.0230  0.0230  0.0230  0.0230  0.0230  0.0230  0.0230  0.0230  0.0230  0.0230  0.0230
  0.0231  0.0230  0.0230  0.0230  0.0231  0.0231  0.0230  0.0230  0.0230  0.0231  0.0230  0.0230
  0.0232  0.0232  0.0231  0.0232  0.0232  0.0232  0.0231  0.0232  0.0231  0.0232  0.0230  0.0231
  0.0234  0.0234  0.0232  0.0234  0.0234  0.0233  0.0233  0.0234  0.0233  0.0234  0.0231  0.0231
registration optimization eta report
parameter search radius
    0.8000    0.8000    0.8000    2.4000    2.4000    2.4000
    2.4000    2.4000    2.4000    2.4000    2.4000    2.4000
100000*second partial in parameter space
       56.       58.       30.        6.        7.        4.
        5.        7.        5.        7.        2.        3.
  0.0234  0.0234  0.0232  0.0234  0.0234  0.0232  0.0233  0.0234  0.0233  0.0234  0.0231  0.0232
  0.0232  0.0232  0.0231  0.0232  0.0232  0.0231  0.0231  0.0232  0.0231  0.0231  0.0230  0.0231
  0.0230  0.0231  0.0230  0.0231  0.0230  0.0230  0.0230  0.0230  0.0230  0.0230  0.0230  0.0230
  0.0230  0.0230  0.0230  0.0230  0.0230  0.0230  0.0230  0.0230  0.0230  0.0230  0.0230  0.0230
  0.0231  0.0230  0.0230  0.0230  0.0231  0.0231  0.0230  0.0230  0.0230  0.0231  0.0230  0.0230
  0.0232  0.0232  0.0231  0.0232  0.0232  0.0232  0.0231  0.0232  0.0231  0.0232  0.0230  0.0231
  0.0234  0.0234  0.0232  0.0234  0.0234  0.0233  0.0233  0.0234  0.0233  0.0234  0.0231  0.0231
   -1.3990   26.5504    2.6556    3.3642  -16.3158   -8.4474
   -0.7850    2.3000    1.6440   15.4216   -2.2539  -23.4421
eta,q 0.97701 10.12890

---------------------------------------------------------------------
compute_vox2vox talsrcimg talsrcimg_to_711-2C_as_mni_average_305_t4 /opt/freesurfer/average/711-2C_as_mni_average_305
---------------------------------------------------------------------

freesurfer compute_vox2vox.c
Reading: talsrcimg.4dfp.ifh
Reading: talsrcimg_to_711-2C_as_mni_average_305_t4
Reading: /opt/freesurfer/average/711-2C_as_mni_average_305.4dfp.ifh
Writing: talsrcimg_to_711-2C_as_mni_average_305_t4_vox2vox.txt

start time Tue Mar 10 06:37:18 CET 2026
end		time Tue Mar 10 06:37:32 CET 2026

mpr2mni305 success

avi2talxfm orig_nu.mgz /opt/freesurfer/average/mni305.cor.mgz talsrcimg_to_711-2C_as_mni_average_305_t4_vox2vox.txt transforms/talairach.auto.xfm
avi2talxfm done
mv -f /out/sourcedata/freesurfer/sub-v1s7x0051323_ses-1/mri/talsrcimg_to_711-2C_as_mni_average_305_t4_vox2vox.txt /out/sourcedata/freesurfer/sub-v1s7x0051323_ses-1/mri/transforms/talsrcimg_to_711-2C_as_mni_average_305_t4_vox2vox.txt
lta_convert --src orig_nu.mgz --trg /opt/freesurfer/average/mni305.cor.mgz --inxfm transforms/talairach.auto.xfm --outlta transforms/talairach.auto.xfm.lta --subject fsaverage
7.3.2

--src: orig_nu.mgz src image (geometry).
--trg: /opt/freesurfer/average/mni305.cor.mgz trg image (geometry).
--inmni: transforms/talairach.auto.xfm input MNI/XFM transform.
--outlta: transforms/talairach.auto.xfm.lta output LTA.
--s: fsaverage subject name
 LTA read, type : 1
 0.96688  -0.02465   0.00216  -2.30803;
 0.01809   1.04259   0.29223  -13.36582;
-0.02233  -0.19165   1.14107  -24.91110;
 0.00000   0.00000   0.00000   1.00000;
setting subject to fsaverage
Writing  LTA to file transforms/talairach.auto.xfm.lta...
lta_convert successful.
 
 
Started at Tue Mar 10 06:37:18 CET 2026
Ended   at Tue Mar 10 06:37:32 CET 2026
talairach_avi done
