status file for recon-all
Tue Mar 10 07:56:46 CET 2026
#@# Tessellate lh Tue Mar 10 07:56:46 CET 2026
#@# Smooth1 lh Tue Mar 10 07:56:48 CET 2026
#@# Inflation1 lh Tue Mar 10 07:56:50 CET 2026
#@# QSphere lh Tue Mar 10 07:56:58 CET 2026
#@# Fix Topology lh Tue Mar 10 07:57:39 CET 2026
#@# Smooth2 lh Tue Mar 10 08:02:07 CET 2026
#@# Inflation2 lh Tue Mar 10 08:02:09 CET 2026
#@# Curv .H and .K lh Tue Mar 10 08:02:17 CET 2026
#@# Sphere lh Tue Mar 10 08:02:55 CET 2026
#@# Surf Reg lh Tue Mar 10 08:05:13 CET 2026
#@# Jacobian white lh Tue Mar 10 08:07:38 CET 2026
#@# AvgCurv lh Tue Mar 10 08:07:38 CET 2026
#@# Cortical Parc lh Tue Mar 10 08:07:39 CET 2026
#@# white curv lh Tue Mar 10 08:13:01 CET 2026
#@# white area lh Tue Mar 10 08:13:02 CET 2026
#@# pial curv lh Tue Mar 10 08:13:02 CET 2026
#@# pial area lh Tue Mar 10 08:13:04 CET 2026
#@# thickness lh Tue Mar 10 08:13:04 CET 2026
#@# area and vertex vol lh Tue Mar 10 08:13:24 CET 2026
#@# Curvature Stats lh Tue Mar 10 08:13:25 CET 2026
#@# Cortical Parc 2 lh Tue Mar 10 08:13:27 CET 2026
#@# Cortical Parc 3 lh Tue Mar 10 08:13:37 CET 2026
#@# WM/GM Contrast lh Tue Mar 10 08:13:45 CET 2026
recon-all -s sub-v1s7x0051327_ses-1 finished without error at Tue Mar 10 08:13:47 CET 2026



#New# invocation of recon-all 



status file for recon-all
Tue Mar 10 08:34:56 CET 2026
#@# white curv lh Tue Mar 10 08:34:56 CET 2026
#@# white area lh Tue Mar 10 08:34:56 CET 2026
#@# pial curv lh Tue Mar 10 08:34:56 CET 2026
#@# pial area lh Tue Mar 10 08:34:56 CET 2026
#@# thickness lh Tue Mar 10 08:34:56 CET 2026
#@# area and vertex vol lh Tue Mar 10 08:34:56 CET 2026
#@# Parcellation Stats lh Tue Mar 10 08:34:56 CET 2026
#@# Parcellation Stats 2 lh Tue Mar 10 08:35:11 CET 2026
#@# Parcellation Stats 3 lh Tue Mar 10 08:35:19 CET 2026
#@# BA_exvivo Labels lh Tue Mar 10 08:35:26 CET 2026
recon-all -s sub-v1s7x0051327_ses-1 finished without error at Tue Mar 10 08:37:16 CET 2026
