status file for recon-all
Tue Mar 10 08:13:49 CET 2026
#@# Tessellate rh Tue Mar 10 08:13:49 CET 2026
#@# Smooth1 rh Tue Mar 10 08:13:52 CET 2026
#@# Inflation1 rh Tue Mar 10 08:13:54 CET 2026
#@# QSphere rh Tue Mar 10 08:14:01 CET 2026
#@# Fix Topology rh Tue Mar 10 08:14:42 CET 2026
#@# Smooth2 rh Tue Mar 10 08:19:34 CET 2026
#@# Inflation2 rh Tue Mar 10 08:19:36 CET 2026
#@# Curv .H and .K rh Tue Mar 10 08:19:44 CET 2026
#@# Sphere rh Tue Mar 10 08:20:24 CET 2026
#@# Surf Reg rh Tue Mar 10 08:22:27 CET 2026
#@# Jacobian white rh Tue Mar 10 08:24:52 CET 2026
#@# AvgCurv rh Tue Mar 10 08:24:53 CET 2026
#@# Cortical Parc rh Tue Mar 10 08:24:54 CET 2026
#@# white curv rh Tue Mar 10 08:30:23 CET 2026
#@# white area rh Tue Mar 10 08:30:24 CET 2026
#@# pial curv rh Tue Mar 10 08:30:25 CET 2026
#@# pial area rh Tue Mar 10 08:30:26 CET 2026
#@# thickness rh Tue Mar 10 08:30:27 CET 2026
#@# area and vertex vol rh Tue Mar 10 08:30:47 CET 2026
#@# Curvature Stats rh Tue Mar 10 08:30:48 CET 2026
#@# Cortical Parc 2 rh Tue Mar 10 08:30:50 CET 2026
#@# Cortical Parc 3 rh Tue Mar 10 08:31:00 CET 2026
#@# WM/GM Contrast rh Tue Mar 10 08:31:07 CET 2026
recon-all -s sub-v1s7x0051327_ses-1 finished without error at Tue Mar 10 08:31:09 CET 2026



#New# invocation of recon-all 



status file for recon-all
Tue Mar 10 08:37:18 CET 2026
#@# white curv rh Tue Mar 10 08:37:18 CET 2026
#@# white area rh Tue Mar 10 08:37:18 CET 2026
#@# pial curv rh Tue Mar 10 08:37:18 CET 2026
#@# pial area rh Tue Mar 10 08:37:18 CET 2026
#@# thickness rh Tue Mar 10 08:37:18 CET 2026
#@# area and vertex vol rh Tue Mar 10 08:37:18 CET 2026
#@# Parcellation Stats rh Tue Mar 10 08:37:18 CET 2026
#@# Parcellation Stats 2 rh Tue Mar 10 08:37:37 CET 2026
#@# Parcellation Stats 3 rh Tue Mar 10 08:37:45 CET 2026
#@# BA_exvivo Labels rh Tue Mar 10 08:37:53 CET 2026
recon-all -s sub-v1s7x0051327_ses-1 finished without error at Tue Mar 10 08:39:46 CET 2026
