status file for recon-all
Tue Mar 10 06:41:21 CET 2026
#@# MotionCor Tue Mar 10 06:41:22 CET 2026
#@# Talairach Tue Mar 10 06:41:27 CET 2026
#@# Talairach Failure Detection Tue Mar 10 06:44:24 CET 2026
#@# Nu Intensity Correction Tue Mar 10 06:44:24 CET 2026
#@# Intensity Normalization Tue Mar 10 06:47:10 CET 2026
recon-all -s sub-v1s7x0051327_ses-1 finished without error at Tue Mar 10 06:48:16 CET 2026



#New# invocation of recon-all 



status file for recon-all
Tue Mar 10 06:53:38 CET 2026
#@# EM Registration Tue Mar 10 06:53:38 CET 2026
recon-all -s sub-v1s7x0051327_ses-1 finished without error at Tue Mar 10 06:54:44 CET 2026



#New# invocation of recon-all 



status file for recon-all
Tue Mar 10 06:54:47 CET 2026
#@# CA Normalize Tue Mar 10 06:54:47 CET 2026
#@# CA Reg Tue Mar 10 06:55:42 CET 2026
#@# SubCort Seg Tue Mar 10 07:30:29 CET 2026
#@# CC Seg Tue Mar 10 07:52:46 CET 2026
#@# Merge ASeg Tue Mar 10 07:53:03 CET 2026
#@# Intensity Normalization2 Tue Mar 10 07:53:03 CET 2026
#@# Mask BFS Tue Mar 10 07:54:31 CET 2026
#@# WM Segmentation Tue Mar 10 07:54:32 CET 2026
#@# Fill Tue Mar 10 07:56:05 CET 2026
recon-all -s sub-v1s7x0051327_ses-1 finished without error at Tue Mar 10 07:56:42 CET 2026



#New# invocation of recon-all 



status file for recon-all
Tue Mar 10 08:31:14 CET 2026
#@# white curv lh Tue Mar 10 08:31:14 CET 2026
#@# white area lh Tue Mar 10 08:31:14 CET 2026
#@# pial curv lh Tue Mar 10 08:31:14 CET 2026
#@# pial area lh Tue Mar 10 08:31:14 CET 2026
#@# thickness lh Tue Mar 10 08:31:14 CET 2026
#@# area and vertex vol lh Tue Mar 10 08:31:14 CET 2026
#@# white curv rh Tue Mar 10 08:31:14 CET 2026
#@# white area rh Tue Mar 10 08:31:14 CET 2026
#@# pial curv rh Tue Mar 10 08:31:14 CET 2026
#@# pial area rh Tue Mar 10 08:31:14 CET 2026
#@# thickness rh Tue Mar 10 08:31:14 CET 2026
#@# area and vertex vol rh Tue Mar 10 08:31:14 CET 2026
#@# Cortical ribbon mask Tue Mar 10 08:31:14 CET 2026
recon-all -s sub-v1s7x0051327_ses-1 finished without error at Tue Mar 10 08:34:53 CET 2026



#New# invocation of recon-all 



status file for recon-all
Tue Mar 10 08:39:50 CET 2026
#@# white curv lh Tue Mar 10 08:39:50 CET 2026
#@# white area lh Tue Mar 10 08:39:50 CET 2026
#@# pial curv lh Tue Mar 10 08:39:50 CET 2026
#@# pial area lh Tue Mar 10 08:39:50 CET 2026
#@# thickness lh Tue Mar 10 08:39:50 CET 2026
#@# area and vertex vol lh Tue Mar 10 08:39:50 CET 2026
#@# white curv rh Tue Mar 10 08:39:50 CET 2026
#@# white area rh Tue Mar 10 08:39:50 CET 2026
#@# pial curv rh Tue Mar 10 08:39:50 CET 2026
#@# pial area rh Tue Mar 10 08:39:50 CET 2026
#@# thickness rh Tue Mar 10 08:39:50 CET 2026
#@# area and vertex vol rh Tue Mar 10 08:39:50 CET 2026
#@# Curvature Stats lh Tue Mar 10 08:39:50 CET 2026
#@# Curvature Stats rh Tue Mar 10 08:39:52 CET 2026
#@# Relabel Hypointensities Tue Mar 10 08:39:53 CET 2026
#@# APas-to-ASeg Tue Mar 10 08:40:04 CET 2026
#@# AParc-to-ASeg aparc Tue Mar 10 08:40:09 CET 2026
#@# AParc-to-ASeg aparc.a2009s Tue Mar 10 08:40:25 CET 2026
#@# AParc-to-ASeg aparc.DKTatlas Tue Mar 10 08:40:41 CET 2026
#@# WMParc Tue Mar 10 08:40:56 CET 2026
#@# ASeg Stats Tue Mar 10 08:42:37 CET 2026
recon-all -s sub-v1s7x0051327_ses-1 finished without error at Tue Mar 10 08:42:52 CET 2026
