status file for recon-all
Tue Mar 10 08:34:01 CET 2026
#@# Tessellate rh Tue Mar 10 08:34:01 CET 2026
#@# Smooth1 rh Tue Mar 10 08:34:05 CET 2026
#@# Inflation1 rh Tue Mar 10 08:34:07 CET 2026
#@# QSphere rh Tue Mar 10 08:34:19 CET 2026
#@# Fix Topology rh Tue Mar 10 08:35:49 CET 2026
#@# Smooth2 rh Tue Mar 10 08:40:35 CET 2026
#@# Inflation2 rh Tue Mar 10 08:40:38 CET 2026
#@# Curv .H and .K rh Tue Mar 10 08:40:51 CET 2026
#@# Sphere rh Tue Mar 10 08:41:30 CET 2026
#@# Surf Reg rh Tue Mar 10 08:42:42 CET 2026
#@# Jacobian white rh Tue Mar 10 08:45:58 CET 2026
#@# AvgCurv rh Tue Mar 10 08:45:59 CET 2026
#@# Cortical Parc rh Tue Mar 10 08:46:00 CET 2026
#@# white curv rh Tue Mar 10 08:51:26 CET 2026
#@# white area rh Tue Mar 10 08:51:28 CET 2026
#@# pial curv rh Tue Mar 10 08:51:28 CET 2026
#@# pial area rh Tue Mar 10 08:51:30 CET 2026
#@# thickness rh Tue Mar 10 08:51:31 CET 2026
#@# area and vertex vol rh Tue Mar 10 08:51:56 CET 2026
#@# Curvature Stats rh Tue Mar 10 08:51:58 CET 2026
#@# Cortical Parc 2 rh Tue Mar 10 08:52:00 CET 2026
#@# Cortical Parc 3 rh Tue Mar 10 08:52:12 CET 2026
#@# WM/GM Contrast rh Tue Mar 10 08:52:21 CET 2026
recon-all -s sub-v1s7x0051325_ses-1 finished without error at Tue Mar 10 08:52:24 CET 2026



#New# invocation of recon-all 



status file for recon-all
Tue Mar 10 08:58:15 CET 2026
#@# white curv rh Tue Mar 10 08:58:15 CET 2026
#@# white area rh Tue Mar 10 08:58:15 CET 2026
#@# pial curv rh Tue Mar 10 08:58:15 CET 2026
#@# pial area rh Tue Mar 10 08:58:15 CET 2026
#@# thickness rh Tue Mar 10 08:58:15 CET 2026
#@# area and vertex vol rh Tue Mar 10 08:58:15 CET 2026
#@# Parcellation Stats rh Tue Mar 10 08:58:15 CET 2026
#@# Parcellation Stats 2 rh Tue Mar 10 08:58:30 CET 2026
#@# Parcellation Stats 3 rh Tue Mar 10 08:58:38 CET 2026
#@# BA_exvivo Labels rh Tue Mar 10 08:58:45 CET 2026
recon-all -s sub-v1s7x0051325_ses-1 finished without error at Tue Mar 10 09:01:19 CET 2026
