status file for recon-all
Tue Mar 10 08:16:27 CET 2026
#@# Tessellate lh Tue Mar 10 08:16:27 CET 2026
#@# Smooth1 lh Tue Mar 10 08:16:31 CET 2026
#@# Inflation1 lh Tue Mar 10 08:16:33 CET 2026
#@# QSphere lh Tue Mar 10 08:16:43 CET 2026
#@# Fix Topology lh Tue Mar 10 08:17:39 CET 2026
#@# Smooth2 lh Tue Mar 10 08:22:19 CET 2026
#@# Inflation2 lh Tue Mar 10 08:22:22 CET 2026
#@# Curv .H and .K lh Tue Mar 10 08:22:33 CET 2026
#@# Sphere lh Tue Mar 10 08:23:12 CET 2026
#@# Surf Reg lh Tue Mar 10 08:24:21 CET 2026
#@# Jacobian white lh Tue Mar 10 08:27:30 CET 2026
#@# AvgCurv lh Tue Mar 10 08:27:31 CET 2026
#@# Cortical Parc lh Tue Mar 10 08:27:32 CET 2026
#@# white curv lh Tue Mar 10 08:33:02 CET 2026
#@# white area lh Tue Mar 10 08:33:04 CET 2026
#@# pial curv lh Tue Mar 10 08:33:05 CET 2026
#@# pial area lh Tue Mar 10 08:33:06 CET 2026
#@# thickness lh Tue Mar 10 08:33:07 CET 2026
#@# area and vertex vol lh Tue Mar 10 08:33:32 CET 2026
#@# Curvature Stats lh Tue Mar 10 08:33:33 CET 2026
#@# Cortical Parc 2 lh Tue Mar 10 08:33:36 CET 2026
#@# Cortical Parc 3 lh Tue Mar 10 08:33:47 CET 2026
#@# WM/GM Contrast lh Tue Mar 10 08:33:57 CET 2026
recon-all -s sub-v1s7x0051325_ses-1 finished without error at Tue Mar 10 08:34:00 CET 2026



#New# invocation of recon-all 



status file for recon-all
Tue Mar 10 08:55:15 CET 2026
#@# white curv lh Tue Mar 10 08:55:15 CET 2026
#@# white area lh Tue Mar 10 08:55:15 CET 2026
#@# pial curv lh Tue Mar 10 08:55:15 CET 2026
#@# pial area lh Tue Mar 10 08:55:15 CET 2026
#@# thickness lh Tue Mar 10 08:55:15 CET 2026
#@# area and vertex vol lh Tue Mar 10 08:55:15 CET 2026
#@# Parcellation Stats lh Tue Mar 10 08:55:16 CET 2026
#@# Parcellation Stats 2 lh Tue Mar 10 08:55:30 CET 2026
#@# Parcellation Stats 3 lh Tue Mar 10 08:55:37 CET 2026
#@# BA_exvivo Labels lh Tue Mar 10 08:55:43 CET 2026
recon-all -s sub-v1s7x0051325_ses-1 finished without error at Tue Mar 10 08:58:13 CET 2026
