status file for recon-all
Tue Mar 10 06:38:12 CET 2026
#@# MotionCor Tue Mar 10 06:38:14 CET 2026
#@# Talairach Tue Mar 10 06:38:21 CET 2026
#@# Talairach Failure Detection Tue Mar 10 06:42:47 CET 2026
#@# Nu Intensity Correction Tue Mar 10 06:42:47 CET 2026
#@# Intensity Normalization Tue Mar 10 06:46:02 CET 2026
recon-all -s sub-v1s7x0051325_ses-1 finished without error at Tue Mar 10 06:47:45 CET 2026



#New# invocation of recon-all 



status file for recon-all
Tue Mar 10 06:54:26 CET 2026
#@# EM Registration Tue Mar 10 06:54:26 CET 2026
recon-all -s sub-v1s7x0051325_ses-1 finished without error at Tue Mar 10 06:56:33 CET 2026



#New# invocation of recon-all 



status file for recon-all
Tue Mar 10 06:56:36 CET 2026
#@# CA Normalize Tue Mar 10 06:56:36 CET 2026
#@# CA Reg Tue Mar 10 06:58:00 CET 2026
#@# SubCort Seg Tue Mar 10 07:44:26 CET 2026
#@# CC Seg Tue Mar 10 08:10:31 CET 2026
#@# Merge ASeg Tue Mar 10 08:11:04 CET 2026
#@# Intensity Normalization2 Tue Mar 10 08:11:04 CET 2026
#@# Mask BFS Tue Mar 10 08:13:24 CET 2026
#@# WM Segmentation Tue Mar 10 08:13:25 CET 2026
#@# Fill Tue Mar 10 08:15:20 CET 2026
recon-all -s sub-v1s7x0051325_ses-1 finished without error at Tue Mar 10 08:16:23 CET 2026



#New# invocation of recon-all 



status file for recon-all
Tue Mar 10 08:52:31 CET 2026
#@# white curv lh Tue Mar 10 08:52:31 CET 2026
#@# white area lh Tue Mar 10 08:52:31 CET 2026
#@# pial curv lh Tue Mar 10 08:52:31 CET 2026
#@# pial area lh Tue Mar 10 08:52:31 CET 2026
#@# thickness lh Tue Mar 10 08:52:31 CET 2026
#@# area and vertex vol lh Tue Mar 10 08:52:31 CET 2026
#@# white curv rh Tue Mar 10 08:52:31 CET 2026
#@# white area rh Tue Mar 10 08:52:31 CET 2026
#@# pial curv rh Tue Mar 10 08:52:31 CET 2026
#@# pial area rh Tue Mar 10 08:52:31 CET 2026
#@# thickness rh Tue Mar 10 08:52:31 CET 2026
#@# area and vertex vol rh Tue Mar 10 08:52:31 CET 2026
#@# Cortical ribbon mask Tue Mar 10 08:52:31 CET 2026
recon-all -s sub-v1s7x0051325_ses-1 finished without error at Tue Mar 10 08:55:11 CET 2026



#New# invocation of recon-all 



status file for recon-all
Tue Mar 10 09:01:23 CET 2026
#@# white curv lh Tue Mar 10 09:01:23 CET 2026
#@# white area lh Tue Mar 10 09:01:23 CET 2026
#@# pial curv lh Tue Mar 10 09:01:24 CET 2026
#@# pial area lh Tue Mar 10 09:01:24 CET 2026
#@# thickness lh Tue Mar 10 09:01:24 CET 2026
#@# area and vertex vol lh Tue Mar 10 09:01:24 CET 2026
#@# white curv rh Tue Mar 10 09:01:24 CET 2026
#@# white area rh Tue Mar 10 09:01:24 CET 2026
#@# pial curv rh Tue Mar 10 09:01:24 CET 2026
#@# pial area rh Tue Mar 10 09:01:24 CET 2026
#@# thickness rh Tue Mar 10 09:01:24 CET 2026
#@# area and vertex vol rh Tue Mar 10 09:01:24 CET 2026
#@# Curvature Stats lh Tue Mar 10 09:01:24 CET 2026
#@# Curvature Stats rh Tue Mar 10 09:01:26 CET 2026
#@# Relabel Hypointensities Tue Mar 10 09:01:28 CET 2026
#@# APas-to-ASeg Tue Mar 10 09:01:43 CET 2026
#@# AParc-to-ASeg aparc Tue Mar 10 09:01:51 CET 2026
#@# AParc-to-ASeg aparc.a2009s Tue Mar 10 09:02:08 CET 2026
#@# AParc-to-ASeg aparc.DKTatlas Tue Mar 10 09:02:26 CET 2026
#@# WMParc Tue Mar 10 09:02:42 CET 2026
#@# ASeg Stats Tue Mar 10 09:07:04 CET 2026
recon-all -s sub-v1s7x0051325_ses-1 finished without error at Tue Mar 10 09:07:43 CET 2026
