/out/sourcedata/freesurfer/sub-v1s7x0051326_ses-1/mri
/opt/freesurfer/bin/talairach_avi
--i orig_nu.mgz --xfm transforms/talairach.auto.xfm
talairach_avi 7.3.2
Linux dna010 5.14.0-427.37.1.el9_4.x86_64 #1 SMP PREEMPT_DYNAMIC Fri Sep 13 12:41:50 EDT 2024 x86_64 x86_64 x86_64 GNU/Linux
Tue Mar 10 06:42:03 CET 2026
mri_convert orig_nu.mgz talsrcimg.img 
reading from orig_nu.mgz...
TR=0.00, TE=0.00, TI=0.00, flip angle=0.00
i_ras = (-1, 0, 0)
j_ras = (0, 0, -1)
k_ras = (0, 1, 0)
writing to talsrcimg.img...
Analyze Output Matrix
-1.00000   0.00000   0.00000   132.88983;
 0.00000   0.00000   1.00000  -128.00000;
 0.00000  -1.00000   0.00000   121.86441;
 0.00000   0.00000   0.00000   1.00000;
--------------------
INFO: set hdr.hist.orient to -1
mpr2mni305 talsrcimg
Tue Mar 10 06:42:03 CET 2026
/opt/freesurfer/bin/mpr2mni305 talsrcimg
mpr2mni305 7.3.2
target=711-2C_as_mni_average_305

---------------------------------------------------------------------
analyzeto4dfp talsrcimg -O0 -y
---------------------------------------------------------------------

freesurfer ifh2hdr.c
Tue Mar 10 06:42:04 2026
Writing: talsrcimg.4dfp.hdr
freesurfer analyzeto4dfp.c
Reading: talsrcimg.hdr
header size 348 bytes
hdr.dime.datatype	offset=70	value=2
hdr.dime.bitpix		offset=72	value=8
hdr.hist.orient		offset=252	value=-1
dimensionality     4
dimensions       256       256       256         1
Reading: talsrcimg.img
Writing: talsrcimg.4dfp.img
Writing: talsrcimg.4dfp.ifh
ifh2hdr talsrcimg -r0to241
ori=2

---------------------------------------------------------------------
gauss_4dfp talsrcimg 1.1
---------------------------------------------------------------------

freesurfer gauss_4dfp.c
Reading: talsrcimg.4dfp.img
Writing: talsrcimg_g11.4dfp.img
image dimensions 256 256 256 padded to 288 288 288
processing volume 1freesurfer ifh2hdr.c
Tue Mar 10 06:42:05 2026
Writing: talsrcimg_g11.4dfp.hdr

Writing: talsrcimg_g11.4dfp.ifh
including: talsrcimg.4dfp.img.rec in talsrcimg_g11.4dfp.img.rec

---------------------------------------------------------------------
imgreg_4dfp /opt/freesurfer/average/711-2C_as_mni_average_305 none talsrcimg_g11 none talsrcimg_to_711-2C_as_mni_average_305_t4 4355
---------------------------------------------------------------------

freesurfer imgreg_4dfp.c
/opt/freesurfer/average/711-2C_as_mni_average_305.4dfp.img
       256       256       256         1
  1.000000  1.000000  1.000000
orientation T byte_order littleendian
Reading image: /opt/freesurfer/average/711-2C_as_mni_average_305.4dfp.img
dimensions:      256       256       256
mmppix:       1.0000   -1.0000   -1.0000
center:     128.0000 -129.0000 -129.0000
talsrcimg_g11.4dfp.img
       256       256       256         1
  1.000000  1.000000  1.000000
orientation T byte_order littleendian
Reading image: talsrcimg_g11.4dfp.img
dimensions:      256       256       256
mmppix:       1.0000   -1.0000   -1.0000
center:     128.0000 -129.0000 -129.0000
t4_read: open error in t4_sub.f l:  41 t4_file(1:l)talsrcimg_to_711-2C_as_mni_average_305_t4 
t4_read: transform initialized to I4
rotation matrix determinant  1.000000
image alignment mode   4355 decimal     1103 hex
   -7.5000  -45.0000  -45.0000 6619.7485   13.1414
    0.0000  -45.0000  -45.0000 6946.4917   13.2339
    7.5000  -45.0000  -45.0000 6605.4688   13.2205
   -7.5000  -37.5000  -45.0000 7248.7168   12.7737
    0.0000  -37.5000  -45.0000 7591.3032   12.8605
    7.5000  -37.5000  -45.0000 7225.7217   12.8445
   -7.5000  -30.0000  -45.0000 8221.0146   12.5348
    0.0000  -30.0000  -45.0000 8586.8496   12.6186
    7.5000  -30.0000  -45.0000 8183.4951   12.6009
   -7.5000  -22.5000  -45.0000 9245.5732   12.3824
    0.0000  -22.5000  -45.0000 9659.5557   12.4628
    7.5000  -22.5000  -45.0000 9202.5000   12.4458
   -7.5000  -15.0000  -45.000010267.8838   12.3205
    0.0000  -15.0000  -45.000010711.1992   12.4006
    7.5000  -15.0000  -45.000010211.4248   12.3866
   -7.5000   -7.5000  -45.000011301.6533   12.2965
    0.0000   -7.5000  -45.000011790.7773   12.3796
    7.5000   -7.5000  -45.000011235.3291   12.3671
   -7.5000    0.0000  -45.000012261.6777   12.3075
    0.0000    0.0000  -45.000012790.4326   12.3916
    7.5000    0.0000  -45.000012180.6260   12.3778
   -7.5000    7.5000  -45.000012201.5850   12.3216
    0.0000    7.5000  -45.000012748.1826   12.4051
    7.5000    7.5000  -45.000012084.7793   12.3889
   -7.5000   15.0000  -45.000012009.7549   12.3239
    0.0000   15.0000  -45.000012527.0459   12.4064
    7.5000   15.0000  -45.000011898.0156   12.3887
   -7.5000   22.5000  -45.000011783.4785   12.3098
    0.0000   22.5000  -45.000012303.5762   12.3899
    7.5000   22.5000  -45.000011692.2979   12.3730
   -7.5000   30.0000  -45.000011423.3809   12.1341
    0.0000   30.0000  -45.000011906.4453   12.2130
    7.5000   30.0000  -45.000011336.5391   12.1992
   -7.5000   37.5000  -45.000011365.2236   12.1323
    0.0000   37.5000  -45.000011833.3066   12.2143
    7.5000   37.5000  -45.000011258.1123   12.2020
   -7.5000   45.0000  -45.000010884.0107   11.8351
    0.0000   45.0000  -45.000011343.5225   11.9160
    7.5000   45.0000  -45.000010783.5273   11.9027
   -7.5000  -45.0000  -37.5000 6959.4912   13.1404
    0.0000  -45.0000  -37.5000 7284.7476   13.2329
    7.5000  -45.0000  -37.5000 6938.9521   13.2234
   -7.5000  -37.5000  -37.5000 7619.9443   12.7788
    0.0000  -37.5000  -37.5000 7942.9688   12.8649
    7.5000  -37.5000  -37.5000 7578.7231   12.8519
   -7.5000  -30.0000  -37.5000 8663.9473   12.5351
    0.0000  -30.0000  -37.5000 9034.6934   12.6192
    7.5000  -30.0000  -37.5000 8614.1787   12.6046
   -7.5000  -22.5000  -37.5000 9749.7979   12.3743
    0.0000  -22.5000  -37.500010172.6074   12.4565
    7.5000  -22.5000  -37.5000 9694.7080   12.4427
   -7.5000  -15.0000  -37.500010838.0244   12.3079
    0.0000  -15.0000  -37.500011291.0195   12.3900
    7.5000  -15.0000  -37.500010776.0332   12.3790
   -7.5000   -7.5000  -37.500011912.0068   12.2889
    0.0000   -7.5000  -37.500012409.7646   12.3725
    7.5000   -7.5000  -37.500011831.3262   12.3629
   -7.5000    0.0000  -37.500012912.0586   12.3085
    0.0000    0.0000  -37.500013454.4785   12.3918
    7.5000    0.0000  -37.500012822.3154   12.3807
   -7.5000    7.5000  -37.500012851.5098   12.3259
    0.0000    7.5000  -37.500013408.7031   12.4085
    7.5000    7.5000  -37.500012726.6963   12.3950
   -7.5000   15.0000  -37.500012668.7383   12.3239
    0.0000   15.0000  -37.500013195.1309   12.4068
    7.5000   15.0000  -37.500012538.6641   12.3919
   -7.5000   22.5000  -37.500012407.4307   12.3013
    0.0000   22.5000  -37.500012908.6768   12.3832
    7.5000   22.5000  -37.500012282.6416   12.3695
   -7.5000   30.0000  -37.500012022.4805   12.1214
    0.0000   30.0000  -37.500012499.6816   12.2024
    7.5000   30.0000  -37.500011927.7900   12.1916
   -7.5000   37.5000  -37.500011919.1738   12.1248
    0.0000   37.5000  -37.500012392.3613   12.2074
    7.5000   37.5000  -37.500011824.6416   12.1979
   -7.5000   45.0000  -37.500011392.9697   11.8361
    0.0000   45.0000  -37.500011849.0459   11.9162
    7.5000   45.0000  -37.500011313.3516   11.9056
   -7.5000  -45.0000  -30.0000 7376.8267   13.7172
    0.0000  -45.0000  -30.0000 7715.0083   13.8083
    7.5000  -45.0000  -30.0000 7368.2969   13.7970
   -7.5000  -37.5000  -30.0000 8104.1484   13.3432
    0.0000  -37.5000  -30.0000 8457.0410   13.4302
    7.5000  -37.5000  -30.0000 8068.8691   13.4167
   -7.5000  -30.0000  -30.0000 9237.8867   13.0825
    0.0000  -30.0000  -30.0000 9642.5371   13.1696
    7.5000  -30.0000  -30.0000 9187.9697   13.1544
   -7.5000  -22.5000  -30.000010407.9961   12.9050
    0.0000  -22.5000  -30.000010860.0576   12.9902
    7.5000  -22.5000  -30.000010344.3867   12.9743
   -7.5000  -15.0000  -30.000011565.7715   12.8322
    0.0000  -15.0000  -30.000012041.5664   12.9150
    7.5000  -15.0000  -30.000011489.1836   12.9000
   -7.5000   -7.5000  -30.000012703.1055   12.8190
    0.0000   -7.5000  -30.000013212.4688   12.9008
    7.5000   -7.5000  -30.000012597.1133   12.8873
   -7.5000    0.0000  -30.000013763.5322   12.8493
    0.0000    0.0000  -30.000014339.6992   12.9311
    7.5000    0.0000  -30.000013669.0654   12.9179
   -7.5000    7.5000  -30.000013689.4150   12.8704
    0.0000    7.5000  -30.000014271.4082   12.9539
    7.5000    7.5000  -30.000013585.6602   12.9399
   -7.5000   15.0000  -30.000013513.4980   12.8623
    0.0000   15.0000  -30.000014070.0039   12.9481
    7.5000   15.0000  -30.000013382.8721   12.9328
   -7.5000   22.5000  -30.000013233.5244   12.8275
    0.0000   22.5000  -30.000013761.3379   12.9124
    7.5000   22.5000  -30.000013101.8047   12.8966
   -7.5000   30.0000  -30.000012853.5537   12.6387
    0.0000   30.0000  -30.000013358.1377   12.7203
    7.5000   30.0000  -30.000012728.2627   12.7056
   -7.5000   37.5000  -30.000012711.9326   12.6490
    0.0000   37.5000  -30.000013198.5498   12.7298
    7.5000   37.5000  -30.000012592.1514   12.7165
   -7.5000   45.0000  -30.000012092.0039   12.3652
    0.0000   45.0000  -30.000012553.9424   12.4439
    7.5000   45.0000  -30.000011994.1934   12.4312
   -7.5000  -45.0000  -22.5000 7807.3281   14.2036
    0.0000  -45.0000  -22.5000 8160.3335   14.2921
    7.5000  -45.0000  -22.5000 7809.6519   14.2744
   -7.5000  -37.5000  -22.5000 8612.1807   13.8133
    0.0000  -37.5000  -22.5000 8980.2744   13.9014
    7.5000  -37.5000  -22.5000 8568.9551   13.8839
   -7.5000  -30.0000  -22.5000 9815.3447   13.5423
    0.0000  -30.0000  -22.500010229.4170   13.6314
    7.5000  -30.0000  -22.5000 9754.0283   13.6122
   -7.5000  -22.5000  -22.500011049.1855   13.3579
    0.0000  -22.5000  -22.500011513.8936   13.4433
    7.5000  -22.5000  -22.500010960.1650   13.4217
   -7.5000  -15.0000  -22.500012256.0615   13.2836
    0.0000  -15.0000  -22.500012776.8682   13.3636
    7.5000  -15.0000  -22.500012168.9795   13.3408
   -7.5000   -7.5000  -22.500013455.4941   13.2716
    0.0000   -7.5000  -22.500014024.2471   13.3496
    7.5000   -7.5000  -22.500013349.6182   13.3286
   -7.5000    0.0000  -22.500014593.8945   13.3040
    0.0000    0.0000  -22.500015242.5684   13.3840
    7.5000    0.0000  -22.500014478.4287   13.3655
   -7.5000    7.5000  -22.500014523.3467   13.3252
    0.0000    7.5000  -22.500015178.5830   13.4100
    7.5000    7.5000  -22.500014400.8984   13.3923
   -7.5000   15.0000  -22.500014301.8740   13.3153
    0.0000   15.0000  -22.500014936.4297   13.4031
    7.5000   15.0000  -22.500014148.7695   13.3840
   -7.5000   22.5000  -22.500014036.7998   13.2773
    0.0000   22.5000  -22.500014635.2393   13.3623
    7.5000   22.5000  -22.500013880.9766   13.3408
   -7.5000   30.0000  -22.500013676.5391   13.0853
    0.0000   30.0000  -22.500014228.3662   13.1642
    7.5000   30.0000  -22.500013513.8047   13.1418
   -7.5000   37.5000  -22.500013509.8516   13.0977
    0.0000   37.5000  -22.500014062.1504   13.1747
    7.5000   37.5000  -22.500013377.8809   13.1539
   -7.5000   45.0000  -22.500012767.4912   12.8124
    0.0000   45.0000  -22.500013256.2178   12.8895
    7.5000   45.0000  -22.500012660.2607   12.8716
   -7.5000  -45.0000  -15.0000 8244.1543   14.5357
    0.0000  -45.0000  -15.0000 8608.4150   14.6254
    7.5000  -45.0000  -15.0000 8241.6084   14.6023
   -7.5000  -37.5000  -15.0000 9092.2900   14.1312
    0.0000  -37.5000  -15.0000 9475.0410   14.2218
    7.5000  -37.5000  -15.0000 9043.4502   14.2002
   -7.5000  -30.0000  -15.000010358.1182   13.8580
    0.0000  -30.0000  -15.000010790.8506   13.9491
    7.5000  -30.0000  -15.000010278.7930   13.9261
   -7.5000  -22.5000  -15.000011665.2998   13.6760
    0.0000  -22.5000  -15.000012157.2158   13.7617
    7.5000  -22.5000  -15.000011569.3896   13.7361
   -7.5000  -15.0000  -15.000012909.7783   13.6037
    0.0000  -15.0000  -15.000013468.7178   13.6830
    7.5000  -15.0000  -15.000012829.5488   13.6561
   -7.5000   -7.5000  -15.000014159.5859   13.5873
    0.0000   -7.5000  -15.000014769.7197   13.6656
    7.5000   -7.5000  -15.000014066.5322   13.6404
   -7.5000    0.0000  -15.000015393.5518   13.6136
    0.0000    0.0000  -15.000016113.7529   13.6957
    7.5000    0.0000  -15.000015254.9609   13.6731
   -7.5000    7.5000  -15.000015360.6904   13.6331
    0.0000    7.5000  -15.000016091.0859   13.7204
    7.5000    7.5000  -15.000015215.1943   13.6990
   -7.5000   15.0000  -15.000015074.1846   13.6262
    0.0000   15.0000  -15.000015775.1875   13.7161
    7.5000   15.0000  -15.000014909.3369   13.6933
   -7.5000   22.5000  -15.000014776.2666   13.5934
    0.0000   22.5000  -15.000015462.3223   13.6789
    7.5000   22.5000  -15.000014616.1299   13.6533
   -7.5000   30.0000  -15.000014400.9736   13.4028
    0.0000   30.0000  -15.000015046.4971   13.4810
    7.5000   30.0000  -15.000014241.8428   13.4545
   -7.5000   37.5000  -15.000014261.5527   13.4111
    0.0000   37.5000  -15.000014888.9629   13.4884
    7.5000   37.5000  -15.000014136.2988   13.4635
   -7.5000   45.0000  -15.000013422.8652   13.1185
    0.0000   45.0000  -15.000013986.9795   13.1976
    7.5000   45.0000  -15.000013309.0332   13.1758
   -7.5000  -45.0000   -7.5000 8683.5791   14.6806
    0.0000  -45.0000   -7.5000 9044.7900   14.7772
    7.5000  -45.0000   -7.5000 8655.1719   14.7558
   -7.5000  -37.5000   -7.5000 9593.9629   14.2695
    0.0000  -37.5000   -7.5000 9978.5850   14.3639
    7.5000  -37.5000   -7.5000 9524.8887   14.3424
   -7.5000  -30.0000   -7.500010912.6211   14.0001
    0.0000  -30.0000   -7.500011360.3066   14.0928
    7.5000  -30.0000   -7.500010830.8428   14.0698
   -7.5000  -22.5000   -7.500012273.0498   13.8252
    0.0000  -22.5000   -7.500012774.8018   13.9128
    7.5000  -22.5000   -7.500012156.7588   13.8888
   -7.5000  -15.0000   -7.500013570.7432   13.7555
    0.0000  -15.0000   -7.500014130.1016   13.8392
    7.5000  -15.0000   -7.500013456.3926   13.8162
   -7.5000   -7.5000   -7.500014886.9043   13.7319
    0.0000   -7.5000   -7.500015527.6357   13.8173
    7.5000   -7.5000   -7.500014759.1143   13.7959
   -7.5000    0.0000   -7.500016190.6094   13.7488
    0.0000    0.0000   -7.500016956.1387   13.8374
    7.5000    0.0000   -7.500016023.7480   13.8167
   -7.5000    7.5000   -7.500016240.3857   13.7661
    0.0000    7.5000   -7.500017061.4941   13.8571
    7.5000    7.5000   -7.500016038.3564   13.8358
   -7.5000   15.0000   -7.500015983.1221   13.7654
    0.0000   15.0000   -7.500016817.9316   13.8568
    7.5000   15.0000   -7.500015747.1201   13.8340
   -7.5000   22.5000   -7.500015621.6123   13.7404
    0.0000   22.5000   -7.500016423.7656   13.8276
    7.5000   22.5000   -7.500015407.4424   13.8037
   -7.5000   30.0000   -7.500015202.3721   13.5522
    0.0000   30.0000   -7.500015970.5479   13.6347
    7.5000   30.0000   -7.500014975.2695   13.6121
   -7.5000   37.5000   -7.500015076.8975   13.5535
    0.0000   37.5000   -7.500015828.0605   13.6377
    7.5000   37.5000   -7.500014852.9707   13.6167
   -7.5000   45.0000   -7.500014194.6660   13.2513
    0.0000   45.0000   -7.500014867.6992   13.3366
    7.5000   45.0000   -7.500013966.0322   13.3167
   -7.5000  -45.0000    0.0000 9003.7354   14.6940
    0.0000  -45.0000    0.0000 9382.0088   14.7974
    7.5000  -45.0000    0.0000 8940.9551   14.7825
   -7.5000  -37.5000    0.0000 9971.9463   14.2840
    0.0000  -37.5000    0.000010388.0811   14.3810
    7.5000  -37.5000    0.0000 9890.7188   14.3632
   -7.5000  -30.0000    0.000011338.4141   14.0168
    0.0000  -30.0000    0.000011829.2998   14.1105
    7.5000  -30.0000    0.000011241.7793   14.0908
   -7.5000  -22.5000    0.000012756.8496   13.8455
    0.0000  -22.5000    0.000013302.0918   13.9354
    7.5000  -22.5000    0.000012633.8877   13.9165
   -7.5000  -15.0000    0.000014097.2812   13.7756
    0.0000  -15.0000    0.000014695.8184   13.8651
    7.5000  -15.0000    0.000013972.4795   13.8495
   -7.5000   -7.5000    0.000015444.2803   13.7490
    0.0000   -7.5000    0.000016113.5635   13.8418
    7.5000   -7.5000    0.000015329.3174   13.8280
   -7.5000    0.0000    0.000016813.1094   13.7623
    0.0000    0.0000    0.000017611.5215   13.8563
    7.5000    0.0000    0.000016640.2363   13.8409
   -7.5000    7.5000    0.000017019.3613   13.7788
    0.0000    7.5000    0.000017963.7871   13.8721
    7.5000    7.5000    0.000016752.5312   13.8541
   -7.5000   15.0000    0.000016972.7559   13.7811
    0.0000   15.0000    0.000017983.8203   13.8734
    7.5000   15.0000    0.000016580.8535   13.8536
   -7.5000   22.5000    0.000016629.8965   13.7599
    0.0000   22.5000    0.000017578.3809   13.8495
    7.5000   22.5000    0.000016194.6133   13.8306
   -7.5000   30.0000    0.000016101.5693   13.5725
    0.0000   30.0000    0.000016994.4336   13.6607
    7.5000   30.0000    0.000015676.3818   13.6453
   -7.5000   37.5000    0.000015885.8125   13.5707
    0.0000   37.5000    0.000016728.6973   13.6624
    7.5000   37.5000    0.000015489.5605   13.6487
   -7.5000   45.0000    0.000014883.2119   13.2652
    0.0000   45.0000    0.000015642.1338   13.3559
    7.5000   45.0000    0.000014530.9463   13.3411
   -7.5000  -45.0000    7.5000 8624.5039   14.7045
    0.0000  -45.0000    7.5000 8995.6748   14.8080
    7.5000  -45.0000    7.5000 8546.9395   14.7974
   -7.5000  -37.5000    7.5000 9569.2773   14.2999
    0.0000  -37.5000    7.5000 9990.9609   14.3961
    7.5000  -37.5000    7.5000 9480.6787   14.3816
   -7.5000  -30.0000    7.500010892.1562   14.0271
    0.0000  -30.0000    7.500011368.2490   14.1212
    7.5000  -30.0000    7.500010790.6406   14.1048
   -7.5000  -22.5000    7.500012227.4629   13.8472
    0.0000  -22.5000    7.500012745.7734   13.9391
    7.5000  -22.5000    7.500012117.6816   13.9237
   -7.5000  -15.0000    7.500013530.5615   13.7728
    0.0000  -15.0000    7.500014088.6436   13.8648
    7.5000  -15.0000    7.500013392.3359   13.8525
   -7.5000   -7.5000    7.500014825.1797   13.7516
    0.0000   -7.5000    7.500015413.8857   13.8452
    7.5000   -7.5000    7.500014679.5156   13.8344
   -7.5000    0.0000    7.500016103.4561   13.7736
    0.0000    0.0000    7.500016882.4980   13.8667
    7.5000    0.0000    7.500015918.2100   13.8544
   -7.5000    7.5000    7.500016397.3223   13.7930
    0.0000    7.5000    7.500017356.2422   13.8854
    7.5000    7.5000    7.500016054.3418   13.8704
   -7.5000   15.0000    7.500016427.8516   13.7908
    0.0000   15.0000    7.500017482.0977   13.8835
    7.5000   15.0000    7.500015943.7803   13.8669
   -7.5000   22.5000    7.500016166.1943   13.7611
    0.0000   22.5000    7.500017151.6543   13.8527
    7.5000   22.5000    7.500015618.3984   13.8373
   -7.5000   30.0000    7.500015646.6729   13.5695
    0.0000   30.0000    7.500016545.5430   13.6602
    7.5000   30.0000    7.500015150.3545   13.6481
   -7.5000   37.5000    7.500015384.2256   13.5733
    0.0000   37.5000    7.500016209.4971   13.6657
    7.5000   37.5000    7.500014961.3008   13.6551
   -7.5000   45.0000    7.500014313.6514   13.2761
    0.0000   45.0000    7.500015038.3242   13.3659
    7.5000   45.0000    7.500013996.8115   13.3540
   -7.5000  -45.0000   15.0000 8135.2437   14.7414
    0.0000  -45.0000   15.0000 8501.6992   14.8393
    7.5000  -45.0000   15.0000 8076.9683   14.8271
   -7.5000  -37.5000   15.0000 9060.4609   14.3391
    0.0000  -37.5000   15.0000 9478.2021   14.4326
    7.5000  -37.5000   15.0000 8975.7031   14.4180
   -7.5000  -30.0000   15.000010337.2578   14.0587
    0.0000  -30.0000   15.000010796.7070   14.1523
    7.5000  -30.0000   15.000010224.2148   14.1359
   -7.5000  -22.5000   15.000011623.1143   13.8679
    0.0000  -22.5000   15.000012126.6094   13.9593
    7.5000  -22.5000   15.000011492.7510   13.9422
   -7.5000  -15.0000   15.000012865.4727   13.7896
    0.0000  -15.0000   15.000013413.9717   13.8785
    7.5000  -15.0000   15.000012723.4756   13.8624
   -7.5000   -7.5000   15.000014096.4082   13.7754
    0.0000   -7.5000   15.000014657.4766   13.8633
    7.5000   -7.5000   15.000013954.5947   13.8487
   -7.5000    0.0000   15.000015339.7080   13.8080
    0.0000    0.0000   15.000016044.3184   13.8958
    7.5000    0.0000   15.000015172.9189   13.8816
   -7.5000    7.5000   15.000015536.6904   13.8306
    0.0000    7.5000   15.000016321.4219   13.9204
    7.5000    7.5000   15.000015277.5820   13.9052
   -7.5000   15.0000   15.000015401.9189   13.8219
    0.0000   15.0000   15.000016204.9219   13.9141
    7.5000   15.0000   15.000015109.8223   13.8976
   -7.5000   22.5000   15.000015095.5811   13.7815
    0.0000   22.5000   15.000015832.4844   13.8726
    7.5000   22.5000   15.000014815.1846   13.8556
   -7.5000   30.0000   15.000014699.1758   13.5856
    0.0000   30.0000   15.000015430.7725   13.6733
    7.5000   30.0000   15.000014445.1875   13.6575
   -7.5000   37.5000   15.000014569.5723   13.5968
    0.0000   37.5000   15.000015276.5547   13.6836
    7.5000   37.5000   15.000014320.1992   13.6692
   -7.5000   45.0000   15.000013598.7285   13.3093
    0.0000   45.0000   15.000014235.9072   13.3940
    7.5000   45.0000   15.000013392.7871   13.3803
   -7.5000  -45.0000   22.5000 7563.6270   14.8443
    0.0000  -45.0000   22.5000 7909.0005   14.9367
    7.5000  -45.0000   22.5000 7513.3311   14.9182
   -7.5000  -37.5000   22.5000 8464.1455   14.4366
    0.0000  -37.5000   22.5000 8860.3779   14.5285
    7.5000  -37.5000   22.5000 8373.0654   14.5102
   -7.5000  -30.0000   22.5000 9685.1602   14.1514
    0.0000  -30.0000   22.500010108.6729   14.2443
    7.5000  -30.0000   22.5000 9578.0811   14.2243
   -7.5000  -22.5000   22.500010893.6445   13.9572
    0.0000  -22.5000   22.500011352.9033   14.0462
    7.5000  -22.5000   22.500010776.9199   14.0236
   -7.5000  -15.0000   22.500012073.1865   13.8788
    0.0000  -15.0000   22.500012554.6309   13.9622
    7.5000  -15.0000   22.500011939.7412   13.9383
   -7.5000   -7.5000   22.500013209.3428   13.8663
    0.0000   -7.5000   22.500013719.4785   13.9477
    7.5000   -7.5000   22.500013109.5732   13.9256
   -7.5000    0.0000   22.500014380.3916   13.9007
    0.0000    0.0000   22.500015011.2422   13.9842
    7.5000    0.0000   22.500014293.5352   13.9648
   -7.5000    7.5000   22.500014488.3496   13.9232
    0.0000    7.5000   22.500015151.3271   14.0116
    7.5000    7.5000   22.500014365.0674   13.9931
   -7.5000   15.0000   22.500014276.9463   13.9126
    0.0000   15.0000   22.500014910.3477   14.0043
    7.5000   15.0000   22.500014148.1582   13.9843
   -7.5000   22.5000   22.500013918.4922   13.8703
    0.0000   22.5000   22.500014517.9111   13.9590
    7.5000   22.5000   22.500013814.4453   13.9364
   -7.5000   30.0000   22.500013565.7217   13.6733
    0.0000   30.0000   22.500014159.1357   13.7556
    7.5000   30.0000   22.500013460.9023   13.7322
   -7.5000   37.5000   22.500013528.4434   13.6865
    0.0000   37.5000   22.500014102.6045   13.7668
    7.5000   37.5000   22.500013393.9395   13.7451
   -7.5000   45.0000   22.500012720.7256   13.3986
    0.0000   45.0000   22.500013274.7148   13.4791
    7.5000   45.0000   22.500012599.2881   13.4604
   -7.5000  -45.0000   30.0000 6943.7124   15.0596
    0.0000  -45.0000   30.0000 7292.4648   15.1525
    7.5000  -45.0000   30.0000 6901.3145   15.1284
   -7.5000  -37.5000   30.0000 7799.3691   14.6384
    0.0000  -37.5000   30.0000 8155.7466   14.7321
    7.5000  -37.5000   30.0000 7714.3149   14.7096
   -7.5000  -30.0000   30.0000 8943.5576   14.3482
    0.0000  -30.0000   30.0000 9312.3770   14.4425
    7.5000  -30.0000   30.0000 8849.3701   14.4184
   -7.5000  -22.5000   30.000010069.2793   14.1551
    0.0000  -22.5000   30.000010470.9951   14.2437
    7.5000  -22.5000   30.0000 9980.0957   14.2168
   -7.5000  -15.0000   30.000011158.5811   14.0791
    0.0000  -15.0000   30.000011581.6162   14.1609
    7.5000  -15.0000   30.000011065.0215   14.1326
   -7.5000   -7.5000   30.000012210.0449   14.0628
    0.0000   -7.5000   30.000012674.9775   14.1437
    7.5000   -7.5000   30.000012145.1963   14.1172
   -7.5000    0.0000   30.000013302.4014   14.0913
    0.0000    0.0000   30.000013875.6768   14.1761
    7.5000    0.0000   30.000013242.1748   14.1525
   -7.5000    7.5000   30.000013353.7148   14.1116
    0.0000    7.5000   30.000013920.6455   14.2019
    7.5000    7.5000   30.000013289.2012   14.1796
   -7.5000   15.0000   30.000013147.7891   14.1032
    0.0000   15.0000   30.000013673.7451   14.1962
    7.5000   15.0000   30.000013072.9912   14.1723
   -7.5000   22.5000   30.000012811.1191   14.0665
    0.0000   22.5000   30.000013330.4141   14.1547
    7.5000   22.5000   30.000012740.5654   14.1279
   -7.5000   30.0000   30.000012471.0439   13.8706
    0.0000   30.0000   30.000012980.6660   13.9513
    7.5000   30.0000   30.000012385.4053   13.9235
   -7.5000   37.5000   30.000012481.8223   13.8804
    0.0000   37.5000   30.000012966.5059   13.9603
    7.5000   37.5000   30.000012363.7559   13.9342
   -7.5000   45.0000   30.000011795.7393   13.5824
    0.0000   45.0000   30.000012277.9922   13.6642
    7.5000   45.0000   30.000011676.9697   13.6414
   -7.5000  -45.0000   37.5000 6609.5503   15.3712
    0.0000  -45.0000   37.5000 6943.7368   15.4738
    7.5000  -45.0000   37.5000 6582.5220   15.4524
   -7.5000  -37.5000   37.5000 7418.5918   14.9317
    0.0000  -37.5000   37.5000 7761.0317   15.0313
    7.5000  -37.5000   37.5000 7370.9731   15.0096
   -7.5000  -30.0000   37.5000 8496.3818   14.6363
    0.0000  -30.0000   37.5000 8867.2012   14.7339
    7.5000  -30.0000   37.5000 8439.8896   14.7104
   -7.5000  -22.5000   37.5000 9561.0342   14.4473
    0.0000  -22.5000   37.5000 9960.2021   14.5395
    7.5000  -22.5000   37.5000 9521.5869   14.5149
   -7.5000  -15.0000   37.500010624.4121   14.3739
    0.0000  -15.0000   37.500011036.1484   14.4623
    7.5000  -15.0000   37.500010579.3467   14.4389
   -7.5000   -7.5000   37.500011662.7275   14.3494
    0.0000   -7.5000   37.500012105.1914   14.4398
    7.5000   -7.5000   37.500011616.0566   14.4183
   -7.5000    0.0000   37.500012714.5186   14.3668
    0.0000    0.0000   37.500013230.1602   14.4604
    7.5000    0.0000   37.500012663.1191   14.4396
   -7.5000    7.5000   37.500012720.8086   14.3829
    0.0000    7.5000   37.500013230.6611   14.4788
    7.5000    7.5000   37.500012662.1104   14.4572
   -7.5000   15.0000   37.500012545.0781   14.3805
    0.0000   15.0000   37.500013005.0723   14.4767
    7.5000   15.0000   37.500012474.0283   14.4533
   -7.5000   22.5000   37.500012235.6426   14.3551
    0.0000   22.5000   37.500012716.6367   14.4469
    7.5000   22.5000   37.500012175.5771   14.4224
   -7.5000   30.0000   37.500011896.5361   14.1608
    0.0000   30.0000   37.500012355.1504   14.2479
    7.5000   30.0000   37.500011833.0615   14.2249
   -7.5000   37.5000   37.500011914.6357   14.1633
    0.0000   37.5000   37.500012372.6191   14.2526
    7.5000   37.5000   37.500011820.0547   14.2314
   -7.5000   45.0000   37.500011299.9395   13.8480
    0.0000   45.0000   37.500011739.1826   13.9382
    7.5000   45.0000   37.500011172.3105   13.9181
   -7.5000  -45.0000   45.0000 6018.9663   15.7653
    0.0000  -45.0000   45.0000 6313.6431   15.8780
    7.5000  -45.0000   45.0000 6000.1758   15.8619
   -7.5000  -37.5000   45.0000 6727.8188   15.3044
    0.0000  -37.5000   45.0000 7045.4844   15.4102
    7.5000  -37.5000   45.0000 6700.5425   15.3912
   -7.5000  -30.0000   45.0000 7711.5781   14.9946
    0.0000  -30.0000   45.0000 8057.9902   15.0968
    7.5000  -30.0000   45.0000 7681.2690   15.0765
   -7.5000  -22.5000   45.0000 8715.7910   14.7993
    0.0000  -22.5000   45.0000 9080.7764   14.8968
    7.5000  -22.5000   45.0000 8684.7002   14.8777
   -7.5000  -15.0000   45.0000 9692.1797   14.7238
    0.0000  -15.0000   45.000010080.6064   14.8203
    7.5000  -15.0000   45.0000 9666.0957   14.8045
   -7.5000   -7.5000   45.000010680.3301   14.6965
    0.0000   -7.5000   45.000011105.1719   14.7965
    7.5000   -7.5000   45.000010634.7627   14.7822
   -7.5000    0.0000   45.000011626.0391   14.7105
    0.0000    0.0000   45.000012098.4805   14.8122
    7.5000    0.0000   45.000011575.7158   14.7956
   -7.5000    7.5000   45.000011611.2822   14.7243
    0.0000    7.5000   45.000012067.0508   14.8258
    7.5000    7.5000   45.000011546.4590   14.8065
   -7.5000   15.0000   45.000011444.5977   14.7235
    0.0000   15.0000   45.000011866.3291   14.8240
    7.5000   15.0000   45.000011362.5391   14.8036
   -7.5000   22.5000   45.000011181.0205   14.7014
    0.0000   22.5000   45.000011611.2363   14.7985
    7.5000   22.5000   45.000011112.0342   14.7794
   -7.5000   30.0000   45.000010872.9014   14.5034
    0.0000   30.0000   45.000011296.0361   14.5985
    7.5000   30.0000   45.000010807.5410   14.5830
   -7.5000   37.5000   45.000010900.6035   14.5046
    0.0000   37.5000   45.000011328.2578   14.6034
    7.5000   37.5000   45.000010832.6338   14.5892
   -7.5000   45.0000   45.000010362.8232   14.1856
    0.0000   45.0000   45.000010781.2920   14.2837
    7.5000   45.0000   45.000010258.6592   14.2677

---------------------------------------------------------------------
imgreg_4dfp /opt/freesurfer/average/711-2C_as_mni_average_305 /opt/freesurfer/average/711-2B_as_mni_average_305_mask talsrcimg_g11 none talsrcimg_to_711-2C_as_mni_average_305_t4 4355
---------------------------------------------------------------------

freesurfer imgreg_4dfp.c
/opt/freesurfer/average/711-2C_as_mni_average_305.4dfp.img
       256       256       256         1
  1.000000  1.000000  1.000000
orientation T byte_order littleendian
Reading image: /opt/freesurfer/average/711-2C_as_mni_average_305.4dfp.img
dimensions:      256       256       256
mmppix:       1.0000   -1.0000   -1.0000
center:     128.0000 -129.0000 -129.0000
/opt/freesurfer/average/711-2B_as_mni_average_305_mask.4dfp.img
       256       256       256         1
  1.000000  1.000000  1.000000
orientation T byte_order littleendian
Reading mask: /opt/freesurfer/average/711-2B_as_mni_average_305_mask.4dfp.img (2306576 pixels)
talsrcimg_g11.4dfp.img
       256       256       256         1
  1.000000  1.000000  1.000000
orientation T byte_order littleendian
Reading image: talsrcimg_g11.4dfp.img
dimensions:      256       256       256
mmppix:       1.0000   -1.0000   -1.0000
center:     128.0000 -129.0000 -129.0000
rotation matrix determinant  1.000000
image alignment mode   4355 decimal     1103 hex
   -7.5000  -30.0000  -45.0000 2107.7793   16.1625
    0.0000  -30.0000  -45.0000 2112.1550   16.1778
    7.5000  -30.0000  -45.0000 2094.2864   16.2388
   -7.5000  -22.5000  -45.0000 2223.7766   14.5639
    0.0000  -22.5000  -45.0000 2231.1836   14.5600
    7.5000  -22.5000  -45.0000 2209.8140   14.6584
   -7.5000  -15.0000  -45.0000 2321.4136   13.2642
    0.0000  -15.0000  -45.0000 2329.5254   13.2652
    7.5000  -15.0000  -45.0000 2310.9226   13.4001
   -7.5000   -7.5000  -45.0000 2403.3357   12.3112
    0.0000   -7.5000  -45.0000 2414.3311   12.3039
    7.5000   -7.5000  -45.0000 2392.3257   12.4281
   -7.5000    0.0000  -45.0000 2454.6421   11.6368
    0.0000    0.0000  -45.0000 2467.7651   11.6250
    7.5000    0.0000  -45.0000 2441.7864   11.7886
   -7.5000    7.5000  -45.0000 2484.1785   11.3099
    0.0000    7.5000  -45.0000 2496.1257   11.2669
    7.5000    7.5000  -45.0000 2463.8362   11.4203
   -7.5000   15.0000  -45.0000 2495.1956   11.1702
    0.0000   15.0000  -45.0000 2507.1506   11.1203
    7.5000   15.0000  -45.0000 2476.9487   11.2878
   -7.5000   22.5000  -45.0000 2492.6155   11.2734
    0.0000   22.5000  -45.0000 2504.5884   11.2263
    7.5000   22.5000  -45.0000 2480.7563   11.3828
   -7.5000   30.0000  -45.0000 2470.7583   11.5385
    0.0000   30.0000  -45.0000 2484.6572   11.4997
    7.5000   30.0000  -45.0000 2462.0178   11.6571
   -7.5000   37.5000  -45.0000 2438.9236   12.0107
    0.0000   37.5000  -45.0000 2448.7385   11.9722
    7.5000   37.5000  -45.0000 2426.9399   12.1420
   -7.5000   45.0000  -45.0000 2381.9529   12.6590
    0.0000   45.0000  -45.0000 2396.9719   12.6234
    7.5000   45.0000  -45.0000 2371.0857   12.7753
   -7.5000   52.5000  -45.0000 2286.8718   13.4510
    0.0000   52.5000  -45.0000 2299.4817   13.4120
    7.5000   52.5000  -45.0000 2275.9724   13.5713
   -7.5000   60.0000  -45.0000 2145.2593   14.3481
    0.0000   60.0000  -45.0000 2156.3611   14.3128
    7.5000   60.0000  -45.0000 2130.3374   14.4974
   -7.5000  -30.0000  -37.5000 2160.9280   15.2802
    0.0000  -30.0000  -37.5000 2170.8296   15.2661
    7.5000  -30.0000  -37.5000 2148.0132   15.3850
   -7.5000  -22.5000  -37.5000 2286.6462   13.7474
    0.0000  -22.5000  -37.5000 2298.3115   13.7261
    7.5000  -22.5000  -37.5000 2272.4470   13.8712
   -7.5000  -15.0000  -37.5000 2396.3296   12.4937
    0.0000  -15.0000  -37.5000 2405.3115   12.4749
    7.5000  -15.0000  -37.5000 2382.1299   12.6223
   -7.5000   -7.5000  -37.5000 2480.7449   11.5482
    0.0000   -7.5000  -37.5000 2489.7295   11.5231
    7.5000   -7.5000  -37.5000 2471.1650   11.6592
   -7.5000    0.0000  -37.5000 2538.4775   10.9180
    0.0000    0.0000  -37.5000 2549.8850   10.8830
    7.5000    0.0000  -37.5000 2523.4895   11.0409
   -7.5000    7.5000  -37.5000 2574.7556   10.5696
    0.0000    7.5000  -37.5000 2585.3167   10.5118
    7.5000    7.5000  -37.5000 2553.8308   10.6706
   -7.5000   15.0000  -37.5000 2597.5361   10.4259
    0.0000   15.0000  -37.5000 2604.7144   10.3580
    7.5000   15.0000  -37.5000 2576.9553   10.5225
   -7.5000   22.5000  -37.5000 2594.3594   10.4913
    0.0000   22.5000  -37.5000 2602.2263   10.4514
    7.5000   22.5000  -37.5000 2578.4612   10.5988
   -7.5000   30.0000  -37.5000 2570.7959   10.7178
    0.0000   30.0000  -37.5000 2582.4448   10.6840
    7.5000   30.0000  -37.5000 2559.2207   10.8529
   -7.5000   37.5000  -37.5000 2536.8582   11.1472
    0.0000   37.5000  -37.5000 2547.0823   11.0978
    7.5000   37.5000  -37.5000 2526.4844   11.2741
   -7.5000   45.0000  -37.5000 2477.9309   11.7646
    0.0000   45.0000  -37.5000 2490.0835   11.7158
    7.5000   45.0000  -37.5000 2467.9062   11.8802
   -7.5000   52.5000  -37.5000 2379.5107   12.4867
    0.0000   52.5000  -37.5000 2391.0166   12.4391
    7.5000   52.5000  -37.5000 2363.2231   12.6090
   -7.5000   60.0000  -37.5000 2229.3901   13.3282
    0.0000   60.0000  -37.5000 2237.8711   13.2782
    7.5000   60.0000  -37.5000 2210.9670   13.4484
   -7.5000  -30.0000  -30.0000 2247.9634   15.0723
    0.0000  -30.0000  -30.0000 2260.5454   15.0337
    7.5000  -30.0000  -30.0000 2238.9092   15.1920
   -7.5000  -22.5000  -30.0000 2382.8450   13.5018
    0.0000  -22.5000  -30.0000 2396.3538   13.4793
    7.5000  -22.5000  -30.0000 2372.0171   13.6245
   -7.5000  -15.0000  -30.0000 2496.5850   12.2430
    0.0000  -15.0000  -30.0000 2507.4089   12.2106
    7.5000  -15.0000  -30.0000 2484.6106   12.3634
   -7.5000   -7.5000  -30.0000 2590.0583   11.2921
    0.0000   -7.5000  -30.0000 2598.6255   11.2500
    7.5000   -7.5000  -30.0000 2581.2292   11.3803
   -7.5000    0.0000  -30.0000 2656.6394   10.6650
    0.0000    0.0000  -30.0000 2667.6829   10.6070
    7.5000    0.0000  -30.0000 2650.0608   10.7421
   -7.5000    7.5000  -30.0000 2703.2937   10.2542
    0.0000    7.5000  -30.0000 2712.5000   10.1931
    7.5000    7.5000  -30.0000 2689.4500   10.3450
   -7.5000   15.0000  -30.0000 2738.1604   10.0829
    0.0000   15.0000  -30.0000 2746.3435   10.0223
    7.5000   15.0000  -30.0000 2714.9382   10.1712
   -7.5000   22.5000  -30.0000 2740.9524   10.1166
    0.0000   22.5000  -30.0000 2751.0603   10.0846
    7.5000   22.5000  -30.0000 2719.6250   10.2328
   -7.5000   30.0000  -30.0000 2721.6055   10.3463
    0.0000   30.0000  -30.0000 2734.5173   10.2909
    7.5000   30.0000  -30.0000 2706.1528   10.4717
   -7.5000   37.5000  -30.0000 2682.6685   10.7585
    0.0000   37.5000  -30.0000 2695.6643   10.7039
    7.5000   37.5000  -30.0000 2668.3354   10.8643
   -7.5000   45.0000  -30.0000 2618.4224   11.3630
    0.0000   45.0000  -30.0000 2632.8215   11.2809
    7.5000   45.0000  -30.0000 2604.5652   11.4682
   -7.5000   52.5000  -30.0000 2508.0681   12.0659
    0.0000   52.5000  -30.0000 2521.3000   11.9853
    7.5000   52.5000  -30.0000 2494.9324   12.1686
   -7.5000   60.0000  -30.0000 2351.8352   12.8837
    0.0000   60.0000  -30.0000 2363.8425   12.8077
    7.5000   60.0000  -30.0000 2335.1624   12.9805
   -7.5000  -30.0000  -22.5000 2303.2637   14.8162
    0.0000  -30.0000  -22.5000 2316.2332   14.7594
    7.5000  -30.0000  -22.5000 2292.1523   14.8853
   -7.5000  -22.5000  -22.5000 2441.6755   13.1999
    0.0000  -22.5000  -22.5000 2452.6406   13.1566
    7.5000  -22.5000  -22.5000 2431.4087   13.2820
   -7.5000  -15.0000  -22.5000 2555.5713   11.9453
    0.0000  -15.0000  -22.5000 2568.0527   11.9065
    7.5000  -15.0000  -22.5000 2551.6841   12.0303
   -7.5000   -7.5000  -22.5000 2656.1946   10.9866
    0.0000   -7.5000  -22.5000 2668.2351   10.9582
    7.5000   -7.5000  -22.5000 2654.7937   11.0667
   -7.5000    0.0000  -22.5000 2737.2139   10.3244
    0.0000    0.0000  -22.5000 2750.2329   10.2903
    7.5000    0.0000  -22.5000 2736.1509   10.3912
   -7.5000    7.5000  -22.5000 2793.2292    9.8822
    0.0000    7.5000  -22.5000 2806.0225    9.8390
    7.5000    7.5000  -22.5000 2785.4590    9.9640
   -7.5000   15.0000  -22.5000 2834.4355    9.6537
    0.0000   15.0000  -22.5000 2849.4365    9.6035
    7.5000   15.0000  -22.5000 2817.0510    9.7358
   -7.5000   22.5000  -22.5000 2851.2671    9.6746
    0.0000   22.5000  -22.5000 2866.8999    9.6225
    7.5000   22.5000  -22.5000 2829.9014    9.7642
   -7.5000   30.0000  -22.5000 2838.7104    9.9175
    0.0000   30.0000  -22.5000 2854.0701    9.8417
    7.5000   30.0000  -22.5000 2818.0581   10.0086
   -7.5000   37.5000  -22.5000 2795.3804   10.3092
    0.0000   37.5000  -22.5000 2813.0969   10.2307
    7.5000   37.5000  -22.5000 2783.4578   10.3994
   -7.5000   45.0000  -22.5000 2725.3230   10.8887
    0.0000   45.0000  -22.5000 2741.5176   10.8072
    7.5000   45.0000  -22.5000 2714.6851   10.9770
   -7.5000   52.5000  -22.5000 2604.3792   11.5909
    0.0000   52.5000  -22.5000 2619.7490   11.5112
    7.5000   52.5000  -22.5000 2594.7981   11.6828
   -7.5000   60.0000  -22.5000 2442.5181   12.3749
    0.0000   60.0000  -22.5000 2450.8235   12.3111
    7.5000   60.0000  -22.5000 2430.3411   12.4674
   -7.5000  -30.0000  -15.0000 2321.4517   14.5318
    0.0000  -30.0000  -15.0000 2329.3699   14.4636
    7.5000  -30.0000  -15.0000 2309.3733   14.5953
   -7.5000  -22.5000  -15.0000 2462.5596   12.9202
    0.0000  -22.5000  -15.0000 2473.5493   12.8663
    7.5000  -22.5000  -15.0000 2454.0142   12.9917
   -7.5000  -15.0000  -15.0000 2573.5181   11.6491
    0.0000  -15.0000  -15.0000 2588.6255   11.6174
    7.5000  -15.0000  -15.0000 2574.8081   11.7441
   -7.5000   -7.5000  -15.0000 2683.0049   10.7016
    0.0000   -7.5000  -15.0000 2697.3901   10.6888
    7.5000   -7.5000  -15.0000 2687.4775   10.7961
   -7.5000    0.0000  -15.0000 2780.4434   10.0158
    0.0000    0.0000  -15.0000 2796.5063   10.0137
    7.5000    0.0000  -15.0000 2776.6052   10.0933
   -7.5000    7.5000  -15.0000 2849.1226    9.5363
    0.0000    7.5000  -15.0000 2867.6367    9.5297
    7.5000    7.5000  -15.0000 2844.2180    9.6259
   -7.5000   15.0000  -15.0000 2897.9587    9.2581
    0.0000   15.0000  -15.0000 2911.6853    9.2171
    7.5000   15.0000  -15.0000 2885.8281    9.3683
   -7.5000   22.5000  -15.0000 2923.2856    9.2312
    0.0000   22.5000  -15.0000 2941.7339    9.1729
    7.5000   22.5000  -15.0000 2907.0295    9.3560
   -7.5000   30.0000  -15.0000 2913.4155    9.4828
    0.0000   30.0000  -15.0000 2933.0730    9.4099
    7.5000   30.0000  -15.0000 2894.3445    9.6018
   -7.5000   37.5000  -15.0000 2862.5444    9.8799
    0.0000   37.5000  -15.0000 2885.6624    9.8075
    7.5000   37.5000  -15.0000 2854.6252    9.9926
   -7.5000   45.0000  -15.0000 2788.0059   10.4333
    0.0000   45.0000  -15.0000 2808.5425   10.3771
    7.5000   45.0000  -15.0000 2781.0874   10.5615
   -7.5000   52.5000  -15.0000 2669.1194   11.1123
    0.0000   52.5000  -15.0000 2685.3848   11.0671
    7.5000   52.5000  -15.0000 2657.3462   11.2528
   -7.5000   60.0000  -15.0000 2501.2119   11.9101
    0.0000   60.0000  -15.0000 2512.4958   11.8516
    7.5000   60.0000  -15.0000 2487.7190   12.0395
   -7.5000  -30.0000   -7.5000 2318.5303   14.3470
    0.0000  -30.0000   -7.5000 2325.9973   14.2388
    7.5000  -30.0000   -7.5000 2314.8872   14.4291
   -7.5000  -22.5000   -7.5000 2456.3367   12.7028
    0.0000  -22.5000   -7.5000 2464.7952   12.6444
    7.5000  -22.5000   -7.5000 2454.5630   12.8055
   -7.5000  -15.0000   -7.5000 2573.3142   11.4240
    0.0000  -15.0000   -7.5000 2586.0439   11.3973
    7.5000  -15.0000   -7.5000 2575.9561   11.5274
   -7.5000   -7.5000   -7.5000 2688.3135   10.4817
    0.0000   -7.5000   -7.5000 2703.3718   10.4780
    7.5000   -7.5000   -7.5000 2693.3462   10.5826
   -7.5000    0.0000   -7.5000 2797.0786    9.7745
    0.0000    0.0000   -7.5000 2814.3267    9.7861
    7.5000    0.0000   -7.5000 2794.2751    9.8463
   -7.5000    7.5000   -7.5000 2885.1587    9.2914
    0.0000    7.5000   -7.5000 2904.4419    9.3001
    7.5000    7.5000   -7.5000 2879.6765    9.3513
   -7.5000   15.0000   -7.5000 2944.8633    8.9897
    0.0000   15.0000   -7.5000 2962.5908    8.9802
    7.5000   15.0000   -7.5000 2933.4082    9.0687
   -7.5000   22.5000   -7.5000 2977.4299    8.8981
    0.0000   22.5000   -7.5000 2995.6357    8.8799
    7.5000   22.5000   -7.5000 2957.9326    9.0281
   -7.5000   30.0000   -7.5000 2961.3293    9.1456
    0.0000   30.0000   -7.5000 2980.7014    9.1154
    7.5000   30.0000   -7.5000 2935.6260    9.2775
   -7.5000   37.5000   -7.5000 2908.1328    9.5415
    0.0000   37.5000   -7.5000 2931.6963    9.4990
    7.5000   37.5000   -7.5000 2891.2151    9.6632
   -7.5000   45.0000   -7.5000 2831.0977   10.0832
    0.0000   45.0000   -7.5000 2852.0186   10.0447
    7.5000   45.0000   -7.5000 2816.1440   10.2009
   -7.5000   52.5000   -7.5000 2706.6062   10.7827
    0.0000   52.5000   -7.5000 2722.7666   10.7334
    7.5000   52.5000   -7.5000 2691.9060   10.8928
   -7.5000   60.0000   -7.5000 2535.9700   11.5975
    0.0000   60.0000   -7.5000 2550.4312   11.5205
    7.5000   60.0000   -7.5000 2519.5449   11.6988
   -7.5000  -30.0000    0.0000 2300.5073   14.3113
    0.0000  -30.0000    0.0000 2310.3972   14.2725
    7.5000  -30.0000    0.0000 2303.0911   14.4212
   -7.5000  -22.5000    0.0000 2436.7876   12.6532
    0.0000  -22.5000    0.0000 2446.7478   12.6389
    7.5000  -22.5000    0.0000 2436.7366   12.7610
   -7.5000  -15.0000    0.0000 2558.3875   11.3658
    0.0000  -15.0000    0.0000 2569.6826   11.3587
    7.5000  -15.0000    0.0000 2560.4109   11.4784
   -7.5000   -7.5000    0.0000 2677.0627   10.3999
    0.0000   -7.5000    0.0000 2692.3367   10.4187
    7.5000   -7.5000    0.0000 2681.1731   10.5182
   -7.5000    0.0000    0.0000 2789.1719    9.6791
    0.0000    0.0000    0.0000 2807.6819    9.7229
    7.5000    0.0000    0.0000 2792.5427    9.7823
   -7.5000    7.5000    0.0000 2893.7500    9.2182
    0.0000    7.5000    0.0000 2915.7346    9.2671
    7.5000    7.5000    0.0000 2888.1702    9.2794
   -7.5000   15.0000    0.0000 2974.5686    8.9569
    0.0000   15.0000    0.0000 3000.8650    8.9912
    7.5000   15.0000    0.0000 2956.3152    9.0022
   -7.5000   22.5000    0.0000 3017.5508    8.8397
    0.0000   22.5000    0.0000 3042.7229    8.8925
    7.5000   22.5000    0.0000 2986.6267    8.9147
   -7.5000   30.0000    0.0000 2993.7141    9.0102
    0.0000   30.0000    0.0000 3020.2720    9.0305
    7.5000   30.0000    0.0000 2957.3984    9.1178
   -7.5000   37.5000    0.0000 2928.8596    9.3673
    0.0000   37.5000    0.0000 2952.9905    9.3615
    7.5000   37.5000    0.0000 2903.2561    9.4894
   -7.5000   45.0000    0.0000 2846.9302    9.9183
    0.0000   45.0000    0.0000 2868.2644    9.8901
    7.5000   45.0000    0.0000 2829.0334   10.0297
   -7.5000   52.5000    0.0000 2723.1482   10.6182
    0.0000   52.5000    0.0000 2738.9526   10.5780
    7.5000   52.5000    0.0000 2703.1279   10.7281
   -7.5000   60.0000    0.0000 2548.1450   11.4367
    0.0000   60.0000    0.0000 2560.9180   11.3757
    7.5000   60.0000    0.0000 2530.5037   11.5253
   -7.5000  -30.0000    7.5000 2279.4802   14.4955
    0.0000  -30.0000    7.5000 2293.4575   14.4831
    7.5000  -30.0000    7.5000 2277.9685   14.6497
   -7.5000  -22.5000    7.5000 2408.4065   12.7798
    0.0000  -22.5000    7.5000 2420.7092   12.7510
    7.5000  -22.5000    7.5000 2408.3489   12.9191
   -7.5000  -15.0000    7.5000 2529.5005   11.4735
    0.0000  -15.0000    7.5000 2537.9678   11.4513
    7.5000  -15.0000    7.5000 2529.9609   11.6122
   -7.5000   -7.5000    7.5000 2650.1375   10.5088
    0.0000   -7.5000    7.5000 2661.9939   10.5200
    7.5000   -7.5000    7.5000 2649.2297   10.6227
   -7.5000    0.0000    7.5000 2765.2366    9.7983
    0.0000    0.0000    7.5000 2778.1536    9.8501
    7.5000    0.0000    7.5000 2762.6079    9.8968
   -7.5000    7.5000    7.5000 2877.0015    9.3649
    0.0000    7.5000    7.5000 2900.1001    9.4525
    7.5000    7.5000    7.5000 2865.4468    9.4198
   -7.5000   15.0000    7.5000 2966.1936    9.1010
    0.0000   15.0000    7.5000 2996.8250    9.2021
    7.5000   15.0000    7.5000 2939.2048    9.1341
   -7.5000   22.5000    7.5000 3024.5857    8.9582
    0.0000   22.5000    7.5000 3057.2917    9.0323
    7.5000   22.5000    7.5000 2982.0247    8.9987
   -7.5000   30.0000    7.5000 3001.5676    9.0664
    0.0000   30.0000    7.5000 3031.5178    9.0935
    7.5000   30.0000    7.5000 2963.1616    9.1521
   -7.5000   37.5000    7.5000 2931.4482    9.3955
    0.0000   37.5000    7.5000 2956.6118    9.3799
    7.5000   37.5000    7.5000 2905.9829    9.5222
   -7.5000   45.0000    7.5000 2837.9407    9.9366
    0.0000   45.0000    7.5000 2856.9246    9.9005
    7.5000   45.0000    7.5000 2824.8870   10.0623
   -7.5000   52.5000    7.5000 2712.9465   10.6205
    0.0000   52.5000    7.5000 2728.4844   10.5573
    7.5000   52.5000    7.5000 2701.2407   10.7434
   -7.5000   60.0000    7.5000 2545.8408   11.4023
    0.0000   60.0000    7.5000 2556.2773   11.3362
    7.5000   60.0000    7.5000 2531.9958   11.5233
   -7.5000  -30.0000   15.0000 2251.3357   14.9023
    0.0000  -30.0000   15.0000 2259.2996   14.8650
    7.5000  -30.0000   15.0000 2243.4556   15.0541
   -7.5000  -22.5000   15.0000 2378.3369   13.1331
    0.0000  -22.5000   15.0000 2385.6892   13.0842
    7.5000  -22.5000   15.0000 2374.9146   13.2941
   -7.5000  -15.0000   15.0000 2497.1133   11.7807
    0.0000  -15.0000   15.0000 2505.1130   11.7477
    7.5000  -15.0000   15.0000 2493.6768   11.9187
   -7.5000   -7.5000   15.0000 2616.1560   10.8055
    0.0000   -7.5000   15.0000 2622.4988   10.7976
    7.5000   -7.5000   15.0000 2610.4661   10.9344
   -7.5000    0.0000   15.0000 2730.0979   10.1051
    0.0000    0.0000   15.0000 2738.0222   10.1201
    7.5000    0.0000   15.0000 2724.3748   10.2072
   -7.5000    7.5000   15.0000 2842.1165    9.6380
    0.0000    7.5000   15.0000 2859.2166    9.6794
    7.5000    7.5000   15.0000 2827.4871    9.6988
   -7.5000   15.0000   15.0000 2927.1843    9.3002
    0.0000   15.0000   15.0000 2954.0505    9.3354
    7.5000   15.0000   15.0000 2903.8416    9.3723
   -7.5000   22.5000   15.0000 2984.0947    9.1139
    0.0000   22.5000   15.0000 3012.2810    9.1082
    7.5000   22.5000   15.0000 2952.2927    9.2044
   -7.5000   30.0000   15.0000 2969.1174    9.2289
    0.0000   30.0000   15.0000 2996.8049    9.1939
    7.5000   30.0000   15.0000 2938.4058    9.3507
   -7.5000   37.5000   15.0000 2910.3035    9.6224
    0.0000   37.5000   15.0000 2931.6580    9.5863
    7.5000   37.5000   15.0000 2888.4277    9.7572
   -7.5000   45.0000   15.0000 2809.8440   10.2100
    0.0000   45.0000   15.0000 2825.5908   10.1773
    7.5000   45.0000   15.0000 2801.5483   10.3540
   -7.5000   52.5000   15.0000 2683.4602   10.8654
    0.0000   52.5000   15.0000 2696.2539   10.8173
    7.5000   52.5000   15.0000 2675.1746   11.0006
   -7.5000   60.0000   15.0000 2520.1333   11.5828
    0.0000   60.0000   15.0000 2525.8508   11.5374
    7.5000   60.0000   15.0000 2507.8416   11.7140
   -7.5000  -30.0000   22.5000 2211.3291   15.5413
    0.0000  -30.0000   22.5000 2218.0349   15.4732
    7.5000  -30.0000   22.5000 2203.7390   15.7160
   -7.5000  -22.5000   22.5000 2340.3896   13.6907
    0.0000  -22.5000   22.5000 2347.8674   13.6398
    7.5000  -22.5000   22.5000 2334.7764   13.8722
   -7.5000  -15.0000   22.5000 2459.7402   12.3177
    0.0000  -15.0000   22.5000 2465.0044   12.2356
    7.5000  -15.0000   22.5000 2451.0376   12.4741
   -7.5000   -7.5000   22.5000 2569.5620   11.2855
    0.0000   -7.5000   22.5000 2576.6726   11.2276
    7.5000   -7.5000   22.5000 2563.7385   11.4450
   -7.5000    0.0000   22.5000 2686.2522   10.5529
    0.0000    0.0000   22.5000 2690.2578   10.5215
    7.5000    0.0000   22.5000 2680.5618   10.6913
   -7.5000    7.5000   22.5000 2792.7849   10.0272
    0.0000    7.5000   22.5000 2805.2190   10.0232
    7.5000    7.5000   22.5000 2780.5737   10.1393
   -7.5000   15.0000   22.5000 2869.2371    9.6374
    0.0000   15.0000   22.5000 2887.1289    9.6146
    7.5000   15.0000   22.5000 2851.4001    9.7541
   -7.5000   22.5000   22.5000 2908.8267    9.4459
    0.0000   22.5000   22.5000 2932.1956    9.3983
    7.5000   22.5000   22.5000 2890.6943    9.5670
   -7.5000   30.0000   22.5000 2904.4949    9.5451
    0.0000   30.0000   22.5000 2923.4895    9.4941
    7.5000   30.0000   22.5000 2883.9861    9.6726
   -7.5000   37.5000   22.5000 2862.8103    9.9453
    0.0000   37.5000   22.5000 2875.7844    9.9082
    7.5000   37.5000   22.5000 2838.4368   10.0747
   -7.5000   45.0000   22.5000 2770.0845   10.5546
    0.0000   45.0000   22.5000 2785.9568   10.5023
    7.5000   45.0000   22.5000 2763.6304   10.6731
   -7.5000   52.5000   22.5000 2643.5010   11.2481
    0.0000   52.5000   22.5000 2656.0879   11.1884
    7.5000   52.5000   22.5000 2640.0786   11.3701
   -7.5000   60.0000   22.5000 2479.8350   11.9551
    0.0000   60.0000   22.5000 2491.4766   11.9093
    7.5000   60.0000   22.5000 2470.5623   12.0812
   -7.5000  -30.0000   30.0000 2155.9736   16.3909
    0.0000  -30.0000   30.0000 2161.7756   16.2511
    7.5000  -30.0000   30.0000 2150.4316   16.5621
   -7.5000  -22.5000   30.0000 2290.3435   14.4603
    0.0000  -22.5000   30.0000 2297.5378   14.3220
    7.5000  -22.5000   30.0000 2285.8474   14.6522
   -7.5000  -15.0000   30.0000 2415.4053   12.9878
    0.0000  -15.0000   30.0000 2419.3096   12.8711
    7.5000  -15.0000   30.0000 2404.9492   13.1662
   -7.5000   -7.5000   30.0000 2521.7310   11.8907
    0.0000   -7.5000   30.0000 2529.8240   11.7996
    7.5000   -7.5000   30.0000 2516.9900   12.0822
   -7.5000    0.0000   30.0000 2637.6946   11.1083
    0.0000    0.0000   30.0000 2641.2549   11.0559
    7.5000    0.0000   30.0000 2629.2969   11.2677
   -7.5000    7.5000   30.0000 2734.3452   10.5377
    0.0000    7.5000   30.0000 2744.3862   10.4667
    7.5000    7.5000   30.0000 2722.5830   10.6875
   -7.5000   15.0000   30.0000 2799.5532   10.1219
    0.0000   15.0000   30.0000 2813.2734   10.0499
    7.5000   15.0000   30.0000 2782.4602   10.2704
   -7.5000   22.5000   30.0000 2826.1504    9.9320
    0.0000   22.5000   30.0000 2843.0862    9.8587
    7.5000   22.5000   30.0000 2810.5876   10.0653
   -7.5000   30.0000   30.0000 2818.5425   10.0063
    0.0000   30.0000   30.0000 2838.0791    9.9548
    7.5000   30.0000   30.0000 2807.5981   10.1287
   -7.5000   37.5000   30.0000 2784.2480   10.4130
    0.0000   37.5000   30.0000 2795.6506   10.3609
    7.5000   37.5000   30.0000 2768.2954   10.5349
   -7.5000   45.0000   30.0000 2709.1213   11.0021
    0.0000   45.0000   30.0000 2726.2747   10.9309
    7.5000   45.0000   30.0000 2699.4736   11.1051
   -7.5000   52.5000   30.0000 2594.2407   11.6808
    0.0000   52.5000   30.0000 2607.5723   11.6112
    7.5000   52.5000   30.0000 2587.1077   11.8092
   -7.5000   60.0000   30.0000 2429.9067   12.4102
    0.0000   60.0000   30.0000 2444.7249   12.3641
    7.5000   60.0000   30.0000 2425.4062   12.5229
   -7.5000  -30.0000   37.5000 2097.8674   17.3875
    0.0000  -30.0000   37.5000 2105.6333   17.2070
    7.5000  -30.0000   37.5000 2095.6301   17.5687
   -7.5000  -22.5000   37.5000 2235.6184   15.3095
    0.0000  -22.5000   37.5000 2246.0327   15.1431
    7.5000  -22.5000   37.5000 2233.6250   15.5189
   -7.5000  -15.0000   37.5000 2361.5571   13.7566
    0.0000  -15.0000   37.5000 2370.0967   13.5976
    7.5000  -15.0000   37.5000 2353.6150   13.9821
   -7.5000   -7.5000   37.5000 2469.7913   12.6226
    0.0000   -7.5000   37.5000 2476.3789   12.4992
    7.5000   -7.5000   37.5000 2460.6794   12.8395
   -7.5000    0.0000   37.5000 2576.2292   11.8199
    0.0000    0.0000   37.5000 2580.2861   11.7236
    7.5000    0.0000   37.5000 2565.3237   12.0046
   -7.5000    7.5000   37.5000 2664.4299   11.1835
    0.0000    7.5000   37.5000 2673.3499   11.0890
    7.5000    7.5000   37.5000 2648.2231   11.3502
   -7.5000   15.0000   37.5000 2721.3457   10.7501
    0.0000   15.0000   37.5000 2731.2842   10.6560
    7.5000   15.0000   37.5000 2703.4358   10.9257
   -7.5000   22.5000   37.5000 2741.8645   10.5658
    0.0000   22.5000   37.5000 2755.7151   10.4728
    7.5000   22.5000   37.5000 2729.4778   10.6989
   -7.5000   30.0000   37.5000 2731.1565   10.6513
    0.0000   30.0000   37.5000 2748.1155   10.5824
    7.5000   30.0000   37.5000 2726.7996   10.7623
   -7.5000   37.5000   37.5000 2696.7998   11.0238
    0.0000   37.5000   37.5000 2711.1624   10.9407
    7.5000   37.5000   37.5000 2689.2251   11.1360
   -7.5000   45.0000   37.5000 2631.5422   11.5854
    0.0000   45.0000   37.5000 2648.4893   11.4840
    7.5000   45.0000   37.5000 2622.6323   11.6835
   -7.5000   52.5000   37.5000 2529.7988   12.2386
    0.0000   52.5000   37.5000 2538.0598   12.1545
    7.5000   52.5000   37.5000 2520.2280   12.3571
   -7.5000   60.0000   37.5000 2373.8669   12.9437
    0.0000   60.0000   37.5000 2385.0217   12.8793
    7.5000   60.0000   37.5000 2369.1306   13.0543
   -7.5000  -30.0000   45.0000 2038.2952   18.5401
    0.0000  -30.0000   45.0000 2044.7295   18.3473
    7.5000  -30.0000   45.0000 2030.8691   18.7633
   -7.5000  -22.5000   45.0000 2178.1492   16.3255
    0.0000  -22.5000   45.0000 2188.2092   16.1421
    7.5000  -22.5000   45.0000 2171.7019   16.5770
   -7.5000  -15.0000   45.0000 2297.4182   14.6947
    0.0000  -15.0000   45.0000 2307.2039   14.5203
    7.5000  -15.0000   45.0000 2289.0308   14.9394
   -7.5000   -7.5000   45.0000 2408.6592   13.5363
    0.0000   -7.5000   45.0000 2414.1470   13.4008
    7.5000   -7.5000   45.0000 2394.9470   13.7474
   -7.5000    0.0000   45.0000 2502.6807   12.6881
    0.0000    0.0000   45.0000 2512.1250   12.5767
    7.5000    0.0000   45.0000 2490.5281   12.8815
   -7.5000    7.5000   45.0000 2579.3765   11.9828
    0.0000    7.5000   45.0000 2588.4067   11.9120
    7.5000    7.5000   45.0000 2565.3430   12.1840
   -7.5000   15.0000   45.0000 2625.7593   11.5495
    0.0000   15.0000   45.0000 2636.3135   11.4492
    7.5000   15.0000   45.0000 2609.3708   11.7388
   -7.5000   22.5000   45.0000 2647.2986   11.3372
    0.0000   22.5000   45.0000 2657.0122   11.2560
    7.5000   22.5000   45.0000 2637.5344   11.4872
   -7.5000   30.0000   45.0000 2640.4695   11.4173
    0.0000   30.0000   45.0000 2658.2598   11.3423
    7.5000   30.0000   45.0000 2637.1750   11.5285
   -7.5000   37.5000   45.0000 2605.6118   11.7674
    0.0000   37.5000   45.0000 2621.7197   11.6854
    7.5000   37.5000   45.0000 2604.3743   11.8890
   -7.5000   45.0000   45.0000 2549.6538   12.2972
    0.0000   45.0000   45.0000 2568.3611   12.2101
    7.5000   45.0000   45.0000 2544.1162   12.4235
   -7.5000   52.5000   45.0000 2455.3020   12.9279
    0.0000   52.5000   45.0000 2467.2668   12.8675
    7.5000   52.5000   45.0000 2444.9810   13.0554
   -7.5000   60.0000   45.0000 2302.9617   13.6369
    0.0000   60.0000   45.0000 2314.1326   13.5610
    7.5000   60.0000   45.0000 2296.0508   13.7492

---------------------------------------------------------------------
imgreg_4dfp /opt/freesurfer/average/711-2C_as_mni_average_305 /opt/freesurfer/average/711-2B_as_mni_average_305_mask talsrcimg_g11 none talsrcimg_to_711-2C_as_mni_average_305_t4 1283
---------------------------------------------------------------------

freesurfer imgreg_4dfp.c
/opt/freesurfer/average/711-2C_as_mni_average_305.4dfp.img
       256       256       256         1
  1.000000  1.000000  1.000000
orientation T byte_order littleendian
Reading image: /opt/freesurfer/average/711-2C_as_mni_average_305.4dfp.img
dimensions:      256       256       256
mmppix:       1.0000   -1.0000   -1.0000
center:     128.0000 -129.0000 -129.0000
/opt/freesurfer/average/711-2B_as_mni_average_305_mask.4dfp.img
       256       256       256         1
  1.000000  1.000000  1.000000
orientation T byte_order littleendian
Reading mask: /opt/freesurfer/average/711-2B_as_mni_average_305_mask.4dfp.img (2306576 pixels)
talsrcimg_g11.4dfp.img
       256       256       256         1
  1.000000  1.000000  1.000000
orientation T byte_order littleendian
Reading image: talsrcimg_g11.4dfp.img
dimensions:      256       256       256
mmppix:       1.0000   -1.0000   -1.0000
center:     128.0000 -129.0000 -129.0000
rotation matrix determinant  1.000000
fimgreg.f
image alignment mode   1283 decimal      503 hex
parameters
    0.0000   22.5000    7.5000    0.0000    0.0000    0.0000
eta,q 0.95873  9.03108
niter,ni,del,rscale     5    3   12.0000    1.2000
parameter  4 15.748534 ->  0.500000 qaram    1.1500
parameters
   -1.4413   23.7563    5.8133   -3.4500    0.0782   -0.2073
eta,q 0.96647  9.00193
  0.0465  0.0509  0.0420  0.0315  0.0403  0.0404
  0.0417  0.0443  0.0398  0.0328  0.0368  0.0363
  0.0397  0.0406  0.0391  0.0358  0.0346  0.0341
  0.0401  0.0393  0.0391  0.0392  0.0335  0.0335
  0.0435  0.0392  0.0407  0.0421  0.0342  0.0347
  0.0498  0.0408  0.0449  0.0446  0.0367  0.0374
  0.0575  0.0433  0.0504  0.0471  0.0399  0.0410
niter,ni,del,rscale     5    3   12.0000    1.2000
parameter  4  0.561625 ->  0.500000 qaram    1.3225
parameters
   -1.5257   24.3266    4.8937   -7.4175    1.0867   -0.5006
eta,q 0.97011  9.02208
  0.0476  0.0469  0.0390  0.0340  0.0404  0.0370
  0.0407  0.0394  0.0359  0.0305  0.0356  0.0331
  0.0357  0.0346  0.0339  0.0307  0.0321  0.0304
  0.0335  0.0335  0.0337  0.0336  0.0303  0.0300
  0.0351  0.0349  0.0354  0.0375  0.0299  0.0314
  0.0409  0.0377  0.0388  0.0414  0.0318  0.0342
  0.0490  0.0416  0.0441  0.0445  0.0355  0.0382
niter,ni,del,rscale     5    3   12.0000    1.2000
parameters
   -1.9318   25.9212    4.2251   -8.0243    1.4767   -0.4743
eta,q 0.97158  9.01027
  0.0443  0.0473  0.0365  0.0398  0.0374  0.0360
  0.0358  0.0414  0.0316  0.0346  0.0330  0.0323
  0.0305  0.0344  0.0294  0.0288  0.0299  0.0294
  0.0299  0.0297  0.0291  0.0290  0.0285  0.0284
  0.0328  0.0293  0.0309  0.0326  0.0288  0.0292
  0.0394  0.0313  0.0346  0.0374  0.0315  0.0319
  0.0480  0.0365  0.0404  0.0423  0.0356  0.0361
niter,ni,del,rscale     4    3   12.0000    1.2000
parameters
   -2.0501   26.0666    4.1735   -8.2253    1.5418   -0.4427
eta,q 0.97173  9.00864
  0.0445  0.0424  0.0381  0.0407  0.0365  0.0359
  0.0354  0.0359  0.0323  0.0357  0.0324  0.0322
  0.0293  0.0299  0.0293  0.0295  0.0293  0.0293
  0.0284  0.0284  0.0284  0.0284  0.0283  0.0283
  0.0312  0.0300  0.0296  0.0316  0.0290  0.0290
  0.0371  0.0342  0.0329  0.0364  0.0319  0.0318
  0.0447  0.0414  0.0381  0.0415  0.0363  0.0361
niter,ni,del,rscale     3    3   12.0000    1.2000
parameters
   -2.0598   26.1507    4.1542   -8.2909    1.5510   -0.4339
eta,q 0.97175  9.00838
  0.0450  0.0422  0.0381  0.0411  0.0363  0.0358
  0.0358  0.0356  0.0323  0.0362  0.0322  0.0322
  0.0294  0.0297  0.0292  0.0297  0.0293  0.0292
  0.0283  0.0283  0.0283  0.0283  0.0283  0.0283
  0.0308  0.0300  0.0295  0.0313  0.0290  0.0290
  0.0366  0.0344  0.0327  0.0361  0.0320  0.0318
  0.0442  0.0417  0.0380  0.0413  0.0365  0.0361
niter,ni,del,rscale     2    3   12.0000    1.2000
parameters
   -2.0594   26.1815    4.1473   -8.3131    1.5524   -0.4318
eta,q 0.97175  9.00830
  0.0451  0.0420  0.0381  0.0412  0.0363  0.0358
  0.0358  0.0354  0.0323  0.0363  0.0322  0.0322
  0.0294  0.0296  0.0292  0.0298  0.0293  0.0292
  0.0283  0.0283  0.0283  0.0283  0.0282  0.0282
  0.0308  0.0300  0.0294  0.0312  0.0290  0.0290
  0.0366  0.0346  0.0327  0.0360  0.0320  0.0318
  0.0441  0.0419  0.0379  0.0412  0.0365  0.0361
registration optimization eta report
parameter search radius
    6.0000    6.0000    6.0000    7.9350    6.0000    6.0000
100000*second partial in parameter space
       45.       38.       27.       20.       23.       21.
  0.0451  0.0420  0.0381  0.0412  0.0363  0.0358
  0.0358  0.0354  0.0323  0.0363  0.0322  0.0322
  0.0294  0.0296  0.0292  0.0298  0.0293  0.0292
  0.0283  0.0283  0.0283  0.0283  0.0282  0.0282
  0.0308  0.0300  0.0294  0.0312  0.0290  0.0290
  0.0366  0.0346  0.0327  0.0360  0.0320  0.0318
  0.0441  0.0419  0.0379  0.0412  0.0365  0.0361
   -2.0594   26.1815    4.1473   -8.3131    1.5524   -0.4318
eta,q 0.97175  9.00830

---------------------------------------------------------------------
imgreg_4dfp /opt/freesurfer/average/711-2C_as_mni_average_305 /opt/freesurfer/average/711-2B_as_mni_average_305_mask talsrcimg_g11 none talsrcimg_to_711-2C_as_mni_average_305_t4 3335
---------------------------------------------------------------------

freesurfer imgreg_4dfp.c
/opt/freesurfer/average/711-2C_as_mni_average_305.4dfp.img
       256       256       256         1
  1.000000  1.000000  1.000000
orientation T byte_order littleendian
Reading image: /opt/freesurfer/average/711-2C_as_mni_average_305.4dfp.img
dimensions:      256       256       256
mmppix:       1.0000   -1.0000   -1.0000
center:     128.0000 -129.0000 -129.0000
/opt/freesurfer/average/711-2B_as_mni_average_305_mask.4dfp.img
       256       256       256         1
  1.000000  1.000000  1.000000
orientation T byte_order littleendian
Reading mask: /opt/freesurfer/average/711-2B_as_mni_average_305_mask.4dfp.img (2306576 pixels)
talsrcimg_g11.4dfp.img
       256       256       256         1
  1.000000  1.000000  1.000000
orientation T byte_order littleendian
Reading image: talsrcimg_g11.4dfp.img
dimensions:      256       256       256
mmppix:       1.0000   -1.0000   -1.0000
center:     128.0000 -129.0000 -129.0000
fimgreg.f
image alignment mode   3335 decimal      D07 hex
parameters
   -2.0594   26.1815    4.1473   -0.0395   -1.0565   -1.0870
    1.1373   -2.5716   -0.7533   14.4781    2.7091  -14.4530
eta,q 0.97108  9.02975
niter,ni,del,rscale     5    3    5.0000    1.2000
parameter  5  2.453448 ->  0.500000 qaram    1.1500
parameters
   -2.0178   26.2505    4.2838   -2.6135   -5.1965   -4.5111
    1.3359   -1.0838    0.4120   14.1176    2.6160  -15.4411
eta,q 0.97608  8.77710
  0.0323  0.0313  0.0311  0.0295  0.0226  0.0250  0.0266  0.0301  0.0265  0.0272  0.0250  0.0252
  0.0305  0.0299  0.0299  0.0291  0.0243  0.0243  0.0253  0.0274  0.0253  0.0255  0.0245  0.0244
  0.0294  0.0291  0.0292  0.0289  0.0266  0.0244  0.0245  0.0254  0.0245  0.0243  0.0241  0.0240
  0.0289  0.0289  0.0289  0.0289  0.0289  0.0249  0.0243  0.0242  0.0240  0.0240  0.0240  0.0240
  0.0292  0.0292  0.0291  0.0296  0.0314  0.0263  0.0245  0.0241  0.0240  0.0246  0.0241  0.0243
  0.0303  0.0299  0.0297  0.0312  0.0345  0.0290  0.0252  0.0250  0.0244  0.0259  0.0244  0.0250
  0.0322  0.0309  0.0306  0.0336  0.0382  0.0325  0.0263  0.0268  0.0253  0.0280  0.0251  0.0260
niter,ni,del,rscale     5    3    5.0000    1.2000
parameter  5  1.099757 ->  0.500000 qaram    1.3225
parameters
   -1.9524   25.7128    4.0466   -2.7641   -9.9575   -4.5100
    1.2288   -1.0974    0.2979   14.5728    2.8347  -16.6198
eta,q 0.97951  8.66094
  0.0273  0.0253  0.0254  0.0253  0.0203  0.0232  0.0236  0.0251  0.0231  0.0250  0.0217  0.0218
  0.0255  0.0243  0.0245  0.0244  0.0205  0.0220  0.0221  0.0227  0.0217  0.0229  0.0211  0.0210
  0.0243  0.0239  0.0239  0.0239  0.0216  0.0210  0.0210  0.0212  0.0209  0.0215  0.0207  0.0205
  0.0239  0.0239  0.0238  0.0238  0.0238  0.0206  0.0206  0.0206  0.0206  0.0206  0.0206  0.0206
  0.0242  0.0245  0.0241  0.0239  0.0263  0.0209  0.0211  0.0212  0.0210  0.0207  0.0207  0.0210
  0.0252  0.0258  0.0249  0.0243  0.0291  0.0215  0.0222  0.0227  0.0219  0.0220  0.0210  0.0218
  0.0269  0.0277  0.0262  0.0255  0.0328  0.0236  0.0238  0.0251  0.0232  0.0243  0.0216  0.0228
niter,ni,del,rscale     5    3    5.0000    1.2000
parameters
   -1.9921   25.5202    4.2946   -2.4274  -12.6742   -3.8743
    1.2833   -1.1626    0.2898   14.9504    2.9485  -16.8950
eta,q 0.98004  8.62292
  0.0239  0.0234  0.0228  0.0226  0.0230  0.0229  0.0234  0.0243  0.0226  0.0239  0.0211  0.0215
  0.0220  0.0216  0.0217  0.0214  0.0209  0.0215  0.0216  0.0220  0.0212  0.0219  0.0205  0.0206
  0.0208  0.0207  0.0209  0.0207  0.0200  0.0205  0.0204  0.0205  0.0203  0.0206  0.0201  0.0201
  0.0205  0.0205  0.0205  0.0204  0.0204  0.0200  0.0200  0.0200  0.0200  0.0200  0.0200  0.0200
  0.0210  0.0211  0.0205  0.0205  0.0224  0.0201  0.0204  0.0205  0.0203  0.0201  0.0201  0.0202
  0.0222  0.0225  0.0210  0.0211  0.0254  0.0206  0.0216  0.0220  0.0212  0.0212  0.0204  0.0208
  0.0242  0.0244  0.0221  0.0223  0.0285  0.0222  0.0233  0.0245  0.0226  0.0233  0.0210  0.0217
niter,ni,del,rscale     4    3    5.0000    1.2000
parameters
   -1.9846   25.5696    4.5531   -1.8397  -13.0477   -3.6832
    1.2672   -1.1786    0.2723   15.0433    3.0301  -16.8160
eta,q 0.98011  8.63609
  0.0236  0.0233  0.0222  0.0224  0.0250  0.0226  0.0233  0.0243  0.0225  0.0235  0.0210  0.0216
  0.0216  0.0214  0.0211  0.0211  0.0224  0.0213  0.0215  0.0219  0.0211  0.0216  0.0204  0.0207
  0.0204  0.0203  0.0204  0.0203  0.0205  0.0203  0.0203  0.0204  0.0202  0.0204  0.0200  0.0201
  0.0200  0.0200  0.0200  0.0199  0.0199  0.0199  0.0199  0.0199  0.0199  0.0199  0.0199  0.0199
  0.0204  0.0203  0.0200  0.0200  0.0206  0.0201  0.0203  0.0204  0.0202  0.0201  0.0200  0.0201
  0.0216  0.0213  0.0205  0.0205  0.0230  0.0207  0.0215  0.0219  0.0211  0.0213  0.0204  0.0207
  0.0235  0.0230  0.0215  0.0218  0.0259  0.0226  0.0233  0.0244  0.0225  0.0235  0.0210  0.0215
niter,ni,del,rscale     3    3    5.0000    1.2000
parameters
   -1.9645   25.5733    4.5828   -1.7770  -13.1195   -3.6605
    1.2626   -1.1862    0.2577   15.0405    3.0548  -16.8026
eta,q 0.98011  8.63655
  0.0236  0.0231  0.0218  0.0221  0.0253  0.0225  0.0233  0.0243  0.0225  0.0234  0.0210  0.0216
  0.0216  0.0213  0.0209  0.0209  0.0227  0.0212  0.0215  0.0219  0.0211  0.0215  0.0204  0.0206
  0.0203  0.0202  0.0202  0.0202  0.0206  0.0202  0.0203  0.0204  0.0202  0.0203  0.0200  0.0201
  0.0199  0.0199  0.0199  0.0199  0.0199  0.0199  0.0199  0.0199  0.0199  0.0199  0.0199  0.0199
  0.0203  0.0203  0.0200  0.0200  0.0204  0.0201  0.0203  0.0204  0.0202  0.0201  0.0200  0.0201
  0.0215  0.0213  0.0207  0.0207  0.0227  0.0208  0.0215  0.0219  0.0211  0.0214  0.0204  0.0207
  0.0234  0.0230  0.0218  0.0222  0.0256  0.0228  0.0233  0.0243  0.0225  0.0236  0.0210  0.0215
niter,ni,del,rscale     2    3    5.0000    1.2000
parameters
   -1.9623   25.5737    4.5898   -1.7608  -13.1306   -3.6559
    1.2659   -1.1879    0.2522   15.0443    3.0633  -16.7998
eta,q 0.98011  8.63691
  0.0235  0.0231  0.0218  0.0221  0.0254  0.0225  0.0233  0.0243  0.0225  0.0234  0.0210  0.0216
  0.0215  0.0213  0.0208  0.0209  0.0227  0.0212  0.0215  0.0219  0.0211  0.0215  0.0204  0.0206
  0.0203  0.0202  0.0202  0.0202  0.0207  0.0202  0.0203  0.0204  0.0202  0.0203  0.0200  0.0201
  0.0199  0.0199  0.0199  0.0199  0.0199  0.0199  0.0199  0.0199  0.0199  0.0199  0.0199  0.0199
  0.0203  0.0203  0.0201  0.0200  0.0204  0.0201  0.0203  0.0204  0.0202  0.0201  0.0200  0.0201
  0.0215  0.0213  0.0207  0.0207  0.0226  0.0208  0.0215  0.0219  0.0211  0.0214  0.0204  0.0207
  0.0235  0.0230  0.0219  0.0222  0.0256  0.0228  0.0233  0.0243  0.0225  0.0236  0.0211  0.0215
registration optimization eta report
parameter search radius
    2.4000    2.4000    2.4000    7.2000    9.5220    7.2000
    7.2000    7.2000    7.2000    7.2000    7.2000    7.2000
100000*second partial in parameter space
       62.       55.       33.        4.        6.        5.
        6.        9.        5.        7.        2.        3.
  0.0235  0.0231  0.0218  0.0221  0.0254  0.0225  0.0233  0.0243  0.0225  0.0234  0.0210  0.0216
  0.0215  0.0213  0.0208  0.0209  0.0227  0.0212  0.0215  0.0219  0.0211  0.0215  0.0204  0.0206
  0.0203  0.0202  0.0202  0.0202  0.0207  0.0202  0.0203  0.0204  0.0202  0.0203  0.0200  0.0201
  0.0199  0.0199  0.0199  0.0199  0.0199  0.0199  0.0199  0.0199  0.0199  0.0199  0.0199  0.0199
  0.0203  0.0203  0.0201  0.0200  0.0204  0.0201  0.0203  0.0204  0.0202  0.0201  0.0200  0.0201
  0.0215  0.0213  0.0207  0.0207  0.0226  0.0208  0.0215  0.0219  0.0211  0.0214  0.0204  0.0207
  0.0235  0.0230  0.0219  0.0222  0.0256  0.0228  0.0233  0.0243  0.0225  0.0236  0.0211  0.0215
   -1.9623   25.5737    4.5898   -1.7608  -13.1306   -3.6559
    1.2659   -1.1879    0.2522   15.0443    3.0633  -16.7998
eta,q 0.98011  8.63691

---------------------------------------------------------------------
imgreg_4dfp /opt/freesurfer/average/711-2C_as_mni_average_305 /opt/freesurfer/average/711-2B_as_mni_average_305_mask talsrcimg_g11 none talsrcimg_to_711-2C_as_mni_average_305_t4 2311
---------------------------------------------------------------------

freesurfer imgreg_4dfp.c
/opt/freesurfer/average/711-2C_as_mni_average_305.4dfp.img
       256       256       256         1
  1.000000  1.000000  1.000000
orientation T byte_order littleendian
Reading image: /opt/freesurfer/average/711-2C_as_mni_average_305.4dfp.img
dimensions:      256       256       256
mmppix:       1.0000   -1.0000   -1.0000
center:     128.0000 -129.0000 -129.0000
/opt/freesurfer/average/711-2B_as_mni_average_305_mask.4dfp.img
       256       256       256         1
  1.000000  1.000000  1.000000
orientation T byte_order littleendian
Reading mask: /opt/freesurfer/average/711-2B_as_mni_average_305_mask.4dfp.img (2306576 pixels)
talsrcimg_g11.4dfp.img
       256       256       256         1
  1.000000  1.000000  1.000000
orientation T byte_order littleendian
Reading image: talsrcimg_g11.4dfp.img
dimensions:      256       256       256
mmppix:       1.0000   -1.0000   -1.0000
center:     128.0000 -129.0000 -129.0000
fimgreg.f
image alignment mode   2311 decimal      907 hex
parameters
   -1.9623   25.5737    4.5898   -1.7608  -13.1306   -3.6559
    1.2659   -1.1879    0.2522   15.0443    3.0633  -16.7998
eta,q 0.98011  8.63691
niter,ni,del,rscale     5    3    5.0000    0.8000
parameters
   -1.9642   25.5592    4.6550   -1.5063  -12.9387   -3.2685
    1.2539   -1.1832    0.2507   15.2567    3.2723  -16.8918
eta,q 0.98014  8.66604
  0.0215  0.0213  0.0208  0.0209  0.0215  0.0212  0.0215  0.0219  0.0211  0.0216  0.0204  0.0206
  0.0206  0.0205  0.0204  0.0204  0.0206  0.0205  0.0206  0.0208  0.0204  0.0207  0.0201  0.0202
  0.0201  0.0200  0.0200  0.0200  0.0201  0.0200  0.0201  0.0201  0.0200  0.0201  0.0199  0.0200
  0.0199  0.0199  0.0199  0.0199  0.0199  0.0199  0.0199  0.0199  0.0199  0.0199  0.0199  0.0199
  0.0201  0.0200  0.0199  0.0199  0.0200  0.0200  0.0201  0.0201  0.0200  0.0199  0.0199  0.0200
  0.0206  0.0205  0.0202  0.0202  0.0204  0.0202  0.0206  0.0208  0.0204  0.0204  0.0201  0.0203
  0.0215  0.0213  0.0207  0.0207  0.0213  0.0208  0.0215  0.0219  0.0211  0.0214  0.0204  0.0207
niter,ni,del,rscale     4    3    5.0000    0.7000
parameters
   -1.9520   25.5454    4.6506   -1.5090  -12.9262   -3.2243
    1.2559   -1.2039    0.2222   15.3114    3.3097  -16.9052
eta,q 0.98014  8.66868
  0.0211  0.0209  0.0205  0.0206  0.0210  0.0207  0.0211  0.0214  0.0208  0.0211  0.0203  0.0205
  0.0204  0.0203  0.0202  0.0202  0.0204  0.0202  0.0204  0.0206  0.0203  0.0204  0.0201  0.0202
  0.0200  0.0200  0.0200  0.0200  0.0200  0.0199  0.0200  0.0200  0.0200  0.0200  0.0199  0.0199
  0.0199  0.0199  0.0199  0.0199  0.0199  0.0199  0.0199  0.0199  0.0199  0.0199  0.0199  0.0199
  0.0200  0.0200  0.0199  0.0199  0.0199  0.0200  0.0200  0.0201  0.0200  0.0199  0.0199  0.0199
  0.0204  0.0204  0.0202  0.0201  0.0203  0.0202  0.0204  0.0206  0.0203  0.0203  0.0200  0.0202
  0.0211  0.0210  0.0206  0.0206  0.0211  0.0207  0.0211  0.0215  0.0208  0.0211  0.0203  0.0205
niter,ni,del,rscale     3    3    5.0000    0.6000
parameters
   -1.9539   25.5428    4.6600   -1.4632  -12.8988   -3.2119
    1.2577   -1.2129    0.2108   15.3594    3.3578  -16.8988
eta,q 0.98014  8.67176
  0.0208  0.0207  0.0204  0.0204  0.0207  0.0205  0.0208  0.0210  0.0205  0.0208  0.0202  0.0203
  0.0203  0.0202  0.0201  0.0201  0.0202  0.0201  0.0203  0.0204  0.0202  0.0203  0.0200  0.0201
  0.0200  0.0199  0.0199  0.0199  0.0200  0.0199  0.0200  0.0200  0.0199  0.0200  0.0199  0.0199
  0.0199  0.0199  0.0199  0.0199  0.0199  0.0199  0.0199  0.0199  0.0199  0.0199  0.0199  0.0199
  0.0200  0.0200  0.0199  0.0199  0.0199  0.0200  0.0200  0.0200  0.0199  0.0199  0.0199  0.0199
  0.0203  0.0202  0.0201  0.0201  0.0202  0.0201  0.0203  0.0204  0.0202  0.0202  0.0200  0.0201
  0.0208  0.0207  0.0204  0.0204  0.0207  0.0204  0.0208  0.0210  0.0205  0.0208  0.0202  0.0203
niter,ni,del,rscale     2    3    5.0000    0.5000
parameters
   -1.9533   25.5391    4.6618   -1.4194  -12.8590   -3.2371
    1.2589   -1.2214    0.1961   15.4076    3.3969  -16.8877
eta,q 0.98015  8.67387
  0.0205  0.0204  0.0202  0.0202  0.0204  0.0203  0.0205  0.0207  0.0203  0.0205  0.0201  0.0202
  0.0201  0.0201  0.0200  0.0200  0.0201  0.0200  0.0201  0.0202  0.0201  0.0202  0.0200  0.0200
  0.0199  0.0199  0.0199  0.0199  0.0199  0.0199  0.0199  0.0199  0.0199  0.0199  0.0199  0.0199
  0.0199  0.0199  0.0199  0.0199  0.0199  0.0199  0.0199  0.0199  0.0199  0.0199  0.0199  0.0198
  0.0199  0.0199  0.0199  0.0199  0.0199  0.0199  0.0199  0.0199  0.0199  0.0199  0.0199  0.0199
  0.0201  0.0201  0.0200  0.0200  0.0201  0.0201  0.0201  0.0202  0.0201  0.0201  0.0199  0.0200
  0.0205  0.0204  0.0202  0.0202  0.0204  0.0202  0.0205  0.0207  0.0203  0.0205  0.0201  0.0202
niter,ni,del,rscale     1    3    5.0000    0.4000
parameters
   -1.9500   25.5334    4.6651   -1.3916  -12.8207   -3.2932
    1.2572   -1.2329    0.1837   15.4475    3.4309  -16.8597
eta,q 0.98015  8.67425
  0.0203  0.0202  0.0201  0.0201  0.0202  0.0201  0.0203  0.0204  0.0202  0.0202  0.0200  0.0201
  0.0200  0.0200  0.0200  0.0200  0.0200  0.0200  0.0200  0.0201  0.0200  0.0200  0.0199  0.0200
  0.0199  0.0199  0.0199  0.0199  0.0199  0.0199  0.0199  0.0199  0.0199  0.0199  0.0199  0.0199
  0.0198  0.0198  0.0198  0.0199  0.0199  0.0199  0.0198  0.0198  0.0198  0.0198  0.0198  0.0198
  0.0199  0.0199  0.0199  0.0199  0.0199  0.0199  0.0199  0.0199  0.0199  0.0199  0.0199  0.0199
  0.0200  0.0200  0.0200  0.0199  0.0200  0.0200  0.0200  0.0201  0.0200  0.0200  0.0199  0.0199
  0.0203  0.0202  0.0201  0.0201  0.0202  0.0201  0.0203  0.0204  0.0202  0.0202  0.0200  0.0201
registration optimization eta report
parameter search radius
    0.8000    0.8000    0.8000    2.4000    2.4000    2.4000
    2.4000    2.4000    2.4000    2.4000    2.4000    2.4000
100000*second partial in parameter space
       65.       57.       37.        4.        6.        5.
        7.        9.        5.        7.        2.        4.
  0.0203  0.0202  0.0201  0.0201  0.0202  0.0201  0.0203  0.0204  0.0202  0.0202  0.0200  0.0201
  0.0200  0.0200  0.0200  0.0200  0.0200  0.0200  0.0200  0.0201  0.0200  0.0200  0.0199  0.0200
  0.0199  0.0199  0.0199  0.0199  0.0199  0.0199  0.0199  0.0199  0.0199  0.0199  0.0199  0.0199
  0.0198  0.0198  0.0198  0.0199  0.0199  0.0199  0.0198  0.0198  0.0198  0.0198  0.0198  0.0198
  0.0199  0.0199  0.0199  0.0199  0.0199  0.0199  0.0199  0.0199  0.0199  0.0199  0.0199  0.0199
  0.0200  0.0200  0.0200  0.0199  0.0200  0.0200  0.0200  0.0201  0.0200  0.0200  0.0199  0.0199
  0.0203  0.0202  0.0201  0.0201  0.0202  0.0201  0.0203  0.0204  0.0202  0.0202  0.0200  0.0201
   -1.9500   25.5334    4.6651   -1.3916  -12.8207   -3.2932
    1.2572   -1.2329    0.1837   15.4475    3.4309  -16.8597
eta,q 0.98015  8.67425

---------------------------------------------------------------------
imgreg_4dfp /opt/freesurfer/average/711-2C_as_mni_average_305 /opt/freesurfer/average/711-2B_as_mni_average_305_mask talsrcimg_g11 none talsrcimg_to_711-2C_as_mni_average_305_t4 2311
---------------------------------------------------------------------

freesurfer imgreg_4dfp.c
/opt/freesurfer/average/711-2C_as_mni_average_305.4dfp.img
       256       256       256         1
  1.000000  1.000000  1.000000
orientation T byte_order littleendian
Reading image: /opt/freesurfer/average/711-2C_as_mni_average_305.4dfp.img
dimensions:      256       256       256
mmppix:       1.0000   -1.0000   -1.0000
center:     128.0000 -129.0000 -129.0000
/opt/freesurfer/average/711-2B_as_mni_average_305_mask.4dfp.img
       256       256       256         1
  1.000000  1.000000  1.000000
orientation T byte_order littleendian
Reading mask: /opt/freesurfer/average/711-2B_as_mni_average_305_mask.4dfp.img (2306576 pixels)
talsrcimg_g11.4dfp.img
       256       256       256         1
  1.000000  1.000000  1.000000
orientation T byte_order littleendian
Reading image: talsrcimg_g11.4dfp.img
dimensions:      256       256       256
mmppix:       1.0000   -1.0000   -1.0000
center:     128.0000 -129.0000 -129.0000
fimgreg.f
image alignment mode   2311 decimal      907 hex
parameters
   -1.9500   25.5334    4.6651   -1.3916  -12.8207   -3.2932
    1.2572   -1.2329    0.1837   15.4475    3.4309  -16.8597
eta,q 0.98015  8.67425
niter,ni,del,rscale     5    3    5.0000    0.8000
parameters
   -1.9511   25.5542    4.6124   -1.5644  -12.9518   -3.2679
    1.2722   -1.2282    0.2033   15.2718    3.2775  -16.9256
eta,q 0.98013  8.66476
  0.0215  0.0214  0.0207  0.0207  0.0214  0.0210  0.0215  0.0219  0.0211  0.0213  0.0204  0.0206
  0.0206  0.0205  0.0202  0.0202  0.0205  0.0204  0.0206  0.0208  0.0204  0.0205  0.0201  0.0202
  0.0200  0.0200  0.0200  0.0199  0.0200  0.0200  0.0200  0.0201  0.0200  0.0200  0.0199  0.0200
  0.0198  0.0198  0.0198  0.0199  0.0199  0.0199  0.0199  0.0199  0.0199  0.0199  0.0199  0.0199
  0.0200  0.0200  0.0200  0.0199  0.0200  0.0200  0.0200  0.0201  0.0200  0.0200  0.0199  0.0200
  0.0206  0.0205  0.0203  0.0203  0.0206  0.0203  0.0206  0.0208  0.0204  0.0206  0.0201  0.0203
  0.0215  0.0213  0.0208  0.0209  0.0216  0.0210  0.0215  0.0219  0.0211  0.0217  0.0204  0.0207
niter,ni,del,rscale     4    3    5.0000    0.7000
parameters
   -1.9575   25.5474    4.6461   -1.4935  -12.9243   -3.2287
    1.2636   -1.2098    0.2227   15.3187    3.3171  -16.9019
eta,q 0.98014  8.66913
  0.0211  0.0210  0.0206  0.0206  0.0211  0.0207  0.0211  0.0215  0.0208  0.0211  0.0203  0.0205
  0.0204  0.0203  0.0202  0.0202  0.0204  0.0202  0.0204  0.0206  0.0203  0.0204  0.0201  0.0202
  0.0200  0.0200  0.0200  0.0200  0.0200  0.0199  0.0200  0.0200  0.0200  0.0200  0.0199  0.0199
  0.0199  0.0199  0.0199  0.0199  0.0199  0.0199  0.0199  0.0199  0.0199  0.0199  0.0199  0.0199
  0.0200  0.0200  0.0199  0.0199  0.0199  0.0200  0.0200  0.0200  0.0200  0.0199  0.0199  0.0199
  0.0204  0.0204  0.0201  0.0201  0.0203  0.0202  0.0204  0.0206  0.0203  0.0203  0.0200  0.0202
  0.0211  0.0210  0.0205  0.0206  0.0211  0.0207  0.0211  0.0214  0.0208  0.0211  0.0203  0.0205
niter,ni,del,rscale     3    3    5.0000    0.6000
parameters
   -1.9527   25.5437    4.6616   -1.4619  -12.8948   -3.2119
    1.2562   -1.2127    0.2175   15.3595    3.3527  -16.9083
eta,q 0.98014  8.67191
  0.0208  0.0207  0.0204  0.0204  0.0207  0.0205  0.0208  0.0210  0.0205  0.0208  0.0202  0.0203
  0.0203  0.0202  0.0201  0.0201  0.0202  0.0201  0.0203  0.0204  0.0202  0.0203  0.0200  0.0201
  0.0200  0.0199  0.0199  0.0199  0.0200  0.0199  0.0200  0.0200  0.0199  0.0200  0.0199  0.0199
  0.0199  0.0199  0.0199  0.0199  0.0199  0.0199  0.0199  0.0199  0.0199  0.0199  0.0199  0.0199
  0.0200  0.0200  0.0199  0.0199  0.0199  0.0200  0.0200  0.0200  0.0199  0.0199  0.0199  0.0199
  0.0203  0.0202  0.0201  0.0201  0.0202  0.0201  0.0203  0.0204  0.0202  0.0202  0.0200  0.0201
  0.0208  0.0207  0.0204  0.0204  0.0207  0.0204  0.0208  0.0210  0.0205  0.0208  0.0202  0.0203
niter,ni,del,rscale     2    3    5.0000    0.5000
parameters
   -1.9534   25.5409    4.6604   -1.4226  -12.8607   -3.2376
    1.2567   -1.2209    0.1995   15.4142    3.4057  -16.8834
eta,q 0.98015  8.67380
  0.0205  0.0204  0.0202  0.0202  0.0204  0.0203  0.0205  0.0207  0.0203  0.0205  0.0201  0.0202
  0.0201  0.0201  0.0200  0.0200  0.0201  0.0200  0.0201  0.0202  0.0201  0.0202  0.0200  0.0200
  0.0199  0.0199  0.0199  0.0199  0.0199  0.0199  0.0199  0.0199  0.0199  0.0199  0.0199  0.0199
  0.0199  0.0199  0.0199  0.0199  0.0199  0.0199  0.0199  0.0199  0.0199  0.0199  0.0199  0.0198
  0.0199  0.0199  0.0199  0.0199  0.0199  0.0199  0.0199  0.0200  0.0199  0.0199  0.0199  0.0199
  0.0201  0.0201  0.0200  0.0200  0.0201  0.0201  0.0201  0.0202  0.0201  0.0201  0.0199  0.0200
  0.0205  0.0204  0.0202  0.0202  0.0204  0.0202  0.0205  0.0207  0.0203  0.0205  0.0201  0.0202
niter,ni,del,rscale     1    3    5.0000    0.4000
parameters
   -1.9489   25.5347    4.6658   -1.3907  -12.8243   -3.2741
    1.2590   -1.2288    0.1880   15.4529    3.4486  -16.8690
eta,q 0.98015  8.67491
  0.0203  0.0202  0.0201  0.0201  0.0202  0.0201  0.0203  0.0204  0.0202  0.0202  0.0200  0.0201
  0.0200  0.0200  0.0200  0.0200  0.0200  0.0200  0.0200  0.0201  0.0200  0.0200  0.0199  0.0200
  0.0199  0.0199  0.0199  0.0199  0.0199  0.0199  0.0199  0.0199  0.0199  0.0199  0.0199  0.0199
  0.0198  0.0199  0.0198  0.0199  0.0198  0.0198  0.0198  0.0199  0.0198  0.0199  0.0198  0.0198
  0.0199  0.0199  0.0199  0.0199  0.0199  0.0199  0.0199  0.0199  0.0199  0.0199  0.0199  0.0199
  0.0200  0.0200  0.0200  0.0199  0.0200  0.0200  0.0200  0.0201  0.0200  0.0200  0.0199  0.0199
  0.0203  0.0202  0.0201  0.0201  0.0202  0.0201  0.0203  0.0204  0.0202  0.0202  0.0200  0.0201
registration optimization eta report
parameter search radius
    0.8000    0.8000    0.8000    2.4000    2.4000    2.4000
    2.4000    2.4000    2.4000    2.4000    2.4000    2.4000
100000*second partial in parameter space
       65.       57.       37.        4.        6.        5.
        7.        9.        5.        7.        2.        4.
  0.0203  0.0202  0.0201  0.0201  0.0202  0.0201  0.0203  0.0204  0.0202  0.0202  0.0200  0.0201
  0.0200  0.0200  0.0200  0.0200  0.0200  0.0200  0.0200  0.0201  0.0200  0.0200  0.0199  0.0200
  0.0199  0.0199  0.0199  0.0199  0.0199  0.0199  0.0199  0.0199  0.0199  0.0199  0.0199  0.0199
  0.0198  0.0199  0.0198  0.0199  0.0198  0.0198  0.0198  0.0199  0.0198  0.0199  0.0198  0.0198
  0.0199  0.0199  0.0199  0.0199  0.0199  0.0199  0.0199  0.0199  0.0199  0.0199  0.0199  0.0199
  0.0200  0.0200  0.0200  0.0199  0.0200  0.0200  0.0200  0.0201  0.0200  0.0200  0.0199  0.0199
  0.0203  0.0202  0.0201  0.0201  0.0202  0.0201  0.0203  0.0204  0.0202  0.0202  0.0200  0.0201
   -1.9489   25.5347    4.6658   -1.3907  -12.8243   -3.2741
    1.2590   -1.2288    0.1880   15.4529    3.4486  -16.8690
eta,q 0.98015  8.67491

---------------------------------------------------------------------
compute_vox2vox talsrcimg talsrcimg_to_711-2C_as_mni_average_305_t4 /opt/freesurfer/average/711-2C_as_mni_average_305
---------------------------------------------------------------------

freesurfer compute_vox2vox.c
Reading: talsrcimg.4dfp.ifh
Reading: talsrcimg_to_711-2C_as_mni_average_305_t4
Reading: /opt/freesurfer/average/711-2C_as_mni_average_305.4dfp.ifh
Writing: talsrcimg_to_711-2C_as_mni_average_305_t4_vox2vox.txt

start time Tue Mar 10 06:42:03 CET 2026
end		time Tue Mar 10 06:43:31 CET 2026

mpr2mni305 success

avi2talxfm orig_nu.mgz /opt/freesurfer/average/mni305.cor.mgz talsrcimg_to_711-2C_as_mni_average_305_t4_vox2vox.txt transforms/talairach.auto.xfm
avi2talxfm done
mv -f /out/sourcedata/freesurfer/sub-v1s7x0051326_ses-1/mri/talsrcimg_to_711-2C_as_mni_average_305_t4_vox2vox.txt /out/sourcedata/freesurfer/sub-v1s7x0051326_ses-1/mri/transforms/talsrcimg_to_711-2C_as_mni_average_305_t4_vox2vox.txt
lta_convert --src orig_nu.mgz --trg /opt/freesurfer/average/mni305.cor.mgz --inxfm transforms/talairach.auto.xfm --outlta transforms/talairach.auto.xfm.lta --subject fsaverage
7.3.2

--src: orig_nu.mgz src image (geometry).
--trg: /opt/freesurfer/average/mni305.cor.mgz trg image (geometry).
--inmni: transforms/talairach.auto.xfm input MNI/XFM transform.
--outlta: transforms/talairach.auto.xfm.lta output LTA.
--s: fsaverage subject name
 LTA read, type : 1
 1.01361   0.01476  -0.01178  -1.81941;
-0.03542   1.00233   0.19447  -9.18599;
 0.00409  -0.17771   1.11266  -19.65085;
 0.00000   0.00000   0.00000   1.00000;
setting subject to fsaverage
Writing  LTA to file transforms/talairach.auto.xfm.lta...
lta_convert successful.
 
 
Started at Tue Mar 10 06:42:03 CET 2026
Ended   at Tue Mar 10 06:43:31 CET 2026
talairach_avi done
